#
# There is insufficient memory for the Java Runtime Environment to continue.
# Native memory allocation (mmap) failed to map 595591168 bytes for Failed to commit area from 0x0000000091c00000 to 0x00000000b5400000 of length 595591168.
# Possible reasons:
#   The system is out of physical RAM or swap space
#   The process is running with CompressedOops enabled, and the Java Heap may be blocking the growth of the native heap
# Possible solutions:
#   Reduce memory load on the system
#   Increase physical memory or swap space
#   Check if swap backing store is full
#   Decrease Java heap size (-Xmx/-Xms)
#   Decrease number of Java threads
#   Decrease Java thread stack sizes (-Xss)
#   Set larger code cache with -XX:ReservedCodeCacheSize=
#   JVM is running with Unscaled Compressed Oops mode in which the Java heap is
#     placed in the first 4GB address space. The Java Heap base address is the
#     maximum limit for the native heap growth. Please use -XX:HeapBaseMinAddress
#     to set the Java Heap base and to place the Java Heap above 4GB virtual address.
# This output file may be truncated or incomplete.
#
#  Out of Memory Error (./src/hotspot/os/windows/os_windows.cpp:3301), pid=26252, tid=14748
#
# JRE version: OpenJDK Runtime Environment (11.0.10) (build 11.0.10+0-b96-7249189)
# Java VM: OpenJDK 64-Bit Server VM (11.0.10+0-b96-7249189, mixed mode, tiered, compressed oops, g1 gc, windows-amd64)
# No core dump will be written. Minidumps are not enabled by default on client versions of Windows
#

---------------  S U M M A R Y ------------

Command Line: --add-opens=java.base/java.util=ALL-UNNAMED --add-opens=java.base/java.lang=ALL-UNNAMED --add-opens=java.base/java.lang.invoke=ALL-UNNAMED --add-opens=java.base/java.util=ALL-UNNAMED --add-opens=java.prefs/java.util.prefs=ALL-UNNAMED --add-opens=java.prefs/java.util.prefs=ALL-UNNAMED --add-opens=java.base/java.nio.charset=ALL-UNNAMED --add-opens=java.base/java.net=ALL-UNNAMED --add-opens=java.base/java.util.concurrent.atomic=ALL-UNNAMED -Xmx2048m -Dfile.encoding=UTF-8 -Duser.country=US -Duser.language=en -Duser.variant org.gradle.launcher.daemon.bootstrap.GradleDaemon 7.0.2

Host: Intel(R) Core(TM) i7-7500U CPU @ 2.70GHz, 4 cores, 7G,  Windows 10 , 64 bit Build 19041 (10.0.19041.1348)
Time: Wed Nov 24 13:36:32 2021 Central Europe Standard Time elapsed time: 78.011699 seconds (0d 0h 1m 18s)

---------------  T H R E A D  ---------------

Current thread (0x0000029f7f03b800):  VMThread "VM Thread" [stack: 0x000000c132900000,0x000000c132a00000] [id=14748]

Stack: [0x000000c132900000,0x000000c132a00000]
[error occurred during error reporting (printing stack bounds), id 0xc0000005, EXCEPTION_ACCESS_VIOLATION (0xc0000005) at pc=0x0000029f03a10f2d]

Native frames: (J=compiled Java code, j=interpreted, Vv=VM code, C=native code)
V  [jvm.dll+0x5ecfaa]
V  [jvm.dll+0x722bd5]
V  [jvm.dll+0x72412d]
V  [jvm.dll+0x724745]
V  [jvm.dll+0x7246fb]
V  [jvm.dll+0x5ec348]
V  [jvm.dll+0x5ecad8]
C  [ntdll.dll+0xa20cf]
C  [ntdll.dll+0x51454]
C  [ntdll.dll+0xa0bfe]
C  0x0000029f03a10f2d

VM_Operation (0x000000c135ffc030): G1CollectForAllocation, mode: safepoint, requested by thread 0x0000029f1d9e3000


---------------  P R O C E S S  ---------------

Threads class SMR info:
_java_thread_list=0x0000029f1df861e0, length=54, elements={
0x0000029f7bf0d800, 0x0000029f7f040000, 0x0000029f7f04a000, 0x0000029f7f9d2800,
0x0000029f7f05b800, 0x0000029f7f05f800, 0x0000029f7f060800, 0x0000029f7f063000,
0x0000029f7f089800, 0x0000029f7fb20800, 0x0000029f1ae46800, 0x0000029f1ae45800,
0x0000029f1ae41800, 0x0000029f1ae40800, 0x0000029f1ae42800, 0x0000029f1ae47000,
0x0000029f1ae43000, 0x0000029f1ae44000, 0x0000029f1b094800, 0x0000029f1b090800,
0x0000029f1b095000, 0x0000029f1b097000, 0x0000029f1b091000, 0x0000029f1b097800,
0x0000029f1b096000, 0x0000029f1b092000, 0x0000029f1b098800, 0x0000029f1b092800,
0x0000029f1b099800, 0x0000029f1b09b800, 0x0000029f1b09e000, 0x0000029f1b09a000,
0x0000029f1b09d800, 0x0000029f1b09f000, 0x0000029f1b09b000, 0x0000029f1d9d6000,
0x0000029f1d9d9800, 0x0000029f1d9d5800, 0x0000029f1d9da000, 0x0000029f1d9db000,
0x0000029f1d9dc000, 0x0000029f1d9dc800, 0x0000029f1d9dd800, 0x0000029f1d9d7800,
0x0000029f1d9d8800, 0x0000029f1d9e2800, 0x0000029f1d9de800, 0x0000029f1d9e3000,
0x0000029f1d9e0000, 0x0000029f1d9e4000, 0x0000029f1df34800, 0x0000029f1df35800,
0x0000029f1df38000, 0x0000029f1df38800
}

Java Threads: ( => current thread )
  0x0000029f7bf0d800 JavaThread "main" [_thread_blocked, id=1796, stack(0x000000c132300000,0x000000c132400000)]
  0x0000029f7f040000 JavaThread "Reference Handler" daemon [_thread_blocked, id=18212, stack(0x000000c132a00000,0x000000c132b00000)]
  0x0000029f7f04a000 JavaThread "Finalizer" daemon [_thread_blocked, id=17704, stack(0x000000c132b00000,0x000000c132c00000)]
  0x0000029f7f9d2800 JavaThread "Signal Dispatcher" daemon [_thread_blocked, id=20912, stack(0x000000c132c00000,0x000000c132d00000)]
  0x0000029f7f05b800 JavaThread "Attach Listener" daemon [_thread_blocked, id=11752, stack(0x000000c132d00000,0x000000c132e00000)]
  0x0000029f7f05f800 JavaThread "Service Thread" daemon [_thread_blocked, id=21436, stack(0x000000c132e00000,0x000000c132f00000)]
  0x0000029f7f060800 JavaThread "C2 CompilerThread0" daemon [_thread_blocked, id=14304, stack(0x000000c132f00000,0x000000c133000000)]
  0x0000029f7f063000 JavaThread "C1 CompilerThread0" daemon [_thread_blocked, id=18900, stack(0x000000c133000000,0x000000c133100000)]
  0x0000029f7f089800 JavaThread "Sweeper thread" daemon [_thread_blocked, id=16608, stack(0x000000c133100000,0x000000c133200000)]
  0x0000029f7fb20800 JavaThread "Common-Cleaner" daemon [_thread_blocked, id=3300, stack(0x000000c133200000,0x000000c133300000)]
  0x0000029f1ae46800 JavaThread "Daemon health stats" [_thread_blocked, id=27428, stack(0x000000c133700000,0x000000c133800000)]
  0x0000029f1ae45800 JavaThread "Incoming local TCP Connector on port 61676" [_thread_in_native, id=15708, stack(0x000000c133600000,0x000000c133700000)]
  0x0000029f1ae41800 JavaThread "Daemon periodic checks" [_thread_blocked, id=4948, stack(0x000000c133800000,0x000000c133900000)]
  0x0000029f1ae40800 JavaThread "Daemon" [_thread_blocked, id=25104, stack(0x000000c133900000,0x000000c133a00000)]
  0x0000029f1ae42800 JavaThread "Handler for socket connection from /127.0.0.1:61676 to /127.0.0.1:61677" [_thread_in_native, id=4288, stack(0x000000c133a00000,0x000000c133b00000)]
  0x0000029f1ae47000 JavaThread "Cancel handler" [_thread_blocked, id=28696, stack(0x000000c133b00000,0x000000c133c00000)]
  0x0000029f1ae43000 JavaThread "Daemon worker" [_thread_blocked, id=11192, stack(0x000000c133c00000,0x000000c133d00000)]
  0x0000029f1ae44000 JavaThread "Asynchronous log dispatcher for DefaultDaemonConnection: socket connection from /127.0.0.1:61676 to /127.0.0.1:61677" [_thread_blocked, id=30616, stack(0x000000c133d00000,0x000000c133e00000)]
  0x0000029f1b094800 JavaThread "Daemon client event forwarder" [_thread_blocked, id=1952, stack(0x000000c133f00000,0x000000c134000000)]
  0x0000029f1b090800 JavaThread "Cache worker for file hash cache (C:\Users\peto\.gradle\caches\7.0.2\fileHashes)" [_thread_blocked, id=30964, stack(0x000000c134000000,0x000000c134100000)]
  0x0000029f1b095000 JavaThread "File lock request listener" [_thread_in_native, id=25772, stack(0x000000c134100000,0x000000c134200000)]
  0x0000029f1b097000 JavaThread "Cache worker for journal cache (C:\Users\peto\.gradle\caches\journal-1)" [_thread_blocked, id=2556, stack(0x000000c134300000,0x000000c134400000)]
  0x0000029f1b091000 JavaThread "Cache worker for file hash cache (E:\FinalAssignment\.gradle\7.0.2\fileHashes)" [_thread_blocked, id=7540, stack(0x000000c134500000,0x000000c134600000)]
  0x0000029f1b097800 JavaThread "File watcher server" daemon [_thread_blocked, id=21280, stack(0x000000c134600000,0x000000c134700000)]
  0x0000029f1b096000 JavaThread "File watcher consumer" daemon [_thread_blocked, id=3432, stack(0x000000c134700000,0x000000c134800000)]
  0x0000029f1b092000 JavaThread "Cache worker for checksums cache (E:\FinalAssignment\.gradle\checksums)" [_thread_blocked, id=21048, stack(0x000000c134800000,0x000000c134900000)]
  0x0000029f1b098800 JavaThread "Cache worker for cache directory md-supplier (C:\Users\peto\.gradle\caches\7.0.2\md-supplier)" [_thread_blocked, id=4420, stack(0x000000c134900000,0x000000c134a00000)]
  0x0000029f1b092800 JavaThread "Cache worker for cache directory md-rule (C:\Users\peto\.gradle\caches\7.0.2\md-rule)" [_thread_blocked, id=26436, stack(0x000000c134a00000,0x000000c134b00000)]
  0x0000029f1b099800 JavaThread "Cache worker for execution history cache (C:\Users\peto\.gradle\caches\7.0.2\executionHistory)" [_thread_blocked, id=13860, stack(0x000000c134b00000,0x000000c134c00000)]
  0x0000029f1b09b800 JavaThread "jar transforms" [_thread_blocked, id=10744, stack(0x000000c134400000,0x000000c134500000)]
  0x0000029f1b09e000 JavaThread "jar transforms Thread 2" [_thread_blocked, id=28160, stack(0x000000c134c00000,0x000000c134d00000)]
  0x0000029f1b09a000 JavaThread "Cache worker for file content cache (C:\Users\peto\.gradle\caches\7.0.2\fileContent)" [_thread_blocked, id=22144, stack(0x000000c134d00000,0x000000c134e00000)]
  0x0000029f1b09d800 JavaThread "Cache worker for dependencies-accessors (E:\FinalAssignment\.gradle\7.0.2\dependencies-accessors)" [_thread_blocked, id=21176, stack(0x000000c134f00000,0x000000c135000000)]
  0x0000029f1b09f000 JavaThread "jar transforms Thread 3" [_thread_blocked, id=15376, stack(0x000000c135000000,0x000000c135100000)]
  0x0000029f1b09b000 JavaThread "Cache worker for Build Output Cleanup Cache (E:\FinalAssignment\.gradle\buildOutputCleanup)" [_thread_blocked, id=21104, stack(0x000000c135100000,0x000000c135200000)]
  0x0000029f1d9d6000 JavaThread "Build operations" [_thread_blocked, id=24864, stack(0x000000c134e00000,0x000000c134f00000)]
  0x0000029f1d9d9800 JavaThread "Build operations Thread 2" [_thread_blocked, id=27240, stack(0x000000c135200000,0x000000c135300000)]
  0x0000029f1d9d5800 JavaThread "Build operations Thread 3" [_thread_blocked, id=9152, stack(0x000000c135300000,0x000000c135400000)]
  0x0000029f1d9da000 JavaThread "Build operations Thread 4" [_thread_blocked, id=9996, stack(0x000000c135400000,0x000000c135500000)]
  0x0000029f1d9db000 JavaThread "jar transforms Thread 4" [_thread_blocked, id=8432, stack(0x000000c135500000,0x000000c135600000)]
  0x0000029f1d9dc000 JavaThread "Memory manager" [_thread_blocked, id=28520, stack(0x000000c135600000,0x000000c135700000)]
  0x0000029f1d9dc800 JavaThread "build event listener" [_thread_blocked, id=9780, stack(0x000000c135700000,0x000000c135800000)]
  0x0000029f1d9dd800 JavaThread "build event listener" [_thread_blocked, id=30612, stack(0x000000c135800000,0x000000c135900000)]
  0x0000029f1d9d7800 JavaThread "Execution worker for ':'" [_thread_blocked, id=17264, stack(0x000000c135900000,0x000000c135a00000)]
  0x0000029f1d9d8800 JavaThread "Execution worker for ':' Thread 2" [_thread_blocked, id=1308, stack(0x000000c135a00000,0x000000c135b00000)]
  0x0000029f1d9e2800 JavaThread "Execution worker for ':' Thread 3" [_thread_blocked, id=17080, stack(0x000000c135b00000,0x000000c135c00000)]
  0x0000029f1d9de800 JavaThread "Cache worker for execution history cache (E:\FinalAssignment\.gradle\7.0.2\executionHistory)" [_thread_blocked, id=17548, stack(0x000000c135c00000,0x000000c135d00000)]
  0x0000029f1d9e3000 JavaThread "WorkerExecutor Queue Thread 2" [_thread_blocked, id=10692, stack(0x000000c135f00000,0x000000c136000000)]
  0x0000029f1d9e0000 JavaThread "RMI Scheduler(0)" daemon [_thread_blocked, id=2836, stack(0x000000c136100000,0x000000c136200000)]
  0x0000029f1d9e4000 JavaThread "RMI GC Daemon" daemon [_thread_blocked, id=28256, stack(0x000000c136300000,0x000000c136400000)]
  0x0000029f1df34800 JavaThread "RMI TCP Accept-0" daemon [_thread_in_native, id=28188, stack(0x000000c136400000,0x000000c136500000)]
  0x0000029f1df35800 JavaThread "RMI Reaper" [_thread_blocked, id=27000, stack(0x000000c136500000,0x000000c136600000)]
  0x0000029f1df38000 JavaThread "RMI TCP Connection(2)-127.0.0.1" daemon [_thread_in_native, id=20556, stack(0x000000c136600000,0x000000c136700000)]
  0x0000029f1df38800 JavaThread "WorkerExecutor Queue Thread 3" [_thread_blocked, id=14772, stack(0x000000c132000000,0x000000c132100000)]

Other Threads:
=>0x0000029f7f03b800 VMThread "VM Thread" [stack: 0x000000c132900000,0x000000c132a00000] [id=14748]
  0x0000029f7fb46800 WatcherThread [stack: 0x000000c133300000,0x000000c133400000] [id=25568]
  0x0000029f7bf25000 GCTaskThread "GC Thread#0" [stack: 0x000000c132400000,0x000000c132500000] [id=28860]
  0x0000029f7fd11000 GCTaskThread "GC Thread#1" [stack: 0x000000c133400000,0x000000c133500000] [id=26776]
  0x0000029f18b35800 GCTaskThread "GC Thread#2" [stack: 0x000000c133500000,0x000000c133600000] [id=12092]
  0x0000029f1a7c2800 GCTaskThread "GC Thread#3" [stack: 0x000000c134200000,0x000000c134300000] [id=15308]
  0x0000029f7bf55800 ConcurrentGCThread "G1 Main Marker" [stack: 0x000000c132500000,0x000000c132600000] [id=24760]
  0x0000029f7bf58000 ConcurrentGCThread "G1 Conc#0" [stack: 0x000000c132600000,0x000000c132700000] [id=30872]
  0x0000029f7bfe7000 ConcurrentGCThread "G1 Refine#0" [stack: 0x000000c132700000,0x000000c132800000] [id=26060]
  0x0000029f7bfe8000 ConcurrentGCThread "G1 Young RemSet Sampling" [stack: 0x000000c132800000,0x000000c132900000] [id=3164]

Threads with active compile tasks:
C2 CompilerThread0  78044 15247 %     4       android.databinding.tool.reflection.SdkUtil$ApiChecker::buildFullLookup @ 124 (252 bytes)

VM state:at safepoint (normal execution)

VM Mutex/Monitor currently owned by a thread:  ([mutex/lock_event])
[0x0000029f7bf09f00] Threads_lock - owner thread: 0x0000029f7f03b800
[0x0000029f7bf0a6e0] Heap_lock - owner thread: 0x0000029f1d9e3000

Heap address: 0x0000000080000000, size: 2048 MB, Compressed Oops mode: 32-bit
Narrow klass base: 0x0000000000000000, Narrow klass shift: 3
Compressed class space size: 1073741824 Address: 0x0000000100000000

Heap:
 garbage-first heap   total 872448K, used 222720K [0x0000000080000000, 0x0000000100000000)
  region size 1024K, 3 young (3072K), 3 survivors (3072K)
 Metaspace       used 122889K, capacity 125636K, committed 125860K, reserved 1159168K
  class space    used 15273K, capacity 16320K, committed 16384K, reserved 1048576K
Heap Regions: E=young(eden), S=young(survivor), O=old, HS=humongous(starts), HC=humongous(continues), CS=collection set, F=free, A=archive, TAMS=top-at-mark-start (previous, next)
|   0|0x0000000080000000, 0x0000000080100000, 0x0000000080100000|100%| O|  |TAMS 0x0000000080100000, 0x0000000080100000| Untracked 
|   1|0x0000000080100000, 0x0000000080200000, 0x0000000080200000|100%| O|  |TAMS 0x0000000080200000, 0x0000000080200000| Untracked 
|   2|0x0000000080200000, 0x0000000080300000, 0x0000000080300000|100%| O|  |TAMS 0x0000000080300000, 0x0000000080300000| Untracked 
|   3|0x0000000080300000, 0x0000000080400000, 0x0000000080400000|100%|HS|  |TAMS 0x0000000080400000, 0x0000000080400000| Complete 
|   4|0x0000000080400000, 0x0000000080500000, 0x0000000080500000|100%|HC|  |TAMS 0x0000000080500000, 0x0000000080500000| Complete 
|   5|0x0000000080500000, 0x0000000080600000, 0x0000000080600000|100%|HC|  |TAMS 0x0000000080600000, 0x0000000080600000| Complete 
|   6|0x0000000080600000, 0x0000000080700000, 0x0000000080700000|100%| O|  |TAMS 0x0000000080700000, 0x0000000080700000| Untracked 
|   7|0x0000000080700000, 0x0000000080800000, 0x0000000080800000|100%| O|  |TAMS 0x0000000080800000, 0x0000000080800000| Untracked 
|   8|0x0000000080800000, 0x0000000080900000, 0x0000000080900000|100%| O|  |TAMS 0x0000000080900000, 0x0000000080900000| Untracked 
|   9|0x0000000080900000, 0x0000000080a00000, 0x0000000080a00000|100%| O|  |TAMS 0x0000000080a00000, 0x0000000080a00000| Untracked 
|  10|0x0000000080a00000, 0x0000000080b00000, 0x0000000080b00000|100%| O|  |TAMS 0x0000000080b00000, 0x0000000080b00000| Untracked 
|  11|0x0000000080b00000, 0x0000000080c00000, 0x0000000080c00000|100%| O|  |TAMS 0x0000000080c00000, 0x0000000080c00000| Untracked 
|  12|0x0000000080c00000, 0x0000000080d00000, 0x0000000080d00000|100%| O|  |TAMS 0x0000000080d00000, 0x0000000080d00000| Untracked 
|  13|0x0000000080d00000, 0x0000000080e00000, 0x0000000080e00000|100%| O|  |TAMS 0x0000000080e00000, 0x0000000080e00000| Untracked 
|  14|0x0000000080e00000, 0x0000000080f00000, 0x0000000080f00000|100%| O|  |TAMS 0x0000000080f00000, 0x0000000080f00000| Untracked 
|  15|0x0000000080f00000, 0x0000000081000000, 0x0000000081000000|100%| O|  |TAMS 0x0000000081000000, 0x0000000081000000| Untracked 
|  16|0x0000000081000000, 0x0000000081100000, 0x0000000081100000|100%| O|  |TAMS 0x0000000081100000, 0x0000000081100000| Untracked 
|  17|0x0000000081100000, 0x0000000081200000, 0x0000000081200000|100%|HS|  |TAMS 0x0000000081200000, 0x0000000081200000| Complete 
|  18|0x0000000081200000, 0x0000000081300000, 0x0000000081300000|100%| O|  |TAMS 0x0000000081300000, 0x0000000081300000| Untracked 
|  19|0x0000000081300000, 0x0000000081400000, 0x0000000081400000|100%| O|  |TAMS 0x0000000081400000, 0x0000000081400000| Untracked 
|  20|0x0000000081400000, 0x0000000081500000, 0x0000000081500000|100%| O|  |TAMS 0x0000000081500000, 0x0000000081500000| Untracked 
|  21|0x0000000081500000, 0x0000000081600000, 0x0000000081600000|100%| O|  |TAMS 0x0000000081600000, 0x0000000081600000| Untracked 
|  22|0x0000000081600000, 0x0000000081700000, 0x0000000081700000|100%| O|  |TAMS 0x0000000081700000, 0x0000000081700000| Untracked 
|  23|0x0000000081700000, 0x0000000081800000, 0x0000000081800000|100%|HS|  |TAMS 0x0000000081800000, 0x0000000081800000| Complete 
|  24|0x0000000081800000, 0x0000000081900000, 0x0000000081900000|100%|HS|  |TAMS 0x0000000081900000, 0x0000000081900000| Complete 
|  25|0x0000000081900000, 0x0000000081a00000, 0x0000000081a00000|100%|HS|  |TAMS 0x0000000081a00000, 0x0000000081a00000| Complete 
|  26|0x0000000081a00000, 0x0000000081b00000, 0x0000000081b00000|100%|HC|  |TAMS 0x0000000081b00000, 0x0000000081b00000| Complete 
|  27|0x0000000081b00000, 0x0000000081c00000, 0x0000000081c00000|100%|HC|  |TAMS 0x0000000081c00000, 0x0000000081c00000| Complete 
|  28|0x0000000081c00000, 0x0000000081d00000, 0x0000000081d00000|100%|HS|  |TAMS 0x0000000081d00000, 0x0000000081d00000| Complete 
|  29|0x0000000081d00000, 0x0000000081e00000, 0x0000000081e00000|100%|HC|  |TAMS 0x0000000081e00000, 0x0000000081e00000| Complete 
|  30|0x0000000081e00000, 0x0000000081f00000, 0x0000000081f00000|100%| O|  |TAMS 0x0000000081f00000, 0x0000000081f00000| Untracked 
|  31|0x0000000081f00000, 0x0000000082000000, 0x0000000082000000|100%| O|  |TAMS 0x0000000082000000, 0x0000000082000000| Untracked 
|  32|0x0000000082000000, 0x0000000082100000, 0x0000000082100000|100%| O|  |TAMS 0x0000000082100000, 0x0000000082100000| Untracked 
|  33|0x0000000082100000, 0x0000000082200000, 0x0000000082200000|100%| O|  |TAMS 0x0000000082200000, 0x0000000082200000| Untracked 
|  34|0x0000000082200000, 0x0000000082300000, 0x0000000082300000|100%| O|  |TAMS 0x0000000082300000, 0x0000000082300000| Untracked 
|  35|0x0000000082300000, 0x0000000082400000, 0x0000000082400000|100%| O|  |TAMS 0x0000000082400000, 0x0000000082400000| Untracked 
|  36|0x0000000082400000, 0x0000000082500000, 0x0000000082500000|100%| O|  |TAMS 0x0000000082500000, 0x0000000082500000| Untracked 
|  37|0x0000000082500000, 0x0000000082600000, 0x0000000082600000|100%| O|  |TAMS 0x0000000082600000, 0x0000000082600000| Untracked 
|  38|0x0000000082600000, 0x0000000082700000, 0x0000000082700000|100%| O|  |TAMS 0x0000000082700000, 0x0000000082700000| Untracked 
|  39|0x0000000082700000, 0x0000000082800000, 0x0000000082800000|100%| O|  |TAMS 0x0000000082800000, 0x0000000082800000| Untracked 
|  40|0x0000000082800000, 0x0000000082900000, 0x0000000082900000|100%| O|  |TAMS 0x0000000082900000, 0x0000000082900000| Untracked 
|  41|0x0000000082900000, 0x0000000082a00000, 0x0000000082a00000|100%| O|  |TAMS 0x0000000082a00000, 0x0000000082a00000| Untracked 
|  42|0x0000000082a00000, 0x0000000082b00000, 0x0000000082b00000|100%| O|  |TAMS 0x0000000082b00000, 0x0000000082b00000| Untracked 
|  43|0x0000000082b00000, 0x0000000082c00000, 0x0000000082c00000|100%| O|  |TAMS 0x0000000082c00000, 0x0000000082c00000| Untracked 
|  44|0x0000000082c00000, 0x0000000082d00000, 0x0000000082d00000|100%| O|  |TAMS 0x0000000082d00000, 0x0000000082d00000| Untracked 
|  45|0x0000000082d00000, 0x0000000082e00000, 0x0000000082e00000|100%| O|  |TAMS 0x0000000082e00000, 0x0000000082e00000| Untracked 
|  46|0x0000000082e00000, 0x0000000082f00000, 0x0000000082f00000|100%| O|  |TAMS 0x0000000082f00000, 0x0000000082f00000| Untracked 
|  47|0x0000000082f00000, 0x0000000083000000, 0x0000000083000000|100%| O|  |TAMS 0x0000000083000000, 0x0000000083000000| Untracked 
|  48|0x0000000083000000, 0x0000000083100000, 0x0000000083100000|100%| O|  |TAMS 0x0000000083100000, 0x0000000083100000| Untracked 
|  49|0x0000000083100000, 0x0000000083200000, 0x0000000083200000|100%| O|  |TAMS 0x0000000083200000, 0x0000000083200000| Untracked 
|  50|0x0000000083200000, 0x0000000083300000, 0x0000000083300000|100%| O|  |TAMS 0x0000000083300000, 0x0000000083300000| Untracked 
|  51|0x0000000083300000, 0x0000000083400000, 0x0000000083400000|100%| O|  |TAMS 0x0000000083400000, 0x0000000083400000| Untracked 
|  52|0x0000000083400000, 0x0000000083500000, 0x0000000083500000|100%| O|  |TAMS 0x0000000083500000, 0x0000000083500000| Untracked 
|  53|0x0000000083500000, 0x0000000083600000, 0x0000000083600000|100%| O|  |TAMS 0x0000000083600000, 0x0000000083600000| Untracked 
|  54|0x0000000083600000, 0x0000000083700000, 0x0000000083700000|100%| O|  |TAMS 0x0000000083700000, 0x0000000083700000| Untracked 
|  55|0x0000000083700000, 0x0000000083800000, 0x0000000083800000|100%| O|  |TAMS 0x0000000083800000, 0x0000000083800000| Untracked 
|  56|0x0000000083800000, 0x0000000083900000, 0x0000000083900000|100%| O|  |TAMS 0x0000000083900000, 0x0000000083900000| Untracked 
|  57|0x0000000083900000, 0x0000000083a00000, 0x0000000083a00000|100%| O|  |TAMS 0x0000000083a00000, 0x0000000083a00000| Untracked 
|  58|0x0000000083a00000, 0x0000000083b00000, 0x0000000083b00000|100%| O|  |TAMS 0x0000000083b00000, 0x0000000083b00000| Untracked 
|  59|0x0000000083b00000, 0x0000000083c00000, 0x0000000083c00000|100%| O|  |TAMS 0x0000000083c00000, 0x0000000083c00000| Untracked 
|  60|0x0000000083c00000, 0x0000000083d00000, 0x0000000083d00000|100%| O|  |TAMS 0x0000000083d00000, 0x0000000083d00000| Untracked 
|  61|0x0000000083d00000, 0x0000000083e00000, 0x0000000083e00000|100%| O|  |TAMS 0x0000000083e00000, 0x0000000083e00000| Untracked 
|  62|0x0000000083e00000, 0x0000000083f00000, 0x0000000083f00000|100%| O|  |TAMS 0x0000000083f00000, 0x0000000083f00000| Untracked 
|  63|0x0000000083f00000, 0x0000000084000000, 0x0000000084000000|100%| O|  |TAMS 0x0000000084000000, 0x0000000084000000| Untracked 
|  64|0x0000000084000000, 0x0000000084100000, 0x0000000084100000|100%| O|  |TAMS 0x0000000084100000, 0x0000000084100000| Untracked 
|  65|0x0000000084100000, 0x0000000084200000, 0x0000000084200000|100%| O|  |TAMS 0x0000000084200000, 0x0000000084200000| Untracked 
|  66|0x0000000084200000, 0x0000000084300000, 0x0000000084300000|100%| O|  |TAMS 0x0000000084300000, 0x0000000084300000| Untracked 
|  67|0x0000000084300000, 0x0000000084400000, 0x0000000084400000|100%| O|  |TAMS 0x0000000084400000, 0x0000000084400000| Untracked 
|  68|0x0000000084400000, 0x0000000084500000, 0x0000000084500000|100%| O|  |TAMS 0x0000000084500000, 0x0000000084500000| Untracked 
|  69|0x0000000084500000, 0x0000000084600000, 0x0000000084600000|100%| O|  |TAMS 0x0000000084600000, 0x0000000084600000| Untracked 
|  70|0x0000000084600000, 0x0000000084700000, 0x0000000084700000|100%| O|  |TAMS 0x0000000084700000, 0x0000000084700000| Untracked 
|  71|0x0000000084700000, 0x0000000084800000, 0x0000000084800000|100%| O|  |TAMS 0x0000000084800000, 0x0000000084800000| Untracked 
|  72|0x0000000084800000, 0x0000000084900000, 0x0000000084900000|100%| O|  |TAMS 0x0000000084900000, 0x0000000084900000| Untracked 
|  73|0x0000000084900000, 0x0000000084a00000, 0x0000000084a00000|100%| O|  |TAMS 0x0000000084a00000, 0x0000000084a00000| Untracked 
|  74|0x0000000084a00000, 0x0000000084b00000, 0x0000000084b00000|100%| O|  |TAMS 0x0000000084b00000, 0x0000000084b00000| Untracked 
|  75|0x0000000084b00000, 0x0000000084c00000, 0x0000000084c00000|100%| O|  |TAMS 0x0000000084c00000, 0x0000000084c00000| Untracked 
|  76|0x0000000084c00000, 0x0000000084d00000, 0x0000000084d00000|100%| O|  |TAMS 0x0000000084d00000, 0x0000000084d00000| Untracked 
|  77|0x0000000084d00000, 0x0000000084e00000, 0x0000000084e00000|100%| O|  |TAMS 0x0000000084e00000, 0x0000000084e00000| Untracked 
|  78|0x0000000084e00000, 0x0000000084f00000, 0x0000000084f00000|100%| O|  |TAMS 0x0000000084f00000, 0x0000000084f00000| Untracked 
|  79|0x0000000084f00000, 0x0000000085000000, 0x0000000085000000|100%| O|  |TAMS 0x0000000085000000, 0x0000000085000000| Untracked 
|  80|0x0000000085000000, 0x0000000085100000, 0x0000000085100000|100%|HS|  |TAMS 0x0000000085100000, 0x0000000085100000| Complete 
|  81|0x0000000085100000, 0x0000000085200000, 0x0000000085200000|100%|HC|  |TAMS 0x0000000085200000, 0x0000000085200000| Complete 
|  82|0x0000000085200000, 0x0000000085300000, 0x0000000085300000|100%|HC|  |TAMS 0x0000000085300000, 0x0000000085300000| Complete 
|  83|0x0000000085300000, 0x0000000085400000, 0x0000000085400000|100%| O|  |TAMS 0x0000000085400000, 0x0000000085400000| Untracked 
|  84|0x0000000085400000, 0x0000000085500000, 0x0000000085500000|100%| O|  |TAMS 0x0000000085500000, 0x0000000085500000| Untracked 
|  85|0x0000000085500000, 0x0000000085600000, 0x0000000085600000|100%| O|  |TAMS 0x0000000085600000, 0x0000000085600000| Untracked 
|  86|0x0000000085600000, 0x0000000085700000, 0x0000000085700000|100%| O|  |TAMS 0x0000000085700000, 0x0000000085700000| Untracked 
|  87|0x0000000085700000, 0x0000000085800000, 0x0000000085800000|100%| O|  |TAMS 0x0000000085800000, 0x0000000085800000| Untracked 
|  88|0x0000000085800000, 0x0000000085900000, 0x0000000085900000|100%| O|  |TAMS 0x0000000085900000, 0x0000000085900000| Untracked 
|  89|0x0000000085900000, 0x0000000085a00000, 0x0000000085a00000|100%| O|  |TAMS 0x0000000085a00000, 0x0000000085a00000| Untracked 
|  90|0x0000000085a00000, 0x0000000085b00000, 0x0000000085b00000|100%| O|  |TAMS 0x0000000085b00000, 0x0000000085b00000| Untracked 
|  91|0x0000000085b00000, 0x0000000085c00000, 0x0000000085c00000|100%| O|  |TAMS 0x0000000085c00000, 0x0000000085c00000| Untracked 
|  92|0x0000000085c00000, 0x0000000085d00000, 0x0000000085d00000|100%| O|  |TAMS 0x0000000085d00000, 0x0000000085d00000| Untracked 
|  93|0x0000000085d00000, 0x0000000085e00000, 0x0000000085e00000|100%| O|  |TAMS 0x0000000085e00000, 0x0000000085e00000| Untracked 
|  94|0x0000000085e00000, 0x0000000085f00000, 0x0000000085f00000|100%| O|  |TAMS 0x0000000085f00000, 0x0000000085f00000| Untracked 
|  95|0x0000000085f00000, 0x0000000086000000, 0x0000000086000000|100%| O|  |TAMS 0x0000000086000000, 0x0000000086000000| Untracked 
|  96|0x0000000086000000, 0x0000000086100000, 0x0000000086100000|100%| O|  |TAMS 0x0000000086100000, 0x0000000086100000| Untracked 
|  97|0x0000000086100000, 0x0000000086200000, 0x0000000086200000|100%|HS|  |TAMS 0x0000000086200000, 0x0000000086200000| Complete 
|  98|0x0000000086200000, 0x0000000086300000, 0x0000000086300000|100%|HC|  |TAMS 0x0000000086300000, 0x0000000086300000| Complete 
|  99|0x0000000086300000, 0x0000000086400000, 0x0000000086400000|100%| O|  |TAMS 0x0000000086400000, 0x0000000086400000| Untracked 
| 100|0x0000000086400000, 0x0000000086500000, 0x0000000086500000|100%| O|  |TAMS 0x0000000086500000, 0x0000000086500000| Untracked 
| 101|0x0000000086500000, 0x0000000086600000, 0x0000000086600000|100%| O|  |TAMS 0x0000000086600000, 0x0000000086600000| Untracked 
| 102|0x0000000086600000, 0x0000000086700000, 0x0000000086700000|100%| O|  |TAMS 0x0000000086700000, 0x0000000086700000| Untracked 
| 103|0x0000000086700000, 0x0000000086800000, 0x0000000086800000|100%| O|  |TAMS 0x0000000086800000, 0x0000000086800000| Untracked 
| 104|0x0000000086800000, 0x0000000086900000, 0x0000000086900000|100%| O|  |TAMS 0x0000000086900000, 0x0000000086900000| Untracked 
| 105|0x0000000086900000, 0x0000000086a00000, 0x0000000086a00000|100%| O|  |TAMS 0x0000000086a00000, 0x0000000086a00000| Untracked 
| 106|0x0000000086a00000, 0x0000000086b00000, 0x0000000086b00000|100%| O|  |TAMS 0x0000000086b00000, 0x0000000086b00000| Untracked 
| 107|0x0000000086b00000, 0x0000000086c00000, 0x0000000086c00000|100%| O|  |TAMS 0x0000000086c00000, 0x0000000086c00000| Untracked 
| 108|0x0000000086c00000, 0x0000000086d00000, 0x0000000086d00000|100%| O|  |TAMS 0x0000000086d00000, 0x0000000086d00000| Untracked 
| 109|0x0000000086d00000, 0x0000000086e00000, 0x0000000086e00000|100%| O|  |TAMS 0x0000000086e00000, 0x0000000086e00000| Untracked 
| 110|0x0000000086e00000, 0x0000000086f00000, 0x0000000086f00000|100%|HS|  |TAMS 0x0000000086f00000, 0x0000000086f00000| Complete 
| 111|0x0000000086f00000, 0x0000000087000000, 0x0000000087000000|100%| O|  |TAMS 0x0000000087000000, 0x0000000087000000| Untracked 
| 112|0x0000000087000000, 0x0000000087100000, 0x0000000087100000|100%| O|  |TAMS 0x0000000087100000, 0x0000000087100000| Untracked 
| 113|0x0000000087100000, 0x0000000087200000, 0x0000000087200000|100%| O|  |TAMS 0x0000000087200000, 0x0000000087200000| Untracked 
| 114|0x0000000087200000, 0x0000000087300000, 0x0000000087300000|100%| O|  |TAMS 0x0000000087300000, 0x0000000087300000| Untracked 
| 115|0x0000000087300000, 0x0000000087400000, 0x0000000087400000|100%| O|  |TAMS 0x0000000087400000, 0x0000000087400000| Untracked 
| 116|0x0000000087400000, 0x0000000087500000, 0x0000000087500000|100%| O|  |TAMS 0x0000000087500000, 0x0000000087500000| Untracked 
| 117|0x0000000087500000, 0x0000000087600000, 0x0000000087600000|100%| O|  |TAMS 0x0000000087600000, 0x0000000087600000| Untracked 
| 118|0x0000000087600000, 0x0000000087700000, 0x0000000087700000|100%| O|  |TAMS 0x0000000087700000, 0x0000000087700000| Untracked 
| 119|0x0000000087700000, 0x0000000087800000, 0x0000000087800000|100%|HS|  |TAMS 0x0000000087800000, 0x0000000087800000| Complete 
| 120|0x0000000087800000, 0x0000000087900000, 0x0000000087900000|100%|HC|  |TAMS 0x0000000087900000, 0x0000000087900000| Complete 
| 121|0x0000000087900000, 0x0000000087a00000, 0x0000000087a00000|100%| O|  |TAMS 0x0000000087a00000, 0x0000000087a00000| Untracked 
| 122|0x0000000087a00000, 0x0000000087b00000, 0x0000000087b00000|100%| O|  |TAMS 0x0000000087b00000, 0x0000000087b00000| Untracked 
| 123|0x0000000087b00000, 0x0000000087c00000, 0x0000000087c00000|100%| O|  |TAMS 0x0000000087c00000, 0x0000000087c00000| Untracked 
| 124|0x0000000087c00000, 0x0000000087d00000, 0x0000000087d00000|100%| O|  |TAMS 0x0000000087d00000, 0x0000000087d00000| Untracked 
| 125|0x0000000087d00000, 0x0000000087e00000, 0x0000000087e00000|100%| O|  |TAMS 0x0000000087e00000, 0x0000000087e00000| Untracked 
| 126|0x0000000087e00000, 0x0000000087f00000, 0x0000000087f00000|100%| O|  |TAMS 0x0000000087f00000, 0x0000000087f00000| Untracked 
| 127|0x0000000087f00000, 0x0000000088000000, 0x0000000088000000|100%| O|  |TAMS 0x0000000088000000, 0x0000000088000000| Untracked 
| 128|0x0000000088000000, 0x0000000088100000, 0x0000000088100000|100%| O|  |TAMS 0x0000000088100000, 0x0000000088100000| Untracked 
| 129|0x0000000088100000, 0x0000000088200000, 0x0000000088200000|100%| O|  |TAMS 0x0000000088200000, 0x0000000088200000| Untracked 
| 130|0x0000000088200000, 0x0000000088300000, 0x0000000088300000|100%| O|  |TAMS 0x0000000088300000, 0x0000000088300000| Untracked 
| 131|0x0000000088300000, 0x0000000088400000, 0x0000000088400000|100%| O|  |TAMS 0x0000000088400000, 0x0000000088400000| Untracked 
| 132|0x0000000088400000, 0x0000000088500000, 0x0000000088500000|100%| O|  |TAMS 0x0000000088500000, 0x0000000088500000| Untracked 
| 133|0x0000000088500000, 0x0000000088600000, 0x0000000088600000|100%| O|  |TAMS 0x0000000088600000, 0x0000000088600000| Untracked 
| 134|0x0000000088600000, 0x0000000088700000, 0x0000000088700000|100%| O|  |TAMS 0x0000000088700000, 0x0000000088700000| Untracked 
| 135|0x0000000088700000, 0x0000000088800000, 0x0000000088800000|100%| O|  |TAMS 0x0000000088800000, 0x0000000088800000| Untracked 
| 136|0x0000000088800000, 0x0000000088900000, 0x0000000088900000|100%| O|  |TAMS 0x0000000088900000, 0x0000000088900000| Untracked 
| 137|0x0000000088900000, 0x0000000088a00000, 0x0000000088a00000|100%| O|  |TAMS 0x0000000088a00000, 0x0000000088a00000| Untracked 
| 138|0x0000000088a00000, 0x0000000088b00000, 0x0000000088b00000|100%| O|  |TAMS 0x0000000088b00000, 0x0000000088b00000| Untracked 
| 139|0x0000000088b00000, 0x0000000088c00000, 0x0000000088c00000|100%| O|  |TAMS 0x0000000088c00000, 0x0000000088c00000| Untracked 
| 140|0x0000000088c00000, 0x0000000088d00000, 0x0000000088d00000|100%| O|  |TAMS 0x0000000088d00000, 0x0000000088d00000| Untracked 
| 141|0x0000000088d00000, 0x0000000088e00000, 0x0000000088e00000|100%| O|  |TAMS 0x0000000088e00000, 0x0000000088e00000| Untracked 
| 142|0x0000000088e00000, 0x0000000088f00000, 0x0000000088f00000|100%| O|  |TAMS 0x0000000088f00000, 0x0000000088f00000| Untracked 
| 143|0x0000000088f00000, 0x0000000089000000, 0x0000000089000000|100%| O|  |TAMS 0x0000000089000000, 0x0000000089000000| Untracked 
| 144|0x0000000089000000, 0x0000000089100000, 0x0000000089100000|100%| O|  |TAMS 0x0000000089100000, 0x0000000089100000| Untracked 
| 145|0x0000000089100000, 0x0000000089200000, 0x0000000089200000|100%| O|  |TAMS 0x0000000089200000, 0x0000000089200000| Untracked 
| 146|0x0000000089200000, 0x0000000089300000, 0x0000000089300000|100%| O|  |TAMS 0x0000000089300000, 0x0000000089300000| Untracked 
| 147|0x0000000089300000, 0x0000000089400000, 0x0000000089400000|100%| O|  |TAMS 0x0000000089400000, 0x0000000089400000| Untracked 
| 148|0x0000000089400000, 0x0000000089500000, 0x0000000089500000|100%| O|  |TAMS 0x0000000089500000, 0x0000000089500000| Untracked 
| 149|0x0000000089500000, 0x0000000089600000, 0x0000000089600000|100%| O|  |TAMS 0x0000000089600000, 0x0000000089600000| Untracked 
| 150|0x0000000089600000, 0x0000000089700000, 0x0000000089700000|100%| O|  |TAMS 0x0000000089700000, 0x0000000089700000| Untracked 
| 151|0x0000000089700000, 0x0000000089800000, 0x0000000089800000|100%| O|  |TAMS 0x0000000089800000, 0x0000000089800000| Untracked 
| 152|0x0000000089800000, 0x0000000089900000, 0x0000000089900000|100%| O|  |TAMS 0x0000000089900000, 0x0000000089900000| Untracked 
| 153|0x0000000089900000, 0x0000000089a00000, 0x0000000089a00000|100%| O|  |TAMS 0x0000000089a00000, 0x0000000089a00000| Untracked 
| 154|0x0000000089a00000, 0x0000000089b00000, 0x0000000089b00000|100%| O|  |TAMS 0x0000000089b00000, 0x0000000089b00000| Untracked 
| 155|0x0000000089b00000, 0x0000000089c00000, 0x0000000089c00000|100%| O|  |TAMS 0x0000000089b32600, 0x0000000089c00000| Untracked 
| 156|0x0000000089c00000, 0x0000000089d00000, 0x0000000089d00000|100%| O|  |TAMS 0x0000000089c00000, 0x0000000089d00000| Untracked 
| 157|0x0000000089d00000, 0x0000000089e00000, 0x0000000089e00000|100%| O|  |TAMS 0x0000000089d00000, 0x0000000089e00000| Untracked 
| 158|0x0000000089e00000, 0x0000000089f00000, 0x0000000089f00000|100%| O|  |TAMS 0x0000000089e00000, 0x0000000089f00000| Untracked 
| 159|0x0000000089f00000, 0x000000008a000000, 0x000000008a000000|100%| O|  |TAMS 0x0000000089f00000, 0x000000008a000000| Untracked 
| 160|0x000000008a000000, 0x000000008a100000, 0x000000008a100000|100%| O|  |TAMS 0x000000008a000000, 0x000000008a100000| Untracked 
| 161|0x000000008a100000, 0x000000008a200000, 0x000000008a200000|100%| O|  |TAMS 0x000000008a100000, 0x000000008a200000| Untracked 
| 162|0x000000008a200000, 0x000000008a300000, 0x000000008a300000|100%| O|  |TAMS 0x000000008a200000, 0x000000008a300000| Untracked 
| 163|0x000000008a300000, 0x000000008a400000, 0x000000008a400000|100%| O|  |TAMS 0x000000008a300000, 0x000000008a400000| Untracked 
| 164|0x000000008a400000, 0x000000008a500000, 0x000000008a500000|100%| O|  |TAMS 0x000000008a400000, 0x000000008a500000| Untracked 
| 165|0x000000008a500000, 0x000000008a600000, 0x000000008a600000|100%| O|  |TAMS 0x000000008a500000, 0x000000008a600000| Untracked 
| 166|0x000000008a600000, 0x000000008a700000, 0x000000008a700000|100%| O|  |TAMS 0x000000008a600000, 0x000000008a700000| Untracked 
| 167|0x000000008a700000, 0x000000008a800000, 0x000000008a800000|100%| O|  |TAMS 0x000000008a700000, 0x000000008a800000| Untracked 
| 168|0x000000008a800000, 0x000000008a900000, 0x000000008a900000|100%| O|  |TAMS 0x000000008a800000, 0x000000008a900000| Untracked 
| 169|0x000000008a900000, 0x000000008aa00000, 0x000000008aa00000|100%| O|  |TAMS 0x000000008a900000, 0x000000008aa00000| Untracked 
| 170|0x000000008aa00000, 0x000000008ab00000, 0x000000008ab00000|100%| O|  |TAMS 0x000000008aa00000, 0x000000008ab00000| Untracked 
| 171|0x000000008ab00000, 0x000000008ac00000, 0x000000008ac00000|100%| O|  |TAMS 0x000000008ab00000, 0x000000008ac00000| Untracked 
| 172|0x000000008ac00000, 0x000000008ad00000, 0x000000008ad00000|100%| O|  |TAMS 0x000000008ac00000, 0x000000008ad00000| Untracked 
| 173|0x000000008ad00000, 0x000000008ae00000, 0x000000008ae00000|100%| O|  |TAMS 0x000000008ad00000, 0x000000008ae00000| Untracked 
| 174|0x000000008ae00000, 0x000000008af00000, 0x000000008af00000|100%| O|  |TAMS 0x000000008ae00000, 0x000000008af00000| Untracked 
| 175|0x000000008af00000, 0x000000008b000000, 0x000000008b000000|100%| O|  |TAMS 0x000000008af00000, 0x000000008b000000| Untracked 
| 176|0x000000008b000000, 0x000000008b100000, 0x000000008b100000|100%| O|  |TAMS 0x000000008b000000, 0x000000008b100000| Untracked 
| 177|0x000000008b100000, 0x000000008b200000, 0x000000008b200000|100%| O|  |TAMS 0x000000008b100000, 0x000000008b200000| Untracked 
| 178|0x000000008b200000, 0x000000008b300000, 0x000000008b300000|100%| O|  |TAMS 0x000000008b200000, 0x000000008b300000| Untracked 
| 179|0x000000008b300000, 0x000000008b400000, 0x000000008b400000|100%| O|  |TAMS 0x000000008b300000, 0x000000008b400000| Untracked 
| 180|0x000000008b400000, 0x000000008b500000, 0x000000008b500000|100%| O|  |TAMS 0x000000008b400000, 0x000000008b500000| Untracked 
| 181|0x000000008b500000, 0x000000008b600000, 0x000000008b600000|100%| O|  |TAMS 0x000000008b500000, 0x000000008b600000| Untracked 
| 182|0x000000008b600000, 0x000000008b700000, 0x000000008b700000|100%| O|  |TAMS 0x000000008b600000, 0x000000008b6dde00| Untracked 
| 183|0x000000008b700000, 0x000000008b800000, 0x000000008b800000|100%| O|  |TAMS 0x000000008b700000, 0x000000008b700000| Untracked 
| 184|0x000000008b800000, 0x000000008b900000, 0x000000008b900000|100%| O|  |TAMS 0x000000008b800000, 0x000000008b800000| Untracked 
| 185|0x000000008b900000, 0x000000008ba00000, 0x000000008ba00000|100%| O|  |TAMS 0x000000008b900000, 0x000000008b900000| Untracked 
| 186|0x000000008ba00000, 0x000000008bb00000, 0x000000008bb00000|100%| O|  |TAMS 0x000000008ba00000, 0x000000008ba00000| Untracked 
| 187|0x000000008bb00000, 0x000000008bc00000, 0x000000008bc00000|100%| O|  |TAMS 0x000000008bb00000, 0x000000008bb00000| Untracked 
| 188|0x000000008bc00000, 0x000000008bd00000, 0x000000008bd00000|100%| O|  |TAMS 0x000000008bc00000, 0x000000008bc00000| Untracked 
| 189|0x000000008bd00000, 0x000000008be00000, 0x000000008be00000|100%| O|  |TAMS 0x000000008bd00000, 0x000000008bd00000| Untracked 
| 190|0x000000008be00000, 0x000000008bf00000, 0x000000008bf00000|100%| O|  |TAMS 0x000000008be00000, 0x000000008be00000| Untracked 
| 191|0x000000008bf00000, 0x000000008c000000, 0x000000008c000000|100%| O|  |TAMS 0x000000008bf00000, 0x000000008bf00000| Untracked 
| 192|0x000000008c000000, 0x000000008c100000, 0x000000008c100000|100%| O|  |TAMS 0x000000008c000000, 0x000000008c000000| Untracked 
| 193|0x000000008c100000, 0x000000008c200000, 0x000000008c200000|100%| O|  |TAMS 0x000000008c100000, 0x000000008c100000| Untracked 
| 194|0x000000008c200000, 0x000000008c300000, 0x000000008c300000|100%| O|  |TAMS 0x000000008c200000, 0x000000008c200000| Untracked 
| 195|0x000000008c300000, 0x000000008c400000, 0x000000008c400000|100%| O|  |TAMS 0x000000008c300000, 0x000000008c300000| Untracked 
| 196|0x000000008c400000, 0x000000008c500000, 0x000000008c500000|100%| O|  |TAMS 0x000000008c400000, 0x000000008c400000| Untracked 
| 197|0x000000008c500000, 0x000000008c600000, 0x000000008c600000|100%| O|  |TAMS 0x000000008c500000, 0x000000008c500000| Untracked 
| 198|0x000000008c600000, 0x000000008c700000, 0x000000008c700000|100%| O|  |TAMS 0x000000008c600000, 0x000000008c600000| Untracked 
| 199|0x000000008c700000, 0x000000008c800000, 0x000000008c800000|100%| O|  |TAMS 0x000000008c700000, 0x000000008c700000| Untracked 
| 200|0x000000008c800000, 0x000000008c900000, 0x000000008c900000|100%| O|  |TAMS 0x000000008c800000, 0x000000008c800000| Untracked 
| 201|0x000000008c900000, 0x000000008ca00000, 0x000000008ca00000|100%| O|  |TAMS 0x000000008c900000, 0x000000008c900000| Untracked 
| 202|0x000000008ca00000, 0x000000008cb00000, 0x000000008cb00000|100%| O|  |TAMS 0x000000008ca00000, 0x000000008ca00000| Untracked 
| 203|0x000000008cb00000, 0x000000008cc00000, 0x000000008cc00000|100%| O|  |TAMS 0x000000008cb00000, 0x000000008cb00000| Untracked 
| 204|0x000000008cc00000, 0x000000008cd00000, 0x000000008cd00000|100%| O|  |TAMS 0x000000008cc00000, 0x000000008cc00000| Untracked 
| 205|0x000000008cd00000, 0x000000008ce00000, 0x000000008ce00000|100%| O|  |TAMS 0x000000008cd00000, 0x000000008cd00000| Untracked 
| 206|0x000000008ce00000, 0x000000008cf00000, 0x000000008cf00000|100%| O|  |TAMS 0x000000008ce00000, 0x000000008ce00000| Untracked 
| 207|0x000000008cf00000, 0x000000008d000000, 0x000000008d000000|100%| O|  |TAMS 0x000000008cf00000, 0x000000008cf00000| Untracked 
| 208|0x000000008d000000, 0x000000008d100000, 0x000000008d100000|100%| O|  |TAMS 0x000000008d000000, 0x000000008d000000| Untracked 
| 209|0x000000008d100000, 0x000000008d200000, 0x000000008d200000|100%| O|  |TAMS 0x000000008d100000, 0x000000008d100000| Untracked 
| 210|0x000000008d200000, 0x000000008d300000, 0x000000008d300000|100%| O|  |TAMS 0x000000008d200000, 0x000000008d200000| Untracked 
| 211|0x000000008d300000, 0x000000008d400000, 0x000000008d400000|100%| O|  |TAMS 0x000000008d300000, 0x000000008d300000| Untracked 
| 212|0x000000008d400000, 0x000000008d500000, 0x000000008d500000|100%| O|  |TAMS 0x000000008d400000, 0x000000008d400000| Untracked 
| 213|0x000000008d500000, 0x000000008d600000, 0x000000008d600000|100%| O|  |TAMS 0x000000008d500000, 0x000000008d500000| Untracked 
| 214|0x000000008d600000, 0x000000008d680000, 0x000000008d700000| 50%| O|  |TAMS 0x000000008d600000, 0x000000008d600000| Untracked 
| 215|0x000000008d700000, 0x000000008d700000, 0x000000008d800000|  0%| F|  |TAMS 0x000000008d700000, 0x000000008d700000| Untracked 
| 216|0x000000008d800000, 0x000000008d800000, 0x000000008d900000|  0%| F|  |TAMS 0x000000008d800000, 0x000000008d800000| Untracked 
| 217|0x000000008d900000, 0x000000008d900000, 0x000000008da00000|  0%| F|  |TAMS 0x000000008d900000, 0x000000008d900000| Untracked 
| 218|0x000000008da00000, 0x000000008da00000, 0x000000008db00000|  0%| F|  |TAMS 0x000000008da00000, 0x000000008da00000| Untracked 
| 219|0x000000008db00000, 0x000000008db00000, 0x000000008dc00000|  0%| F|  |TAMS 0x000000008db00000, 0x000000008db00000| Untracked 
| 220|0x000000008dc00000, 0x000000008dc00000, 0x000000008dd00000|  0%| F|  |TAMS 0x000000008dc00000, 0x000000008dc00000| Untracked 
| 221|0x000000008dd00000, 0x000000008dd00000, 0x000000008de00000|  0%| F|  |TAMS 0x000000008dd00000, 0x000000008dd00000| Untracked 
| 222|0x000000008de00000, 0x000000008de00000, 0x000000008df00000|  0%| F|  |TAMS 0x000000008de00000, 0x000000008de00000| Untracked 
| 223|0x000000008df00000, 0x000000008df00000, 0x000000008e000000|  0%| F|  |TAMS 0x000000008df00000, 0x000000008df00000| Untracked 
| 224|0x000000008e000000, 0x000000008e000000, 0x000000008e100000|  0%| F|  |TAMS 0x000000008e000000, 0x000000008e000000| Untracked 
| 225|0x000000008e100000, 0x000000008e100000, 0x000000008e200000|  0%| F|  |TAMS 0x000000008e100000, 0x000000008e100000| Untracked 
| 226|0x000000008e200000, 0x000000008e200000, 0x000000008e300000|  0%| F|  |TAMS 0x000000008e200000, 0x000000008e200000| Untracked 
| 227|0x000000008e300000, 0x000000008e300000, 0x000000008e400000|  0%| F|  |TAMS 0x000000008e300000, 0x000000008e300000| Untracked 
| 228|0x000000008e400000, 0x000000008e400000, 0x000000008e500000|  0%| F|  |TAMS 0x000000008e400000, 0x000000008e400000| Untracked 
| 229|0x000000008e500000, 0x000000008e500000, 0x000000008e600000|  0%| F|  |TAMS 0x000000008e500000, 0x000000008e500000| Untracked 
| 230|0x000000008e600000, 0x000000008e600000, 0x000000008e700000|  0%| F|  |TAMS 0x000000008e600000, 0x000000008e600000| Untracked 
| 231|0x000000008e700000, 0x000000008e700000, 0x000000008e800000|  0%| F|  |TAMS 0x000000008e700000, 0x000000008e700000| Untracked 
| 232|0x000000008e800000, 0x000000008e800000, 0x000000008e900000|  0%| F|  |TAMS 0x000000008e800000, 0x000000008e800000| Untracked 
| 233|0x000000008e900000, 0x000000008e900000, 0x000000008ea00000|  0%| F|  |TAMS 0x000000008e900000, 0x000000008e900000| Untracked 
| 234|0x000000008ea00000, 0x000000008ea00000, 0x000000008eb00000|  0%| F|  |TAMS 0x000000008ea00000, 0x000000008ea00000| Untracked 
| 235|0x000000008eb00000, 0x000000008eb00000, 0x000000008ec00000|  0%| F|  |TAMS 0x000000008eb00000, 0x000000008eb00000| Untracked 
| 236|0x000000008ec00000, 0x000000008ec00000, 0x000000008ed00000|  0%| F|  |TAMS 0x000000008ec00000, 0x000000008ec00000| Untracked 
| 237|0x000000008ed00000, 0x000000008ed00000, 0x000000008ee00000|  0%| F|  |TAMS 0x000000008ed00000, 0x000000008ed00000| Untracked 
| 238|0x000000008ee00000, 0x000000008ee00000, 0x000000008ef00000|  0%| F|  |TAMS 0x000000008ee00000, 0x000000008ee00000| Untracked 
| 239|0x000000008ef00000, 0x000000008ef00000, 0x000000008f000000|  0%| F|  |TAMS 0x000000008ef00000, 0x000000008ef00000| Untracked 
| 240|0x000000008f000000, 0x000000008f000000, 0x000000008f100000|  0%| F|  |TAMS 0x000000008f000000, 0x000000008f000000| Untracked 
| 241|0x000000008f100000, 0x000000008f100000, 0x000000008f200000|  0%| F|  |TAMS 0x000000008f100000, 0x000000008f100000| Untracked 
| 242|0x000000008f200000, 0x000000008f200000, 0x000000008f300000|  0%| F|  |TAMS 0x000000008f200000, 0x000000008f200000| Untracked 
| 243|0x000000008f300000, 0x000000008f300000, 0x000000008f400000|  0%| F|  |TAMS 0x000000008f300000, 0x000000008f300000| Untracked 
| 244|0x000000008f400000, 0x000000008f400000, 0x000000008f500000|  0%| F|  |TAMS 0x000000008f400000, 0x000000008f400000| Untracked 
| 245|0x000000008f500000, 0x000000008f500000, 0x000000008f600000|  0%| F|  |TAMS 0x000000008f500000, 0x000000008f500000| Untracked 
| 246|0x000000008f600000, 0x000000008f600000, 0x000000008f700000|  0%| F|  |TAMS 0x000000008f600000, 0x000000008f600000| Untracked 
| 247|0x000000008f700000, 0x000000008f700000, 0x000000008f800000|  0%| F|  |TAMS 0x000000008f700000, 0x000000008f700000| Untracked 
| 248|0x000000008f800000, 0x000000008f800000, 0x000000008f900000|  0%| F|  |TAMS 0x000000008f800000, 0x000000008f800000| Untracked 
| 249|0x000000008f900000, 0x000000008f900000, 0x000000008fa00000|  0%| F|  |TAMS 0x000000008f900000, 0x000000008f900000| Untracked 
| 250|0x000000008fa00000, 0x000000008fa00000, 0x000000008fb00000|  0%| F|  |TAMS 0x000000008fa00000, 0x000000008fa00000| Untracked 
| 251|0x000000008fb00000, 0x000000008fb00000, 0x000000008fc00000|  0%| F|  |TAMS 0x000000008fb00000, 0x000000008fb00000| Untracked 
| 252|0x000000008fc00000, 0x000000008fc00000, 0x000000008fd00000|  0%| F|  |TAMS 0x000000008fc00000, 0x000000008fc00000| Untracked 
| 253|0x000000008fd00000, 0x000000008fd00000, 0x000000008fe00000|  0%| F|  |TAMS 0x000000008fd00000, 0x000000008fd00000| Untracked 
| 254|0x000000008fe00000, 0x000000008fe00000, 0x000000008ff00000|  0%| F|  |TAMS 0x000000008fe00000, 0x000000008fe00000| Untracked 
| 255|0x000000008ff00000, 0x000000008ff00000, 0x0000000090000000|  0%| F|  |TAMS 0x000000008ff00000, 0x000000008ff00000| Untracked 
| 256|0x0000000090000000, 0x0000000090000000, 0x0000000090100000|  0%| F|  |TAMS 0x0000000090000000, 0x0000000090000000| Untracked 
| 257|0x0000000090100000, 0x0000000090100000, 0x0000000090200000|  0%| F|  |TAMS 0x0000000090100000, 0x0000000090100000| Untracked 
| 258|0x0000000090200000, 0x0000000090200000, 0x0000000090300000|  0%| F|  |TAMS 0x0000000090200000, 0x0000000090200000| Untracked 
| 259|0x0000000090300000, 0x0000000090300000, 0x0000000090400000|  0%| F|  |TAMS 0x0000000090300000, 0x0000000090300000| Untracked 
| 260|0x0000000090400000, 0x0000000090400000, 0x0000000090500000|  0%| F|  |TAMS 0x0000000090400000, 0x0000000090400000| Untracked 
| 261|0x0000000090500000, 0x0000000090500000, 0x0000000090600000|  0%| F|  |TAMS 0x0000000090500000, 0x0000000090500000| Untracked 
| 262|0x0000000090600000, 0x0000000090600000, 0x0000000090700000|  0%| F|  |TAMS 0x0000000090600000, 0x0000000090600000| Untracked 
| 263|0x0000000090700000, 0x0000000090700000, 0x0000000090800000|  0%| F|  |TAMS 0x0000000090700000, 0x0000000090700000| Untracked 
| 264|0x0000000090800000, 0x0000000090800000, 0x0000000090900000|  0%| F|  |TAMS 0x0000000090800000, 0x0000000090800000| Untracked 
| 265|0x0000000090900000, 0x0000000090a00000, 0x0000000090a00000|100%| S|CS|TAMS 0x0000000090900000, 0x0000000090900000| Complete 
| 266|0x0000000090a00000, 0x0000000090b00000, 0x0000000090b00000|100%| S|CS|TAMS 0x0000000090a00000, 0x0000000090a00000| Complete 
| 267|0x0000000090b00000, 0x0000000090c00000, 0x0000000090c00000|100%| S|CS|TAMS 0x0000000090b00000, 0x0000000090b00000| Complete 
| 268|0x0000000090c00000, 0x0000000090c00000, 0x0000000090d00000|  0%| F|  |TAMS 0x0000000090c00000, 0x0000000090c00000| Untracked 
| 269|0x0000000090d00000, 0x0000000090d00000, 0x0000000090e00000|  0%| F|  |TAMS 0x0000000090d00000, 0x0000000090d00000| Untracked 
| 270|0x0000000090e00000, 0x0000000090e00000, 0x0000000090f00000|  0%| F|  |TAMS 0x0000000090e00000, 0x0000000090e00000| Untracked 
| 271|0x0000000090f00000, 0x0000000090f00000, 0x0000000091000000|  0%| F|  |TAMS 0x0000000090f00000, 0x0000000090f00000| Untracked 
| 272|0x0000000091000000, 0x0000000091000000, 0x0000000091100000|  0%| F|  |TAMS 0x0000000091000000, 0x0000000091000000| Untracked 
| 273|0x0000000091100000, 0x0000000091100000, 0x0000000091200000|  0%| F|  |TAMS 0x0000000091100000, 0x0000000091100000| Untracked 
| 274|0x0000000091200000, 0x0000000091200000, 0x0000000091300000|  0%| F|  |TAMS 0x0000000091200000, 0x0000000091200000| Untracked 
| 275|0x0000000091300000, 0x0000000091300000, 0x0000000091400000|  0%| F|  |TAMS 0x0000000091300000, 0x0000000091300000| Untracked 
| 276|0x0000000091400000, 0x0000000091400000, 0x0000000091500000|  0%| F|  |TAMS 0x0000000091400000, 0x0000000091400000| Untracked 
| 277|0x0000000091500000, 0x0000000091500000, 0x0000000091600000|  0%| F|  |TAMS 0x0000000091500000, 0x0000000091500000| Untracked 
| 278|0x0000000091600000, 0x0000000091600000, 0x0000000091700000|  0%| F|  |TAMS 0x0000000091600000, 0x0000000091600000| Untracked 
| 279|0x0000000091700000, 0x0000000091700000, 0x0000000091800000|  0%| F|  |TAMS 0x0000000091700000, 0x0000000091700000| Untracked 
| 280|0x0000000091800000, 0x0000000091800000, 0x0000000091900000|  0%| F|  |TAMS 0x0000000091800000, 0x0000000091800000| Untracked 
| 281|0x0000000091900000, 0x0000000091900000, 0x0000000091a00000|  0%| F|  |TAMS 0x0000000091900000, 0x0000000091900000| Untracked 
| 282|0x0000000091a00000, 0x0000000091a00000, 0x0000000091b00000|  0%| F|  |TAMS 0x0000000091a00000, 0x0000000091a00000| Untracked 
| 283|0x0000000091b00000, 0x0000000091b00000, 0x0000000091c00000|  0%| F|  |TAMS 0x0000000091b00000, 0x0000000091b00000| Untracked 

Card table byte_map: [0x0000029f7e200000,0x0000029f7e600000] _byte_map_base: 0x0000029f7de00000

Marking Bits (Prev, Next): (CMBitMap*) 0x0000029f7bf4cdb0, (CMBitMap*) 0x0000029f7bf4cd78
 Prev Bits: [0x0000029f14a10000, 0x0000029f16a10000)
 Next Bits: [0x0000029f12a10000, 0x0000029f14a10000)

Polling page: 0x0000029f7bff0000

Metaspace:

Usage:
  Non-class:    106.75 MB capacity,   105.09 MB ( 98%) used,     1.35 MB (  1%) free+waste,   318.13 KB ( <1%) overhead. 
      Class:     15.94 MB capacity,    14.92 MB ( 94%) used,   908.07 KB (  6%) free+waste,   138.13 KB ( <1%) overhead. 
       Both:    122.69 MB capacity,   120.01 MB ( 98%) used,     2.24 MB (  2%) free+waste,   456.25 KB ( <1%) overhead. 

Virtual space:
  Non-class space:      108.00 MB reserved,     106.91 MB ( 99%) committed 
      Class space:        1.00 GB reserved,      16.00 MB (  2%) committed 
             Both:        1.11 GB reserved,     122.91 MB ( 11%) committed 

Chunk freelists:
   Non-Class:  32.00 KB
       Class:  0 bytes
        Both:  32.00 KB

MaxMetaspaceSize: 17179869184.00 GB
CompressedClassSpaceSize: 1.00 GB

CodeHeap 'non-profiled nmethods': size=120064Kb used=8483Kb max_used=8483Kb free=111581Kb
 bounds [0x0000029f0b4d0000, 0x0000029f0bd20000, 0x0000029f12a10000]
CodeHeap 'profiled nmethods': size=120000Kb used=31685Kb max_used=31685Kb free=88314Kb
 bounds [0x0000029f03fa0000, 0x0000029f05ea0000, 0x0000029f0b4d0000]
CodeHeap 'non-nmethods': size=5696Kb used=2348Kb max_used=2385Kb free=3347Kb
 bounds [0x0000029f03a10000, 0x0000029f03c80000, 0x0000029f03fa0000]
 total_blobs=15892 nmethods=14918 adapters=884
 compilation: enabled
              stopped_count=0, restarted_count=0
 full_count=0

Compilation events (20 events):
Event: 77.947 Thread 0x0000029f7f063000 15286       2       com.sun.tools.javac.comp.TypeEnter$HierarchyPhase::complete (73 bytes)
Event: 77.947 Thread 0x0000029f7f063000 nmethod 15286 0x0000029f05e88b90 code [0x0000029f05e88da0, 0x0000029f05e89228]
Event: 77.947 Thread 0x0000029f7f063000 15287       2       com.sun.tools.javac.comp.TypeEnter$HierarchyPhase::runPhase (172 bytes)
Event: 77.948 Thread 0x0000029f7f063000 nmethod 15287 0x0000029f05e89490 code [0x0000029f05e896c0, 0x0000029f05e89ba8]
Event: 77.948 Thread 0x0000029f7f063000 15288       2       com.sun.tools.javac.comp.Check$CycleChecker::<init> (27 bytes)
Event: 77.948 Thread 0x0000029f7f063000 nmethod 15288 0x0000029f05e8a010 code [0x0000029f05e8a1c0, 0x0000029f05e8a398]
Event: 77.948 Thread 0x0000029f7f063000 15289       2       com.sun.tools.javac.comp.TypeEnter$HeaderPhase::runPhase (446 bytes)
Event: 77.952 Thread 0x0000029f7f063000 nmethod 15289 0x0000029f05e8a410 code [0x0000029f05e8a900, 0x0000029f05e8c418]
Event: 77.952 Thread 0x0000029f7f063000 15290       2       com.sun.tools.javac.comp.TypeEnter$MembersPhase::runPhase (452 bytes)
Event: 77.954 Thread 0x0000029f7f063000 nmethod 15290 0x0000029f05e8d810 code [0x0000029f05e8db60, 0x0000029f05e8ecf8]
Event: 77.954 Thread 0x0000029f7f063000 15291       2       com.sun.tools.javac.comp.MemberEnter::memberEnter (30 bytes)
Event: 77.954 Thread 0x0000029f7f063000 nmethod 15291 0x0000029f05e8f910 code [0x0000029f05e8fae0, 0x0000029f05e8fce8]
Event: 77.955 Thread 0x0000029f7f063000 15292       2       com.sun.tools.javac.code.Scope$CompoundScope::prependSubScope (41 bytes)
Event: 77.956 Thread 0x0000029f7f063000 nmethod 15292 0x0000029f05e8fe10 code [0x0000029f05e90000, 0x0000029f05e903e8]
Event: 77.957 Thread 0x0000029f7f063000 15293   !   2       com.sun.tools.javac.comp.TypeEnter$MembersPhase::doCompleteEnvs (92 bytes)
Event: 77.958 Thread 0x0000029f7f063000 nmethod 15293 0x0000029f05e90610 code [0x0000029f05e90800, 0x0000029f05e90c58]
Event: 77.964 Thread 0x0000029f7f063000 15295       2       com.sun.tools.javac.tree.TreeMaker::Exec (19 bytes)
Event: 77.964 Thread 0x0000029f7f063000 nmethod 15295 0x0000029f05e90e90 code [0x0000029f05e91040, 0x0000029f05e911d8]
Event: 77.964 Thread 0x0000029f7f063000 15296       2       com.sun.tools.javac.tree.JCTree$JCExpressionStatement::<init> (10 bytes)
Event: 77.964 Thread 0x0000029f7f063000 nmethod 15296 0x0000029f05e91290 code [0x0000029f05e91440, 0x0000029f05e91578]

GC Heap History (20 events):
Event: 76.133 GC heap after
{Heap after GC invocations=68 (full 0):
 garbage-first heap   total 157696K, used 136607K [0x0000000080000000, 0x0000000100000000)
  region size 1024K, 1 young (1024K), 1 survivors (1024K)
 Metaspace       used 118603K, capacity 121410K, committed 121508K, reserved 1155072K
  class space    used 14739K, capacity 15777K, committed 15872K, reserved 1048576K
}
Event: 76.189 GC heap before
{Heap before GC invocations=68 (full 0):
 garbage-first heap   total 157696K, used 142751K [0x0000000080000000, 0x0000000100000000)
  region size 1024K, 7 young (7168K), 1 survivors (1024K)
 Metaspace       used 118610K, capacity 121419K, committed 121764K, reserved 1155072K
  class space    used 14739K, capacity 15777K, committed 15872K, reserved 1048576K
}
Event: 76.194 GC heap after
{Heap after GC invocations=69 (full 0):
 garbage-first heap   total 157696K, used 142336K [0x0000000080000000, 0x0000000100000000)
  region size 1024K, 1 young (1024K), 1 survivors (1024K)
 Metaspace       used 118610K, capacity 121419K, committed 121764K, reserved 1155072K
  class space    used 14739K, capacity 15777K, committed 15872K, reserved 1048576K
}
Event: 76.214 GC heap before
{Heap before GC invocations=69 (full 0):
 garbage-first heap   total 157696K, used 148480K [0x0000000080000000, 0x0000000100000000)
  region size 1024K, 7 young (7168K), 1 survivors (1024K)
 Metaspace       used 118610K, capacity 121419K, committed 121764K, reserved 1155072K
  class space    used 14739K, capacity 15777K, committed 15872K, reserved 1048576K
}
Event: 76.222 GC heap after
{Heap after GC invocations=70 (full 0):
 garbage-first heap   total 189440K, used 147231K [0x0000000080000000, 0x0000000100000000)
  region size 1024K, 1 young (1024K), 1 survivors (1024K)
 Metaspace       used 118610K, capacity 121419K, committed 121764K, reserved 1155072K
  class space    used 14739K, capacity 15777K, committed 15872K, reserved 1048576K
}
Event: 76.252 GC heap before
{Heap before GC invocations=70 (full 0):
 garbage-first heap   total 189440K, used 156447K [0x0000000080000000, 0x0000000100000000)
  region size 1024K, 10 young (10240K), 1 survivors (1024K)
 Metaspace       used 118610K, capacity 121419K, committed 121764K, reserved 1155072K
  class space    used 14739K, capacity 15777K, committed 15872K, reserved 1048576K
}
Event: 76.263 GC heap after
{Heap after GC invocations=71 (full 0):
 garbage-first heap   total 189440K, used 154295K [0x0000000080000000, 0x0000000100000000)
  region size 1024K, 2 young (2048K), 2 survivors (2048K)
 Metaspace       used 118610K, capacity 121419K, committed 121764K, reserved 1155072K
  class space    used 14739K, capacity 15777K, committed 15872K, reserved 1048576K
}
Event: 76.356 GC heap before
{Heap before GC invocations=72 (full 0):
 garbage-first heap   total 189440K, used 160439K [0x0000000080000000, 0x0000000100000000)
  region size 1024K, 9 young (9216K), 2 survivors (2048K)
 Metaspace       used 118981K, capacity 121786K, committed 122020K, reserved 1155072K
  class space    used 14778K, capacity 15813K, committed 15872K, reserved 1048576K
}
Event: 76.364 GC heap after
{Heap after GC invocations=73 (full 0):
 garbage-first heap   total 189440K, used 158492K [0x0000000080000000, 0x0000000100000000)
  region size 1024K, 2 young (2048K), 2 survivors (2048K)
 Metaspace       used 118981K, capacity 121786K, committed 122020K, reserved 1155072K
  class space    used 14778K, capacity 15813K, committed 15872K, reserved 1048576K
}
Event: 76.585 GC heap before
{Heap before GC invocations=73 (full 0):
 garbage-first heap   total 189440K, used 165660K [0x0000000080000000, 0x0000000100000000)
  region size 1024K, 9 young (9216K), 2 survivors (2048K)
 Metaspace       used 120148K, capacity 122941K, committed 123300K, reserved 1157120K
  class space    used 14974K, capacity 16006K, committed 16128K, reserved 1048576K
}
Event: 76.589 GC heap after
{Heap after GC invocations=74 (full 0):
 garbage-first heap   total 189440K, used 159367K [0x0000000080000000, 0x0000000100000000)
  region size 1024K, 1 young (1024K), 1 survivors (1024K)
 Metaspace       used 120148K, capacity 122941K, committed 123300K, reserved 1157120K
  class space    used 14974K, capacity 16006K, committed 16128K, reserved 1048576K
}
Event: 76.775 GC heap before
{Heap before GC invocations=74 (full 0):
 garbage-first heap   total 189440K, used 167559K [0x0000000080000000, 0x0000000100000000)
  region size 1024K, 9 young (9216K), 1 survivors (1024K)
 Metaspace       used 121738K, capacity 124528K, committed 124708K, reserved 1157120K
  class space    used 15192K, capacity 16212K, committed 16256K, reserved 1048576K
}
Event: 76.782 GC heap after
{Heap after GC invocations=75 (full 0):
 garbage-first heap   total 290816K, used 159844K [0x0000000080000000, 0x0000000100000000)
  region size 1024K, 1 young (1024K), 1 survivors (1024K)
 Metaspace       used 121738K, capacity 124528K, committed 124708K, reserved 1157120K
  class space    used 15192K, capacity 16212K, committed 16256K, reserved 1048576K
}
Event: 77.330 GC heap before
{Heap before GC invocations=76 (full 0):
 garbage-first heap   total 290816K, used 196708K [0x0000000080000000, 0x0000000100000000)
  region size 1024K, 36 young (36864K), 1 survivors (1024K)
 Metaspace       used 122711K, capacity 125506K, committed 125604K, reserved 1159168K
  class space    used 15272K, capacity 16320K, committed 16384K, reserved 1048576K
}
Event: 77.410 GC heap after
{Heap after GC invocations=77 (full 0):
 garbage-first heap   total 290816K, used 175586K [0x0000000080000000, 0x0000000100000000)
  region size 1024K, 5 young (5120K), 5 survivors (5120K)
 Metaspace       used 122711K, capacity 125506K, committed 125604K, reserved 1159168K
  class space    used 15272K, capacity 16320K, committed 16384K, reserved 1048576K
}
Event: 77.516 GC heap before
{Heap before GC invocations=77 (full 0):
 garbage-first heap   total 290816K, used 207330K [0x0000000080000000, 0x0000000100000000)
  region size 1024K, 36 young (36864K), 5 survivors (5120K)
 Metaspace       used 122771K, capacity 125570K, committed 125860K, reserved 1159168K
  class space    used 15272K, capacity 16320K, committed 16384K, reserved 1048576K
}
Event: 77.552 GC heap after
{Heap after GC invocations=78 (full 0):
 garbage-first heap   total 290816K, used 192375K [0x0000000080000000, 0x0000000100000000)
  region size 1024K, 5 young (5120K), 5 survivors (5120K)
 Metaspace       used 122771K, capacity 125570K, committed 125860K, reserved 1159168K
  class space    used 15272K, capacity 16320K, committed 16384K, reserved 1048576K
}
Event: 77.760 GC heap before
{Heap before GC invocations=78 (full 0):
 garbage-first heap   total 290816K, used 218999K [0x0000000080000000, 0x0000000100000000)
  region size 1024K, 31 young (31744K), 5 survivors (5120K)
 Metaspace       used 122808K, capacity 125570K, committed 125860K, reserved 1159168K
  class space    used 15272K, capacity 16320K, committed 16384K, reserved 1048576K
}
Event: 77.843 GC heap after
{Heap after GC invocations=79 (full 0):
 garbage-first heap   total 290816K, used 214528K [0x0000000080000000, 0x0000000100000000)
  region size 1024K, 4 young (4096K), 4 survivors (4096K)
 Metaspace       used 122808K, capacity 125570K, committed 125860K, reserved 1159168K
  class space    used 15272K, capacity 16320K, committed 16384K, reserved 1048576K
}
Event: 77.980 GC heap before
{Heap before GC invocations=79 (full 0):
 garbage-first heap   total 290816K, used 230912K [0x0000000080000000, 0x0000000100000000)
  region size 1024K, 20 young (20480K), 4 survivors (4096K)
 Metaspace       used 122889K, capacity 125636K, committed 125860K, reserved 1159168K
  class space    used 15273K, capacity 16320K, committed 16384K, reserved 1048576K
}

Deoptimization events (20 events):
Event: 76.889 Thread 0x0000029f1d9e3000 Uncommon trap: trap_request=0xffffff4d fr.pc=0x0000029f0baf03a0 relative=0x0000000000000540
Event: 76.889 Thread 0x0000029f1d9e3000 Uncommon trap: reason=unstable_if action=reinterpret pc=0x0000029f0baf03a0 method=java.lang.String.valueOf(Ljava/lang/Object;)Ljava/lang/String; @ 1 c2
Event: 76.889 Thread 0x0000029f1d9e3000 DEOPT PACKING pc=0x0000029f0baf03a0 sp=0x000000c135ffbed0
Event: 76.889 Thread 0x0000029f1d9e3000 DEOPT UNPACKING pc=0x0000029f03a378af sp=0x000000c135ffbe58 mode 2
Event: 77.008 Thread 0x0000029f1d9e3000 Uncommon trap: trap_request=0xffffff4d fr.pc=0x0000029f0bc36dd0 relative=0x0000000000005d10
Event: 77.008 Thread 0x0000029f1d9e3000 Uncommon trap: reason=unstable_if action=reinterpret pc=0x0000029f0bc36dd0 method=com.sun.tools.javac.parser.JavaTokenizer.readToken()Lcom/sun/tools/javac/parser/Tokens$Token; @ 39 c2
Event: 77.008 Thread 0x0000029f1d9e3000 DEOPT PACKING pc=0x0000029f0bc36dd0 sp=0x000000c135ffaec0
Event: 77.008 Thread 0x0000029f1d9e3000 DEOPT UNPACKING pc=0x0000029f03a378af sp=0x000000c135ffae88 mode 2
Event: 77.185 Thread 0x0000029f1d9e3000 DEOPT PACKING pc=0x0000029f05c9a668 sp=0x000000c135ffb280
Event: 77.185 Thread 0x0000029f1d9e3000 DEOPT UNPACKING pc=0x0000029f03a376ce sp=0x000000c135ffa790 mode 0
Event: 77.186 Thread 0x0000029f1d9e3000 DEOPT PACKING pc=0x0000029f05c9a668 sp=0x000000c135ffb280
Event: 77.186 Thread 0x0000029f1d9e3000 DEOPT UNPACKING pc=0x0000029f03a376ce sp=0x000000c135ffa790 mode 0
Event: 77.187 Thread 0x0000029f1d9e3000 DEOPT PACKING pc=0x0000029f05c9a668 sp=0x000000c135ffb4a0
Event: 77.187 Thread 0x0000029f1d9e3000 DEOPT UNPACKING pc=0x0000029f03a376ce sp=0x000000c135ffa9b0 mode 0
Event: 77.187 Thread 0x0000029f1d9e3000 DEOPT PACKING pc=0x0000029f05c9a668 sp=0x000000c135ffb4a0
Event: 77.187 Thread 0x0000029f1d9e3000 DEOPT UNPACKING pc=0x0000029f03a376ce sp=0x000000c135ffa9b0 mode 0
Event: 77.189 Thread 0x0000029f1d9e3000 DEOPT PACKING pc=0x0000029f05c9a668 sp=0x000000c135ffb4a0
Event: 77.189 Thread 0x0000029f1d9e3000 DEOPT UNPACKING pc=0x0000029f03a376ce sp=0x000000c135ffa9b0 mode 0
Event: 77.190 Thread 0x0000029f1d9e3000 DEOPT PACKING pc=0x0000029f05c9a668 sp=0x000000c135ffb5d0
Event: 77.190 Thread 0x0000029f1d9e3000 DEOPT UNPACKING pc=0x0000029f03a376ce sp=0x000000c135ffaae0 mode 0

Classes redefined (0 events):
No events

Internal exceptions (20 events):
Event: 76.894 Thread 0x0000029f1d9e3000 Exception <a 'sun/nio/fs/WindowsException'{0x00000000915a4b20}> (0x00000000915a4b20) thrown at [./src/hotspot/share/prims/jni.cpp, line 615]
Event: 76.896 Thread 0x0000029f1d9e3000 Exception <a 'sun/nio/fs/WindowsException'{0x00000000915b8b60}> (0x00000000915b8b60) thrown at [./src/hotspot/share/prims/jni.cpp, line 615]
Event: 76.897 Thread 0x0000029f1d9e3000 Exception <a 'sun/nio/fs/WindowsException'{0x00000000915b95e0}> (0x00000000915b95e0) thrown at [./src/hotspot/share/prims/jni.cpp, line 615]
Event: 76.902 Thread 0x0000029f1d9e3000 Exception <a 'sun/nio/fs/WindowsException'{0x00000000915cfac0}> (0x00000000915cfac0) thrown at [./src/hotspot/share/prims/jni.cpp, line 615]
Event: 76.902 Thread 0x0000029f1d9e3000 Exception <a 'sun/nio/fs/WindowsException'{0x00000000915d0550}> (0x00000000915d0550) thrown at [./src/hotspot/share/prims/jni.cpp, line 615]
Event: 76.905 Thread 0x0000029f1d9e3000 Exception <a 'sun/nio/fs/WindowsException'{0x00000000915e81d8}> (0x00000000915e81d8) thrown at [./src/hotspot/share/prims/jni.cpp, line 615]
Event: 76.905 Thread 0x0000029f1d9e3000 Exception <a 'sun/nio/fs/WindowsException'{0x00000000915e8c60}> (0x00000000915e8c60) thrown at [./src/hotspot/share/prims/jni.cpp, line 615]
Event: 76.943 Thread 0x0000029f1d9e3000 Exception <a 'sun/nio/fs/WindowsException'{0x0000000091480b20}> (0x0000000091480b20) thrown at [./src/hotspot/share/prims/jni.cpp, line 615]
Event: 76.943 Thread 0x0000029f1d9e3000 Exception <a 'sun/nio/fs/WindowsException'{0x0000000091481578}> (0x0000000091481578) thrown at [./src/hotspot/share/prims/jni.cpp, line 615]
Event: 76.943 Thread 0x0000029f1d9e3000 Exception <a 'sun/nio/fs/WindowsException'{0x0000000091481e90}> (0x0000000091481e90) thrown at [./src/hotspot/share/prims/jni.cpp, line 615]
Event: 76.943 Thread 0x0000029f1d9e3000 Exception <a 'sun/nio/fs/WindowsException'{0x00000000914826f8}> (0x00000000914826f8) thrown at [./src/hotspot/share/prims/jni.cpp, line 615]
Event: 76.943 Thread 0x0000029f1d9e3000 Exception <a 'sun/nio/fs/WindowsException'{0x00000000914830e8}> (0x00000000914830e8) thrown at [./src/hotspot/share/prims/jni.cpp, line 615]
Event: 76.943 Thread 0x0000029f1d9e3000 Exception <a 'sun/nio/fs/WindowsException'{0x0000000091483168}> (0x0000000091483168) thrown at [./src/hotspot/share/prims/jni.cpp, line 615]
Event: 76.943 Thread 0x0000029f1d9e3000 Exception <a 'sun/nio/fs/WindowsException'{0x0000000091484368}> (0x0000000091484368) thrown at [./src/hotspot/share/prims/jni.cpp, line 615]
Event: 76.946 Thread 0x0000029f1d9e3000 Exception <a 'sun/nio/fs/WindowsException'{0x000000009148f978}> (0x000000009148f978) thrown at [./src/hotspot/share/prims/jni.cpp, line 615]
Event: 76.946 Thread 0x0000029f1d9e3000 Exception <a 'sun/nio/fs/WindowsException'{0x00000000914903b0}> (0x00000000914903b0) thrown at [./src/hotspot/share/prims/jni.cpp, line 615]
Event: 76.970 Thread 0x0000029f1d9e3000 Exception <a 'sun/nio/fs/WindowsException'{0x000000009137f090}> (0x000000009137f090) thrown at [./src/hotspot/share/prims/jni.cpp, line 615]
Event: 76.970 Thread 0x0000029f1d9e3000 Exception <a 'sun/nio/fs/WindowsException'{0x000000009137faf0}> (0x000000009137faf0) thrown at [./src/hotspot/share/prims/jni.cpp, line 615]
Event: 76.975 Thread 0x0000029f1d9e3000 Exception <a 'sun/nio/fs/WindowsException'{0x000000009139e418}> (0x000000009139e418) thrown at [./src/hotspot/share/prims/jni.cpp, line 615]
Event: 76.976 Thread 0x0000029f1d9e3000 Exception <a 'sun/nio/fs/WindowsException'{0x000000009139ee68}> (0x000000009139ee68) thrown at [./src/hotspot/share/prims/jni.cpp, line 615]

Events (20 events):
Event: 76.964 loading class android/databinding/tool/writer/BindingMapperWriterV2$createLocalizedLayoutIds$1$2 done
Event: 76.973 loading class android/databinding/tool/writer/MergedBindingMapperWriter
Event: 76.973 loading class android/databinding/tool/writer/MergedBindingMapperWriter done
Event: 76.974 loading class android/databinding/tool/writer/MergedBindingMapperWriter$Companion
Event: 76.974 loading class android/databinding/tool/writer/MergedBindingMapperWriter$Companion done
Event: 76.980 loading class com/sun/tools/javac/code/Symtab
Event: 76.980 loading class com/sun/tools/javac/code/Symtab done
Event: 77.029 loading class com/sun/tools/javac/tree/JCTree$JCLiteral
Event: 77.029 loading class com/sun/tools/javac/tree/JCTree$JCLiteral done
Event: 77.029 loading class com/sun/tools/javac/tree/JCTree$JCLiteral
Event: 77.029 loading class com/sun/tools/javac/tree/JCTree$JCLiteral done
Event: 77.109 Executing VM operation: CGC_Operation
Event: 77.110 Executing VM operation: CGC_Operation done
Event: 77.329 Executing VM operation: G1CollectForAllocation
Event: 77.411 Executing VM operation: G1CollectForAllocation done
Event: 77.516 Executing VM operation: G1CollectForAllocation
Event: 77.554 Executing VM operation: G1CollectForAllocation done
Event: 77.759 Executing VM operation: G1CollectForAllocation
Event: 77.843 Executing VM operation: G1CollectForAllocation done
Event: 77.979 Executing VM operation: G1CollectForAllocation


Dynamic libraries:
0x00007ff7a5d00000 - 0x00007ff7a5d0a000 	E:\Android Studio\jre\bin\java.exe
0x00007ffa1ac30000 - 0x00007ffa1ae25000 	C:\WINDOWS\SYSTEM32\ntdll.dll
0x00007ffa1a5b0000 - 0x00007ffa1a66e000 	C:\WINDOWS\System32\KERNEL32.DLL
0x00007ffa184a0000 - 0x00007ffa18768000 	C:\WINDOWS\System32\KERNELBASE.dll
0x00007ffa18350000 - 0x00007ffa18450000 	C:\WINDOWS\System32\ucrtbase.dll
0x00007ffa104e0000 - 0x00007ffa104f9000 	E:\Android Studio\jre\bin\jli.dll
0x00007ffa1a2f0000 - 0x00007ffa1a491000 	C:\WINDOWS\System32\USER32.dll
0x00007ffa03690000 - 0x00007ffa0392a000 	C:\WINDOWS\WinSxS\amd64_microsoft.windows.common-controls_6595b64144ccf1df_6.0.19041.1110_none_60b5254171f9507e\COMCTL32.dll
0x00007ffa1a070000 - 0x00007ffa1a10e000 	C:\WINDOWS\System32\msvcrt.dll
0x00007ffa188e0000 - 0x00007ffa18902000 	C:\WINDOWS\System32\win32u.dll
0x00007ffa1a670000 - 0x00007ffa1a69b000 	C:\WINDOWS\System32\GDI32.dll
0x00007ffa187d0000 - 0x00007ffa188db000 	C:\WINDOWS\System32\gdi32full.dll
0x00007ffa18a70000 - 0x00007ffa18b0d000 	C:\WINDOWS\System32\msvcp_win.dll
0x00007ffa09660000 - 0x00007ffa09677000 	E:\Android Studio\jre\bin\VCRUNTIME140.dll
0x00007ffa1a040000 - 0x00007ffa1a070000 	C:\WINDOWS\System32\IMM32.DLL
0x00007ff9d9ec0000 - 0x00007ff9d9f5d000 	E:\Android Studio\jre\bin\msvcp140.dll
0x00007ff9cb950000 - 0x00007ff9cc41f000 	E:\Android Studio\jre\bin\server\jvm.dll
0x00007ffa1a6a0000 - 0x00007ffa1a74c000 	C:\WINDOWS\System32\ADVAPI32.dll
0x00007ffa18ca0000 - 0x00007ffa18d3b000 	C:\WINDOWS\System32\sechost.dll
0x00007ffa18fd0000 - 0x00007ffa190fa000 	C:\WINDOWS\System32\RPCRT4.dll
0x00007ffa18ef0000 - 0x00007ffa18ef8000 	C:\WINDOWS\System32\PSAPI.DLL
0x00007ffa028a0000 - 0x00007ffa028c7000 	C:\WINDOWS\SYSTEM32\WINMM.dll
0x00007ffa0f840000 - 0x00007ffa0f84a000 	C:\WINDOWS\SYSTEM32\VERSION.dll
0x00007ff9ff550000 - 0x00007ff9ff559000 	C:\WINDOWS\SYSTEM32\WSOCK32.dll
0x00007ffa18f00000 - 0x00007ffa18f6b000 	C:\WINDOWS\System32\ws2_32.DLL
0x00007ffa16c20000 - 0x00007ffa16c32000 	C:\WINDOWS\SYSTEM32\kernel.appcore.dll
0x00007ffa10500000 - 0x00007ffa10511000 	E:\Android Studio\jre\bin\verify.dll
0x00007ffa168e0000 - 0x00007ffa16ac4000 	C:\WINDOWS\SYSTEM32\DBGHELP.DLL
0x00007ff9fd6c0000 - 0x00007ff9fd6ec000 	C:\WINDOWS\SYSTEM32\dbgcore.DLL
0x00007ffa18b10000 - 0x00007ffa18b93000 	C:\WINDOWS\System32\bcryptPrimitives.dll
0x00007ffa0cfc0000 - 0x00007ffa0cfe9000 	E:\Android Studio\jre\bin\java.dll
0x00007ffa12550000 - 0x00007ffa1255b000 	E:\Android Studio\jre\bin\jimage.dll
0x00007ffa103e0000 - 0x00007ffa103f8000 	E:\Android Studio\jre\bin\zip.dll
0x00007ffa19100000 - 0x00007ffa1983f000 	C:\WINDOWS\System32\SHELL32.dll
0x00007ffa16080000 - 0x00007ffa16810000 	C:\WINDOWS\SYSTEM32\windows.storage.dll
0x00007ffa1a7b0000 - 0x00007ffa1ab05000 	C:\WINDOWS\System32\combase.dll
0x00007ffa17da0000 - 0x00007ffa17dce000 	C:\WINDOWS\SYSTEM32\Wldp.dll
0x00007ffa1a240000 - 0x00007ffa1a2ed000 	C:\WINDOWS\System32\SHCORE.dll
0x00007ffa18f70000 - 0x00007ffa18fc5000 	C:\WINDOWS\System32\shlwapi.dll
0x00007ffa18290000 - 0x00007ffa182af000 	C:\WINDOWS\SYSTEM32\profapi.dll
0x00007ffa0cfa0000 - 0x00007ffa0cfba000 	E:\Android Studio\jre\bin\net.dll
0x00007ffa04690000 - 0x00007ffa0479c000 	C:\WINDOWS\SYSTEM32\WINHTTP.dll
0x00007ffa17b00000 - 0x00007ffa17b6a000 	C:\WINDOWS\system32\mswsock.dll
0x00007ffa0cf80000 - 0x00007ffa0cf94000 	E:\Android Studio\jre\bin\nio.dll
0x00007ffa002b0000 - 0x00007ffa002d7000 	C:\Users\peto\.gradle\native\8bec1ad78214c89d9ad589b4d07fe93259594b29d510b10fafb7a158f7737e5d\windows-amd64\native-platform.dll
0x00007ff9d69e0000 - 0x00007ff9d6b1d000 	C:\Users\peto\.gradle\native\53dbd7edfb1c66fb8903c78663c9afc45aea4f116125fa6feffd364cf09443e8\windows-amd64\native-platform-file-events.dll
0x00007ffa120a0000 - 0x00007ffa120aa000 	E:\Android Studio\jre\bin\management.dll
0x00007ffa12080000 - 0x00007ffa1208c000 	E:\Android Studio\jre\bin\management_ext.dll
0x00007ffa17cf0000 - 0x00007ffa17d08000 	C:\WINDOWS\SYSTEM32\CRYPTSP.dll
0x00007ffa17410000 - 0x00007ffa17444000 	C:\WINDOWS\system32\rsaenh.dll
0x00007ffa18ba0000 - 0x00007ffa18bc7000 	C:\WINDOWS\System32\bcrypt.dll
0x00007ffa18250000 - 0x00007ffa1827e000 	C:\WINDOWS\SYSTEM32\USERENV.dll
0x00007ffa17d10000 - 0x00007ffa17d1c000 	C:\WINDOWS\SYSTEM32\CRYPTBASE.dll
0x00007ffa177a0000 - 0x00007ffa177db000 	C:\WINDOWS\SYSTEM32\IPHLPAPI.DLL
0x00007ffa19f40000 - 0x00007ffa19f48000 	C:\WINDOWS\System32\NSI.dll
0x00007ffa0cd10000 - 0x00007ffa0cd27000 	C:\WINDOWS\SYSTEM32\dhcpcsvc6.DLL
0x00007ffa0dc80000 - 0x00007ffa0dc9d000 	C:\WINDOWS\SYSTEM32\dhcpcsvc.DLL
0x00007ffa177e0000 - 0x00007ffa178ab000 	C:\WINDOWS\SYSTEM32\DNSAPI.dll
0x00007ffa05d60000 - 0x00007ffa05d7e000 	C:\Users\peto\AppData\Local\Temp\native-platform5657977685331557595dir\native-platform.dll
0x00007ffa132b0000 - 0x00007ffa132b8000 	E:\Android Studio\jre\bin\rmi.dll
0x00007ff9f9550000 - 0x00007ff9f9567000 	C:\WINDOWS\system32\napinsp.dll
0x00007ff9f9450000 - 0x00007ff9f946b000 	C:\WINDOWS\system32\pnrpnsp.dll
0x00007ffa12530000 - 0x00007ffa12545000 	C:\WINDOWS\system32\wshbth.dll
0x00007ffa13170000 - 0x00007ffa1318d000 	C:\WINDOWS\system32\NLAapi.dll
0x00007ff9f83b0000 - 0x00007ff9f83c2000 	C:\WINDOWS\System32\winrnr.dll
0x00007ffa01db0000 - 0x00007ffa01dba000 	C:\Windows\System32\rasadhlp.dll
0x00007ffa027b0000 - 0x00007ffa0282f000 	C:\WINDOWS\System32\fwpuclnt.dll
0x0000000066e00000 - 0x0000000066f03000 	C:\Users\peto\AppData\Local\Temp\sqlite-3.25.2-c5f37f9d-74a0-493d-a1e3-da5890d8a706-sqlitejdbc.dll

dbghelp: loaded successfully - version: 4.0.5 - missing functions: none
symbol engine: initialized successfully - sym options: 0x614 - pdb path: .;E:\Android Studio\jre\bin;C:\WINDOWS\SYSTEM32;C:\WINDOWS\WinSxS\amd64_microsoft.windows.common-controls_6595b64144ccf1df_6.0.19041.1110_none_60b5254171f9507e;E:\Android Studio\jre\bin\server;C:\Users\peto\.gradle\native\8bec1ad78214c89d9ad589b4d07fe93259594b29d510b10fafb7a158f7737e5d\windows-amd64;C:\Users\peto\.gradle\native\53dbd7edfb1c66fb8903c78663c9afc45aea4f116125fa6feffd364cf09443e8\windows-amd64;C:\Users\peto\AppData\Local\Temp\native-platform5657977685331557595dir;C:\Users\peto\AppData\Local\Temp

VM Arguments:
jvm_args: --add-opens=java.base/java.util=ALL-UNNAMED --add-opens=java.base/java.lang=ALL-UNNAMED --add-opens=java.base/java.lang.invoke=ALL-UNNAMED --add-opens=java.base/java.util=ALL-UNNAMED --add-opens=java.prefs/java.util.prefs=ALL-UNNAMED --add-opens=java.prefs/java.util.prefs=ALL-UNNAMED --add-opens=java.base/java.nio.charset=ALL-UNNAMED --add-opens=java.base/java.net=ALL-UNNAMED --add-opens=java.base/java.util.concurrent.atomic=ALL-UNNAMED -Xmx2048m -Dfile.encoding=UTF-8 -Duser.country=US -Duser.language=en -Duser.variant 
java_command: org.gradle.launcher.daemon.bootstrap.GradleDaemon 7.0.2
java_class_path (initial): C:\Users\peto\.gradle\wrapper\dists\gradle-7.0.2-bin\857tjihv64xamwrf0h14cai3r\gradle-7.0.2\lib\gradle-launcher-7.0.2.jar
Launcher Type: SUN_STANDARD

[Global flags]
     intx CICompilerCount                          = 3                                         {product} {ergonomic}
     uint ConcGCThreads                            = 1                                         {product} {ergonomic}
     uint G1ConcRefinementThreads                  = 4                                         {product} {ergonomic}
   size_t G1HeapRegionSize                         = 1048576                                   {product} {ergonomic}
    uintx GCDrainStackTargetSize                   = 64                                        {product} {ergonomic}
   size_t InitialHeapSize                          = 134217728                                 {product} {ergonomic}
   size_t MarkStackSize                            = 4194304                                   {product} {ergonomic}
   size_t MaxHeapSize                              = 2147483648                                {product} {command line}
   size_t MaxNewSize                               = 1287651328                                {product} {ergonomic}
   size_t MinHeapDeltaBytes                        = 1048576                                   {product} {ergonomic}
    uintx NonNMethodCodeHeapSize                   = 5830732                                {pd product} {ergonomic}
    uintx NonProfiledCodeHeapSize                  = 122913754                              {pd product} {ergonomic}
    uintx ProfiledCodeHeapSize                     = 122913754                              {pd product} {ergonomic}
    uintx ReservedCodeCacheSize                    = 251658240                              {pd product} {ergonomic}
     bool SegmentedCodeCache                       = true                                      {product} {ergonomic}
     bool UseCompressedClassPointers               = true                                 {lp64_product} {ergonomic}
     bool UseCompressedOops                        = true                                 {lp64_product} {ergonomic}
     bool UseG1GC                                  = true                                      {product} {ergonomic}
     bool UseLargePagesIndividualAllocation        = false                                  {pd product} {ergonomic}

Logging:
Log output configuration:
 #0: stdout all=warning uptime,level,tags
 #1: stderr all=off uptime,level,tags

Environment Variables:
PATH=C:\Python310\Scripts\;C:\Python310\;C:\Program Files\Common Files\Oracle\Java\javapath;C:\Program Files (x86)\VMware\VMware Player\bin\;C:\Program Files (x86)\Intel\iCLS Client\;C:\Program Files\Intel\iCLS Client\;C:\Windows\system32;C:\Windows;C:\Windows\System32\Wbem;C:\Windows\System32\WindowsPowerShell\v1.0\;C:\Program Files (x86)\NVIDIA Corporation\PhysX\Common;C:\Program Files (x86)\Intel\Intel(R) Management Engine Components\DAL;C:\Program Files\Intel\Intel(R) Management Engine Components\DAL;C:\Program Files (x86)\Intel\Intel(R) Management Engine Components\IPT;C:\Program Files\Intel\Intel(R) Management Engine Components\IPT;C:\Program Files\Intel\WiFi\bin\;C:\Program Files\Common Files\Intel\WirelessCommon\;C:\WINDOWS\system32;C:\WINDOWS;C:\WINDOWS\System32\Wbem;C:\WINDOWS\System32\WindowsPowerShell\v1.0\;C:\WINDOWS\System32\OpenSSH\;C:\Program Files (x86)\EAC MW klient\;C:\Program Files\Git\cmd;C:\Program Files\nodejs\;C:\ProgramData\chocolatey\bin;C:\Users\peto\AppData\Local\Programs\Python\Python38\Scripts\;C:\Users\peto\AppData\Local\Programs\Python\Python38\;C:\Users\peto\PycharmProjects\UPB2;C:\MinGW\bin;C:\Users\peto\AppData\Local\gitkraken\bin;C:\Users\peto\AppData\Local\Microsoft\WindowsApps;C:\Users\peto\AppData\Roaming\npm
USERNAME=peto
OS=Windows_NT
PROCESSOR_IDENTIFIER=Intel64 Family 6 Model 142 Stepping 9, GenuineIntel



---------------  S Y S T E M  ---------------

OS: Windows 10 , 64 bit Build 19041 (10.0.19041.1348)
OS uptime: 6 days 15:33 hours

CPU:total 4 (initial active 4) (2 cores per cpu, 2 threads per core) family 6 model 142 stepping 9 microcode 0xb4, cmov, cx8, fxsr, mmx, sse, sse2, sse3, ssse3, sse4.1, sse4.2, popcnt, avx, avx2, aes, clmul, erms, 3dnowpref, lzcnt, ht, tsc, tscinvbit, bmi1, bmi2, adx, fma

Memory: 4k page, system-wide physical 8090M (233M free)
TotalPageFile size 17465M (AvailPageFile size 208M)
current process WorkingSet (physical memory assigned to process): 402M, peak: 411M
current process commit charge ("private bytes"): 614M, peak: 1182M

vm_info: OpenJDK 64-Bit Server VM (11.0.10+0-b96-7249189) for windows-amd64 JRE (11.0.10+0-b96-7249189), built on Mar 31 2021 21:44:00 by "builder" with MS VC++ 14.0 (VS2015)

END.
