#
# There is insufficient memory for the Java Runtime Environment to continue.
# Native memory allocation (mmap) failed to map 374341632 bytes for Failed to commit area from 0x0000000095f00000 to 0x00000000ac400000 of length 374341632.
# Possible reasons:
#   The system is out of physical RAM or swap space
#   The process is running with CompressedOops enabled, and the Java Heap may be blocking the growth of the native heap
# Possible solutions:
#   Reduce memory load on the system
#   Increase physical memory or swap space
#   Check if swap backing store is full
#   Decrease Java heap size (-Xmx/-Xms)
#   Decrease number of Java threads
#   Decrease Java thread stack sizes (-Xss)
#   Set larger code cache with -XX:ReservedCodeCacheSize=
#   JVM is running with Unscaled Compressed Oops mode in which the Java heap is
#     placed in the first 4GB address space. The Java Heap base address is the
#     maximum limit for the native heap growth. Please use -XX:HeapBaseMinAddress
#     to set the Java Heap base and to place the Java Heap above 4GB virtual address.
# This output file may be truncated or incomplete.
#
#  Out of Memory Error (./src/hotspot/os/windows/os_windows.cpp:3301), pid=26224, tid=22592
#
# JRE version: OpenJDK Runtime Environment (11.0.10) (build 11.0.10+0-b96-7249189)
# Java VM: OpenJDK 64-Bit Server VM (11.0.10+0-b96-7249189, mixed mode, tiered, compressed oops, g1 gc, windows-amd64)
# No core dump will be written. Minidumps are not enabled by default on client versions of Windows
#

---------------  S U M M A R Y ------------

Command Line: --add-opens=java.base/java.util=ALL-UNNAMED --add-opens=java.base/java.lang=ALL-UNNAMED --add-opens=java.base/java.lang.invoke=ALL-UNNAMED --add-opens=java.base/java.util=ALL-UNNAMED --add-opens=java.prefs/java.util.prefs=ALL-UNNAMED --add-opens=java.prefs/java.util.prefs=ALL-UNNAMED --add-opens=java.base/java.nio.charset=ALL-UNNAMED --add-opens=java.base/java.net=ALL-UNNAMED --add-opens=java.base/java.util.concurrent.atomic=ALL-UNNAMED -Xmx2048m -Dfile.encoding=UTF-8 -Duser.country=US -Duser.language=en -Duser.variant org.gradle.launcher.daemon.bootstrap.GradleDaemon 7.0.2

Host: Intel(R) Core(TM) i7-7500U CPU @ 2.70GHz, 4 cores, 7G,  Windows 10 , 64 bit Build 19041 (10.0.19041.1348)
Time: Wed Nov 24 13:58:51 2021 Central Europe Standard Time elapsed time: 28.679129 seconds (0d 0h 0m 28s)

---------------  T H R E A D  ---------------

Current thread (0x000002d545afa800):  VMThread "VM Thread" [stack: 0x000000e1dc900000,0x000000e1dca00000] [id=22592]

Stack: [0x000000e1dc900000,0x000000e1dca00000]
[error occurred during error reporting (printing stack bounds), id 0xc0000005, EXCEPTION_ACCESS_VIOLATION (0xc0000005) at pc=0x000002d52f2e0f2d]

Native frames: (J=compiled Java code, j=interpreted, Vv=VM code, C=native code)
V  [jvm.dll+0x5ecfaa]
V  [jvm.dll+0x722bd5]
V  [jvm.dll+0x72412d]
V  [jvm.dll+0x724745]
V  [jvm.dll+0x7246fb]
V  [jvm.dll+0x5ec348]
V  [jvm.dll+0x5ecad8]
C  [ntdll.dll+0xa20cf]
C  [ntdll.dll+0x51454]
C  [ntdll.dll+0xa0bfe]
C  0x000002d52f2e0f2d

VM_Operation (0x000000e1e05fe5c0): G1CollectForAllocation, mode: safepoint, requested by thread 0x000002d5499d2000


---------------  P R O C E S S  ---------------

Threads class SMR info:
_java_thread_list=0x000002d54f090630, length=59, elements={
0x000002d52b7ec000, 0x000002d545aff800, 0x000002d545b00800, 0x000002d546492800,
0x000002d545b18800, 0x000002d545b1a000, 0x000002d545b21800, 0x000002d545b26000,
0x000002d545b2b000, 0x000002d5465d1000, 0x000002d549148800, 0x000002d5487c3000,
0x000002d548dc3800, 0x000002d547a53800, 0x000002d547475800, 0x000002d547c04800,
0x000002d547c05000, 0x000002d547e33000, 0x000002d547e33800, 0x000002d547394800,
0x000002d547395000, 0x000002d547396000, 0x000002d547393800, 0x000002d54687c000,
0x000002d546879000, 0x000002d546879800, 0x000002d54687a800, 0x000002d546878000,
0x000002d546877800, 0x000002d546880800, 0x000002d54687e800, 0x000002d54687b800,
0x000002d54687f800, 0x000002d54687d000, 0x000002d54687e000, 0x000002d546883800,
0x000002d546884800, 0x000002d546885000, 0x000002d546886000, 0x000002d5499c8000,
0x000002d5499c5800, 0x000002d5499c7800, 0x000002d5499c9000, 0x000002d5499c3000,
0x000002d5499ca000, 0x000002d5499c4000, 0x000002d5499ca800, 0x000002d5499c5000,
0x000002d54d6d5800, 0x000002d5499cd000, 0x000002d5499ce800, 0x000002d5499cb800,
0x000002d5499cf800, 0x000002d5499d0800, 0x000002d5499d1000, 0x000002d5499d2000,
0x000002d5499cc000, 0x000002d54edb3000, 0x000002d54edad000
}

Java Threads: ( => current thread )
  0x000002d52b7ec000 JavaThread "main" [_thread_blocked, id=23120, stack(0x000000e1dc300000,0x000000e1dc400000)]
  0x000002d545aff800 JavaThread "Reference Handler" daemon [_thread_blocked, id=29140, stack(0x000000e1dca00000,0x000000e1dcb00000)]
  0x000002d545b00800 JavaThread "Finalizer" daemon [_thread_blocked, id=29196, stack(0x000000e1dcb00000,0x000000e1dcc00000)]
  0x000002d546492800 JavaThread "Signal Dispatcher" daemon [_thread_blocked, id=672, stack(0x000000e1dcc00000,0x000000e1dcd00000)]
  0x000002d545b18800 JavaThread "Attach Listener" daemon [_thread_blocked, id=21072, stack(0x000000e1dcd00000,0x000000e1dce00000)]
  0x000002d545b1a000 JavaThread "Service Thread" daemon [_thread_blocked, id=13712, stack(0x000000e1dce00000,0x000000e1dcf00000)]
  0x000002d545b21800 JavaThread "C2 CompilerThread0" daemon [_thread_blocked, id=19412, stack(0x000000e1dcf00000,0x000000e1dd000000)]
  0x000002d545b26000 JavaThread "C1 CompilerThread0" daemon [_thread_blocked, id=28808, stack(0x000000e1dd000000,0x000000e1dd100000)]
  0x000002d545b2b000 JavaThread "Sweeper thread" daemon [_thread_blocked, id=31068, stack(0x000000e1dd100000,0x000000e1dd200000)]
  0x000002d5465d1000 JavaThread "Common-Cleaner" daemon [_thread_blocked, id=1468, stack(0x000000e1dd200000,0x000000e1dd300000)]
  0x000002d549148800 JavaThread "Daemon health stats" [_thread_blocked, id=13440, stack(0x000000e1dd700000,0x000000e1dd800000)]
  0x000002d5487c3000 JavaThread "Incoming local TCP Connector on port 51408" [_thread_in_native, id=9680, stack(0x000000e1dd400000,0x000000e1dd500000)]
  0x000002d548dc3800 JavaThread "Daemon periodic checks" [_thread_blocked, id=18084, stack(0x000000e1dd800000,0x000000e1dd900000)]
  0x000002d547a53800 JavaThread "Daemon" [_thread_blocked, id=28072, stack(0x000000e1dd900000,0x000000e1dda00000)]
  0x000002d547475800 JavaThread "Handler for socket connection from /127.0.0.1:51408 to /127.0.0.1:51409" [_thread_in_native, id=24200, stack(0x000000e1dda00000,0x000000e1ddb00000)]
  0x000002d547c04800 JavaThread "Cancel handler" [_thread_blocked, id=5852, stack(0x000000e1ddb00000,0x000000e1ddc00000)]
  0x000002d547c05000 JavaThread "Daemon worker" [_thread_blocked, id=31620, stack(0x000000e1ddc00000,0x000000e1ddd00000)]
  0x000002d547e33000 JavaThread "Asynchronous log dispatcher for DefaultDaemonConnection: socket connection from /127.0.0.1:51408 to /127.0.0.1:51409" [_thread_blocked, id=18852, stack(0x000000e1ddd00000,0x000000e1dde00000)]
  0x000002d547e33800 JavaThread "Stdin handler" [_thread_blocked, id=29668, stack(0x000000e1dde00000,0x000000e1ddf00000)]
  0x000002d547394800 JavaThread "Daemon client event forwarder" [_thread_blocked, id=848, stack(0x000000e1ddf00000,0x000000e1de000000)]
  0x000002d547395000 JavaThread "Cache worker for file hash cache (C:\Users\peto\.gradle\caches\7.0.2\fileHashes)" [_thread_blocked, id=23104, stack(0x000000e1de000000,0x000000e1de100000)]
  0x000002d547396000 JavaThread "File lock request listener" [_thread_in_native, id=9888, stack(0x000000e1de100000,0x000000e1de200000)]
  0x000002d547393800 JavaThread "Cache worker for journal cache (C:\Users\peto\.gradle\caches\journal-1)" [_thread_blocked, id=21976, stack(0x000000e1de300000,0x000000e1de400000)]
  0x000002d54687c000 JavaThread "Cache worker for file hash cache (E:\FinalAssignment\.gradle\7.0.2\fileHashes)" [_thread_blocked, id=11464, stack(0x000000e1de400000,0x000000e1de500000)]
  0x000002d546879000 JavaThread "File watcher server" daemon [_thread_blocked, id=22288, stack(0x000000e1de500000,0x000000e1de600000)]
  0x000002d546879800 JavaThread "File watcher consumer" daemon [_thread_blocked, id=30012, stack(0x000000e1de600000,0x000000e1de700000)]
  0x000002d54687a800 JavaThread "Cache worker for checksums cache (E:\FinalAssignment\.gradle\checksums)" [_thread_blocked, id=15500, stack(0x000000e1de700000,0x000000e1de800000)]
  0x000002d546878000 JavaThread "Cache worker for cache directory md-supplier (C:\Users\peto\.gradle\caches\7.0.2\md-supplier)" [_thread_blocked, id=24316, stack(0x000000e1de800000,0x000000e1de900000)]
  0x000002d546877800 JavaThread "Cache worker for cache directory md-rule (C:\Users\peto\.gradle\caches\7.0.2\md-rule)" [_thread_blocked, id=7208, stack(0x000000e1de900000,0x000000e1dea00000)]
  0x000002d546880800 JavaThread "Cache worker for execution history cache (C:\Users\peto\.gradle\caches\7.0.2\executionHistory)" [_thread_blocked, id=2012, stack(0x000000e1dea00000,0x000000e1deb00000)]
  0x000002d54687e800 JavaThread "jar transforms" [_thread_blocked, id=10988, stack(0x000000e1deb00000,0x000000e1dec00000)]
  0x000002d54687b800 JavaThread "jar transforms Thread 2" [_thread_blocked, id=15664, stack(0x000000e1dec00000,0x000000e1ded00000)]
  0x000002d54687f800 JavaThread "Cache worker for file content cache (C:\Users\peto\.gradle\caches\7.0.2\fileContent)" [_thread_blocked, id=13516, stack(0x000000e1ded00000,0x000000e1dee00000)]
  0x000002d54687d000 JavaThread "Cache worker for dependencies-accessors (E:\FinalAssignment\.gradle\7.0.2\dependencies-accessors)" [_thread_blocked, id=4800, stack(0x000000e1dee00000,0x000000e1def00000)]
  0x000002d54687e000 JavaThread "jar transforms Thread 3" [_thread_blocked, id=19600, stack(0x000000e1def00000,0x000000e1df000000)]
  0x000002d546883800 JavaThread "Cache worker for Build Output Cleanup Cache (E:\FinalAssignment\.gradle\buildOutputCleanup)" [_thread_blocked, id=7864, stack(0x000000e1df000000,0x000000e1df100000)]
  0x000002d546884800 JavaThread "Build operations" [_thread_blocked, id=20268, stack(0x000000e1df100000,0x000000e1df200000)]
  0x000002d546885000 JavaThread "Build operations Thread 2" [_thread_blocked, id=20908, stack(0x000000e1df200000,0x000000e1df300000)]
  0x000002d546886000 JavaThread "Build operations Thread 3" [_thread_blocked, id=8120, stack(0x000000e1df300000,0x000000e1df400000)]
  0x000002d5499c8000 JavaThread "Build operations Thread 4" [_thread_blocked, id=25972, stack(0x000000e1df400000,0x000000e1df500000)]
  0x000002d5499c5800 JavaThread "jar transforms Thread 4" [_thread_blocked, id=31036, stack(0x000000e1df500000,0x000000e1df600000)]
  0x000002d5499c7800 JavaThread "Memory manager" [_thread_blocked, id=3552, stack(0x000000e1df600000,0x000000e1df700000)]
  0x000002d5499c9000 JavaThread "build event listener" [_thread_blocked, id=29480, stack(0x000000e1df700000,0x000000e1df800000)]
  0x000002d5499c3000 JavaThread "build event listener" [_thread_blocked, id=16832, stack(0x000000e1df900000,0x000000e1dfa00000)]
  0x000002d5499ca000 JavaThread "Execution worker for ':'" [_thread_blocked, id=31544, stack(0x000000e1dfa00000,0x000000e1dfb00000)]
  0x000002d5499c4000 JavaThread "Execution worker for ':' Thread 2" [_thread_blocked, id=19540, stack(0x000000e1dfb00000,0x000000e1dfc00000)]
  0x000002d5499ca800 JavaThread "Execution worker for ':' Thread 3" [_thread_blocked, id=9992, stack(0x000000e1dfc00000,0x000000e1dfd00000)]
  0x000002d5499c5000 JavaThread "Cache worker for execution history cache (E:\FinalAssignment\.gradle\7.0.2\executionHistory)" [_thread_blocked, id=23604, stack(0x000000e1dfd00000,0x000000e1dfe00000)]
  0x000002d54d6d5800 JavaThread "C2 CompilerThread1" daemon [_thread_blocked, id=16396, stack(0x000000e1df800000,0x000000e1df900000)]
  0x000002d5499cd000 JavaThread "WorkerExecutor Queue" [_thread_blocked, id=16704, stack(0x000000e1dfe00000,0x000000e1dff00000)]
  0x000002d5499ce800 JavaThread "WorkerExecutor Queue Thread 3" [_thread_blocked, id=1368, stack(0x000000e1e0000000,0x000000e1e0100000)]
  0x000002d5499cb800 JavaThread "WorkerExecutor Queue Thread 4" [_thread_blocked, id=3340, stack(0x000000e1e0100000,0x000000e1e0200000)]
  0x000002d5499cf800 JavaThread "pool-3-thread-1" [_thread_blocked, id=13072, stack(0x000000e1e0300000,0x000000e1e0400000)]
  0x000002d5499d0800 JavaThread "stderr" [_thread_in_native, id=2176, stack(0x000000e1e0200000,0x000000e1e0300000)]
  0x000002d5499d1000 JavaThread "stdout" [_thread_in_native, id=27336, stack(0x000000e1e0400000,0x000000e1e0500000)]
  0x000002d5499d2000 JavaThread "ForkJoinPool-1-worker-3" daemon [_thread_blocked, id=19104, stack(0x000000e1e0500000,0x000000e1e0600000)]
  0x000002d5499cc000 JavaThread "ForkJoinPool-1-worker-5" daemon [_thread_blocked, id=22740, stack(0x000000e1e0600000,0x000000e1e0700000)]
  0x000002d54edb3000 JavaThread "ForkJoinPool-1-worker-7" daemon [_thread_blocked, id=21424, stack(0x000000e1e0700000,0x000000e1e0800000)]
  0x000002d54edad000 JavaThread "ForkJoinPool-1-worker-1" daemon [_thread_blocked, id=15680, stack(0x000000e1e0800000,0x000000e1e0900000)]

Other Threads:
=>0x000002d545afa800 VMThread "VM Thread" [stack: 0x000000e1dc900000,0x000000e1dca00000] [id=22592]
  0x000002d5465de000 WatcherThread [stack: 0x000000e1dd300000,0x000000e1dd400000] [id=10196]
  0x000002d52b803800 GCTaskThread "GC Thread#0" [stack: 0x000000e1dc400000,0x000000e1dc500000] [id=31680]
  0x000002d546b74000 GCTaskThread "GC Thread#1" [stack: 0x000000e1dd500000,0x000000e1dd600000] [id=24068]
  0x000002d546b75000 GCTaskThread "GC Thread#2" [stack: 0x000000e1dd600000,0x000000e1dd700000] [id=22680]
  0x000002d548802800 GCTaskThread "GC Thread#3" [stack: 0x000000e1de200000,0x000000e1de300000] [id=28544]
  0x000002d52b837000 ConcurrentGCThread "G1 Main Marker" [stack: 0x000000e1dc500000,0x000000e1dc600000] [id=29408]
  0x000002d52b838800 ConcurrentGCThread "G1 Conc#0" [stack: 0x000000e1dc600000,0x000000e1dc700000] [id=29368]
  0x000002d52b8c9000 ConcurrentGCThread "G1 Refine#0" [stack: 0x000000e1dc700000,0x000000e1dc800000] [id=5992]
  0x000002d52b8ca000 ConcurrentGCThread "G1 Young RemSet Sampling" [stack: 0x000000e1dc800000,0x000000e1dc900000] [id=18128]

Threads with active compile tasks:
C2 CompilerThread0  28715 13074   !   4       java.util.concurrent.ForkJoinTask::doExec (37 bytes)
C2 CompilerThread1  28715 12963       4       java.util.concurrent.ForkJoinTask::get (60 bytes)

VM state:at safepoint (normal execution)

VM Mutex/Monitor currently owned by a thread:  ([mutex/lock_event])
[0x000002d52b7e96f0] Threads_lock - owner thread: 0x000002d545afa800
[0x000002d52b7e8d60] Heap_lock - owner thread: 0x000002d5499d2000

Heap address: 0x0000000080000000, size: 2048 MB, Compressed Oops mode: 32-bit
Narrow klass base: 0x0000000000000000, Narrow klass shift: 3
Compressed class space size: 1073741824 Address: 0x0000000100000000

Heap:
 garbage-first heap   total 724992K, used 265728K [0x0000000080000000, 0x0000000100000000)
  region size 1024K, 4 young (4096K), 4 survivors (4096K)
 Metaspace       used 99127K, capacity 101491K, committed 101632K, reserved 1136640K
  class space    used 12926K, capacity 13792K, committed 13824K, reserved 1048576K
Heap Regions: E=young(eden), S=young(survivor), O=old, HS=humongous(starts), HC=humongous(continues), CS=collection set, F=free, A=archive, TAMS=top-at-mark-start (previous, next)
|   0|0x0000000080000000, 0x0000000080100000, 0x0000000080100000|100%| O|  |TAMS 0x0000000080100000, 0x0000000080100000| Untracked 
|   1|0x0000000080100000, 0x0000000080200000, 0x0000000080200000|100%| O|  |TAMS 0x0000000080200000, 0x0000000080200000| Untracked 
|   2|0x0000000080200000, 0x0000000080300000, 0x0000000080300000|100%| O|  |TAMS 0x0000000080300000, 0x0000000080300000| Untracked 
|   3|0x0000000080300000, 0x0000000080400000, 0x0000000080400000|100%|HS|  |TAMS 0x0000000080400000, 0x0000000080400000| Complete 
|   4|0x0000000080400000, 0x0000000080500000, 0x0000000080500000|100%|HC|  |TAMS 0x0000000080500000, 0x0000000080500000| Complete 
|   5|0x0000000080500000, 0x0000000080600000, 0x0000000080600000|100%|HC|  |TAMS 0x0000000080600000, 0x0000000080600000| Complete 
|   6|0x0000000080600000, 0x0000000080700000, 0x0000000080700000|100%| O|  |TAMS 0x0000000080700000, 0x0000000080700000| Untracked 
|   7|0x0000000080700000, 0x0000000080800000, 0x0000000080800000|100%| O|  |TAMS 0x0000000080800000, 0x0000000080800000| Untracked 
|   8|0x0000000080800000, 0x0000000080900000, 0x0000000080900000|100%| O|  |TAMS 0x0000000080900000, 0x0000000080900000| Untracked 
|   9|0x0000000080900000, 0x0000000080a00000, 0x0000000080a00000|100%| O|  |TAMS 0x0000000080a00000, 0x0000000080a00000| Untracked 
|  10|0x0000000080a00000, 0x0000000080b00000, 0x0000000080b00000|100%| O|  |TAMS 0x0000000080b00000, 0x0000000080b00000| Untracked 
|  11|0x0000000080b00000, 0x0000000080c00000, 0x0000000080c00000|100%| O|  |TAMS 0x0000000080c00000, 0x0000000080c00000| Untracked 
|  12|0x0000000080c00000, 0x0000000080d00000, 0x0000000080d00000|100%| O|  |TAMS 0x0000000080d00000, 0x0000000080d00000| Untracked 
|  13|0x0000000080d00000, 0x0000000080e00000, 0x0000000080e00000|100%| O|  |TAMS 0x0000000080e00000, 0x0000000080e00000| Untracked 
|  14|0x0000000080e00000, 0x0000000080f00000, 0x0000000080f00000|100%| O|  |TAMS 0x0000000080f00000, 0x0000000080f00000| Untracked 
|  15|0x0000000080f00000, 0x0000000081000000, 0x0000000081000000|100%| O|  |TAMS 0x0000000081000000, 0x0000000081000000| Untracked 
|  16|0x0000000081000000, 0x0000000081100000, 0x0000000081100000|100%|HS|  |TAMS 0x0000000081100000, 0x0000000081100000| Complete 
|  17|0x0000000081100000, 0x0000000081200000, 0x0000000081200000|100%| O|  |TAMS 0x0000000081200000, 0x0000000081200000| Untracked 
|  18|0x0000000081200000, 0x0000000081300000, 0x0000000081300000|100%| O|  |TAMS 0x0000000081300000, 0x0000000081300000| Untracked 
|  19|0x0000000081300000, 0x0000000081400000, 0x0000000081400000|100%| O|  |TAMS 0x0000000081400000, 0x0000000081400000| Untracked 
|  20|0x0000000081400000, 0x0000000081500000, 0x0000000081500000|100%| O|  |TAMS 0x0000000081500000, 0x0000000081500000| Untracked 
|  21|0x0000000081500000, 0x0000000081600000, 0x0000000081600000|100%| O|  |TAMS 0x0000000081600000, 0x0000000081600000| Untracked 
|  22|0x0000000081600000, 0x0000000081700000, 0x0000000081700000|100%| O|  |TAMS 0x0000000081700000, 0x0000000081700000| Untracked 
|  23|0x0000000081700000, 0x0000000081800000, 0x0000000081800000|100%|HS|  |TAMS 0x0000000081800000, 0x0000000081800000| Complete 
|  24|0x0000000081800000, 0x0000000081900000, 0x0000000081900000|100%|HS|  |TAMS 0x0000000081900000, 0x0000000081900000| Complete 
|  25|0x0000000081900000, 0x0000000081a00000, 0x0000000081a00000|100%|HS|  |TAMS 0x0000000081a00000, 0x0000000081a00000| Complete 
|  26|0x0000000081a00000, 0x0000000081b00000, 0x0000000081b00000|100%|HC|  |TAMS 0x0000000081b00000, 0x0000000081b00000| Complete 
|  27|0x0000000081b00000, 0x0000000081c00000, 0x0000000081c00000|100%|HC|  |TAMS 0x0000000081c00000, 0x0000000081c00000| Complete 
|  28|0x0000000081c00000, 0x0000000081d00000, 0x0000000081d00000|100%|HS|  |TAMS 0x0000000081d00000, 0x0000000081d00000| Complete 
|  29|0x0000000081d00000, 0x0000000081e00000, 0x0000000081e00000|100%|HC|  |TAMS 0x0000000081e00000, 0x0000000081e00000| Complete 
|  30|0x0000000081e00000, 0x0000000081f00000, 0x0000000081f00000|100%| O|  |TAMS 0x0000000081f00000, 0x0000000081f00000| Untracked 
|  31|0x0000000081f00000, 0x0000000082000000, 0x0000000082000000|100%| O|  |TAMS 0x0000000082000000, 0x0000000082000000| Untracked 
|  32|0x0000000082000000, 0x0000000082100000, 0x0000000082100000|100%| O|  |TAMS 0x0000000082100000, 0x0000000082100000| Untracked 
|  33|0x0000000082100000, 0x0000000082200000, 0x0000000082200000|100%| O|  |TAMS 0x0000000082200000, 0x0000000082200000| Untracked 
|  34|0x0000000082200000, 0x0000000082300000, 0x0000000082300000|100%| O|  |TAMS 0x0000000082300000, 0x0000000082300000| Untracked 
|  35|0x0000000082300000, 0x0000000082400000, 0x0000000082400000|100%| O|  |TAMS 0x0000000082400000, 0x0000000082400000| Untracked 
|  36|0x0000000082400000, 0x0000000082500000, 0x0000000082500000|100%| O|  |TAMS 0x0000000082500000, 0x0000000082500000| Untracked 
|  37|0x0000000082500000, 0x0000000082600000, 0x0000000082600000|100%| O|  |TAMS 0x0000000082600000, 0x0000000082600000| Untracked 
|  38|0x0000000082600000, 0x0000000082700000, 0x0000000082700000|100%| O|  |TAMS 0x0000000082700000, 0x0000000082700000| Untracked 
|  39|0x0000000082700000, 0x0000000082800000, 0x0000000082800000|100%| O|  |TAMS 0x0000000082800000, 0x0000000082800000| Untracked 
|  40|0x0000000082800000, 0x0000000082900000, 0x0000000082900000|100%| O|  |TAMS 0x0000000082900000, 0x0000000082900000| Untracked 
|  41|0x0000000082900000, 0x0000000082a00000, 0x0000000082a00000|100%| O|  |TAMS 0x0000000082a00000, 0x0000000082a00000| Untracked 
|  42|0x0000000082a00000, 0x0000000082b00000, 0x0000000082b00000|100%| O|  |TAMS 0x0000000082b00000, 0x0000000082b00000| Untracked 
|  43|0x0000000082b00000, 0x0000000082c00000, 0x0000000082c00000|100%| O|  |TAMS 0x0000000082c00000, 0x0000000082c00000| Untracked 
|  44|0x0000000082c00000, 0x0000000082d00000, 0x0000000082d00000|100%| O|  |TAMS 0x0000000082d00000, 0x0000000082d00000| Untracked 
|  45|0x0000000082d00000, 0x0000000082e00000, 0x0000000082e00000|100%| O|  |TAMS 0x0000000082e00000, 0x0000000082e00000| Untracked 
|  46|0x0000000082e00000, 0x0000000082f00000, 0x0000000082f00000|100%| O|  |TAMS 0x0000000082f00000, 0x0000000082f00000| Untracked 
|  47|0x0000000082f00000, 0x0000000083000000, 0x0000000083000000|100%| O|  |TAMS 0x0000000083000000, 0x0000000083000000| Untracked 
|  48|0x0000000083000000, 0x0000000083100000, 0x0000000083100000|100%| O|  |TAMS 0x0000000083100000, 0x0000000083100000| Untracked 
|  49|0x0000000083100000, 0x0000000083200000, 0x0000000083200000|100%| O|  |TAMS 0x0000000083200000, 0x0000000083200000| Untracked 
|  50|0x0000000083200000, 0x0000000083300000, 0x0000000083300000|100%| O|  |TAMS 0x0000000083300000, 0x0000000083300000| Untracked 
|  51|0x0000000083300000, 0x0000000083400000, 0x0000000083400000|100%| O|  |TAMS 0x0000000083400000, 0x0000000083400000| Untracked 
|  52|0x0000000083400000, 0x0000000083500000, 0x0000000083500000|100%| O|  |TAMS 0x0000000083500000, 0x0000000083500000| Untracked 
|  53|0x0000000083500000, 0x0000000083600000, 0x0000000083600000|100%| O|  |TAMS 0x0000000083600000, 0x0000000083600000| Untracked 
|  54|0x0000000083600000, 0x0000000083700000, 0x0000000083700000|100%| O|  |TAMS 0x0000000083700000, 0x0000000083700000| Untracked 
|  55|0x0000000083700000, 0x0000000083800000, 0x0000000083800000|100%| O|  |TAMS 0x0000000083800000, 0x0000000083800000| Untracked 
|  56|0x0000000083800000, 0x0000000083900000, 0x0000000083900000|100%| O|  |TAMS 0x0000000083900000, 0x0000000083900000| Untracked 
|  57|0x0000000083900000, 0x0000000083a00000, 0x0000000083a00000|100%| O|  |TAMS 0x0000000083a00000, 0x0000000083a00000| Untracked 
|  58|0x0000000083a00000, 0x0000000083b00000, 0x0000000083b00000|100%| O|  |TAMS 0x0000000083b00000, 0x0000000083b00000| Untracked 
|  59|0x0000000083b00000, 0x0000000083c00000, 0x0000000083c00000|100%| O|  |TAMS 0x0000000083c00000, 0x0000000083c00000| Untracked 
|  60|0x0000000083c00000, 0x0000000083d00000, 0x0000000083d00000|100%| O|  |TAMS 0x0000000083d00000, 0x0000000083d00000| Untracked 
|  61|0x0000000083d00000, 0x0000000083e00000, 0x0000000083e00000|100%| O|  |TAMS 0x0000000083e00000, 0x0000000083e00000| Untracked 
|  62|0x0000000083e00000, 0x0000000083f00000, 0x0000000083f00000|100%| O|  |TAMS 0x0000000083f00000, 0x0000000083f00000| Untracked 
|  63|0x0000000083f00000, 0x0000000084000000, 0x0000000084000000|100%| O|  |TAMS 0x0000000084000000, 0x0000000084000000| Untracked 
|  64|0x0000000084000000, 0x0000000084100000, 0x0000000084100000|100%| O|  |TAMS 0x0000000084100000, 0x0000000084100000| Untracked 
|  65|0x0000000084100000, 0x0000000084200000, 0x0000000084200000|100%| O|  |TAMS 0x0000000084200000, 0x0000000084200000| Untracked 
|  66|0x0000000084200000, 0x0000000084300000, 0x0000000084300000|100%| O|  |TAMS 0x0000000084300000, 0x0000000084300000| Untracked 
|  67|0x0000000084300000, 0x0000000084400000, 0x0000000084400000|100%| O|  |TAMS 0x0000000084400000, 0x0000000084400000| Untracked 
|  68|0x0000000084400000, 0x0000000084500000, 0x0000000084500000|100%| O|  |TAMS 0x0000000084500000, 0x0000000084500000| Untracked 
|  69|0x0000000084500000, 0x0000000084600000, 0x0000000084600000|100%| O|  |TAMS 0x0000000084600000, 0x0000000084600000| Untracked 
|  70|0x0000000084600000, 0x0000000084700000, 0x0000000084700000|100%| O|  |TAMS 0x0000000084700000, 0x0000000084700000| Untracked 
|  71|0x0000000084700000, 0x0000000084800000, 0x0000000084800000|100%| O|  |TAMS 0x0000000084800000, 0x0000000084800000| Untracked 
|  72|0x0000000084800000, 0x0000000084900000, 0x0000000084900000|100%| O|  |TAMS 0x0000000084900000, 0x0000000084900000| Untracked 
|  73|0x0000000084900000, 0x0000000084a00000, 0x0000000084a00000|100%| O|  |TAMS 0x0000000084a00000, 0x0000000084a00000| Untracked 
|  74|0x0000000084a00000, 0x0000000084b00000, 0x0000000084b00000|100%| O|  |TAMS 0x0000000084b00000, 0x0000000084b00000| Untracked 
|  75|0x0000000084b00000, 0x0000000084c00000, 0x0000000084c00000|100%| O|  |TAMS 0x0000000084c00000, 0x0000000084c00000| Untracked 
|  76|0x0000000084c00000, 0x0000000084d00000, 0x0000000084d00000|100%| O|  |TAMS 0x0000000084d00000, 0x0000000084d00000| Untracked 
|  77|0x0000000084d00000, 0x0000000084e00000, 0x0000000084e00000|100%| O|  |TAMS 0x0000000084e00000, 0x0000000084e00000| Untracked 
|  78|0x0000000084e00000, 0x0000000084f00000, 0x0000000084f00000|100%|HS|  |TAMS 0x0000000084f00000, 0x0000000084f00000| Complete 
|  79|0x0000000084f00000, 0x0000000085000000, 0x0000000085000000|100%|HC|  |TAMS 0x0000000085000000, 0x0000000085000000| Complete 
|  80|0x0000000085000000, 0x0000000085100000, 0x0000000085100000|100%|HC|  |TAMS 0x0000000085100000, 0x0000000085100000| Complete 
|  81|0x0000000085100000, 0x0000000085200000, 0x0000000085200000|100%|HC|  |TAMS 0x0000000085200000, 0x0000000085200000| Complete 
|  82|0x0000000085200000, 0x0000000085300000, 0x0000000085300000|100%|HC|  |TAMS 0x0000000085300000, 0x0000000085300000| Complete 
|  83|0x0000000085300000, 0x0000000085400000, 0x0000000085400000|100%| O|  |TAMS 0x0000000085400000, 0x0000000085400000| Untracked 
|  84|0x0000000085400000, 0x0000000085500000, 0x0000000085500000|100%| O|  |TAMS 0x0000000085500000, 0x0000000085500000| Untracked 
|  85|0x0000000085500000, 0x0000000085600000, 0x0000000085600000|100%|HS|  |TAMS 0x0000000085600000, 0x0000000085600000| Complete 
|  86|0x0000000085600000, 0x0000000085700000, 0x0000000085700000|100%|HC|  |TAMS 0x0000000085700000, 0x0000000085700000| Complete 
|  87|0x0000000085700000, 0x0000000085800000, 0x0000000085800000|100%|HS|  |TAMS 0x0000000085800000, 0x0000000085800000| Complete 
|  88|0x0000000085800000, 0x0000000085900000, 0x0000000085900000|100%|HC|  |TAMS 0x0000000085900000, 0x0000000085900000| Complete 
|  89|0x0000000085900000, 0x0000000085a00000, 0x0000000085a00000|100%|HC|  |TAMS 0x0000000085a00000, 0x0000000085a00000| Complete 
|  90|0x0000000085a00000, 0x0000000085b00000, 0x0000000085b00000|100%|HS|  |TAMS 0x0000000085b00000, 0x0000000085b00000| Complete 
|  91|0x0000000085b00000, 0x0000000085c00000, 0x0000000085c00000|100%|HC|  |TAMS 0x0000000085c00000, 0x0000000085c00000| Complete 
|  92|0x0000000085c00000, 0x0000000085d00000, 0x0000000085d00000|100%|HS|  |TAMS 0x0000000085d00000, 0x0000000085d00000| Complete 
|  93|0x0000000085d00000, 0x0000000085e00000, 0x0000000085e00000|100%|HC|  |TAMS 0x0000000085e00000, 0x0000000085e00000| Complete 
|  94|0x0000000085e00000, 0x0000000085f00000, 0x0000000085f00000|100%|HC|  |TAMS 0x0000000085f00000, 0x0000000085f00000| Complete 
|  95|0x0000000085f00000, 0x0000000086000000, 0x0000000086000000|100%|HS|  |TAMS 0x0000000086000000, 0x0000000086000000| Complete 
|  96|0x0000000086000000, 0x0000000086100000, 0x0000000086100000|100%|HS|  |TAMS 0x0000000086100000, 0x0000000086100000| Complete 
|  97|0x0000000086100000, 0x0000000086200000, 0x0000000086200000|100%|HS|  |TAMS 0x0000000086200000, 0x0000000086200000| Complete 
|  98|0x0000000086200000, 0x0000000086300000, 0x0000000086300000|100%| O|  |TAMS 0x0000000086300000, 0x0000000086300000| Untracked 
|  99|0x0000000086300000, 0x0000000086400000, 0x0000000086400000|100%| O|  |TAMS 0x0000000086400000, 0x0000000086400000| Untracked 
| 100|0x0000000086400000, 0x0000000086500000, 0x0000000086500000|100%| O|  |TAMS 0x0000000086500000, 0x0000000086500000| Untracked 
| 101|0x0000000086500000, 0x0000000086600000, 0x0000000086600000|100%| O|  |TAMS 0x0000000086600000, 0x0000000086600000| Untracked 
| 102|0x0000000086600000, 0x0000000086700000, 0x0000000086700000|100%| O|  |TAMS 0x0000000086700000, 0x0000000086700000| Untracked 
| 103|0x0000000086700000, 0x0000000086800000, 0x0000000086800000|100%| O|  |TAMS 0x0000000086800000, 0x0000000086800000| Untracked 
| 104|0x0000000086800000, 0x0000000086900000, 0x0000000086900000|100%| O|  |TAMS 0x0000000086900000, 0x0000000086900000| Untracked 
| 105|0x0000000086900000, 0x0000000086a00000, 0x0000000086a00000|100%| O|  |TAMS 0x0000000086a00000, 0x0000000086a00000| Untracked 
| 106|0x0000000086a00000, 0x0000000086b00000, 0x0000000086b00000|100%| O|  |TAMS 0x0000000086b00000, 0x0000000086b00000| Untracked 
| 107|0x0000000086b00000, 0x0000000086c00000, 0x0000000086c00000|100%| O|  |TAMS 0x0000000086c00000, 0x0000000086c00000| Untracked 
| 108|0x0000000086c00000, 0x0000000086d00000, 0x0000000086d00000|100%| O|  |TAMS 0x0000000086d00000, 0x0000000086d00000| Untracked 
| 109|0x0000000086d00000, 0x0000000086e00000, 0x0000000086e00000|100%| O|  |TAMS 0x0000000086e00000, 0x0000000086e00000| Untracked 
| 110|0x0000000086e00000, 0x0000000086f00000, 0x0000000086f00000|100%| O|  |TAMS 0x0000000086f00000, 0x0000000086f00000| Untracked 
| 111|0x0000000086f00000, 0x0000000087000000, 0x0000000087000000|100%| O|  |TAMS 0x0000000087000000, 0x0000000087000000| Untracked 
| 112|0x0000000087000000, 0x0000000087100000, 0x0000000087100000|100%| O|  |TAMS 0x0000000087100000, 0x0000000087100000| Untracked 
| 113|0x0000000087100000, 0x0000000087200000, 0x0000000087200000|100%| O|  |TAMS 0x0000000087200000, 0x0000000087200000| Untracked 
| 114|0x0000000087200000, 0x0000000087300000, 0x0000000087300000|100%|HS|  |TAMS 0x0000000087300000, 0x0000000087300000| Complete 
| 115|0x0000000087300000, 0x0000000087400000, 0x0000000087400000|100%|HC|  |TAMS 0x0000000087400000, 0x0000000087400000| Complete 
| 116|0x0000000087400000, 0x0000000087500000, 0x0000000087500000|100%|HC|  |TAMS 0x0000000087500000, 0x0000000087500000| Complete 
| 117|0x0000000087500000, 0x0000000087600000, 0x0000000087600000|100%|HC|  |TAMS 0x0000000087600000, 0x0000000087600000| Complete 
| 118|0x0000000087600000, 0x0000000087700000, 0x0000000087700000|100%|HC|  |TAMS 0x0000000087700000, 0x0000000087700000| Complete 
| 119|0x0000000087700000, 0x0000000087800000, 0x0000000087800000|100%| O|  |TAMS 0x0000000087800000, 0x0000000087800000| Untracked 
| 120|0x0000000087800000, 0x0000000087900000, 0x0000000087900000|100%| O|  |TAMS 0x0000000087900000, 0x0000000087900000| Untracked 
| 121|0x0000000087900000, 0x0000000087a00000, 0x0000000087a00000|100%|HS|  |TAMS 0x0000000087a00000, 0x0000000087a00000| Complete 
| 122|0x0000000087a00000, 0x0000000087b00000, 0x0000000087b00000|100%|HC|  |TAMS 0x0000000087b00000, 0x0000000087b00000| Complete 
| 123|0x0000000087b00000, 0x0000000087c00000, 0x0000000087c00000|100%| O|  |TAMS 0x0000000087c00000, 0x0000000087c00000| Untracked 
| 124|0x0000000087c00000, 0x0000000087d00000, 0x0000000087d00000|100%| O|  |TAMS 0x0000000087d00000, 0x0000000087d00000| Untracked 
| 125|0x0000000087d00000, 0x0000000087e00000, 0x0000000087e00000|100%| O|  |TAMS 0x0000000087e00000, 0x0000000087e00000| Untracked 
| 126|0x0000000087e00000, 0x0000000087f00000, 0x0000000087f00000|100%|HS|  |TAMS 0x0000000087f00000, 0x0000000087f00000| Complete 
| 127|0x0000000087f00000, 0x0000000088000000, 0x0000000088000000|100%|HC|  |TAMS 0x0000000088000000, 0x0000000088000000| Complete 
| 128|0x0000000088000000, 0x0000000088100000, 0x0000000088100000|100%|HC|  |TAMS 0x0000000088100000, 0x0000000088100000| Complete 
| 129|0x0000000088100000, 0x0000000088200000, 0x0000000088200000|100%| O|  |TAMS 0x0000000088200000, 0x0000000088200000| Untracked 
| 130|0x0000000088200000, 0x0000000088300000, 0x0000000088300000|100%| O|  |TAMS 0x0000000088300000, 0x0000000088300000| Untracked 
| 131|0x0000000088300000, 0x0000000088400000, 0x0000000088400000|100%|HS|  |TAMS 0x0000000088400000, 0x0000000088400000| Complete 
| 132|0x0000000088400000, 0x0000000088500000, 0x0000000088500000|100%|HC|  |TAMS 0x0000000088500000, 0x0000000088500000| Complete 
| 133|0x0000000088500000, 0x0000000088600000, 0x0000000088600000|100%| O|  |TAMS 0x0000000088600000, 0x0000000088600000| Untracked 
| 134|0x0000000088600000, 0x0000000088700000, 0x0000000088700000|100%| O|  |TAMS 0x0000000088700000, 0x0000000088700000| Untracked 
| 135|0x0000000088700000, 0x0000000088800000, 0x0000000088800000|100%| O|  |TAMS 0x0000000088800000, 0x0000000088800000| Untracked 
| 136|0x0000000088800000, 0x0000000088900000, 0x0000000088900000|100%|HS|  |TAMS 0x0000000088900000, 0x0000000088900000| Complete 
| 137|0x0000000088900000, 0x0000000088a00000, 0x0000000088a00000|100%|HC|  |TAMS 0x0000000088a00000, 0x0000000088a00000| Complete 
| 138|0x0000000088a00000, 0x0000000088b00000, 0x0000000088b00000|100%|HC|  |TAMS 0x0000000088b00000, 0x0000000088b00000| Complete 
| 139|0x0000000088b00000, 0x0000000088c00000, 0x0000000088c00000|100%| O|  |TAMS 0x0000000088c00000, 0x0000000088c00000| Untracked 
| 140|0x0000000088c00000, 0x0000000088d00000, 0x0000000088d00000|100%|HS|  |TAMS 0x0000000088d00000, 0x0000000088d00000| Complete 
| 141|0x0000000088d00000, 0x0000000088e00000, 0x0000000088e00000|100%| O|  |TAMS 0x0000000088e00000, 0x0000000088e00000| Untracked 
| 142|0x0000000088e00000, 0x0000000088f00000, 0x0000000088f00000|100%|HS|  |TAMS 0x0000000088f00000, 0x0000000088f00000| Complete 
| 143|0x0000000088f00000, 0x0000000089000000, 0x0000000089000000|100%| O|  |TAMS 0x0000000089000000, 0x0000000089000000| Untracked 
| 144|0x0000000089000000, 0x0000000089100000, 0x0000000089100000|100%|HS|  |TAMS 0x0000000089100000, 0x0000000089100000| Complete 
| 145|0x0000000089100000, 0x0000000089200000, 0x0000000089200000|100%| O|  |TAMS 0x0000000089200000, 0x0000000089200000| Untracked 
| 146|0x0000000089200000, 0x0000000089300000, 0x0000000089300000|100%| O|  |TAMS 0x0000000089300000, 0x0000000089300000| Untracked 
| 147|0x0000000089300000, 0x0000000089400000, 0x0000000089400000|100%| O|  |TAMS 0x0000000089400000, 0x0000000089400000| Untracked 
| 148|0x0000000089400000, 0x0000000089500000, 0x0000000089500000|100%| O|  |TAMS 0x0000000089500000, 0x0000000089500000| Untracked 
| 149|0x0000000089500000, 0x0000000089600000, 0x0000000089600000|100%| O|  |TAMS 0x0000000089600000, 0x0000000089600000| Untracked 
| 150|0x0000000089600000, 0x0000000089700000, 0x0000000089700000|100%| O|  |TAMS 0x0000000089700000, 0x0000000089700000| Untracked 
| 151|0x0000000089700000, 0x0000000089800000, 0x0000000089800000|100%| O|  |TAMS 0x0000000089800000, 0x0000000089800000| Untracked 
| 152|0x0000000089800000, 0x0000000089900000, 0x0000000089900000|100%| O|  |TAMS 0x0000000089900000, 0x0000000089900000| Untracked 
| 153|0x0000000089900000, 0x0000000089a00000, 0x0000000089a00000|100%| O|  |TAMS 0x0000000089a00000, 0x0000000089a00000| Untracked 
| 154|0x0000000089a00000, 0x0000000089b00000, 0x0000000089b00000|100%|HS|  |TAMS 0x0000000089b00000, 0x0000000089b00000| Complete 
| 155|0x0000000089b00000, 0x0000000089c00000, 0x0000000089c00000|100%|HC|  |TAMS 0x0000000089c00000, 0x0000000089c00000| Complete 
| 156|0x0000000089c00000, 0x0000000089d00000, 0x0000000089d00000|100%|HS|  |TAMS 0x0000000089d00000, 0x0000000089d00000| Complete 
| 157|0x0000000089d00000, 0x0000000089e00000, 0x0000000089e00000|100%|HC|  |TAMS 0x0000000089e00000, 0x0000000089e00000| Complete 
| 158|0x0000000089e00000, 0x0000000089f00000, 0x0000000089f00000|100%| O|  |TAMS 0x0000000089f00000, 0x0000000089f00000| Untracked 
| 159|0x0000000089f00000, 0x000000008a000000, 0x000000008a000000|100%| O|  |TAMS 0x000000008a000000, 0x000000008a000000| Untracked 
| 160|0x000000008a000000, 0x000000008a100000, 0x000000008a100000|100%| O|  |TAMS 0x000000008a100000, 0x000000008a100000| Untracked 
| 161|0x000000008a100000, 0x000000008a200000, 0x000000008a200000|100%| O|  |TAMS 0x000000008a200000, 0x000000008a200000| Untracked 
| 162|0x000000008a200000, 0x000000008a300000, 0x000000008a300000|100%| O|  |TAMS 0x000000008a300000, 0x000000008a300000| Untracked 
| 163|0x000000008a300000, 0x000000008a400000, 0x000000008a400000|100%| O|  |TAMS 0x000000008a400000, 0x000000008a400000| Untracked 
| 164|0x000000008a400000, 0x000000008a500000, 0x000000008a500000|100%| O|  |TAMS 0x000000008a500000, 0x000000008a500000| Untracked 
| 165|0x000000008a500000, 0x000000008a600000, 0x000000008a600000|100%| O|  |TAMS 0x000000008a600000, 0x000000008a600000| Untracked 
| 166|0x000000008a600000, 0x000000008a700000, 0x000000008a700000|100%| O|  |TAMS 0x000000008a700000, 0x000000008a700000| Untracked 
| 167|0x000000008a700000, 0x000000008a800000, 0x000000008a800000|100%| O|  |TAMS 0x000000008a800000, 0x000000008a800000| Untracked 
| 168|0x000000008a800000, 0x000000008a900000, 0x000000008a900000|100%| O|  |TAMS 0x000000008a900000, 0x000000008a900000| Untracked 
| 169|0x000000008a900000, 0x000000008aa00000, 0x000000008aa00000|100%| O|  |TAMS 0x000000008aa00000, 0x000000008aa00000| Untracked 
| 170|0x000000008aa00000, 0x000000008ab00000, 0x000000008ab00000|100%| O|  |TAMS 0x000000008ab00000, 0x000000008ab00000| Untracked 
| 171|0x000000008ab00000, 0x000000008ac00000, 0x000000008ac00000|100%| O|  |TAMS 0x000000008ac00000, 0x000000008ac00000| Untracked 
| 172|0x000000008ac00000, 0x000000008ad00000, 0x000000008ad00000|100%| O|  |TAMS 0x000000008ad00000, 0x000000008ad00000| Untracked 
| 173|0x000000008ad00000, 0x000000008ae00000, 0x000000008ae00000|100%| O|  |TAMS 0x000000008ae00000, 0x000000008ae00000| Untracked 
| 174|0x000000008ae00000, 0x000000008af00000, 0x000000008af00000|100%| O|  |TAMS 0x000000008af00000, 0x000000008af00000| Untracked 
| 175|0x000000008af00000, 0x000000008b000000, 0x000000008b000000|100%| O|  |TAMS 0x000000008b000000, 0x000000008b000000| Untracked 
| 176|0x000000008b000000, 0x000000008b100000, 0x000000008b100000|100%| O|  |TAMS 0x000000008b100000, 0x000000008b100000| Untracked 
| 177|0x000000008b100000, 0x000000008b200000, 0x000000008b200000|100%| O|  |TAMS 0x000000008b200000, 0x000000008b200000| Untracked 
| 178|0x000000008b200000, 0x000000008b300000, 0x000000008b300000|100%| O|  |TAMS 0x000000008b300000, 0x000000008b300000| Untracked 
| 179|0x000000008b300000, 0x000000008b400000, 0x000000008b400000|100%| O|  |TAMS 0x000000008b400000, 0x000000008b400000| Untracked 
| 180|0x000000008b400000, 0x000000008b500000, 0x000000008b500000|100%| O|  |TAMS 0x000000008b500000, 0x000000008b500000| Untracked 
| 181|0x000000008b500000, 0x000000008b600000, 0x000000008b600000|100%| O|  |TAMS 0x000000008b600000, 0x000000008b600000| Untracked 
| 182|0x000000008b600000, 0x000000008b700000, 0x000000008b700000|100%| O|  |TAMS 0x000000008b700000, 0x000000008b700000| Untracked 
| 183|0x000000008b700000, 0x000000008b800000, 0x000000008b800000|100%| O|  |TAMS 0x000000008b800000, 0x000000008b800000| Untracked 
| 184|0x000000008b800000, 0x000000008b900000, 0x000000008b900000|100%| O|  |TAMS 0x000000008b900000, 0x000000008b900000| Untracked 
| 185|0x000000008b900000, 0x000000008ba00000, 0x000000008ba00000|100%| O|  |TAMS 0x000000008ba00000, 0x000000008ba00000| Untracked 
| 186|0x000000008ba00000, 0x000000008bb00000, 0x000000008bb00000|100%| O|  |TAMS 0x000000008bb00000, 0x000000008bb00000| Untracked 
| 187|0x000000008bb00000, 0x000000008bc00000, 0x000000008bc00000|100%| O|  |TAMS 0x000000008bc00000, 0x000000008bc00000| Untracked 
| 188|0x000000008bc00000, 0x000000008bd00000, 0x000000008bd00000|100%| O|  |TAMS 0x000000008bd00000, 0x000000008bd00000| Untracked 
| 189|0x000000008bd00000, 0x000000008be00000, 0x000000008be00000|100%| O|  |TAMS 0x000000008be00000, 0x000000008be00000| Untracked 
| 190|0x000000008be00000, 0x000000008bf00000, 0x000000008bf00000|100%| O|  |TAMS 0x000000008bf00000, 0x000000008bf00000| Untracked 
| 191|0x000000008bf00000, 0x000000008c000000, 0x000000008c000000|100%| O|  |TAMS 0x000000008c000000, 0x000000008c000000| Untracked 
| 192|0x000000008c000000, 0x000000008c100000, 0x000000008c100000|100%| O|  |TAMS 0x000000008c100000, 0x000000008c100000| Untracked 
| 193|0x000000008c100000, 0x000000008c200000, 0x000000008c200000|100%| O|  |TAMS 0x000000008c200000, 0x000000008c200000| Untracked 
| 194|0x000000008c200000, 0x000000008c300000, 0x000000008c300000|100%| O|  |TAMS 0x000000008c300000, 0x000000008c300000| Untracked 
| 195|0x000000008c300000, 0x000000008c400000, 0x000000008c400000|100%| O|  |TAMS 0x000000008c400000, 0x000000008c400000| Untracked 
| 196|0x000000008c400000, 0x000000008c500000, 0x000000008c500000|100%| O|  |TAMS 0x000000008c500000, 0x000000008c500000| Untracked 
| 197|0x000000008c500000, 0x000000008c600000, 0x000000008c600000|100%| O|  |TAMS 0x000000008c600000, 0x000000008c600000| Untracked 
| 198|0x000000008c600000, 0x000000008c700000, 0x000000008c700000|100%| O|  |TAMS 0x000000008c700000, 0x000000008c700000| Untracked 
| 199|0x000000008c700000, 0x000000008c800000, 0x000000008c800000|100%| O|  |TAMS 0x000000008c800000, 0x000000008c800000| Untracked 
| 200|0x000000008c800000, 0x000000008c900000, 0x000000008c900000|100%| O|  |TAMS 0x000000008c900000, 0x000000008c900000| Untracked 
| 201|0x000000008c900000, 0x000000008ca00000, 0x000000008ca00000|100%| O|  |TAMS 0x000000008ca00000, 0x000000008ca00000| Untracked 
| 202|0x000000008ca00000, 0x000000008cb00000, 0x000000008cb00000|100%| O|  |TAMS 0x000000008cb00000, 0x000000008cb00000| Untracked 
| 203|0x000000008cb00000, 0x000000008cc00000, 0x000000008cc00000|100%| O|  |TAMS 0x000000008cc00000, 0x000000008cc00000| Untracked 
| 204|0x000000008cc00000, 0x000000008cd00000, 0x000000008cd00000|100%| O|  |TAMS 0x000000008cd00000, 0x000000008cd00000| Untracked 
| 205|0x000000008cd00000, 0x000000008ce00000, 0x000000008ce00000|100%| O|  |TAMS 0x000000008ce00000, 0x000000008ce00000| Untracked 
| 206|0x000000008ce00000, 0x000000008cf00000, 0x000000008cf00000|100%| O|  |TAMS 0x000000008cf00000, 0x000000008cf00000| Untracked 
| 207|0x000000008cf00000, 0x000000008d000000, 0x000000008d000000|100%| O|  |TAMS 0x000000008d000000, 0x000000008d000000| Untracked 
| 208|0x000000008d000000, 0x000000008d100000, 0x000000008d100000|100%| O|  |TAMS 0x000000008d100000, 0x000000008d100000| Untracked 
| 209|0x000000008d100000, 0x000000008d200000, 0x000000008d200000|100%| O|  |TAMS 0x000000008d200000, 0x000000008d200000| Untracked 
| 210|0x000000008d200000, 0x000000008d300000, 0x000000008d300000|100%| O|  |TAMS 0x000000008d300000, 0x000000008d300000| Untracked 
| 211|0x000000008d300000, 0x000000008d400000, 0x000000008d400000|100%| O|  |TAMS 0x000000008d400000, 0x000000008d400000| Untracked 
| 212|0x000000008d400000, 0x000000008d500000, 0x000000008d500000|100%| O|  |TAMS 0x000000008d500000, 0x000000008d500000| Untracked 
| 213|0x000000008d500000, 0x000000008d600000, 0x000000008d600000|100%| O|  |TAMS 0x000000008d600000, 0x000000008d600000| Untracked 
| 214|0x000000008d600000, 0x000000008d700000, 0x000000008d700000|100%| O|  |TAMS 0x000000008d700000, 0x000000008d700000| Untracked 
| 215|0x000000008d700000, 0x000000008d800000, 0x000000008d800000|100%| O|  |TAMS 0x000000008d800000, 0x000000008d800000| Untracked 
| 216|0x000000008d800000, 0x000000008d900000, 0x000000008d900000|100%| O|  |TAMS 0x000000008d900000, 0x000000008d900000| Untracked 
| 217|0x000000008d900000, 0x000000008da00000, 0x000000008da00000|100%| O|  |TAMS 0x000000008da00000, 0x000000008da00000| Untracked 
| 218|0x000000008da00000, 0x000000008db00000, 0x000000008db00000|100%| O|  |TAMS 0x000000008db00000, 0x000000008db00000| Untracked 
| 219|0x000000008db00000, 0x000000008dc00000, 0x000000008dc00000|100%| O|  |TAMS 0x000000008dc00000, 0x000000008dc00000| Untracked 
| 220|0x000000008dc00000, 0x000000008dd00000, 0x000000008dd00000|100%| O|  |TAMS 0x000000008dd00000, 0x000000008dd00000| Untracked 
| 221|0x000000008dd00000, 0x000000008de00000, 0x000000008de00000|100%| O|  |TAMS 0x000000008de00000, 0x000000008de00000| Untracked 
| 222|0x000000008de00000, 0x000000008df00000, 0x000000008df00000|100%| O|  |TAMS 0x000000008df00000, 0x000000008df00000| Untracked 
| 223|0x000000008df00000, 0x000000008e000000, 0x000000008e000000|100%| O|  |TAMS 0x000000008e000000, 0x000000008e000000| Untracked 
| 224|0x000000008e000000, 0x000000008e100000, 0x000000008e100000|100%| O|  |TAMS 0x000000008e100000, 0x000000008e100000| Untracked 
| 225|0x000000008e100000, 0x000000008e200000, 0x000000008e200000|100%| O|  |TAMS 0x000000008e200000, 0x000000008e200000| Untracked 
| 226|0x000000008e200000, 0x000000008e300000, 0x000000008e300000|100%| O|  |TAMS 0x000000008e300000, 0x000000008e300000| Untracked 
| 227|0x000000008e300000, 0x000000008e400000, 0x000000008e400000|100%| O|  |TAMS 0x000000008e300000, 0x000000008e400000| Untracked 
| 228|0x000000008e400000, 0x000000008e500000, 0x000000008e500000|100%| O|  |TAMS 0x000000008e400000, 0x000000008e500000| Untracked 
| 229|0x000000008e500000, 0x000000008e600000, 0x000000008e600000|100%| O|  |TAMS 0x000000008e500000, 0x000000008e600000| Untracked 
| 230|0x000000008e600000, 0x000000008e700000, 0x000000008e700000|100%| O|  |TAMS 0x000000008e600000, 0x000000008e700000| Untracked 
| 231|0x000000008e700000, 0x000000008e800000, 0x000000008e800000|100%| O|  |TAMS 0x000000008e700000, 0x000000008e800000| Untracked 
| 232|0x000000008e800000, 0x000000008e900000, 0x000000008e900000|100%| O|  |TAMS 0x000000008e800000, 0x000000008e900000| Untracked 
| 233|0x000000008e900000, 0x000000008ea00000, 0x000000008ea00000|100%| O|  |TAMS 0x000000008e900000, 0x000000008ea00000| Untracked 
| 234|0x000000008ea00000, 0x000000008eb00000, 0x000000008eb00000|100%| O|  |TAMS 0x000000008ea00000, 0x000000008eb00000| Untracked 
| 235|0x000000008eb00000, 0x000000008ec00000, 0x000000008ec00000|100%| O|  |TAMS 0x000000008eb00000, 0x000000008ec00000| Untracked 
| 236|0x000000008ec00000, 0x000000008ed00000, 0x000000008ed00000|100%| O|  |TAMS 0x000000008ec00000, 0x000000008ed00000| Untracked 
| 237|0x000000008ed00000, 0x000000008ee00000, 0x000000008ee00000|100%| O|  |TAMS 0x000000008ed00000, 0x000000008ee00000| Untracked 
| 238|0x000000008ee00000, 0x000000008ef00000, 0x000000008ef00000|100%| O|  |TAMS 0x000000008ee00000, 0x000000008ef00000| Untracked 
| 239|0x000000008ef00000, 0x000000008f000000, 0x000000008f000000|100%| O|  |TAMS 0x000000008ef00000, 0x000000008f000000| Untracked 
| 240|0x000000008f000000, 0x000000008f100000, 0x000000008f100000|100%| O|  |TAMS 0x000000008f000000, 0x000000008f100000| Untracked 
| 241|0x000000008f100000, 0x000000008f200000, 0x000000008f200000|100%| O|  |TAMS 0x000000008f100000, 0x000000008f200000| Untracked 
| 242|0x000000008f200000, 0x000000008f300000, 0x000000008f300000|100%| O|  |TAMS 0x000000008f200000, 0x000000008f300000| Untracked 
| 243|0x000000008f300000, 0x000000008f400000, 0x000000008f400000|100%| O|  |TAMS 0x000000008f300000, 0x000000008f400000| Untracked 
| 244|0x000000008f400000, 0x000000008f500000, 0x000000008f500000|100%| O|  |TAMS 0x000000008f400000, 0x000000008f500000| Untracked 
| 245|0x000000008f500000, 0x000000008f600000, 0x000000008f600000|100%| O|  |TAMS 0x000000008f500000, 0x000000008f600000| Untracked 
| 246|0x000000008f600000, 0x000000008f700000, 0x000000008f700000|100%| O|  |TAMS 0x000000008f600000, 0x000000008f700000| Untracked 
| 247|0x000000008f700000, 0x000000008f800000, 0x000000008f800000|100%| O|  |TAMS 0x000000008f700000, 0x000000008f800000| Untracked 
| 248|0x000000008f800000, 0x000000008f900000, 0x000000008f900000|100%| O|  |TAMS 0x000000008f800000, 0x000000008f900000| Untracked 
| 249|0x000000008f900000, 0x000000008fa00000, 0x000000008fa00000|100%| O|  |TAMS 0x000000008f900000, 0x000000008fa00000| Untracked 
| 250|0x000000008fa00000, 0x000000008fb00000, 0x000000008fb00000|100%| O|  |TAMS 0x000000008fa00000, 0x000000008fb00000| Untracked 
| 251|0x000000008fb00000, 0x000000008fc00000, 0x000000008fc00000|100%| O|  |TAMS 0x000000008fb00000, 0x000000008fc00000| Untracked 
| 252|0x000000008fc00000, 0x000000008fd00000, 0x000000008fd00000|100%| O|  |TAMS 0x000000008fc00000, 0x000000008fd00000| Untracked 
| 253|0x000000008fd00000, 0x000000008fe00000, 0x000000008fe00000|100%| O|  |TAMS 0x000000008fd00000, 0x000000008fe00000| Untracked 
| 254|0x000000008fe00000, 0x000000008ff00000, 0x000000008ff00000|100%| O|  |TAMS 0x000000008fe00000, 0x000000008ff00000| Untracked 
| 255|0x000000008ff00000, 0x000000008ff80000, 0x0000000090000000| 50%| O|  |TAMS 0x000000008ff00000, 0x000000008ff80000| Untracked 
| 256|0x0000000090000000, 0x0000000090000000, 0x0000000090100000|  0%| F|  |TAMS 0x0000000090000000, 0x0000000090000000| Untracked 
| 257|0x0000000090100000, 0x0000000090100000, 0x0000000090200000|  0%| F|  |TAMS 0x0000000090100000, 0x0000000090100000| Untracked 
| 258|0x0000000090200000, 0x0000000090200000, 0x0000000090300000|  0%| F|  |TAMS 0x0000000090200000, 0x0000000090200000| Untracked 
| 259|0x0000000090300000, 0x0000000090300000, 0x0000000090400000|  0%| F|  |TAMS 0x0000000090300000, 0x0000000090300000| Untracked 
| 260|0x0000000090400000, 0x0000000090400000, 0x0000000090500000|  0%| F|  |TAMS 0x0000000090400000, 0x0000000090400000| Untracked 
| 261|0x0000000090500000, 0x0000000090500000, 0x0000000090600000|  0%| F|  |TAMS 0x0000000090500000, 0x0000000090500000| Untracked 
| 262|0x0000000090600000, 0x0000000090600000, 0x0000000090700000|  0%| F|  |TAMS 0x0000000090600000, 0x0000000090600000| Untracked 
| 263|0x0000000090700000, 0x0000000090700000, 0x0000000090800000|  0%| F|  |TAMS 0x0000000090700000, 0x0000000090700000| Untracked 
| 264|0x0000000090800000, 0x0000000090800000, 0x0000000090900000|  0%| F|  |TAMS 0x0000000090800000, 0x0000000090800000| Untracked 
| 265|0x0000000090900000, 0x0000000090900000, 0x0000000090a00000|  0%| F|  |TAMS 0x0000000090900000, 0x0000000090900000| Untracked 
| 266|0x0000000090a00000, 0x0000000090a00000, 0x0000000090b00000|  0%| F|  |TAMS 0x0000000090a00000, 0x0000000090a00000| Untracked 
| 267|0x0000000090b00000, 0x0000000090b00000, 0x0000000090c00000|  0%| F|  |TAMS 0x0000000090b00000, 0x0000000090b00000| Untracked 
| 268|0x0000000090c00000, 0x0000000090c00000, 0x0000000090d00000|  0%| F|  |TAMS 0x0000000090c00000, 0x0000000090c00000| Untracked 
| 269|0x0000000090d00000, 0x0000000090d00000, 0x0000000090e00000|  0%| F|  |TAMS 0x0000000090d00000, 0x0000000090d00000| Untracked 
| 270|0x0000000090e00000, 0x0000000090e00000, 0x0000000090f00000|  0%| F|  |TAMS 0x0000000090e00000, 0x0000000090e00000| Untracked 
| 271|0x0000000090f00000, 0x0000000090f00000, 0x0000000091000000|  0%| F|  |TAMS 0x0000000090f00000, 0x0000000090f00000| Untracked 
| 272|0x0000000091000000, 0x0000000091000000, 0x0000000091100000|  0%| F|  |TAMS 0x0000000091000000, 0x0000000091000000| Untracked 
| 273|0x0000000091100000, 0x0000000091100000, 0x0000000091200000|  0%| F|  |TAMS 0x0000000091100000, 0x0000000091100000| Untracked 
| 274|0x0000000091200000, 0x0000000091200000, 0x0000000091300000|  0%| F|  |TAMS 0x0000000091200000, 0x0000000091200000| Untracked 
| 275|0x0000000091300000, 0x0000000091300000, 0x0000000091400000|  0%| F|  |TAMS 0x0000000091300000, 0x0000000091300000| Untracked 
| 276|0x0000000091400000, 0x0000000091400000, 0x0000000091500000|  0%| F|  |TAMS 0x0000000091400000, 0x0000000091400000| Untracked 
| 277|0x0000000091500000, 0x0000000091500000, 0x0000000091600000|  0%| F|  |TAMS 0x0000000091500000, 0x0000000091500000| Untracked 
| 278|0x0000000091600000, 0x0000000091600000, 0x0000000091700000|  0%| F|  |TAMS 0x0000000091600000, 0x0000000091600000| Untracked 
| 279|0x0000000091700000, 0x0000000091700000, 0x0000000091800000|  0%| F|  |TAMS 0x0000000091700000, 0x0000000091700000| Untracked 
| 280|0x0000000091800000, 0x0000000091800000, 0x0000000091900000|  0%| F|  |TAMS 0x0000000091800000, 0x0000000091800000| Untracked 
| 281|0x0000000091900000, 0x0000000091900000, 0x0000000091a00000|  0%| F|  |TAMS 0x0000000091900000, 0x0000000091900000| Untracked 
| 282|0x0000000091a00000, 0x0000000091a00000, 0x0000000091b00000|  0%| F|  |TAMS 0x0000000091a00000, 0x0000000091a00000| Untracked 
| 283|0x0000000091b00000, 0x0000000091b00000, 0x0000000091c00000|  0%| F|  |TAMS 0x0000000091b00000, 0x0000000091b00000| Untracked 
| 284|0x0000000091c00000, 0x0000000091c00000, 0x0000000091d00000|  0%| F|  |TAMS 0x0000000091c00000, 0x0000000091c00000| Untracked 
| 285|0x0000000091d00000, 0x0000000091d00000, 0x0000000091e00000|  0%| F|  |TAMS 0x0000000091d00000, 0x0000000091d00000| Untracked 
| 286|0x0000000091e00000, 0x0000000091e00000, 0x0000000091f00000|  0%| F|  |TAMS 0x0000000091e00000, 0x0000000091e00000| Untracked 
| 287|0x0000000091f00000, 0x0000000091f00000, 0x0000000092000000|  0%| F|  |TAMS 0x0000000091f00000, 0x0000000091f00000| Untracked 
| 288|0x0000000092000000, 0x0000000092000000, 0x0000000092100000|  0%| F|  |TAMS 0x0000000092000000, 0x0000000092000000| Untracked 
| 289|0x0000000092100000, 0x0000000092100000, 0x0000000092200000|  0%| F|  |TAMS 0x0000000092100000, 0x0000000092100000| Untracked 
| 290|0x0000000092200000, 0x0000000092200000, 0x0000000092300000|  0%| F|  |TAMS 0x0000000092200000, 0x0000000092200000| Untracked 
| 291|0x0000000092300000, 0x0000000092300000, 0x0000000092400000|  0%| F|  |TAMS 0x0000000092300000, 0x0000000092300000| Untracked 
| 292|0x0000000092400000, 0x0000000092400000, 0x0000000092500000|  0%| F|  |TAMS 0x0000000092400000, 0x0000000092400000| Untracked 
| 293|0x0000000092500000, 0x0000000092500000, 0x0000000092600000|  0%| F|  |TAMS 0x0000000092500000, 0x0000000092500000| Untracked 
| 294|0x0000000092600000, 0x0000000092600000, 0x0000000092700000|  0%| F|  |TAMS 0x0000000092600000, 0x0000000092600000| Untracked 
| 295|0x0000000092700000, 0x0000000092700000, 0x0000000092800000|  0%| F|  |TAMS 0x0000000092700000, 0x0000000092700000| Untracked 
| 296|0x0000000092800000, 0x0000000092800000, 0x0000000092900000|  0%| F|  |TAMS 0x0000000092800000, 0x0000000092800000| Untracked 
| 297|0x0000000092900000, 0x0000000092900000, 0x0000000092a00000|  0%| F|  |TAMS 0x0000000092900000, 0x0000000092900000| Untracked 
| 298|0x0000000092a00000, 0x0000000092a00000, 0x0000000092b00000|  0%| F|  |TAMS 0x0000000092a00000, 0x0000000092a00000| Untracked 
| 299|0x0000000092b00000, 0x0000000092b00000, 0x0000000092c00000|  0%| F|  |TAMS 0x0000000092b00000, 0x0000000092b00000| Untracked 
| 300|0x0000000092c00000, 0x0000000092c00000, 0x0000000092d00000|  0%| F|  |TAMS 0x0000000092c00000, 0x0000000092c00000| Untracked 
| 301|0x0000000092d00000, 0x0000000092d00000, 0x0000000092e00000|  0%| F|  |TAMS 0x0000000092d00000, 0x0000000092d00000| Untracked 
| 302|0x0000000092e00000, 0x0000000092e00000, 0x0000000092f00000|  0%| F|  |TAMS 0x0000000092e00000, 0x0000000092e00000| Untracked 
| 303|0x0000000092f00000, 0x0000000092f00000, 0x0000000093000000|  0%| F|  |TAMS 0x0000000092f00000, 0x0000000092f00000| Untracked 
| 304|0x0000000093000000, 0x0000000093000000, 0x0000000093100000|  0%| F|  |TAMS 0x0000000093000000, 0x0000000093000000| Untracked 
| 305|0x0000000093100000, 0x0000000093100000, 0x0000000093200000|  0%| F|  |TAMS 0x0000000093100000, 0x0000000093100000| Untracked 
| 306|0x0000000093200000, 0x0000000093200000, 0x0000000093300000|  0%| F|  |TAMS 0x0000000093200000, 0x0000000093200000| Untracked 
| 307|0x0000000093300000, 0x0000000093300000, 0x0000000093400000|  0%| F|  |TAMS 0x0000000093300000, 0x0000000093300000| Untracked 
| 308|0x0000000093400000, 0x0000000093400000, 0x0000000093500000|  0%| F|  |TAMS 0x0000000093400000, 0x0000000093400000| Untracked 
| 309|0x0000000093500000, 0x0000000093500000, 0x0000000093600000|  0%| F|  |TAMS 0x0000000093500000, 0x0000000093500000| Untracked 
| 310|0x0000000093600000, 0x0000000093600000, 0x0000000093700000|  0%| F|  |TAMS 0x0000000093600000, 0x0000000093600000| Untracked 
| 311|0x0000000093700000, 0x0000000093700000, 0x0000000093800000|  0%| F|  |TAMS 0x0000000093700000, 0x0000000093700000| Untracked 
| 312|0x0000000093800000, 0x0000000093800000, 0x0000000093900000|  0%| F|  |TAMS 0x0000000093800000, 0x0000000093800000| Untracked 
| 313|0x0000000093900000, 0x0000000093900000, 0x0000000093a00000|  0%| F|  |TAMS 0x0000000093900000, 0x0000000093900000| Untracked 
| 314|0x0000000093a00000, 0x0000000093a00000, 0x0000000093b00000|  0%| F|  |TAMS 0x0000000093a00000, 0x0000000093a00000| Untracked 
| 315|0x0000000093b00000, 0x0000000093b00000, 0x0000000093c00000|  0%| F|  |TAMS 0x0000000093b00000, 0x0000000093b00000| Untracked 
| 316|0x0000000093c00000, 0x0000000093c00000, 0x0000000093d00000|  0%| F|  |TAMS 0x0000000093c00000, 0x0000000093c00000| Untracked 
| 317|0x0000000093d00000, 0x0000000093d00000, 0x0000000093e00000|  0%| F|  |TAMS 0x0000000093d00000, 0x0000000093d00000| Untracked 
| 318|0x0000000093e00000, 0x0000000093e00000, 0x0000000093f00000|  0%| F|  |TAMS 0x0000000093e00000, 0x0000000093e00000| Untracked 
| 319|0x0000000093f00000, 0x0000000093f00000, 0x0000000094000000|  0%| F|  |TAMS 0x0000000093f00000, 0x0000000093f00000| Untracked 
| 320|0x0000000094000000, 0x0000000094100000, 0x0000000094100000|100%| S|CS|TAMS 0x0000000094000000, 0x0000000094000000| Complete 
| 321|0x0000000094100000, 0x0000000094200000, 0x0000000094200000|100%| S|CS|TAMS 0x0000000094100000, 0x0000000094100000| Complete 
| 322|0x0000000094200000, 0x0000000094300000, 0x0000000094300000|100%| S|CS|TAMS 0x0000000094200000, 0x0000000094200000| Complete 
| 323|0x0000000094300000, 0x0000000094400000, 0x0000000094400000|100%| S|CS|TAMS 0x0000000094300000, 0x0000000094300000| Complete 
| 324|0x0000000094400000, 0x0000000094400000, 0x0000000094500000|  0%| F|  |TAMS 0x0000000094400000, 0x0000000094400000| Untracked 
| 325|0x0000000094500000, 0x0000000094500000, 0x0000000094600000|  0%| F|  |TAMS 0x0000000094500000, 0x0000000094500000| Untracked 
| 326|0x0000000094600000, 0x0000000094600000, 0x0000000094700000|  0%| F|  |TAMS 0x0000000094600000, 0x0000000094600000| Untracked 
| 327|0x0000000094700000, 0x0000000094700000, 0x0000000094800000|  0%| F|  |TAMS 0x0000000094700000, 0x0000000094700000| Untracked 
| 328|0x0000000094800000, 0x0000000094800000, 0x0000000094900000|  0%| F|  |TAMS 0x0000000094800000, 0x0000000094800000| Untracked 
| 329|0x0000000094900000, 0x0000000094900000, 0x0000000094a00000|  0%| F|  |TAMS 0x0000000094900000, 0x0000000094900000| Untracked 
| 330|0x0000000094a00000, 0x0000000094a00000, 0x0000000094b00000|  0%| F|  |TAMS 0x0000000094a00000, 0x0000000094a00000| Untracked 
| 331|0x0000000094b00000, 0x0000000094b00000, 0x0000000094c00000|  0%| F|  |TAMS 0x0000000094b00000, 0x0000000094b00000| Untracked 
| 332|0x0000000094c00000, 0x0000000094c00000, 0x0000000094d00000|  0%| F|  |TAMS 0x0000000094c00000, 0x0000000094c00000| Untracked 
| 333|0x0000000094d00000, 0x0000000094d00000, 0x0000000094e00000|  0%| F|  |TAMS 0x0000000094d00000, 0x0000000094d00000| Untracked 
| 334|0x0000000094e00000, 0x0000000094e00000, 0x0000000094f00000|  0%| F|  |TAMS 0x0000000094e00000, 0x0000000094e00000| Untracked 
| 335|0x0000000094f00000, 0x0000000094f00000, 0x0000000095000000|  0%| F|  |TAMS 0x0000000094f00000, 0x0000000094f00000| Untracked 
| 336|0x0000000095000000, 0x0000000095000000, 0x0000000095100000|  0%| F|  |TAMS 0x0000000095000000, 0x0000000095000000| Untracked 
| 337|0x0000000095100000, 0x0000000095100000, 0x0000000095200000|  0%| F|  |TAMS 0x0000000095100000, 0x0000000095100000| Untracked 
| 338|0x0000000095200000, 0x0000000095200000, 0x0000000095300000|  0%| F|  |TAMS 0x0000000095200000, 0x0000000095200000| Untracked 
| 339|0x0000000095300000, 0x0000000095300000, 0x0000000095400000|  0%| F|  |TAMS 0x0000000095300000, 0x0000000095300000| Untracked 
| 340|0x0000000095400000, 0x0000000095400000, 0x0000000095500000|  0%| F|  |TAMS 0x0000000095400000, 0x0000000095400000| Untracked 
| 341|0x0000000095500000, 0x0000000095500000, 0x0000000095600000|  0%| F|  |TAMS 0x0000000095500000, 0x0000000095500000| Untracked 
| 342|0x0000000095600000, 0x0000000095600000, 0x0000000095700000|  0%| F|  |TAMS 0x0000000095600000, 0x0000000095600000| Untracked 
| 343|0x0000000095700000, 0x0000000095700000, 0x0000000095800000|  0%| F|  |TAMS 0x0000000095700000, 0x0000000095700000| Untracked 
| 344|0x0000000095800000, 0x0000000095800000, 0x0000000095900000|  0%| F|  |TAMS 0x0000000095800000, 0x0000000095800000| Untracked 
| 345|0x0000000095900000, 0x0000000095900000, 0x0000000095a00000|  0%| F|  |TAMS 0x0000000095900000, 0x0000000095900000| Untracked 
| 346|0x0000000095a00000, 0x0000000095a00000, 0x0000000095b00000|  0%| F|  |TAMS 0x0000000095a00000, 0x0000000095a00000| Untracked 
| 347|0x0000000095b00000, 0x0000000095b00000, 0x0000000095c00000|  0%| F|  |TAMS 0x0000000095b00000, 0x0000000095b00000| Untracked 
| 348|0x0000000095c00000, 0x0000000095c00000, 0x0000000095d00000|  0%| F|  |TAMS 0x0000000095c00000, 0x0000000095c00000| Untracked 
| 349|0x0000000095d00000, 0x0000000095d00000, 0x0000000095e00000|  0%| F|  |TAMS 0x0000000095d00000, 0x0000000095d00000| Untracked 
| 350|0x0000000095e00000, 0x0000000095e00000, 0x0000000095f00000|  0%| F|  |TAMS 0x0000000095e00000, 0x0000000095e00000| Untracked 

Card table byte_map: [0x000002d53ed00000,0x000002d53f100000] _byte_map_base: 0x000002d53e900000

Marking Bits (Prev, Next): (CMBitMap*) 0x000002d52b82e600, (CMBitMap*) 0x000002d52b82e5c8
 Prev Bits: [0x000002d541500000, 0x000002d543500000)
 Next Bits: [0x000002d53f500000, 0x000002d541500000)

Polling page: 0x000002d529f90000

Metaspace:

Usage:
  Non-class:     85.64 MB capacity,    84.18 MB ( 98%) used,     1.19 MB (  1%) free+waste,   276.38 KB ( <1%) overhead. 
      Class:     13.47 MB capacity,    12.62 MB ( 94%) used,   743.16 KB (  5%) free+waste,   122.06 KB ( <1%) overhead. 
       Both:     99.11 MB capacity,    96.80 MB ( 98%) used,     1.92 MB (  2%) free+waste,   398.44 KB ( <1%) overhead. 

Virtual space:
  Non-class space:       86.00 MB reserved,      85.75 MB (>99%) committed 
      Class space:        1.00 GB reserved,      13.50 MB (  1%) committed 
             Both:        1.08 GB reserved,      99.25 MB (  9%) committed 

Chunk freelists:
   Non-Class:  45.00 KB
       Class:  0 bytes
        Both:  45.00 KB

MaxMetaspaceSize: 17179869184.00 GB
CompressedClassSpaceSize: 1.00 GB

CodeHeap 'non-profiled nmethods': size=120064Kb used=8051Kb max_used=8051Kb free=112012Kb
 bounds [0x000002d536da0000, 0x000002d537580000, 0x000002d53e2e0000]
CodeHeap 'profiled nmethods': size=120000Kb used=27521Kb max_used=27521Kb free=92478Kb
 bounds [0x000002d52f870000, 0x000002d531360000, 0x000002d536da0000]
CodeHeap 'non-nmethods': size=5696Kb used=2310Kb max_used=2368Kb free=3385Kb
 bounds [0x000002d52f2e0000, 0x000002d52f550000, 0x000002d52f870000]
 total_blobs=13768 nmethods=12853 adapters=826
 compilation: enabled
              stopped_count=0, restarted_count=0
 full_count=0

Compilation events (20 events):
Event: 28.585 Thread 0x000002d545b26000 13068       2       com.android.tools.r8.ir.conversion.k$$Lambda$1145/0x0000000100d48840::forEach (9 bytes)
Event: 28.586 Thread 0x000002d545b26000 nmethod 13068 0x000002d53134e410 code [0x000002d53134e600, 0x000002d53134ea18]
Event: 28.586 Thread 0x000002d545b26000 13071 %     3       com.android.tools.r8.graph.Z::b @ 41 (74 bytes)
Event: 28.587 Thread 0x000002d54d6d5800 nmethod 12964 0x000002d53757ad90 code [0x000002d53757af60, 0x000002d53757b470]
Event: 28.587 Thread 0x000002d54d6d5800 12963       4       java.util.concurrent.ForkJoinTask::get (60 bytes)
Event: 28.587 Thread 0x000002d545b26000 nmethod 13071% 0x000002d53134ec90 code [0x000002d53134ef20, 0x000002d53134ff78]
Event: 28.587 Thread 0x000002d545b21800 nmethod 12934 0x000002d53757b710 code [0x000002d53757b8c0, 0x000002d53757bbb8]
Event: 28.587 Thread 0x000002d545b21800 12965       4       java.util.concurrent.ForkJoinTask::tryExternalHelp (53 bytes)
Event: 28.589 Thread 0x000002d545b21800 nmethod 12965 0x000002d53757bd90 code [0x000002d53757bf40, 0x000002d53757c048]
Event: 28.589 Thread 0x000002d545b21800 13032       4       com.android.tools.r8.internal.jw::b (4 bytes)
Event: 28.589 Thread 0x000002d545b21800 nmethod 13032 0x000002d53757c190 code [0x000002d53757c320, 0x000002d53757c378]
Event: 28.589 Thread 0x000002d545b21800 13028       4       com.android.tools.r8.internal.Zv::a (7 bytes)
Event: 28.589 Thread 0x000002d545b21800 nmethod 13028 0x000002d53757c410 code [0x000002d53757c5a0, 0x000002d53757c5f8]
Event: 28.589 Thread 0x000002d545b21800 13007       4       com.android.tools.r8.graph.P::d0 (25 bytes)
Event: 28.590 Thread 0x000002d545b21800 nmethod 13007 0x000002d53757c690 code [0x000002d53757c820, 0x000002d53757c878]
Event: 28.590 Thread 0x000002d545b21800 12927       4       com.android.tools.r8.internal.aw::test (8 bytes)
Event: 28.590 Thread 0x000002d545b21800 nmethod 12927 0x000002d53757c910 code [0x000002d53757caa0, 0x000002d53757cb18]
Event: 28.590 Thread 0x000002d545b21800 13072       4       com.android.tools.r8.graph.C::<init> (89 bytes)
Event: 28.593 Thread 0x000002d545b21800 nmethod 13072 0x000002d53757cb90 code [0x000002d53757cd20, 0x000002d53757cf18]
Event: 28.593 Thread 0x000002d545b21800 13074   !   4       java.util.concurrent.ForkJoinTask::doExec (37 bytes)

GC Heap History (20 events):
Event: 24.166 GC heap after
{Heap after GC invocations=30 (full 0):
 garbage-first heap   total 194560K, used 157301K [0x0000000080000000, 0x0000000100000000)
  region size 1024K, 2 young (2048K), 2 survivors (2048K)
 Metaspace       used 94794K, capacity 96994K, committed 97280K, reserved 1134592K
  class space    used 12173K, capacity 13003K, committed 13056K, reserved 1048576K
}
Event: 24.235 GC heap before
{Heap before GC invocations=30 (full 0):
 garbage-first heap   total 194560K, used 165493K [0x0000000080000000, 0x0000000100000000)
  region size 1024K, 11 young (11264K), 2 survivors (2048K)
 Metaspace       used 94848K, capacity 97058K, committed 97280K, reserved 1134592K
  class space    used 12178K, capacity 13003K, committed 13056K, reserved 1048576K
}
Event: 24.249 GC heap after
{Heap after GC invocations=31 (full 0):
 garbage-first heap   total 194560K, used 161556K [0x0000000080000000, 0x0000000100000000)
  region size 1024K, 2 young (2048K), 2 survivors (2048K)
 Metaspace       used 94848K, capacity 97058K, committed 97280K, reserved 1134592K
  class space    used 12178K, capacity 13003K, committed 13056K, reserved 1048576K
}
Event: 24.318 GC heap before
{Heap before GC invocations=31 (full 0):
 garbage-first heap   total 194560K, used 168724K [0x0000000080000000, 0x0000000100000000)
  region size 1024K, 9 young (9216K), 2 survivors (2048K)
 Metaspace       used 94850K, capacity 97058K, committed 97280K, reserved 1134592K
  class space    used 12178K, capacity 13003K, committed 13056K, reserved 1048576K
}
Event: 24.332 GC heap after
{Heap after GC invocations=32 (full 0):
 garbage-first heap   total 233472K, used 164776K [0x0000000080000000, 0x0000000100000000)
  region size 1024K, 2 young (2048K), 2 survivors (2048K)
 Metaspace       used 94850K, capacity 97058K, committed 97280K, reserved 1134592K
  class space    used 12178K, capacity 13003K, committed 13056K, reserved 1048576K
}
Event: 24.777 GC heap before
{Heap before GC invocations=33 (full 0):
 garbage-first heap   total 233472K, used 189352K [0x0000000080000000, 0x0000000100000000)
  region size 1024K, 22 young (22528K), 2 survivors (2048K)
 Metaspace       used 96772K, capacity 99034K, committed 99328K, reserved 1134592K
  class space    used 12631K, capacity 13456K, committed 13568K, reserved 1048576K
}
Event: 24.813 GC heap after
{Heap after GC invocations=34 (full 0):
 garbage-first heap   total 233472K, used 175709K [0x0000000080000000, 0x0000000100000000)
  region size 1024K, 3 young (3072K), 3 survivors (3072K)
 Metaspace       used 96772K, capacity 99034K, committed 99328K, reserved 1134592K
  class space    used 12631K, capacity 13456K, committed 13568K, reserved 1048576K
}
Event: 25.252 GC heap before
{Heap before GC invocations=34 (full 0):
 garbage-first heap   total 233472K, used 191069K [0x0000000080000000, 0x0000000100000000)
  region size 1024K, 19 young (19456K), 3 survivors (3072K)
 Metaspace       used 97161K, capacity 99413K, committed 99584K, reserved 1134592K
  class space    used 12657K, capacity 13491K, committed 13568K, reserved 1048576K
}
Event: 25.275 GC heap after
{Heap after GC invocations=35 (full 0):
 garbage-first heap   total 233472K, used 184233K [0x0000000080000000, 0x0000000100000000)
  region size 1024K, 3 young (3072K), 3 survivors (3072K)
 Metaspace       used 97161K, capacity 99413K, committed 99584K, reserved 1134592K
  class space    used 12657K, capacity 13491K, committed 13568K, reserved 1048576K
}
Event: 25.335 GC heap before
{Heap before GC invocations=35 (full 0):
 garbage-first heap   total 233472K, used 195497K [0x0000000080000000, 0x0000000100000000)
  region size 1024K, 15 young (15360K), 3 survivors (3072K)
 Metaspace       used 97178K, capacity 99414K, committed 99584K, reserved 1134592K
  class space    used 12657K, capacity 13491K, committed 13568K, reserved 1048576K
}
Event: 25.348 GC heap after
{Heap after GC invocations=36 (full 0):
 garbage-first heap   total 233472K, used 190821K [0x0000000080000000, 0x0000000100000000)
  region size 1024K, 2 young (2048K), 2 survivors (2048K)
 Metaspace       used 97178K, capacity 99414K, committed 99584K, reserved 1134592K
  class space    used 12657K, capacity 13491K, committed 13568K, reserved 1048576K
}
Event: 25.420 GC heap before
{Heap before GC invocations=36 (full 0):
 garbage-first heap   total 233472K, used 199013K [0x0000000080000000, 0x0000000100000000)
  region size 1024K, 11 young (11264K), 2 survivors (2048K)
 Metaspace       used 97184K, capacity 99414K, committed 99584K, reserved 1134592K
  class space    used 12657K, capacity 13491K, committed 13568K, reserved 1048576K
}
Event: 25.435 GC heap after
{Heap after GC invocations=37 (full 0):
 garbage-first heap   total 359424K, used 195937K [0x0000000080000000, 0x0000000100000000)
  region size 1024K, 2 young (2048K), 2 survivors (2048K)
 Metaspace       used 97184K, capacity 99414K, committed 99584K, reserved 1134592K
  class space    used 12657K, capacity 13491K, committed 13568K, reserved 1048576K
}
Event: 26.283 GC heap before
{Heap before GC invocations=38 (full 0):
 garbage-first heap   total 359424K, used 238945K [0x0000000080000000, 0x0000000100000000)
  region size 1024K, 47 young (48128K), 2 survivors (2048K)
 Metaspace       used 97260K, capacity 99481K, committed 99584K, reserved 1134592K
  class space    used 12660K, capacity 13491K, committed 13568K, reserved 1048576K
}
Event: 26.328 GC heap after
{Heap after GC invocations=39 (full 0):
 garbage-first heap   total 359424K, used 217088K [0x0000000080000000, 0x0000000100000000)
  region size 1024K, 6 young (6144K), 6 survivors (6144K)
 Metaspace       used 97260K, capacity 99481K, committed 99584K, reserved 1134592K
  class space    used 12660K, capacity 13491K, committed 13568K, reserved 1048576K
}
Event: 26.549 GC heap before
{Heap before GC invocations=39 (full 0):
 garbage-first heap   total 359424K, used 257024K [0x0000000080000000, 0x0000000100000000)
  region size 1024K, 46 young (47104K), 6 survivors (6144K)
 Metaspace       used 97291K, capacity 99545K, committed 99840K, reserved 1136640K
  class space    used 12662K, capacity 13491K, committed 13568K, reserved 1048576K
}
Event: 26.609 GC heap after
{Heap after GC invocations=40 (full 0):
 garbage-first heap   total 359424K, used 238592K [0x0000000080000000, 0x0000000100000000)
  region size 1024K, 6 young (6144K), 6 survivors (6144K)
 Metaspace       used 97291K, capacity 99545K, committed 99840K, reserved 1136640K
  class space    used 12662K, capacity 13491K, committed 13568K, reserved 1048576K
}
Event: 27.833 GC heap before
{Heap before GC invocations=41 (full 0):
 garbage-first heap   total 359424K, used 271360K [0x0000000080000000, 0x0000000100000000)
  region size 1024K, 39 young (39936K), 6 survivors (6144K)
 Metaspace       used 97282K, capacity 99528K, committed 99840K, reserved 1136640K
  class space    used 12659K, capacity 13484K, committed 13568K, reserved 1048576K
}
Event: 27.891 GC heap after
{Heap after GC invocations=42 (full 0):
 garbage-first heap   total 359424K, used 256512K [0x0000000080000000, 0x0000000100000000)
  region size 1024K, 5 young (5120K), 5 survivors (5120K)
 Metaspace       used 97282K, capacity 99528K, committed 99840K, reserved 1136640K
  class space    used 12659K, capacity 13484K, committed 13568K, reserved 1048576K
}
Event: 28.609 GC heap before
{Heap before GC invocations=42 (full 0):
 garbage-first heap   total 359424K, used 283136K [0x0000000080000000, 0x0000000100000000)
  region size 1024K, 32 young (32768K), 5 survivors (5120K)
 Metaspace       used 99127K, capacity 101491K, committed 101632K, reserved 1136640K
  class space    used 12926K, capacity 13792K, committed 13824K, reserved 1048576K
}

Deoptimization events (20 events):
Event: 28.547 Thread 0x000002d54edb3000 Uncommon trap: trap_request=0xffffff4d fr.pc=0x000002d537561ea4 relative=0x0000000000000f84
Event: 28.547 Thread 0x000002d54edb3000 Uncommon trap: reason=unstable_if action=reinterpret pc=0x000002d537561ea4 method=com.android.tools.r8.internal.hr.e()Lcom/android/tools/r8/graph/P; @ 7 c2
Event: 28.547 Thread 0x000002d54edb3000 DEOPT PACKING pc=0x000002d537561ea4 sp=0x000000e1e07feda0
Event: 28.547 Thread 0x000002d54edb3000 DEOPT UNPACKING pc=0x000002d52f3078af sp=0x000000e1e07fed80 mode 2
Event: 28.552 Thread 0x000002d54edad000 Uncommon trap: trap_request=0xffffffc6 fr.pc=0x000002d53756ff78 relative=0x0000000000000ff8
Event: 28.552 Thread 0x000002d54edad000 Uncommon trap: reason=bimorphic_or_optimized_type_check action=maybe_recompile pc=0x000002d53756ff78 method=com.android.tools.r8.utils.V.a(Lcom/android/tools/r8/utils/a0;Ljava/lang/Object;I)V @ 2 c2
Event: 28.552 Thread 0x000002d54edad000 DEOPT PACKING pc=0x000002d53756ff78 sp=0x000000e1e08fed90
Event: 28.552 Thread 0x000002d54edad000 DEOPT UNPACKING pc=0x000002d52f3078af sp=0x000000e1e08fea70 mode 2
Event: 28.552 Thread 0x000002d5499cc000 Uncommon trap: trap_request=0xffffffc6 fr.pc=0x000002d53756ff78 relative=0x0000000000000ff8
Event: 28.553 Thread 0x000002d5499cc000 Uncommon trap: reason=bimorphic_or_optimized_type_check action=maybe_recompile pc=0x000002d53756ff78 method=com.android.tools.r8.utils.V.a(Lcom/android/tools/r8/utils/a0;Ljava/lang/Object;I)V @ 2 c2
Event: 28.553 Thread 0x000002d5499cc000 DEOPT PACKING pc=0x000002d53756ff78 sp=0x000000e1e06fef10
Event: 28.553 Thread 0x000002d5499d2000 Uncommon trap: trap_request=0xffffffc6 fr.pc=0x000002d53756ff78 relative=0x0000000000000ff8
Event: 28.553 Thread 0x000002d5499d2000 Uncommon trap: reason=bimorphic_or_optimized_type_check action=maybe_recompile pc=0x000002d53756ff78 method=com.android.tools.r8.utils.V.a(Lcom/android/tools/r8/utils/a0;Ljava/lang/Object;I)V @ 2 c2
Event: 28.553 Thread 0x000002d5499d2000 DEOPT PACKING pc=0x000002d53756ff78 sp=0x000000e1e05ff2d0
Event: 28.553 Thread 0x000002d5499cc000 DEOPT UNPACKING pc=0x000002d52f3078af sp=0x000000e1e06febf0 mode 2
Event: 28.553 Thread 0x000002d5499d2000 DEOPT UNPACKING pc=0x000002d52f3078af sp=0x000000e1e05fefb0 mode 2
Event: 28.553 Thread 0x000002d54edb3000 Uncommon trap: trap_request=0xffffffc6 fr.pc=0x000002d53756ff78 relative=0x0000000000000ff8
Event: 28.553 Thread 0x000002d54edb3000 Uncommon trap: reason=bimorphic_or_optimized_type_check action=maybe_recompile pc=0x000002d53756ff78 method=com.android.tools.r8.utils.V.a(Lcom/android/tools/r8/utils/a0;Ljava/lang/Object;I)V @ 2 c2
Event: 28.553 Thread 0x000002d54edb3000 DEOPT PACKING pc=0x000002d53756ff78 sp=0x000000e1e07ff160
Event: 28.553 Thread 0x000002d54edb3000 DEOPT UNPACKING pc=0x000002d52f3078af sp=0x000000e1e07fee40 mode 2

Classes redefined (0 events):
No events

Internal exceptions (20 events):
Event: 23.866 Thread 0x000002d5499ca000 Exception <a 'sun/nio/fs/WindowsException'{0x000000008aa1fbe8}> (0x000000008aa1fbe8) thrown at [./src/hotspot/share/prims/jni.cpp, line 615]
Event: 23.866 Thread 0x000002d5499ca000 Exception <a 'sun/nio/fs/WindowsException'{0x000000008aa1fec8}> (0x000000008aa1fec8) thrown at [./src/hotspot/share/prims/jni.cpp, line 615]
Event: 23.866 Thread 0x000002d5499ca000 Exception <a 'sun/nio/fs/WindowsException'{0x000000008aa20d48}> (0x000000008aa20d48) thrown at [./src/hotspot/share/prims/jni.cpp, line 615]
Event: 23.928 Thread 0x000002d5499ca000 Exception <a 'java/lang/NoSuchMethodError'{0x0000000089c55178}: <clinit>> (0x0000000089c55178) thrown at [./src/hotspot/share/prims/jni.cpp, line 1362]
Event: 23.940 Thread 0x000002d5499ca000 Exception <a 'java/lang/NoSuchMethodError'{0x0000000089bbd6b8}: <clinit>> (0x0000000089bbd6b8) thrown at [./src/hotspot/share/prims/jni.cpp, line 1362]
Event: 23.942 Thread 0x000002d5499ca000 Exception <a 'java/lang/NoSuchMethodError'{0x0000000089a351b0}: <clinit>> (0x0000000089a351b0) thrown at [./src/hotspot/share/prims/jni.cpp, line 1362]
Event: 24.410 Thread 0x000002d5499ce800 Exception <a 'java/lang/NoSuchMethodError'{0x000000008ddb7798}: 'void java.lang.invoke.DirectMethodHandle$Holder.invokeStatic(java.lang.Object, long)'> (0x000000008ddb7798) thrown at [./src/hotspot/share/interpreter/linkResolver.cpp, line 773]
Event: 24.410 Thread 0x000002d5499ce800 Exception <a 'java/lang/NoSuchMethodError'{0x000000008ddbcbf0}: 'java.lang.Object java.lang.invoke.DirectMethodHandle$Holder.invokeStatic(java.lang.Object, long)'> (0x000000008ddbcbf0) thrown at [./src/hotspot/share/interpreter/linkResolver.cpp, line 773]
Event: 24.413 Thread 0x000002d5499ce800 Exception <a 'java/lang/NoSuchMethodError'{0x000000008ddcb9e8}: 'java.lang.Object java.lang.invoke.DirectMethodHandle$Holder.invokeStaticInit(java.lang.Object, java.lang.Object, long, java.lang.Object)'> (0x000000008ddcb9e8) thrown at [./src/hotspot/share/interpreter/linkResolver.cpp, line 773]
Event: 24.414 Thread 0x000002d5499ce800 Exception <a 'java/lang/NoSuchMethodError'{0x000000008ddd1ea8}: 'java.lang.Object java.lang.invoke.DirectMethodHandle$Holder.invokeStatic(java.lang.Object, java.lang.Object, long)'> (0x000000008ddd1ea8) thrown at [./src/hotspot/share/interpreter/linkResolver.cpp, line 773]
Event: 24.415 Thread 0x000002d5499ce800 Exception <a 'java/lang/NoSuchMethodError'{0x000000008ddd8938}: 'java.lang.Object java.lang.invoke.Invokers$Holder.linkToTargetMethod(java.lang.Object, long, java.lang.Object)'> (0x000000008ddd8938) thrown at [./src/hotspot/share/interpreter/linkResolver.cpp, line 773]
Event: 24.571 Thread 0x000002d54edad000 Exception <a 'java/lang/IncompatibleClassChangeError'{0x000000008d497eb0}: Found class java.lang.Object, but interface was expected> (0x000000008d497eb0) thrown at [./src/hotspot/share/interpreter/linkResolver.cpp, line 839]
Event: 24.577 Thread 0x000002d54edad000 Exception <a 'java/lang/IncompatibleClassChangeError'{0x000000008d4f6710}: Found class java.lang.Object, but interface was expected> (0x000000008d4f6710) thrown at [./src/hotspot/share/interpreter/linkResolver.cpp, line 839]
Event: 24.578 Thread 0x000002d54edad000 Exception <a 'java/lang/IncompatibleClassChangeError'{0x000000008d4fdc28}: Found class java.lang.Object, but interface was expected> (0x000000008d4fdc28) thrown at [./src/hotspot/share/interpreter/linkResolver.cpp, line 839]
Event: 24.728 Thread 0x000002d5499d2000 Exception <a 'java/lang/NoSuchMethodError'{0x000000008d001e38}: 'java.lang.Object java.lang.invoke.DirectMethodHandle$Holder.newInvokeSpecial(java.lang.Object, int)'> (0x000000008d001e38) thrown at [./src/hotspot/share/interpreter/linkResolver.cpp, line 773]
Event: 28.193 Thread 0x000002d5499cb800 Exception <a 'java/lang/NoSuchMethodError'{0x000000009525e5e0}: 'int java.lang.invoke.DirectMethodHandle$Holder.invokeVirtual(java.lang.Object, java.lang.Object, java.lang.Object, java.lang.Object)'> (0x000000009525e5e0) thrown at [./src/hotspot/share/interpreter/linkResolver.cpp, line 773]
Event: 28.230 Thread 0x000002d5499ce800 Exception <a 'java/lang/NoSuchMethodError'{0x00000000951c3428}: 'int java.lang.invoke.DirectMethodHandle$Holder.invokeSpecialIFC(java.lang.Object, java.lang.Object, java.lang.Object)'> (0x00000000951c3428) thrown at [./src/hotspot/share/interpreter/linkResolver.cpp, line 773]
Event: 28.287 Thread 0x000002d5499cb800 Exception <a 'java/lang/NoSuchMethodError'{0x00000000950a1118}: 'void java.lang.invoke.DirectMethodHandle$Holder.invokeStatic(java.lang.Object, java.lang.Object, java.lang.Object, int)'> (0x00000000950a1118) thrown at [./src/hotspot/share/interpreter/linkResolver.cpp, line 773]
Event: 28.288 Thread 0x000002d5499cb800 Exception <a 'java/lang/IncompatibleClassChangeError'{0x00000000950a8fa8}: Found class java.lang.Object, but interface was expected> (0x00000000950a8fa8) thrown at [./src/hotspot/share/interpreter/linkResolver.cpp, line 839]
Event: 28.304 Thread 0x000002d5499cc000 Exception <a 'java/lang/NoSuchMethodError'{0x00000000950fd2e8}: 'int java.lang.invoke.DirectMethodHandle$Holder.invokeVirtual(java.lang.Object, java.lang.Object, java.lang.Object)'> (0x00000000950fd2e8) thrown at [./src/hotspot/share/interpreter/linkResolver.cpp, line 773]

Events (20 events):
Event: 28.552 Executing VM operation: RevokeBias done
Event: 28.553 Executing VM operation: RevokeBias
Event: 28.553 Executing VM operation: RevokeBias done
Event: 28.553 Executing VM operation: RevokeBias
Event: 28.553 Executing coalesced safepoint VM operation: RevokeBias
Event: 28.553 Executing coalesced safepoint VM operation: RevokeBias done
Event: 28.553 Executing coalesced safepoint VM operation: RevokeBias
Event: 28.553 Executing coalesced safepoint VM operation: RevokeBias done
Event: 28.553 Executing VM operation: RevokeBias done
Event: 28.554 Executing VM operation: RevokeBias
Event: 28.554 Executing coalesced safepoint VM operation: RevokeBias
Event: 28.554 Executing coalesced safepoint VM operation: RevokeBias done
Event: 28.554 Executing VM operation: RevokeBias done
Event: 28.555 Executing VM operation: BulkRevokeBias
Event: 28.557 Executing coalesced safepoint VM operation: RevokeBias
Event: 28.557 Executing coalesced safepoint VM operation: RevokeBias done
Event: 28.557 Executing coalesced safepoint VM operation: RevokeBias
Event: 28.557 Executing coalesced safepoint VM operation: RevokeBias done
Event: 28.557 Executing VM operation: BulkRevokeBias done
Event: 28.595 Executing VM operation: G1CollectForAllocation


Dynamic libraries:
0x00007ff7a5d00000 - 0x00007ff7a5d0a000 	E:\Android Studio\jre\bin\java.exe
0x00007ffa1ac30000 - 0x00007ffa1ae25000 	C:\WINDOWS\SYSTEM32\ntdll.dll
0x00007ffa1a5b0000 - 0x00007ffa1a66e000 	C:\WINDOWS\System32\KERNEL32.DLL
0x00007ffa184a0000 - 0x00007ffa18768000 	C:\WINDOWS\System32\KERNELBASE.dll
0x00007ffa18350000 - 0x00007ffa18450000 	C:\WINDOWS\System32\ucrtbase.dll
0x00007ffa09660000 - 0x00007ffa09677000 	E:\Android Studio\jre\bin\VCRUNTIME140.dll
0x00007ffa104e0000 - 0x00007ffa104f9000 	E:\Android Studio\jre\bin\jli.dll
0x00007ffa1a2f0000 - 0x00007ffa1a491000 	C:\WINDOWS\System32\USER32.dll
0x00007ffa188e0000 - 0x00007ffa18902000 	C:\WINDOWS\System32\win32u.dll
0x00007ffa1a670000 - 0x00007ffa1a69b000 	C:\WINDOWS\System32\GDI32.dll
0x00007ffa187d0000 - 0x00007ffa188db000 	C:\WINDOWS\System32\gdi32full.dll
0x00007ffa03690000 - 0x00007ffa0392a000 	C:\WINDOWS\WinSxS\amd64_microsoft.windows.common-controls_6595b64144ccf1df_6.0.19041.1110_none_60b5254171f9507e\COMCTL32.dll
0x00007ffa18a70000 - 0x00007ffa18b0d000 	C:\WINDOWS\System32\msvcp_win.dll
0x00007ffa1a070000 - 0x00007ffa1a10e000 	C:\WINDOWS\System32\msvcrt.dll
0x00007ffa1a040000 - 0x00007ffa1a070000 	C:\WINDOWS\System32\IMM32.DLL
0x00007ff9d9ec0000 - 0x00007ff9d9f5d000 	E:\Android Studio\jre\bin\msvcp140.dll
0x00007ff9cb950000 - 0x00007ff9cc41f000 	E:\Android Studio\jre\bin\server\jvm.dll
0x00007ffa1a6a0000 - 0x00007ffa1a74c000 	C:\WINDOWS\System32\ADVAPI32.dll
0x00007ffa18ca0000 - 0x00007ffa18d3b000 	C:\WINDOWS\System32\sechost.dll
0x00007ffa18fd0000 - 0x00007ffa190fa000 	C:\WINDOWS\System32\RPCRT4.dll
0x00007ffa18ef0000 - 0x00007ffa18ef8000 	C:\WINDOWS\System32\PSAPI.DLL
0x00007ff9ff550000 - 0x00007ff9ff559000 	C:\WINDOWS\SYSTEM32\WSOCK32.dll
0x00007ffa18f00000 - 0x00007ffa18f6b000 	C:\WINDOWS\System32\WS2_32.dll
0x00007ffa0f840000 - 0x00007ffa0f84a000 	C:\WINDOWS\SYSTEM32\VERSION.dll
0x00007ffa028a0000 - 0x00007ffa028c7000 	C:\WINDOWS\SYSTEM32\WINMM.dll
0x00007ffa16c20000 - 0x00007ffa16c32000 	C:\WINDOWS\SYSTEM32\kernel.appcore.dll
0x00007ffa10500000 - 0x00007ffa10511000 	E:\Android Studio\jre\bin\verify.dll
0x00007ffa168e0000 - 0x00007ffa16ac4000 	C:\WINDOWS\SYSTEM32\DBGHELP.DLL
0x00007ff9fd6c0000 - 0x00007ff9fd6ec000 	C:\WINDOWS\SYSTEM32\dbgcore.DLL
0x00007ffa18b10000 - 0x00007ffa18b93000 	C:\WINDOWS\System32\bcryptPrimitives.dll
0x00007ffa0cfc0000 - 0x00007ffa0cfe9000 	E:\Android Studio\jre\bin\java.dll
0x00007ffa12550000 - 0x00007ffa1255b000 	E:\Android Studio\jre\bin\jimage.dll
0x00007ffa103e0000 - 0x00007ffa103f8000 	E:\Android Studio\jre\bin\zip.dll
0x00007ffa19100000 - 0x00007ffa1983f000 	C:\WINDOWS\System32\SHELL32.dll
0x00007ffa16080000 - 0x00007ffa16810000 	C:\WINDOWS\SYSTEM32\windows.storage.dll
0x00007ffa1a7b0000 - 0x00007ffa1ab05000 	C:\WINDOWS\System32\combase.dll
0x00007ffa17da0000 - 0x00007ffa17dce000 	C:\WINDOWS\SYSTEM32\Wldp.dll
0x00007ffa1a240000 - 0x00007ffa1a2ed000 	C:\WINDOWS\System32\SHCORE.dll
0x00007ffa18f70000 - 0x00007ffa18fc5000 	C:\WINDOWS\System32\shlwapi.dll
0x00007ffa18290000 - 0x00007ffa182af000 	C:\WINDOWS\SYSTEM32\profapi.dll
0x00007ffa0cfa0000 - 0x00007ffa0cfba000 	E:\Android Studio\jre\bin\net.dll
0x00007ffa04690000 - 0x00007ffa0479c000 	C:\WINDOWS\SYSTEM32\WINHTTP.dll
0x00007ffa17b00000 - 0x00007ffa17b6a000 	C:\WINDOWS\system32\mswsock.dll
0x00007ffa0cf80000 - 0x00007ffa0cf94000 	E:\Android Studio\jre\bin\nio.dll
0x00007ffa002b0000 - 0x00007ffa002d7000 	C:\Users\peto\.gradle\native\8bec1ad78214c89d9ad589b4d07fe93259594b29d510b10fafb7a158f7737e5d\windows-amd64\native-platform.dll
0x00007ff9d69e0000 - 0x00007ff9d6b1d000 	C:\Users\peto\.gradle\native\53dbd7edfb1c66fb8903c78663c9afc45aea4f116125fa6feffd364cf09443e8\windows-amd64\native-platform-file-events.dll
0x00007ffa120a0000 - 0x00007ffa120aa000 	E:\Android Studio\jre\bin\management.dll
0x00007ffa12080000 - 0x00007ffa1208c000 	E:\Android Studio\jre\bin\management_ext.dll
0x00007ffa17cf0000 - 0x00007ffa17d08000 	C:\WINDOWS\SYSTEM32\CRYPTSP.dll
0x00007ffa17410000 - 0x00007ffa17444000 	C:\WINDOWS\system32\rsaenh.dll
0x00007ffa18ba0000 - 0x00007ffa18bc7000 	C:\WINDOWS\System32\bcrypt.dll
0x00007ffa18250000 - 0x00007ffa1827e000 	C:\WINDOWS\SYSTEM32\USERENV.dll
0x00007ffa17d10000 - 0x00007ffa17d1c000 	C:\WINDOWS\SYSTEM32\CRYPTBASE.dll
0x00007ffa177a0000 - 0x00007ffa177db000 	C:\WINDOWS\SYSTEM32\IPHLPAPI.DLL
0x00007ffa19f40000 - 0x00007ffa19f48000 	C:\WINDOWS\System32\NSI.dll
0x00007ffa0cd10000 - 0x00007ffa0cd27000 	C:\WINDOWS\SYSTEM32\dhcpcsvc6.DLL
0x00007ffa0dc80000 - 0x00007ffa0dc9d000 	C:\WINDOWS\SYSTEM32\dhcpcsvc.DLL
0x00007ffa177e0000 - 0x00007ffa178ab000 	C:\WINDOWS\SYSTEM32\DNSAPI.dll

dbghelp: loaded successfully - version: 4.0.5 - missing functions: none
symbol engine: initialized successfully - sym options: 0x614 - pdb path: .;E:\Android Studio\jre\bin;C:\WINDOWS\SYSTEM32;C:\WINDOWS\WinSxS\amd64_microsoft.windows.common-controls_6595b64144ccf1df_6.0.19041.1110_none_60b5254171f9507e;E:\Android Studio\jre\bin\server;C:\Users\peto\.gradle\native\8bec1ad78214c89d9ad589b4d07fe93259594b29d510b10fafb7a158f7737e5d\windows-amd64;C:\Users\peto\.gradle\native\53dbd7edfb1c66fb8903c78663c9afc45aea4f116125fa6feffd364cf09443e8\windows-amd64

VM Arguments:
jvm_args: --add-opens=java.base/java.util=ALL-UNNAMED --add-opens=java.base/java.lang=ALL-UNNAMED --add-opens=java.base/java.lang.invoke=ALL-UNNAMED --add-opens=java.base/java.util=ALL-UNNAMED --add-opens=java.prefs/java.util.prefs=ALL-UNNAMED --add-opens=java.prefs/java.util.prefs=ALL-UNNAMED --add-opens=java.base/java.nio.charset=ALL-UNNAMED --add-opens=java.base/java.net=ALL-UNNAMED --add-opens=java.base/java.util.concurrent.atomic=ALL-UNNAMED -Xmx2048m -Dfile.encoding=UTF-8 -Duser.country=US -Duser.language=en -Duser.variant 
java_command: org.gradle.launcher.daemon.bootstrap.GradleDaemon 7.0.2
java_class_path (initial): C:\Users\peto\.gradle\wrapper\dists\gradle-7.0.2-bin\857tjihv64xamwrf0h14cai3r\gradle-7.0.2\lib\gradle-launcher-7.0.2.jar
Launcher Type: SUN_STANDARD

[Global flags]
     intx CICompilerCount                          = 3                                         {product} {ergonomic}
     uint ConcGCThreads                            = 1                                         {product} {ergonomic}
     uint G1ConcRefinementThreads                  = 4                                         {product} {ergonomic}
   size_t G1HeapRegionSize                         = 1048576                                   {product} {ergonomic}
    uintx GCDrainStackTargetSize                   = 64                                        {product} {ergonomic}
   size_t InitialHeapSize                          = 134217728                                 {product} {ergonomic}
   size_t MarkStackSize                            = 4194304                                   {product} {ergonomic}
   size_t MaxHeapSize                              = 2147483648                                {product} {command line}
   size_t MaxNewSize                               = 1287651328                                {product} {ergonomic}
   size_t MinHeapDeltaBytes                        = 1048576                                   {product} {ergonomic}
    uintx NonNMethodCodeHeapSize                   = 5830732                                {pd product} {ergonomic}
    uintx NonProfiledCodeHeapSize                  = 122913754                              {pd product} {ergonomic}
    uintx ProfiledCodeHeapSize                     = 122913754                              {pd product} {ergonomic}
    uintx ReservedCodeCacheSize                    = 251658240                              {pd product} {ergonomic}
     bool SegmentedCodeCache                       = true                                      {product} {ergonomic}
     bool UseCompressedClassPointers               = true                                 {lp64_product} {ergonomic}
     bool UseCompressedOops                        = true                                 {lp64_product} {ergonomic}
     bool UseG1GC                                  = true                                      {product} {ergonomic}
     bool UseLargePagesIndividualAllocation        = false                                  {pd product} {ergonomic}

Logging:
Log output configuration:
 #0: stdout all=warning uptime,level,tags
 #1: stderr all=off uptime,level,tags

Environment Variables:
PATH=C:\Python310\Scripts\;C:\Python310\;C:\Program Files\Common Files\Oracle\Java\javapath;C:\Program Files (x86)\VMware\VMware Player\bin\;C:\Program Files (x86)\Intel\iCLS Client\;C:\Program Files\Intel\iCLS Client\;C:\Windows\system32;C:\Windows;C:\Windows\System32\Wbem;C:\Windows\System32\WindowsPowerShell\v1.0\;C:\Program Files (x86)\NVIDIA Corporation\PhysX\Common;C:\Program Files (x86)\Intel\Intel(R) Management Engine Components\DAL;C:\Program Files\Intel\Intel(R) Management Engine Components\DAL;C:\Program Files (x86)\Intel\Intel(R) Management Engine Components\IPT;C:\Program Files\Intel\Intel(R) Management Engine Components\IPT;C:\Program Files\Intel\WiFi\bin\;C:\Program Files\Common Files\Intel\WirelessCommon\;C:\WINDOWS\system32;C:\WINDOWS;C:\WINDOWS\System32\Wbem;C:\WINDOWS\System32\WindowsPowerShell\v1.0\;C:\WINDOWS\System32\OpenSSH\;C:\Program Files (x86)\EAC MW klient\;C:\Program Files\Git\cmd;C:\Program Files\nodejs\;C:\ProgramData\chocolatey\bin;C:\Users\peto\AppData\Local\Programs\Python\Python38\Scripts\;C:\Users\peto\AppData\Local\Programs\Python\Python38\;C:\Users\peto\PycharmProjects\UPB2;C:\MinGW\bin;C:\Users\peto\AppData\Local\gitkraken\bin;C:\Users\peto\AppData\Local\Microsoft\WindowsApps;C:\Users\peto\AppData\Roaming\npm
USERNAME=peto
OS=Windows_NT
PROCESSOR_IDENTIFIER=Intel64 Family 6 Model 142 Stepping 9, GenuineIntel



---------------  S Y S T E M  ---------------

OS: Windows 10 , 64 bit Build 19041 (10.0.19041.1348)
OS uptime: 6 days 15:55 hours

CPU:total 4 (initial active 4) (2 cores per cpu, 2 threads per core) family 6 model 142 stepping 9 microcode 0xb4, cmov, cx8, fxsr, mmx, sse, sse2, sse3, ssse3, sse4.1, sse4.2, popcnt, avx, avx2, aes, clmul, erms, 3dnowpref, lzcnt, ht, tsc, tscinvbit, bmi1, bmi2, adx, fma

Memory: 4k page, system-wide physical 8090M (320M free)
TotalPageFile size 17465M (AvailPageFile size 29M)
current process WorkingSet (physical memory assigned to process): 466M, peak: 466M
current process commit charge ("private bytes"): 683M, peak: 1040M

vm_info: OpenJDK 64-Bit Server VM (11.0.10+0-b96-7249189) for windows-amd64 JRE (11.0.10+0-b96-7249189), built on Mar 31 2021 21:44:00 by "builder" with MS VC++ 14.0 (VS2015)

END.
