#
# There is insufficient memory for the Java Runtime Environment to continue.
# Native memory allocation (mmap) failed to map 216006656 bytes for Failed to commit area from 0x0000000094100000 to 0x00000000a0f00000 of length 216006656.
# Possible reasons:
#   The system is out of physical RAM or swap space
#   The process is running with CompressedOops enabled, and the Java Heap may be blocking the growth of the native heap
# Possible solutions:
#   Reduce memory load on the system
#   Increase physical memory or swap space
#   Check if swap backing store is full
#   Decrease Java heap size (-Xmx/-Xms)
#   Decrease number of Java threads
#   Decrease Java thread stack sizes (-Xss)
#   Set larger code cache with -XX:ReservedCodeCacheSize=
#   JVM is running with Unscaled Compressed Oops mode in which the Java heap is
#     placed in the first 4GB address space. The Java Heap base address is the
#     maximum limit for the native heap growth. Please use -XX:HeapBaseMinAddress
#     to set the Java Heap base and to place the Java Heap above 4GB virtual address.
# This output file may be truncated or incomplete.
#
#  Out of Memory Error (./src/hotspot/os/windows/os_windows.cpp:3301), pid=4656, tid=25272
#
# JRE version: OpenJDK Runtime Environment (11.0.10) (build 11.0.10+0-b96-7249189)
# Java VM: OpenJDK 64-Bit Server VM (11.0.10+0-b96-7249189, mixed mode, tiered, compressed oops, g1 gc, windows-amd64)
# No core dump will be written. Minidumps are not enabled by default on client versions of Windows
#

---------------  S U M M A R Y ------------

Command Line: --add-opens=java.base/java.util=ALL-UNNAMED --add-opens=java.base/java.lang=ALL-UNNAMED --add-opens=java.base/java.lang.invoke=ALL-UNNAMED --add-opens=java.base/java.util=ALL-UNNAMED --add-opens=java.prefs/java.util.prefs=ALL-UNNAMED --add-opens=java.prefs/java.util.prefs=ALL-UNNAMED --add-opens=java.base/java.nio.charset=ALL-UNNAMED --add-opens=java.base/java.net=ALL-UNNAMED --add-opens=java.base/java.util.concurrent.atomic=ALL-UNNAMED -Xmx2048m -Dfile.encoding=UTF-8 -Duser.country=US -Duser.language=en -Duser.variant org.gradle.launcher.daemon.bootstrap.GradleDaemon 7.0.2

Host: Intel(R) Core(TM) i7-7500U CPU @ 2.70GHz, 4 cores, 7G,  Windows 10 , 64 bit Build 19041 (10.0.19041.1348)
Time: Tue Nov 23 00:40:59 2021 Central Europe Standard Time elapsed time: 244.310287 seconds (0d 0h 4m 4s)

---------------  T H R E A D  ---------------

Current thread (0x000001403dd38800):  VMThread "VM Thread" [stack: 0x0000001a4e600000,0x0000001a4e700000] [id=25272]

Stack: [0x0000001a4e600000,0x0000001a4e700000]
[error occurred during error reporting (printing stack bounds), id 0xc0000005, EXCEPTION_ACCESS_VIOLATION (0xc0000005) at pc=0x00000140274d0f2d]

Native frames: (J=compiled Java code, j=interpreted, Vv=VM code, C=native code)
V  [jvm.dll+0x5ecfaa]
V  [jvm.dll+0x722bd5]
V  [jvm.dll+0x72412d]
V  [jvm.dll+0x724745]
V  [jvm.dll+0x7246fb]
V  [jvm.dll+0x5ec348]
V  [jvm.dll+0x5ecad8]
C  [ntdll.dll+0xa20cf]
C  [ntdll.dll+0x51454]
C  [ntdll.dll+0xa0bfe]
C  0x00000140274d0f2d

VM_Operation (0x0000001a50af9d30): G1CollectForAllocation, mode: safepoint, requested by thread 0x0000014049500000


---------------  P R O C E S S  ---------------

Threads class SMR info:
_java_thread_list=0x0000014040541a30, length=52, elements={
0x00000140239bc800, 0x000001403dd3f800, 0x000001403dd41800, 0x000001403e6e2800,
0x000001403dd5a000, 0x000001403dd5c000, 0x000001403dd63000, 0x000001403dd6d800,
0x000001403dd73800, 0x000001403e836000, 0x0000014040088800, 0x0000014040011000,
0x000001403f60d800, 0x000001403eab8800, 0x000001403eabb800, 0x000001403eabc800,
0x000001403eabd000, 0x000001403eab9000, 0x000001403eaba800, 0x0000014040cf1000,
0x0000014040cf2000, 0x0000014040cec000, 0x0000014040cf2800, 0x0000014040cf3800,
0x0000014040cf8800, 0x00000140494f8800, 0x00000140494f3800, 0x00000140494f5800,
0x00000140494f3000, 0x00000140494fb000, 0x00000140494fa800, 0x00000140494fc000,
0x00000140494f6000, 0x00000140494fc800, 0x00000140494fd800, 0x00000140494fe800,
0x00000140494ff000, 0x00000140494f9800, 0x0000014049500000, 0x0000014049501000,
0x0000014049501800, 0x0000014040cee800, 0x0000014040cef800, 0x0000014040cf6000,
0x0000014040cf0000, 0x0000014040cf6800, 0x0000014040cf7800, 0x0000014040cfa000,
0x000001403eabf000, 0x0000014040cfb000, 0x000001403eaba000, 0x0000014048398000
}

Java Threads: ( => current thread )
  0x00000140239bc800 JavaThread "main" [_thread_blocked, id=25460, stack(0x0000001a4e000000,0x0000001a4e100000)]
  0x000001403dd3f800 JavaThread "Reference Handler" daemon [_thread_blocked, id=23236, stack(0x0000001a4e700000,0x0000001a4e800000)]
  0x000001403dd41800 JavaThread "Finalizer" daemon [_thread_blocked, id=25776, stack(0x0000001a4e800000,0x0000001a4e900000)]
  0x000001403e6e2800 JavaThread "Signal Dispatcher" daemon [_thread_blocked, id=12152, stack(0x0000001a4e900000,0x0000001a4ea00000)]
  0x000001403dd5a000 JavaThread "Attach Listener" daemon [_thread_blocked, id=27740, stack(0x0000001a4ea00000,0x0000001a4eb00000)]
  0x000001403dd5c000 JavaThread "Service Thread" daemon [_thread_blocked, id=26020, stack(0x0000001a4eb00000,0x0000001a4ec00000)]
  0x000001403dd63000 JavaThread "C2 CompilerThread0" daemon [_thread_in_native, id=29488, stack(0x0000001a4ec00000,0x0000001a4ed00000)]
  0x000001403dd6d800 JavaThread "C1 CompilerThread0" daemon [_thread_blocked, id=31596, stack(0x0000001a4ed00000,0x0000001a4ee00000)]
  0x000001403dd73800 JavaThread "Sweeper thread" daemon [_thread_blocked, id=20276, stack(0x0000001a4ee00000,0x0000001a4ef00000)]
  0x000001403e836000 JavaThread "Common-Cleaner" daemon [_thread_blocked, id=30628, stack(0x0000001a4ef00000,0x0000001a4f000000)]
  0x0000014040088800 JavaThread "Daemon health stats" [_thread_blocked, id=18896, stack(0x0000001a4f300000,0x0000001a4f400000)]
  0x0000014040011000 JavaThread "Incoming local TCP Connector on port 56674" [_thread_in_native, id=29856, stack(0x0000001a4f400000,0x0000001a4f500000)]
  0x000001403f60d800 JavaThread "Daemon periodic checks" [_thread_blocked, id=4056, stack(0x0000001a4f500000,0x0000001a4f600000)]
  0x000001403eab8800 JavaThread "Cache worker for file hash cache (C:\Users\peto\.gradle\caches\7.0.2\fileHashes)" [_thread_blocked, id=19936, stack(0x0000001a4fe00000,0x0000001a4ff00000)]
  0x000001403eabb800 JavaThread "File lock request listener" [_thread_in_native, id=25652, stack(0x0000001a4ff00000,0x0000001a50000000)]
  0x000001403eabc800 JavaThread "Cache worker for journal cache (C:\Users\peto\.gradle\caches\journal-1)" [_thread_blocked, id=6088, stack(0x0000001a50000000,0x0000001a50100000)]
  0x000001403eabd000 JavaThread "File watcher server" daemon [_thread_blocked, id=22120, stack(0x0000001a50200000,0x0000001a50300000)]
  0x000001403eab9000 JavaThread "File watcher consumer" daemon [_thread_blocked, id=16528, stack(0x0000001a50300000,0x0000001a50400000)]
  0x000001403eaba800 JavaThread "jar transforms" [_thread_blocked, id=16780, stack(0x0000001a50400000,0x0000001a50500000)]
  0x0000014040cf1000 JavaThread "jar transforms Thread 2" [_thread_blocked, id=16952, stack(0x0000001a50500000,0x0000001a50600000)]
  0x0000014040cf2000 JavaThread "jar transforms Thread 3" [_thread_blocked, id=6128, stack(0x0000001a50600000,0x0000001a50700000)]
  0x0000014040cec000 JavaThread "jar transforms Thread 4" [_thread_blocked, id=26116, stack(0x0000001a50700000,0x0000001a50800000)]
  0x0000014040cf2800 JavaThread "Cache worker for execution history cache (C:\Users\peto\.gradle\caches\7.0.2\executionHistory)" [_thread_blocked, id=11348, stack(0x0000001a50b00000,0x0000001a50c00000)]
  0x0000014040cf3800 JavaThread "Cache worker for file content cache (C:\Users\peto\.gradle\caches\7.0.2\fileContent)" [_thread_blocked, id=22056, stack(0x0000001a50c00000,0x0000001a50d00000)]
  0x0000014040cf8800 JavaThread "Memory manager" [_thread_blocked, id=376, stack(0x0000001a51400000,0x0000001a51500000)]
  0x00000140494f8800 JavaThread "Daemon Thread 2" [_thread_blocked, id=10220, stack(0x0000001a4dd00000,0x0000001a4de00000)]
  0x00000140494f3800 JavaThread "Handler for socket connection from /127.0.0.1:56674 to /127.0.0.1:56792" [_thread_in_native, id=23416, stack(0x0000001a4de00000,0x0000001a4df00000)]
  0x00000140494f5800 JavaThread "Cancel handler" [_thread_blocked, id=11360, stack(0x0000001a4df00000,0x0000001a4e000000)]
  0x00000140494f3000 JavaThread "Daemon worker Thread 2" [_thread_blocked, id=19164, stack(0x0000001a4f600000,0x0000001a4f700000)]
  0x00000140494fb000 JavaThread "Asynchronous log dispatcher for DefaultDaemonConnection: socket connection from /127.0.0.1:56674 to /127.0.0.1:56792" [_thread_blocked, id=9288, stack(0x0000001a4f700000,0x0000001a4f800000)]
  0x00000140494fa800 JavaThread "Stdin handler" [_thread_blocked, id=9420, stack(0x0000001a4f800000,0x0000001a4f900000)]
  0x00000140494fc000 JavaThread "Daemon client event forwarder" [_thread_blocked, id=13780, stack(0x0000001a4f900000,0x0000001a4fa00000)]
  0x00000140494f6000 JavaThread "Cache worker for file hash cache (E:\FinalAssignment\.gradle\7.0.2\fileHashes)" [_thread_blocked, id=21920, stack(0x0000001a4fa00000,0x0000001a4fb00000)]
  0x00000140494fc800 JavaThread "Cache worker for checksums cache (E:\FinalAssignment\.gradle\checksums)" [_thread_blocked, id=30632, stack(0x0000001a4fb00000,0x0000001a4fc00000)]
  0x00000140494fd800 JavaThread "Cache worker for cache directory md-supplier (C:\Users\peto\.gradle\caches\7.0.2\md-supplier)" [_thread_blocked, id=11276, stack(0x0000001a4fc00000,0x0000001a4fd00000)]
  0x00000140494fe800 JavaThread "Cache worker for cache directory md-rule (C:\Users\peto\.gradle\caches\7.0.2\md-rule)" [_thread_blocked, id=20708, stack(0x0000001a50100000,0x0000001a50200000)]
  0x00000140494ff000 JavaThread "Cache worker for dependencies-accessors (E:\FinalAssignment\.gradle\7.0.2\dependencies-accessors)" [_thread_blocked, id=8764, stack(0x0000001a50800000,0x0000001a50900000)]
  0x00000140494f9800 JavaThread "Cache worker for Build Output Cleanup Cache (E:\FinalAssignment\.gradle\buildOutputCleanup)" [_thread_blocked, id=3852, stack(0x0000001a50900000,0x0000001a50a00000)]
  0x0000014049500000 JavaThread "Build operations" [_thread_blocked, id=7936, stack(0x0000001a50a00000,0x0000001a50b00000)]
  0x0000014049501000 JavaThread "Build operations Thread 2" [_thread_blocked, id=17484, stack(0x0000001a50d00000,0x0000001a50e00000)]
  0x0000014049501800 JavaThread "Build operations Thread 3" [_thread_blocked, id=1184, stack(0x0000001a50e00000,0x0000001a50f00000)]
  0x0000014040cee800 JavaThread "Build operations Thread 4" [_thread_blocked, id=27344, stack(0x0000001a51000000,0x0000001a51100000)]
  0x0000014040cef800 JavaThread "build event listener" [_thread_blocked, id=23468, stack(0x0000001a51100000,0x0000001a51200000)]
  0x0000014040cf6000 JavaThread "build event listener" [_thread_blocked, id=15336, stack(0x0000001a51200000,0x0000001a51300000)]
  0x0000014040cf0000 JavaThread "Execution worker for ':'" [_thread_blocked, id=15696, stack(0x0000001a51300000,0x0000001a51400000)]
  0x0000014040cf6800 JavaThread "Execution worker for ':' Thread 2" [_thread_blocked, id=13908, stack(0x0000001a51700000,0x0000001a51800000)]
  0x0000014040cf7800 JavaThread "Execution worker for ':' Thread 3" [_thread_blocked, id=5536, stack(0x0000001a51800000,0x0000001a51900000)]
  0x0000014040cfa000 JavaThread "Cache worker for execution history cache (E:\FinalAssignment\.gradle\7.0.2\executionHistory)" [_thread_blocked, id=16636, stack(0x0000001a51900000,0x0000001a51a00000)]
  0x000001403eabf000 JavaThread "WorkerExecutor Queue" [_thread_blocked, id=6348, stack(0x0000001a51a00000,0x0000001a51b00000)]
  0x0000014040cfb000 JavaThread "WorkerExecutor Queue Thread 2" [_thread_blocked, id=26004, stack(0x0000001a51b00000,0x0000001a51c00000)]
  0x000001403eaba000 JavaThread "WorkerExecutor Queue Thread 3" [_thread_blocked, id=25660, stack(0x0000001a51c00000,0x0000001a51d00000)]
  0x0000014048398000 JavaThread "WorkerExecutor Queue Thread 4" [_thread_blocked, id=13684, stack(0x0000001a51d00000,0x0000001a51e00000)]

Other Threads:
=>0x000001403dd38800 VMThread "VM Thread" [stack: 0x0000001a4e600000,0x0000001a4e700000] [id=25272]
  0x000001403e88c800 WatcherThread [stack: 0x0000001a4f000000,0x0000001a4f100000] [id=9924]
  0x00000140239d4000 GCTaskThread "GC Thread#0" [stack: 0x0000001a4e100000,0x0000001a4e200000] [id=26192]
  0x000001403eb79800 GCTaskThread "GC Thread#1" [stack: 0x0000001a4f100000,0x0000001a4f200000] [id=10988]
  0x000001403f194800 GCTaskThread "GC Thread#2" [stack: 0x0000001a4f200000,0x0000001a4f300000] [id=10100]
  0x000001403f905000 GCTaskThread "GC Thread#3" [stack: 0x0000001a4fd00000,0x0000001a4fe00000] [id=26872]
  0x0000014023a05000 ConcurrentGCThread "G1 Main Marker" [stack: 0x0000001a4e200000,0x0000001a4e300000] [id=18320]
  0x0000014023a06800 ConcurrentGCThread "G1 Conc#0" [stack: 0x0000001a4e300000,0x0000001a4e400000] [id=17912]
  0x0000014023a97800 ConcurrentGCThread "G1 Refine#0" [stack: 0x0000001a4e400000,0x0000001a4e500000] [id=10372]
  0x0000014023a98800 ConcurrentGCThread "G1 Young RemSet Sampling" [stack: 0x0000001a4e500000,0x0000001a4e600000] [id=29948]

Threads with active compile tasks:
C2 CompilerThread0 244349 24792 %     4       com.android.tools.r8.internal.U6::a @ 2046 (6044 bytes)

VM state:at safepoint (normal execution)

VM Mutex/Monitor currently owned by a thread:  ([mutex/lock_event])
[0x00000140239b9de0] Threads_lock - owner thread: 0x000001403dd38800
[0x00000140239b9060] Heap_lock - owner thread: 0x0000014049500000

Heap address: 0x0000000080000000, size: 2048 MB, Compressed Oops mode: 32-bit
Narrow klass base: 0x0000000000000000, Narrow klass shift: 3
Compressed class space size: 1073741824 Address: 0x0000000100000000

Heap:
 garbage-first heap   total 539648K, used 278392K [0x0000000080000000, 0x0000000100000000)
  region size 1024K, 2 young (2048K), 2 survivors (2048K)
 Metaspace       used 144987K, capacity 149129K, committed 149196K, reserved 1179648K
  class space    used 17988K, capacity 19497K, committed 19532K, reserved 1048576K
Heap Regions: E=young(eden), S=young(survivor), O=old, HS=humongous(starts), HC=humongous(continues), CS=collection set, F=free, A=archive, TAMS=top-at-mark-start (previous, next)
|   0|0x0000000080000000, 0x0000000080100000, 0x0000000080100000|100%| O|  |TAMS 0x0000000080100000, 0x0000000080100000| Untracked 
|   1|0x0000000080100000, 0x0000000080200000, 0x0000000080200000|100%| O|  |TAMS 0x0000000080200000, 0x0000000080200000| Untracked 
|   2|0x0000000080200000, 0x0000000080300000, 0x0000000080300000|100%| O|  |TAMS 0x0000000080300000, 0x0000000080300000| Untracked 
|   3|0x0000000080300000, 0x0000000080400000, 0x0000000080400000|100%|HS|  |TAMS 0x0000000080400000, 0x0000000080400000| Complete 
|   4|0x0000000080400000, 0x0000000080500000, 0x0000000080500000|100%|HC|  |TAMS 0x0000000080500000, 0x0000000080500000| Complete 
|   5|0x0000000080500000, 0x0000000080600000, 0x0000000080600000|100%|HC|  |TAMS 0x0000000080600000, 0x0000000080600000| Complete 
|   6|0x0000000080600000, 0x0000000080700000, 0x0000000080700000|100%| O|  |TAMS 0x0000000080700000, 0x0000000080700000| Untracked 
|   7|0x0000000080700000, 0x0000000080800000, 0x0000000080800000|100%| O|  |TAMS 0x0000000080800000, 0x0000000080800000| Untracked 
|   8|0x0000000080800000, 0x0000000080900000, 0x0000000080900000|100%| O|  |TAMS 0x0000000080900000, 0x0000000080900000| Untracked 
|   9|0x0000000080900000, 0x0000000080a00000, 0x0000000080a00000|100%| O|  |TAMS 0x0000000080a00000, 0x0000000080a00000| Untracked 
|  10|0x0000000080a00000, 0x0000000080b00000, 0x0000000080b00000|100%| O|  |TAMS 0x0000000080b00000, 0x0000000080b00000| Untracked 
|  11|0x0000000080b00000, 0x0000000080c00000, 0x0000000080c00000|100%| O|  |TAMS 0x0000000080c00000, 0x0000000080c00000| Untracked 
|  12|0x0000000080c00000, 0x0000000080d00000, 0x0000000080d00000|100%| O|  |TAMS 0x0000000080d00000, 0x0000000080d00000| Untracked 
|  13|0x0000000080d00000, 0x0000000080e00000, 0x0000000080e00000|100%| O|  |TAMS 0x0000000080e00000, 0x0000000080e00000| Untracked 
|  14|0x0000000080e00000, 0x0000000080f00000, 0x0000000080f00000|100%| O|  |TAMS 0x0000000080f00000, 0x0000000080f00000| Untracked 
|  15|0x0000000080f00000, 0x0000000081000000, 0x0000000081000000|100%| O|  |TAMS 0x0000000081000000, 0x0000000081000000| Untracked 
|  16|0x0000000081000000, 0x0000000081100000, 0x0000000081100000|100%|HS|  |TAMS 0x0000000081100000, 0x0000000081100000| Complete 
|  17|0x0000000081100000, 0x0000000081200000, 0x0000000081200000|100%|HC|  |TAMS 0x0000000081200000, 0x0000000081200000| Complete 
|  18|0x0000000081200000, 0x0000000081300000, 0x0000000081300000|100%|HS|  |TAMS 0x0000000081300000, 0x0000000081300000| Complete 
|  19|0x0000000081300000, 0x0000000081400000, 0x0000000081400000|100%|HC|  |TAMS 0x0000000081400000, 0x0000000081400000| Complete 
|  20|0x0000000081400000, 0x0000000081500000, 0x0000000081500000|100%|HC|  |TAMS 0x0000000081500000, 0x0000000081500000| Complete 
|  21|0x0000000081500000, 0x0000000081600000, 0x0000000081600000|100%|HS|  |TAMS 0x0000000081600000, 0x0000000081600000| Complete 
|  22|0x0000000081600000, 0x0000000081700000, 0x0000000081700000|100%|HC|  |TAMS 0x0000000081700000, 0x0000000081700000| Complete 
|  23|0x0000000081700000, 0x0000000081800000, 0x0000000081800000|100%|HC|  |TAMS 0x0000000081800000, 0x0000000081800000| Complete 
|  24|0x0000000081800000, 0x0000000081900000, 0x0000000081900000|100%|HC|  |TAMS 0x0000000081900000, 0x0000000081900000| Complete 
|  25|0x0000000081900000, 0x0000000081a00000, 0x0000000081a00000|100%|HC|  |TAMS 0x0000000081a00000, 0x0000000081a00000| Complete 
|  26|0x0000000081a00000, 0x0000000081b00000, 0x0000000081b00000|100%| O|  |TAMS 0x0000000081b00000, 0x0000000081b00000| Untracked 
|  27|0x0000000081b00000, 0x0000000081c00000, 0x0000000081c00000|100%| O|  |TAMS 0x0000000081c00000, 0x0000000081c00000| Untracked 
|  28|0x0000000081c00000, 0x0000000081d00000, 0x0000000081d00000|100%| O|  |TAMS 0x0000000081d00000, 0x0000000081d00000| Untracked 
|  29|0x0000000081d00000, 0x0000000081e00000, 0x0000000081e00000|100%| O|  |TAMS 0x0000000081e00000, 0x0000000081e00000| Untracked 
|  30|0x0000000081e00000, 0x0000000081f00000, 0x0000000081f00000|100%| O|  |TAMS 0x0000000081f00000, 0x0000000081f00000| Untracked 
|  31|0x0000000081f00000, 0x0000000082000000, 0x0000000082000000|100%| O|  |TAMS 0x0000000082000000, 0x0000000082000000| Untracked 
|  32|0x0000000082000000, 0x0000000082100000, 0x0000000082100000|100%| O|  |TAMS 0x0000000082100000, 0x0000000082100000| Untracked 
|  33|0x0000000082100000, 0x0000000082200000, 0x0000000082200000|100%|HS|  |TAMS 0x0000000082200000, 0x0000000082200000| Complete 
|  34|0x0000000082200000, 0x0000000082300000, 0x0000000082300000|100%|HC|  |TAMS 0x0000000082300000, 0x0000000082300000| Complete 
|  35|0x0000000082300000, 0x0000000082400000, 0x0000000082400000|100%|HC|  |TAMS 0x0000000082400000, 0x0000000082400000| Complete 
|  36|0x0000000082400000, 0x0000000082500000, 0x0000000082500000|100%|HC|  |TAMS 0x0000000082500000, 0x0000000082500000| Complete 
|  37|0x0000000082500000, 0x0000000082600000, 0x0000000082600000|100%|HC|  |TAMS 0x0000000082600000, 0x0000000082600000| Complete 
|  38|0x0000000082600000, 0x0000000082700000, 0x0000000082700000|100%|HS|  |TAMS 0x0000000082700000, 0x0000000082700000| Complete 
|  39|0x0000000082700000, 0x0000000082800000, 0x0000000082800000|100%|HC|  |TAMS 0x0000000082800000, 0x0000000082800000| Complete 
|  40|0x0000000082800000, 0x0000000082900000, 0x0000000082900000|100%|HC|  |TAMS 0x0000000082900000, 0x0000000082900000| Complete 
|  41|0x0000000082900000, 0x0000000082a00000, 0x0000000082a00000|100%| O|  |TAMS 0x0000000082a00000, 0x0000000082a00000| Untracked 
|  42|0x0000000082a00000, 0x0000000082b00000, 0x0000000082b00000|100%| O|  |TAMS 0x0000000082b00000, 0x0000000082b00000| Untracked 
|  43|0x0000000082b00000, 0x0000000082c00000, 0x0000000082c00000|100%| O|  |TAMS 0x0000000082c00000, 0x0000000082c00000| Untracked 
|  44|0x0000000082c00000, 0x0000000082d00000, 0x0000000082d00000|100%| O|  |TAMS 0x0000000082d00000, 0x0000000082d00000| Untracked 
|  45|0x0000000082d00000, 0x0000000082e00000, 0x0000000082e00000|100%| O|  |TAMS 0x0000000082e00000, 0x0000000082e00000| Untracked 
|  46|0x0000000082e00000, 0x0000000082f00000, 0x0000000082f00000|100%| O|  |TAMS 0x0000000082f00000, 0x0000000082f00000| Untracked 
|  47|0x0000000082f00000, 0x0000000083000000, 0x0000000083000000|100%| O|  |TAMS 0x0000000083000000, 0x0000000083000000| Untracked 
|  48|0x0000000083000000, 0x0000000083100000, 0x0000000083100000|100%| O|  |TAMS 0x0000000083100000, 0x0000000083100000| Untracked 
|  49|0x0000000083100000, 0x0000000083200000, 0x0000000083200000|100%| O|  |TAMS 0x0000000083200000, 0x0000000083200000| Untracked 
|  50|0x0000000083200000, 0x0000000083300000, 0x0000000083300000|100%| O|  |TAMS 0x0000000083300000, 0x0000000083300000| Untracked 
|  51|0x0000000083300000, 0x0000000083400000, 0x0000000083400000|100%| O|  |TAMS 0x0000000083400000, 0x0000000083400000| Untracked 
|  52|0x0000000083400000, 0x0000000083500000, 0x0000000083500000|100%| O|  |TAMS 0x0000000083500000, 0x0000000083500000| Untracked 
|  53|0x0000000083500000, 0x0000000083600000, 0x0000000083600000|100%| O|  |TAMS 0x0000000083600000, 0x0000000083600000| Untracked 
|  54|0x0000000083600000, 0x0000000083700000, 0x0000000083700000|100%| O|  |TAMS 0x0000000083700000, 0x0000000083700000| Untracked 
|  55|0x0000000083700000, 0x0000000083800000, 0x0000000083800000|100%|HS|  |TAMS 0x0000000083800000, 0x0000000083800000| Complete 
|  56|0x0000000083800000, 0x0000000083900000, 0x0000000083900000|100%|HS|  |TAMS 0x0000000083900000, 0x0000000083900000| Complete 
|  57|0x0000000083900000, 0x0000000083a00000, 0x0000000083a00000|100%|HS|  |TAMS 0x0000000083a00000, 0x0000000083a00000| Complete 
|  58|0x0000000083a00000, 0x0000000083b00000, 0x0000000083b00000|100%|HS|  |TAMS 0x0000000083b00000, 0x0000000083b00000| Complete 
|  59|0x0000000083b00000, 0x0000000083c00000, 0x0000000083c00000|100%|HC|  |TAMS 0x0000000083c00000, 0x0000000083c00000| Complete 
|  60|0x0000000083c00000, 0x0000000083d00000, 0x0000000083d00000|100%|HC|  |TAMS 0x0000000083d00000, 0x0000000083d00000| Complete 
|  61|0x0000000083d00000, 0x0000000083e00000, 0x0000000083e00000|100%|HS|  |TAMS 0x0000000083e00000, 0x0000000083e00000| Complete 
|  62|0x0000000083e00000, 0x0000000083f00000, 0x0000000083f00000|100%|HC|  |TAMS 0x0000000083f00000, 0x0000000083f00000| Complete 
|  63|0x0000000083f00000, 0x0000000084000000, 0x0000000084000000|100%| O|  |TAMS 0x0000000084000000, 0x0000000084000000| Untracked 
|  64|0x0000000084000000, 0x0000000084100000, 0x0000000084100000|100%| O|  |TAMS 0x0000000084100000, 0x0000000084100000| Untracked 
|  65|0x0000000084100000, 0x0000000084200000, 0x0000000084200000|100%| O|  |TAMS 0x0000000084200000, 0x0000000084200000| Untracked 
|  66|0x0000000084200000, 0x0000000084300000, 0x0000000084300000|100%| O|  |TAMS 0x0000000084300000, 0x0000000084300000| Untracked 
|  67|0x0000000084300000, 0x0000000084400000, 0x0000000084400000|100%| O|  |TAMS 0x0000000084400000, 0x0000000084400000| Untracked 
|  68|0x0000000084400000, 0x0000000084500000, 0x0000000084500000|100%| O|  |TAMS 0x0000000084500000, 0x0000000084500000| Untracked 
|  69|0x0000000084500000, 0x0000000084600000, 0x0000000084600000|100%| O|  |TAMS 0x0000000084600000, 0x0000000084600000| Untracked 
|  70|0x0000000084600000, 0x0000000084700000, 0x0000000084700000|100%| O|  |TAMS 0x0000000084700000, 0x0000000084700000| Untracked 
|  71|0x0000000084700000, 0x0000000084800000, 0x0000000084800000|100%| O|  |TAMS 0x0000000084800000, 0x0000000084800000| Untracked 
|  72|0x0000000084800000, 0x0000000084900000, 0x0000000084900000|100%| O|  |TAMS 0x0000000084900000, 0x0000000084900000| Untracked 
|  73|0x0000000084900000, 0x0000000084a00000, 0x0000000084a00000|100%| O|  |TAMS 0x0000000084a00000, 0x0000000084a00000| Untracked 
|  74|0x0000000084a00000, 0x0000000084b00000, 0x0000000084b00000|100%| O|  |TAMS 0x0000000084b00000, 0x0000000084b00000| Untracked 
|  75|0x0000000084b00000, 0x0000000084c00000, 0x0000000084c00000|100%| O|  |TAMS 0x0000000084c00000, 0x0000000084c00000| Untracked 
|  76|0x0000000084c00000, 0x0000000084d00000, 0x0000000084d00000|100%| O|  |TAMS 0x0000000084d00000, 0x0000000084d00000| Untracked 
|  77|0x0000000084d00000, 0x0000000084e00000, 0x0000000084e00000|100%| O|  |TAMS 0x0000000084e00000, 0x0000000084e00000| Untracked 
|  78|0x0000000084e00000, 0x0000000084f00000, 0x0000000084f00000|100%| O|  |TAMS 0x0000000084f00000, 0x0000000084f00000| Untracked 
|  79|0x0000000084f00000, 0x0000000085000000, 0x0000000085000000|100%| O|  |TAMS 0x0000000085000000, 0x0000000085000000| Untracked 
|  80|0x0000000085000000, 0x0000000085100000, 0x0000000085100000|100%| O|  |TAMS 0x0000000085100000, 0x0000000085100000| Untracked 
|  81|0x0000000085100000, 0x0000000085200000, 0x0000000085200000|100%| O|  |TAMS 0x0000000085200000, 0x0000000085200000| Untracked 
|  82|0x0000000085200000, 0x0000000085300000, 0x0000000085300000|100%| O|  |TAMS 0x0000000085300000, 0x0000000085300000| Untracked 
|  83|0x0000000085300000, 0x0000000085400000, 0x0000000085400000|100%| O|  |TAMS 0x0000000085400000, 0x0000000085400000| Untracked 
|  84|0x0000000085400000, 0x0000000085500000, 0x0000000085500000|100%| O|  |TAMS 0x0000000085500000, 0x0000000085500000| Untracked 
|  85|0x0000000085500000, 0x0000000085600000, 0x0000000085600000|100%| O|  |TAMS 0x0000000085600000, 0x0000000085600000| Untracked 
|  86|0x0000000085600000, 0x0000000085700000, 0x0000000085700000|100%| O|  |TAMS 0x0000000085700000, 0x0000000085700000| Untracked 
|  87|0x0000000085700000, 0x0000000085800000, 0x0000000085800000|100%| O|  |TAMS 0x0000000085800000, 0x0000000085800000| Untracked 
|  88|0x0000000085800000, 0x0000000085900000, 0x0000000085900000|100%| O|  |TAMS 0x0000000085900000, 0x0000000085900000| Untracked 
|  89|0x0000000085900000, 0x0000000085a00000, 0x0000000085a00000|100%| O|  |TAMS 0x0000000085a00000, 0x0000000085a00000| Untracked 
|  90|0x0000000085a00000, 0x0000000085b00000, 0x0000000085b00000|100%| O|  |TAMS 0x0000000085b00000, 0x0000000085b00000| Untracked 
|  91|0x0000000085b00000, 0x0000000085c00000, 0x0000000085c00000|100%| O|  |TAMS 0x0000000085c00000, 0x0000000085c00000| Untracked 
|  92|0x0000000085c00000, 0x0000000085d00000, 0x0000000085d00000|100%| O|  |TAMS 0x0000000085d00000, 0x0000000085d00000| Untracked 
|  93|0x0000000085d00000, 0x0000000085e00000, 0x0000000085e00000|100%| O|  |TAMS 0x0000000085e00000, 0x0000000085e00000| Untracked 
|  94|0x0000000085e00000, 0x0000000085f00000, 0x0000000085f00000|100%| O|  |TAMS 0x0000000085f00000, 0x0000000085f00000| Untracked 
|  95|0x0000000085f00000, 0x0000000086000000, 0x0000000086000000|100%| O|  |TAMS 0x0000000086000000, 0x0000000086000000| Untracked 
|  96|0x0000000086000000, 0x0000000086100000, 0x0000000086100000|100%| O|  |TAMS 0x0000000086100000, 0x0000000086100000| Untracked 
|  97|0x0000000086100000, 0x0000000086200000, 0x0000000086200000|100%| O|  |TAMS 0x0000000086200000, 0x0000000086200000| Untracked 
|  98|0x0000000086200000, 0x0000000086300000, 0x0000000086300000|100%| O|  |TAMS 0x0000000086300000, 0x0000000086300000| Untracked 
|  99|0x0000000086300000, 0x0000000086400000, 0x0000000086400000|100%| O|  |TAMS 0x0000000086400000, 0x0000000086400000| Untracked 
| 100|0x0000000086400000, 0x0000000086500000, 0x0000000086500000|100%| O|  |TAMS 0x0000000086500000, 0x0000000086500000| Untracked 
| 101|0x0000000086500000, 0x0000000086600000, 0x0000000086600000|100%| O|  |TAMS 0x0000000086600000, 0x0000000086600000| Untracked 
| 102|0x0000000086600000, 0x0000000086700000, 0x0000000086700000|100%| O|  |TAMS 0x0000000086700000, 0x0000000086700000| Untracked 
| 103|0x0000000086700000, 0x0000000086800000, 0x0000000086800000|100%| O|  |TAMS 0x0000000086800000, 0x0000000086800000| Untracked 
| 104|0x0000000086800000, 0x0000000086900000, 0x0000000086900000|100%| O|  |TAMS 0x0000000086900000, 0x0000000086900000| Untracked 
| 105|0x0000000086900000, 0x0000000086a00000, 0x0000000086a00000|100%| O|  |TAMS 0x0000000086a00000, 0x0000000086a00000| Untracked 
| 106|0x0000000086a00000, 0x0000000086b00000, 0x0000000086b00000|100%| O|  |TAMS 0x0000000086b00000, 0x0000000086b00000| Untracked 
| 107|0x0000000086b00000, 0x0000000086c00000, 0x0000000086c00000|100%| O|  |TAMS 0x0000000086c00000, 0x0000000086c00000| Untracked 
| 108|0x0000000086c00000, 0x0000000086d00000, 0x0000000086d00000|100%| O|  |TAMS 0x0000000086d00000, 0x0000000086d00000| Untracked 
| 109|0x0000000086d00000, 0x0000000086e00000, 0x0000000086e00000|100%| O|  |TAMS 0x0000000086e00000, 0x0000000086e00000| Untracked 
| 110|0x0000000086e00000, 0x0000000086f00000, 0x0000000086f00000|100%| O|  |TAMS 0x0000000086e00000, 0x0000000086f00000| Untracked 
| 111|0x0000000086f00000, 0x0000000087000000, 0x0000000087000000|100%| O|  |TAMS 0x0000000086f00000, 0x0000000087000000| Untracked 
| 112|0x0000000087000000, 0x0000000087100000, 0x0000000087100000|100%| O|  |TAMS 0x0000000087000000, 0x0000000087100000| Untracked 
| 113|0x0000000087100000, 0x0000000087200000, 0x0000000087200000|100%|HS|  |TAMS 0x0000000087200000, 0x0000000087200000| Complete 
| 114|0x0000000087200000, 0x0000000087300000, 0x0000000087300000|100%| O|  |TAMS 0x0000000087200000, 0x0000000087300000| Untracked 
| 115|0x0000000087300000, 0x0000000087400000, 0x0000000087400000|100%| O|  |TAMS 0x0000000087300000, 0x0000000087400000| Untracked 
| 116|0x0000000087400000, 0x0000000087500000, 0x0000000087500000|100%| O|  |TAMS 0x0000000087500000, 0x0000000087500000| Untracked 
| 117|0x0000000087500000, 0x0000000087600000, 0x0000000087600000|100%| O|  |TAMS 0x0000000087500000, 0x0000000087600000| Untracked 
| 118|0x0000000087600000, 0x0000000087700000, 0x0000000087700000|100%| O|  |TAMS 0x0000000087700000, 0x0000000087700000| Untracked 
| 119|0x0000000087700000, 0x0000000087800000, 0x0000000087800000|100%|HS|  |TAMS 0x0000000087700000, 0x0000000087800000| Complete 
| 120|0x0000000087800000, 0x0000000087900000, 0x0000000087900000|100%| O|  |TAMS 0x0000000087800000, 0x0000000087900000| Untracked 
| 121|0x0000000087900000, 0x0000000087a00000, 0x0000000087a00000|100%| O|  |TAMS 0x0000000087900000, 0x0000000087a00000| Untracked 
| 122|0x0000000087a00000, 0x0000000087b00000, 0x0000000087b00000|100%| O|  |TAMS 0x0000000087a00000, 0x0000000087b00000| Untracked 
| 123|0x0000000087b00000, 0x0000000087c00000, 0x0000000087c00000|100%| O|  |TAMS 0x0000000087b00000, 0x0000000087c00000| Untracked 
| 124|0x0000000087c00000, 0x0000000087d00000, 0x0000000087d00000|100%| O|  |TAMS 0x0000000087c00000, 0x0000000087d00000| Untracked 
| 125|0x0000000087d00000, 0x0000000087e00000, 0x0000000087e00000|100%| O|  |TAMS 0x0000000087d00000, 0x0000000087e00000| Untracked 
| 126|0x0000000087e00000, 0x0000000087f00000, 0x0000000087f00000|100%| O|  |TAMS 0x0000000087e00000, 0x0000000087f00000| Untracked 
| 127|0x0000000087f00000, 0x0000000088000000, 0x0000000088000000|100%| O|  |TAMS 0x0000000087f00000, 0x0000000088000000| Untracked 
| 128|0x0000000088000000, 0x0000000088100000, 0x0000000088100000|100%| O|  |TAMS 0x0000000088000000, 0x0000000088100000| Untracked 
| 129|0x0000000088100000, 0x0000000088200000, 0x0000000088200000|100%| O|  |TAMS 0x0000000088200000, 0x0000000088200000| Untracked 
| 130|0x0000000088200000, 0x0000000088300000, 0x0000000088300000|100%| O|  |TAMS 0x0000000088300000, 0x0000000088300000| Untracked 
| 131|0x0000000088300000, 0x0000000088400000, 0x0000000088400000|100%| O|  |TAMS 0x0000000088300000, 0x0000000088400000| Untracked 
| 132|0x0000000088400000, 0x0000000088500000, 0x0000000088500000|100%| O|  |TAMS 0x0000000088400000, 0x0000000088500000| Untracked 
| 133|0x0000000088500000, 0x0000000088600000, 0x0000000088600000|100%| O|  |TAMS 0x0000000088500000, 0x0000000088600000| Untracked 
| 134|0x0000000088600000, 0x0000000088700000, 0x0000000088700000|100%| O|  |TAMS 0x0000000088600000, 0x0000000088700000| Untracked 
| 135|0x0000000088700000, 0x0000000088800000, 0x0000000088800000|100%| O|  |TAMS 0x0000000088700000, 0x0000000088800000| Untracked 
| 136|0x0000000088800000, 0x0000000088900000, 0x0000000088900000|100%| O|  |TAMS 0x0000000088800000, 0x0000000088900000| Untracked 
| 137|0x0000000088900000, 0x0000000088a00000, 0x0000000088a00000|100%| O|  |TAMS 0x0000000088900000, 0x0000000088a00000| Untracked 
| 138|0x0000000088a00000, 0x0000000088b00000, 0x0000000088b00000|100%| O|  |TAMS 0x0000000088a00000, 0x0000000088b00000| Untracked 
| 139|0x0000000088b00000, 0x0000000088c00000, 0x0000000088c00000|100%| O|  |TAMS 0x0000000088c00000, 0x0000000088c00000| Untracked 
| 140|0x0000000088c00000, 0x0000000088d00000, 0x0000000088d00000|100%| O|  |TAMS 0x0000000088d00000, 0x0000000088d00000| Untracked 
| 141|0x0000000088d00000, 0x0000000088e00000, 0x0000000088e00000|100%| O|  |TAMS 0x0000000088e00000, 0x0000000088e00000| Untracked 
| 142|0x0000000088e00000, 0x0000000088f00000, 0x0000000088f00000|100%| O|  |TAMS 0x0000000088f00000, 0x0000000088f00000| Untracked 
| 143|0x0000000088f00000, 0x0000000089000000, 0x0000000089000000|100%| O|  |TAMS 0x0000000089000000, 0x0000000089000000| Untracked 
| 144|0x0000000089000000, 0x0000000089100000, 0x0000000089100000|100%| O|  |TAMS 0x0000000089100000, 0x0000000089100000| Untracked 
| 145|0x0000000089100000, 0x0000000089200000, 0x0000000089200000|100%| O|  |TAMS 0x0000000089100000, 0x0000000089200000| Untracked 
| 146|0x0000000089200000, 0x0000000089300000, 0x0000000089300000|100%| O|  |TAMS 0x0000000089300000, 0x0000000089300000| Untracked 
| 147|0x0000000089300000, 0x0000000089400000, 0x0000000089400000|100%| O|  |TAMS 0x0000000089400000, 0x0000000089400000| Untracked 
| 148|0x0000000089400000, 0x0000000089500000, 0x0000000089500000|100%| O|  |TAMS 0x0000000089500000, 0x0000000089500000| Untracked 
| 149|0x0000000089500000, 0x0000000089600000, 0x0000000089600000|100%| O|  |TAMS 0x0000000089600000, 0x0000000089600000| Untracked 
| 150|0x0000000089600000, 0x0000000089700000, 0x0000000089700000|100%| O|  |TAMS 0x0000000089600000, 0x0000000089700000| Untracked 
| 151|0x0000000089700000, 0x0000000089800000, 0x0000000089800000|100%| O|  |TAMS 0x0000000089700000, 0x0000000089800000| Untracked 
| 152|0x0000000089800000, 0x0000000089900000, 0x0000000089900000|100%| O|  |TAMS 0x0000000089900000, 0x0000000089900000| Untracked 
| 153|0x0000000089900000, 0x0000000089a00000, 0x0000000089a00000|100%| O|  |TAMS 0x0000000089a00000, 0x0000000089a00000| Untracked 
| 154|0x0000000089a00000, 0x0000000089b00000, 0x0000000089b00000|100%| O|  |TAMS 0x0000000089b00000, 0x0000000089b00000| Untracked 
| 155|0x0000000089b00000, 0x0000000089c00000, 0x0000000089c00000|100%| O|  |TAMS 0x0000000089c00000, 0x0000000089c00000| Untracked 
| 156|0x0000000089c00000, 0x0000000089d00000, 0x0000000089d00000|100%| O|  |TAMS 0x0000000089d00000, 0x0000000089d00000| Untracked 
| 157|0x0000000089d00000, 0x0000000089e00000, 0x0000000089e00000|100%| O|  |TAMS 0x0000000089e00000, 0x0000000089e00000| Untracked 
| 158|0x0000000089e00000, 0x0000000089f00000, 0x0000000089f00000|100%| O|  |TAMS 0x0000000089f00000, 0x0000000089f00000| Untracked 
| 159|0x0000000089f00000, 0x000000008a000000, 0x000000008a000000|100%| O|  |TAMS 0x000000008a000000, 0x000000008a000000| Untracked 
| 160|0x000000008a000000, 0x000000008a100000, 0x000000008a100000|100%| O|  |TAMS 0x000000008a100000, 0x000000008a100000| Untracked 
| 161|0x000000008a100000, 0x000000008a200000, 0x000000008a200000|100%| O|  |TAMS 0x000000008a200000, 0x000000008a200000| Untracked 
| 162|0x000000008a200000, 0x000000008a300000, 0x000000008a300000|100%| O|  |TAMS 0x000000008a300000, 0x000000008a300000| Untracked 
| 163|0x000000008a300000, 0x000000008a400000, 0x000000008a400000|100%| O|  |TAMS 0x000000008a400000, 0x000000008a400000| Untracked 
| 164|0x000000008a400000, 0x000000008a500000, 0x000000008a500000|100%| O|  |TAMS 0x000000008a447c00, 0x000000008a500000| Untracked 
| 165|0x000000008a500000, 0x000000008a600000, 0x000000008a600000|100%| O|  |TAMS 0x000000008a500000, 0x000000008a600000| Untracked 
| 166|0x000000008a600000, 0x000000008a700000, 0x000000008a700000|100%| O|  |TAMS 0x000000008a600000, 0x000000008a700000| Untracked 
| 167|0x000000008a700000, 0x000000008a800000, 0x000000008a800000|100%| O|  |TAMS 0x000000008a700000, 0x000000008a800000| Untracked 
| 168|0x000000008a800000, 0x000000008a900000, 0x000000008a900000|100%| O|  |TAMS 0x000000008a800000, 0x000000008a900000| Untracked 
| 169|0x000000008a900000, 0x000000008aa00000, 0x000000008aa00000|100%| O|  |TAMS 0x000000008a900000, 0x000000008aa00000| Untracked 
| 170|0x000000008aa00000, 0x000000008ab00000, 0x000000008ab00000|100%| O|  |TAMS 0x000000008aa00000, 0x000000008ab00000| Untracked 
| 171|0x000000008ab00000, 0x000000008ac00000, 0x000000008ac00000|100%| O|  |TAMS 0x000000008ab00000, 0x000000008ac00000| Untracked 
| 172|0x000000008ac00000, 0x000000008ad00000, 0x000000008ad00000|100%| O|  |TAMS 0x000000008ac00000, 0x000000008ad00000| Untracked 
| 173|0x000000008ad00000, 0x000000008ae00000, 0x000000008ae00000|100%| O|  |TAMS 0x000000008ad00000, 0x000000008ae00000| Untracked 
| 174|0x000000008ae00000, 0x000000008af00000, 0x000000008af00000|100%| O|  |TAMS 0x000000008ae00000, 0x000000008af00000| Untracked 
| 175|0x000000008af00000, 0x000000008b000000, 0x000000008b000000|100%| O|  |TAMS 0x000000008af00000, 0x000000008b000000| Untracked 
| 176|0x000000008b000000, 0x000000008b100000, 0x000000008b100000|100%| O|  |TAMS 0x000000008b000000, 0x000000008b100000| Untracked 
| 177|0x000000008b100000, 0x000000008b200000, 0x000000008b200000|100%| O|  |TAMS 0x000000008b100000, 0x000000008b200000| Untracked 
| 178|0x000000008b200000, 0x000000008b300000, 0x000000008b300000|100%| O|  |TAMS 0x000000008b200000, 0x000000008b300000| Untracked 
| 179|0x000000008b300000, 0x000000008b400000, 0x000000008b400000|100%| O|  |TAMS 0x000000008b300000, 0x000000008b400000| Untracked 
| 180|0x000000008b400000, 0x000000008b500000, 0x000000008b500000|100%| O|  |TAMS 0x000000008b400000, 0x000000008b500000| Untracked 
| 181|0x000000008b500000, 0x000000008b600000, 0x000000008b600000|100%| O|  |TAMS 0x000000008b500000, 0x000000008b600000| Untracked 
| 182|0x000000008b600000, 0x000000008b700000, 0x000000008b700000|100%| O|  |TAMS 0x000000008b600000, 0x000000008b700000| Untracked 
| 183|0x000000008b700000, 0x000000008b800000, 0x000000008b800000|100%| O|  |TAMS 0x000000008b700000, 0x000000008b800000| Untracked 
| 184|0x000000008b800000, 0x000000008b900000, 0x000000008b900000|100%| O|  |TAMS 0x000000008b800000, 0x000000008b900000| Untracked 
| 185|0x000000008b900000, 0x000000008ba00000, 0x000000008ba00000|100%| O|  |TAMS 0x000000008b900000, 0x000000008ba00000| Untracked 
| 186|0x000000008ba00000, 0x000000008bb00000, 0x000000008bb00000|100%| O|  |TAMS 0x000000008ba00000, 0x000000008bb00000| Untracked 
| 187|0x000000008bb00000, 0x000000008bc00000, 0x000000008bc00000|100%| O|  |TAMS 0x000000008bb00000, 0x000000008bc00000| Untracked 
| 188|0x000000008bc00000, 0x000000008bd00000, 0x000000008bd00000|100%| O|  |TAMS 0x000000008bc00000, 0x000000008bd00000| Untracked 
| 189|0x000000008bd00000, 0x000000008be00000, 0x000000008be00000|100%| O|  |TAMS 0x000000008bd00000, 0x000000008be00000| Untracked 
| 190|0x000000008be00000, 0x000000008bf00000, 0x000000008bf00000|100%| O|  |TAMS 0x000000008be00000, 0x000000008bf00000| Untracked 
| 191|0x000000008bf00000, 0x000000008c000000, 0x000000008c000000|100%| O|  |TAMS 0x000000008bf00000, 0x000000008c000000| Untracked 
| 192|0x000000008c000000, 0x000000008c100000, 0x000000008c100000|100%| O|  |TAMS 0x000000008c000000, 0x000000008c100000| Untracked 
| 193|0x000000008c100000, 0x000000008c200000, 0x000000008c200000|100%| O|  |TAMS 0x000000008c100000, 0x000000008c200000| Untracked 
| 194|0x000000008c200000, 0x000000008c300000, 0x000000008c300000|100%| O|  |TAMS 0x000000008c200000, 0x000000008c300000| Untracked 
| 195|0x000000008c300000, 0x000000008c400000, 0x000000008c400000|100%| O|  |TAMS 0x000000008c300000, 0x000000008c400000| Untracked 
| 196|0x000000008c400000, 0x000000008c500000, 0x000000008c500000|100%| O|  |TAMS 0x000000008c400000, 0x000000008c500000| Untracked 
| 197|0x000000008c500000, 0x000000008c600000, 0x000000008c600000|100%| O|  |TAMS 0x000000008c500000, 0x000000008c600000| Untracked 
| 198|0x000000008c600000, 0x000000008c700000, 0x000000008c700000|100%| O|  |TAMS 0x000000008c600000, 0x000000008c700000| Untracked 
| 199|0x000000008c700000, 0x000000008c800000, 0x000000008c800000|100%| O|  |TAMS 0x000000008c700000, 0x000000008c800000| Untracked 
| 200|0x000000008c800000, 0x000000008c900000, 0x000000008c900000|100%| O|  |TAMS 0x000000008c800000, 0x000000008c900000| Untracked 
| 201|0x000000008c900000, 0x000000008ca00000, 0x000000008ca00000|100%| O|  |TAMS 0x000000008c900000, 0x000000008ca00000| Untracked 
| 202|0x000000008ca00000, 0x000000008cb00000, 0x000000008cb00000|100%| O|  |TAMS 0x000000008ca00000, 0x000000008cb00000| Untracked 
| 203|0x000000008cb00000, 0x000000008cc00000, 0x000000008cc00000|100%| O|  |TAMS 0x000000008cb00000, 0x000000008cc00000| Untracked 
| 204|0x000000008cc00000, 0x000000008cd00000, 0x000000008cd00000|100%| O|  |TAMS 0x000000008cc00000, 0x000000008cd00000| Untracked 
| 205|0x000000008cd00000, 0x000000008ce00000, 0x000000008ce00000|100%| O|  |TAMS 0x000000008cd00000, 0x000000008ce00000| Untracked 
| 206|0x000000008ce00000, 0x000000008cf00000, 0x000000008cf00000|100%| O|  |TAMS 0x000000008ce00000, 0x000000008cf00000| Untracked 
| 207|0x000000008cf00000, 0x000000008d000000, 0x000000008d000000|100%| O|  |TAMS 0x000000008cf00000, 0x000000008d000000| Untracked 
| 208|0x000000008d000000, 0x000000008d100000, 0x000000008d100000|100%| O|  |TAMS 0x000000008d000000, 0x000000008d100000| Untracked 
| 209|0x000000008d100000, 0x000000008d200000, 0x000000008d200000|100%| O|  |TAMS 0x000000008d100000, 0x000000008d200000| Untracked 
| 210|0x000000008d200000, 0x000000008d300000, 0x000000008d300000|100%| O|  |TAMS 0x000000008d200000, 0x000000008d300000| Untracked 
| 211|0x000000008d300000, 0x000000008d400000, 0x000000008d400000|100%| O|  |TAMS 0x000000008d300000, 0x000000008d400000| Untracked 
| 212|0x000000008d400000, 0x000000008d500000, 0x000000008d500000|100%| O|  |TAMS 0x000000008d400000, 0x000000008d500000| Untracked 
| 213|0x000000008d500000, 0x000000008d600000, 0x000000008d600000|100%| O|  |TAMS 0x000000008d500000, 0x000000008d600000| Untracked 
| 214|0x000000008d600000, 0x000000008d700000, 0x000000008d700000|100%| O|  |TAMS 0x000000008d600000, 0x000000008d700000| Untracked 
| 215|0x000000008d700000, 0x000000008d800000, 0x000000008d800000|100%| O|  |TAMS 0x000000008d700000, 0x000000008d800000| Untracked 
| 216|0x000000008d800000, 0x000000008d900000, 0x000000008d900000|100%| O|  |TAMS 0x000000008d800000, 0x000000008d900000| Untracked 
| 217|0x000000008d900000, 0x000000008da00000, 0x000000008da00000|100%| O|  |TAMS 0x000000008d900000, 0x000000008da00000| Untracked 
| 218|0x000000008da00000, 0x000000008db00000, 0x000000008db00000|100%| O|  |TAMS 0x000000008da00000, 0x000000008db00000| Untracked 
| 219|0x000000008db00000, 0x000000008dc00000, 0x000000008dc00000|100%| O|  |TAMS 0x000000008db00000, 0x000000008dc00000| Untracked 
| 220|0x000000008dc00000, 0x000000008dd00000, 0x000000008dd00000|100%| O|  |TAMS 0x000000008dc00000, 0x000000008dd00000| Untracked 
| 221|0x000000008dd00000, 0x000000008de00000, 0x000000008de00000|100%| O|  |TAMS 0x000000008dd00000, 0x000000008de00000| Untracked 
| 222|0x000000008de00000, 0x000000008df00000, 0x000000008df00000|100%| O|  |TAMS 0x000000008de00000, 0x000000008df00000| Untracked 
| 223|0x000000008df00000, 0x000000008e000000, 0x000000008e000000|100%| O|  |TAMS 0x000000008df00000, 0x000000008e000000| Untracked 
| 224|0x000000008e000000, 0x000000008e100000, 0x000000008e100000|100%| O|  |TAMS 0x000000008e000000, 0x000000008e100000| Untracked 
| 225|0x000000008e100000, 0x000000008e200000, 0x000000008e200000|100%| O|  |TAMS 0x000000008e100000, 0x000000008e200000| Untracked 
| 226|0x000000008e200000, 0x000000008e300000, 0x000000008e300000|100%| O|  |TAMS 0x000000008e200000, 0x000000008e300000| Untracked 
| 227|0x000000008e300000, 0x000000008e400000, 0x000000008e400000|100%| O|  |TAMS 0x000000008e300000, 0x000000008e400000| Untracked 
| 228|0x000000008e400000, 0x000000008e500000, 0x000000008e500000|100%| O|  |TAMS 0x000000008e400000, 0x000000008e500000| Untracked 
| 229|0x000000008e500000, 0x000000008e600000, 0x000000008e600000|100%| O|  |TAMS 0x000000008e500000, 0x000000008e600000| Untracked 
| 230|0x000000008e600000, 0x000000008e700000, 0x000000008e700000|100%| O|  |TAMS 0x000000008e600000, 0x000000008e700000| Untracked 
| 231|0x000000008e700000, 0x000000008e800000, 0x000000008e800000|100%| O|  |TAMS 0x000000008e700000, 0x000000008e800000| Untracked 
| 232|0x000000008e800000, 0x000000008e900000, 0x000000008e900000|100%| O|  |TAMS 0x000000008e800000, 0x000000008e900000| Untracked 
| 233|0x000000008e900000, 0x000000008ea00000, 0x000000008ea00000|100%| O|  |TAMS 0x000000008e900000, 0x000000008ea00000| Untracked 
| 234|0x000000008ea00000, 0x000000008eb00000, 0x000000008eb00000|100%| O|  |TAMS 0x000000008ea00000, 0x000000008eb00000| Untracked 
| 235|0x000000008eb00000, 0x000000008ec00000, 0x000000008ec00000|100%| O|  |TAMS 0x000000008eb00000, 0x000000008ec00000| Untracked 
| 236|0x000000008ec00000, 0x000000008ed00000, 0x000000008ed00000|100%| O|  |TAMS 0x000000008ec00000, 0x000000008ed00000| Untracked 
| 237|0x000000008ed00000, 0x000000008ee00000, 0x000000008ee00000|100%| O|  |TAMS 0x000000008ed00000, 0x000000008ee00000| Untracked 
| 238|0x000000008ee00000, 0x000000008ef00000, 0x000000008ef00000|100%| O|  |TAMS 0x000000008ee00000, 0x000000008ef00000| Untracked 
| 239|0x000000008ef00000, 0x000000008f000000, 0x000000008f000000|100%| O|  |TAMS 0x000000008ef00000, 0x000000008f000000| Untracked 
| 240|0x000000008f000000, 0x000000008f100000, 0x000000008f100000|100%| O|  |TAMS 0x000000008f000000, 0x000000008f100000| Untracked 
| 241|0x000000008f100000, 0x000000008f200000, 0x000000008f200000|100%| O|  |TAMS 0x000000008f100000, 0x000000008f200000| Untracked 
| 242|0x000000008f200000, 0x000000008f300000, 0x000000008f300000|100%| O|  |TAMS 0x000000008f200000, 0x000000008f300000| Untracked 
| 243|0x000000008f300000, 0x000000008f400000, 0x000000008f400000|100%| O|  |TAMS 0x000000008f300000, 0x000000008f400000| Untracked 
| 244|0x000000008f400000, 0x000000008f500000, 0x000000008f500000|100%| O|  |TAMS 0x000000008f400000, 0x000000008f500000| Untracked 
| 245|0x000000008f500000, 0x000000008f600000, 0x000000008f600000|100%| O|  |TAMS 0x000000008f500000, 0x000000008f600000| Untracked 
| 246|0x000000008f600000, 0x000000008f700000, 0x000000008f700000|100%| O|  |TAMS 0x000000008f600000, 0x000000008f700000| Untracked 
| 247|0x000000008f700000, 0x000000008f800000, 0x000000008f800000|100%| O|  |TAMS 0x000000008f700000, 0x000000008f800000| Untracked 
| 248|0x000000008f800000, 0x000000008f900000, 0x000000008f900000|100%| O|  |TAMS 0x000000008f800000, 0x000000008f900000| Untracked 
| 249|0x000000008f900000, 0x000000008fa00000, 0x000000008fa00000|100%| O|  |TAMS 0x000000008f900000, 0x000000008fa00000| Untracked 
| 250|0x000000008fa00000, 0x000000008fb00000, 0x000000008fb00000|100%| O|  |TAMS 0x000000008fa00000, 0x000000008fb00000| Untracked 
| 251|0x000000008fb00000, 0x000000008fc00000, 0x000000008fc00000|100%| O|  |TAMS 0x000000008fb00000, 0x000000008fc00000| Untracked 
| 252|0x000000008fc00000, 0x000000008fd00000, 0x000000008fd00000|100%| O|  |TAMS 0x000000008fc00000, 0x000000008fd00000| Untracked 
| 253|0x000000008fd00000, 0x000000008fe00000, 0x000000008fe00000|100%| O|  |TAMS 0x000000008fd00000, 0x000000008fe00000| Untracked 
| 254|0x000000008fe00000, 0x000000008ff00000, 0x000000008ff00000|100%| O|  |TAMS 0x000000008fe00000, 0x000000008ff00000| Untracked 
| 255|0x000000008ff00000, 0x0000000090000000, 0x0000000090000000|100%| O|  |TAMS 0x000000008ff00000, 0x0000000090000000| Untracked 
| 256|0x0000000090000000, 0x0000000090100000, 0x0000000090100000|100%| O|  |TAMS 0x0000000090000000, 0x0000000090100000| Untracked 
| 257|0x0000000090100000, 0x0000000090200000, 0x0000000090200000|100%| O|  |TAMS 0x0000000090100000, 0x0000000090200000| Untracked 
| 258|0x0000000090200000, 0x0000000090300000, 0x0000000090300000|100%| O|  |TAMS 0x0000000090200000, 0x0000000090300000| Untracked 
| 259|0x0000000090300000, 0x0000000090400000, 0x0000000090400000|100%| O|  |TAMS 0x0000000090300000, 0x0000000090400000| Untracked 
| 260|0x0000000090400000, 0x0000000090500000, 0x0000000090500000|100%| O|  |TAMS 0x0000000090400000, 0x0000000090500000| Untracked 
| 261|0x0000000090500000, 0x0000000090600000, 0x0000000090600000|100%| O|  |TAMS 0x0000000090500000, 0x0000000090600000| Untracked 
| 262|0x0000000090600000, 0x0000000090700000, 0x0000000090700000|100%| O|  |TAMS 0x0000000090600000, 0x0000000090700000| Untracked 
| 263|0x0000000090700000, 0x0000000090800000, 0x0000000090800000|100%| O|  |TAMS 0x0000000090700000, 0x0000000090800000| Untracked 
| 264|0x0000000090800000, 0x0000000090900000, 0x0000000090900000|100%| O|  |TAMS 0x0000000090800000, 0x0000000090900000| Untracked 
| 265|0x0000000090900000, 0x0000000090a00000, 0x0000000090a00000|100%| O|  |TAMS 0x0000000090900000, 0x0000000090956400| Untracked 
| 266|0x0000000090a00000, 0x0000000090b00000, 0x0000000090b00000|100%| O|  |TAMS 0x0000000090a00000, 0x0000000090a00000| Untracked 
| 267|0x0000000090b00000, 0x0000000090c00000, 0x0000000090c00000|100%| O|  |TAMS 0x0000000090b00000, 0x0000000090b00000| Untracked 
| 268|0x0000000090c00000, 0x0000000090d00000, 0x0000000090d00000|100%| O|  |TAMS 0x0000000090c00000, 0x0000000090c00000| Untracked 
| 269|0x0000000090d00000, 0x0000000090dde200, 0x0000000090e00000| 86%| O|  |TAMS 0x0000000090d00000, 0x0000000090d00000| Untracked 
| 270|0x0000000090e00000, 0x0000000090e00000, 0x0000000090f00000|  0%| F|  |TAMS 0x0000000090e00000, 0x0000000090e00000| Untracked 
| 271|0x0000000090f00000, 0x0000000090f00000, 0x0000000091000000|  0%| F|  |TAMS 0x0000000090f00000, 0x0000000090f00000| Untracked 
| 272|0x0000000091000000, 0x0000000091000000, 0x0000000091100000|  0%| F|  |TAMS 0x0000000091000000, 0x0000000091000000| Untracked 
| 273|0x0000000091100000, 0x0000000091100000, 0x0000000091200000|  0%| F|  |TAMS 0x0000000091100000, 0x0000000091100000| Untracked 
| 274|0x0000000091200000, 0x0000000091200000, 0x0000000091300000|  0%| F|  |TAMS 0x0000000091200000, 0x0000000091200000| Untracked 
| 275|0x0000000091300000, 0x0000000091300000, 0x0000000091400000|  0%| F|  |TAMS 0x0000000091300000, 0x0000000091300000| Untracked 
| 276|0x0000000091400000, 0x0000000091400000, 0x0000000091500000|  0%| F|  |TAMS 0x0000000091400000, 0x0000000091400000| Untracked 
| 277|0x0000000091500000, 0x0000000091500000, 0x0000000091600000|  0%| F|  |TAMS 0x0000000091500000, 0x0000000091500000| Untracked 
| 278|0x0000000091600000, 0x0000000091600000, 0x0000000091700000|  0%| F|  |TAMS 0x0000000091600000, 0x0000000091600000| Untracked 
| 279|0x0000000091700000, 0x0000000091700000, 0x0000000091800000|  0%| F|  |TAMS 0x0000000091700000, 0x0000000091700000| Untracked 
| 280|0x0000000091800000, 0x0000000091800000, 0x0000000091900000|  0%| F|  |TAMS 0x0000000091800000, 0x0000000091800000| Untracked 
| 281|0x0000000091900000, 0x0000000091900000, 0x0000000091a00000|  0%| F|  |TAMS 0x0000000091900000, 0x0000000091900000| Untracked 
| 282|0x0000000091a00000, 0x0000000091a00000, 0x0000000091b00000|  0%| F|  |TAMS 0x0000000091a00000, 0x0000000091a00000| Untracked 
| 283|0x0000000091b00000, 0x0000000091b00000, 0x0000000091c00000|  0%| F|  |TAMS 0x0000000091b00000, 0x0000000091b00000| Untracked 
| 284|0x0000000091c00000, 0x0000000091c00000, 0x0000000091d00000|  0%| F|  |TAMS 0x0000000091c00000, 0x0000000091c00000| Untracked 
| 285|0x0000000091d00000, 0x0000000091d00000, 0x0000000091e00000|  0%| F|  |TAMS 0x0000000091d00000, 0x0000000091d00000| Untracked 
| 286|0x0000000091e00000, 0x0000000091e00000, 0x0000000091f00000|  0%| F|  |TAMS 0x0000000091e00000, 0x0000000091e00000| Untracked 
| 287|0x0000000091f00000, 0x0000000091f00000, 0x0000000092000000|  0%| F|  |TAMS 0x0000000091f00000, 0x0000000091f00000| Untracked 
| 288|0x0000000092000000, 0x0000000092000000, 0x0000000092100000|  0%| F|  |TAMS 0x0000000092000000, 0x0000000092000000| Untracked 
| 289|0x0000000092100000, 0x0000000092100000, 0x0000000092200000|  0%| F|  |TAMS 0x0000000092100000, 0x0000000092100000| Untracked 
| 290|0x0000000092200000, 0x0000000092200000, 0x0000000092300000|  0%| F|  |TAMS 0x0000000092200000, 0x0000000092200000| Untracked 
| 291|0x0000000092300000, 0x0000000092300000, 0x0000000092400000|  0%| F|  |TAMS 0x0000000092300000, 0x0000000092300000| Untracked 
| 292|0x0000000092400000, 0x0000000092400000, 0x0000000092500000|  0%| F|  |TAMS 0x0000000092400000, 0x0000000092400000| Untracked 
| 293|0x0000000092500000, 0x0000000092500000, 0x0000000092600000|  0%| F|  |TAMS 0x0000000092500000, 0x0000000092500000| Untracked 
| 294|0x0000000092600000, 0x0000000092600000, 0x0000000092700000|  0%| F|  |TAMS 0x0000000092600000, 0x0000000092600000| Untracked 
| 295|0x0000000092700000, 0x0000000092700000, 0x0000000092800000|  0%| F|  |TAMS 0x0000000092700000, 0x0000000092700000| Untracked 
| 296|0x0000000092800000, 0x0000000092800000, 0x0000000092900000|  0%| F|  |TAMS 0x0000000092800000, 0x0000000092800000| Untracked 
| 297|0x0000000092900000, 0x0000000092900000, 0x0000000092a00000|  0%| F|  |TAMS 0x0000000092900000, 0x0000000092900000| Untracked 
| 298|0x0000000092a00000, 0x0000000092a00000, 0x0000000092b00000|  0%| F|  |TAMS 0x0000000092a00000, 0x0000000092a00000| Untracked 
| 299|0x0000000092b00000, 0x0000000092b00000, 0x0000000092c00000|  0%| F|  |TAMS 0x0000000092b00000, 0x0000000092b00000| Untracked 
| 300|0x0000000092c00000, 0x0000000092c00000, 0x0000000092d00000|  0%| F|  |TAMS 0x0000000092c00000, 0x0000000092c00000| Untracked 
| 301|0x0000000092d00000, 0x0000000092d00000, 0x0000000092e00000|  0%| F|  |TAMS 0x0000000092d00000, 0x0000000092d00000| Untracked 
| 302|0x0000000092e00000, 0x0000000092e00000, 0x0000000092f00000|  0%| F|  |TAMS 0x0000000092e00000, 0x0000000092e00000| Untracked 
| 303|0x0000000092f00000, 0x0000000092f00000, 0x0000000093000000|  0%| F|  |TAMS 0x0000000092f00000, 0x0000000092f00000| Untracked 
| 304|0x0000000093000000, 0x0000000093100000, 0x0000000093100000|100%| S|CS|TAMS 0x0000000093000000, 0x0000000093000000| Complete 
| 305|0x0000000093100000, 0x0000000093200000, 0x0000000093200000|100%| S|CS|TAMS 0x0000000093100000, 0x0000000093100000| Complete 
| 306|0x0000000093200000, 0x0000000093200000, 0x0000000093300000|  0%| F|  |TAMS 0x0000000093200000, 0x0000000093200000| Untracked 
| 307|0x0000000093300000, 0x0000000093300000, 0x0000000093400000|  0%| F|  |TAMS 0x0000000093300000, 0x0000000093300000| Untracked 
| 308|0x0000000093400000, 0x0000000093400000, 0x0000000093500000|  0%| F|  |TAMS 0x0000000093400000, 0x0000000093400000| Untracked 
| 309|0x0000000093500000, 0x0000000093500000, 0x0000000093600000|  0%| F|  |TAMS 0x0000000093500000, 0x0000000093500000| Untracked 
| 310|0x0000000093600000, 0x0000000093600000, 0x0000000093700000|  0%| F|  |TAMS 0x0000000093600000, 0x0000000093600000| Untracked 
| 311|0x0000000093700000, 0x0000000093700000, 0x0000000093800000|  0%| F|  |TAMS 0x0000000093700000, 0x0000000093700000| Untracked 
| 312|0x0000000093800000, 0x0000000093800000, 0x0000000093900000|  0%| F|  |TAMS 0x0000000093800000, 0x0000000093800000| Untracked 
| 313|0x0000000093900000, 0x0000000093900000, 0x0000000093a00000|  0%| F|  |TAMS 0x0000000093900000, 0x0000000093900000| Untracked 
| 314|0x0000000093a00000, 0x0000000093a00000, 0x0000000093b00000|  0%| F|  |TAMS 0x0000000093a00000, 0x0000000093a00000| Untracked 
| 315|0x0000000093b00000, 0x0000000093b00000, 0x0000000093c00000|  0%| F|  |TAMS 0x0000000093b00000, 0x0000000093b00000| Untracked 
| 316|0x0000000093c00000, 0x0000000093c00000, 0x0000000093d00000|  0%| F|  |TAMS 0x0000000093c00000, 0x0000000093c00000| Untracked 
| 317|0x0000000093d00000, 0x0000000093d00000, 0x0000000093e00000|  0%| F|  |TAMS 0x0000000093d00000, 0x0000000093d00000| Untracked 
| 318|0x0000000093e00000, 0x0000000093e00000, 0x0000000093f00000|  0%| F|  |TAMS 0x0000000093e00000, 0x0000000093e00000| Untracked 
| 319|0x0000000093f00000, 0x0000000093f00000, 0x0000000094000000|  0%| F|  |TAMS 0x0000000093f00000, 0x0000000093f00000| Untracked 
| 320|0x0000000094000000, 0x0000000094000000, 0x0000000094100000|  0%| F|  |TAMS 0x0000000094000000, 0x0000000094000000| Untracked 

Card table byte_map: [0x0000014036f00000,0x0000014037300000] _byte_map_base: 0x0000014036b00000

Marking Bits (Prev, Next): (CMBitMap*) 0x00000140239fc648, (CMBitMap*) 0x00000140239fc680
 Prev Bits: [0x0000014037700000, 0x0000014039700000)
 Next Bits: [0x0000014039700000, 0x000001403b700000)

Polling page: 0x00000140274b0000

Metaspace:

Usage:
  Non-class:    126.59 MB capacity,   124.02 MB ( 98%) used,     2.12 MB (  2%) free+waste,   463.88 KB ( <1%) overhead. 
      Class:     19.04 MB capacity,    17.57 MB ( 92%) used,     1.27 MB (  7%) free+waste,   205.81 KB (  1%) overhead. 
       Both:    145.63 MB capacity,   141.59 MB ( 97%) used,     3.39 MB (  2%) free+waste,   669.69 KB ( <1%) overhead. 

Virtual space:
  Non-class space:      128.00 MB reserved,     126.63 MB ( 99%) committed 
      Class space:        1.00 GB reserved,      19.07 MB (  2%) committed 
             Both:        1.13 GB reserved,     145.70 MB ( 13%) committed 

Chunk freelists:
   Non-Class:  32.00 KB
       Class:  0 bytes
        Both:  32.00 KB

MaxMetaspaceSize: 17179869184.00 GB
CompressedClassSpaceSize: 1.00 GB

CodeHeap 'non-profiled nmethods': size=120064Kb used=14410Kb max_used=14410Kb free=105653Kb
 bounds [0x000001402ef90000, 0x000001402fdb0000, 0x00000140364d0000]
CodeHeap 'profiled nmethods': size=120000Kb used=50437Kb max_used=50437Kb free=69563Kb
 bounds [0x0000014027a60000, 0x000001402abc0000, 0x000001402ef90000]
CodeHeap 'non-nmethods': size=5696Kb used=2384Kb max_used=2425Kb free=3311Kb
 bounds [0x00000140274d0000, 0x0000014027740000, 0x0000014027a60000]
 total_blobs=23330 nmethods=22308 adapters=930
 compilation: enabled
              stopped_count=0, restarted_count=0
 full_count=0

Compilation events (20 events):
Event: 244.226 Thread 0x000001403dd6d800 24892 % !   3       com.android.tools.r8.graph.B0::a @ 11 (228 bytes)
Event: 244.228 Thread 0x000001403dd6d800 nmethod 24892% 0x000001402abac990 code [0x000001402abacce0, 0x000001402abae208]
Event: 244.233 Thread 0x000001403dd6d800 24894 %     3       com.android.tools.r8.ir.regalloc.a::a @ 628 (1373 bytes)
Event: 244.243 Thread 0x000001403dd6d800 nmethod 24894% 0x000001402abaec10 code [0x000001402abaf980, 0x000001402abb9b08]
Event: 244.243 Thread 0x000001403dd6d800 24895       2       com.android.tools.r8.internal.zz::a (104 bytes)
Event: 244.243 Thread 0x000001403dd6d800 nmethod 24895 0x000001402abbc790 code [0x000001402abbc9c0, 0x000001402abbced8]
Event: 244.246 Thread 0x000001403dd6d800 24896       2       com.android.tools.r8.internal.n4::a (13 bytes)
Event: 244.246 Thread 0x000001403dd6d800 nmethod 24896 0x000001402abbd290 code [0x000001402abbd460, 0x000001402abbd5b8]
Event: 244.250 Thread 0x000001403dd6d800 24897 %     3       com.android.tools.r8.internal.qf::forEach @ 12 (37 bytes)
Event: 244.250 Thread 0x000001403dd6d800 nmethod 24897% 0x000001402abbd710 code [0x000001402abbd900, 0x000001402abbddc8]
Event: 244.254 Thread 0x000001403dd6d800 24898       3       com.android.tools.r8.internal.qf::forEach (37 bytes)
Event: 244.255 Thread 0x000001403dd6d800 nmethod 24898 0x000001402abbdf90 code [0x000001402abbe180, 0x000001402abbe5a8]
Event: 244.257 Thread 0x000001403dd6d800 24899       2       com.android.tools.r8.internal.d9$a::a (4 bytes)
Event: 244.257 Thread 0x000001403dd6d800 nmethod 24899 0x0000014028401410 code [0x00000140284015c0, 0x0000014028401698]
Event: 244.259 Thread 0x000001403dd6d800 24900       1       com.android.tools.r8.graph.O::e0 (5 bytes)
Event: 244.259 Thread 0x000001403dd6d800 nmethod 24900 0x000001402fda2290 code [0x000001402fda2440, 0x000001402fda24f8]
Event: 244.259 Thread 0x000001403dd6d800 24901       1       com.android.tools.r8.internal.S0::g (2 bytes)
Event: 244.259 Thread 0x000001403dd6d800 nmethod 24901 0x000001402fda2590 code [0x000001402fda2740, 0x000001402fda27f8]
Event: 244.259 Thread 0x000001403dd6d800 24902       1       com.android.tools.r8.internal.Os::V0 (2 bytes)
Event: 244.259 Thread 0x000001403dd6d800 nmethod 24902 0x000001402fda2890 code [0x000001402fda2a40, 0x000001402fda2af8]

GC Heap History (20 events):
Event: 242.409 GC heap after
{Heap after GC invocations=110 (full 0):
 garbage-first heap   total 328704K, used 224579K [0x0000000080000000, 0x0000000100000000)
  region size 1024K, 9 young (9216K), 9 survivors (9216K)
 Metaspace       used 144846K, capacity 148959K, committed 149196K, reserved 1179648K
  class space    used 17984K, capacity 19492K, committed 19532K, reserved 1048576K
}
Event: 242.626 GC heap before
{Heap before GC invocations=110 (full 0):
 garbage-first heap   total 328704K, used 272707K [0x0000000080000000, 0x0000000100000000)
  region size 1024K, 58 young (59392K), 9 survivors (9216K)
 Metaspace       used 144944K, capacity 149057K, committed 149196K, reserved 1179648K
  class space    used 17987K, capacity 19496K, committed 19532K, reserved 1048576K
}
Event: 242.678 GC heap after
{Heap after GC invocations=111 (full 0):
 garbage-first heap   total 328704K, used 234865K [0x0000000080000000, 0x0000000100000000)
  region size 1024K, 8 young (8192K), 8 survivors (8192K)
 Metaspace       used 144944K, capacity 149057K, committed 149196K, reserved 1179648K
  class space    used 17987K, capacity 19496K, committed 19532K, reserved 1048576K
}
Event: 243.344 GC heap before
{Heap before GC invocations=111 (full 0):
 garbage-first heap   total 328704K, used 274801K [0x0000000080000000, 0x0000000100000000)
  region size 1024K, 48 young (49152K), 8 survivors (8192K)
 Metaspace       used 144946K, capacity 149057K, committed 149196K, reserved 1179648K
  class space    used 17987K, capacity 19496K, committed 19532K, reserved 1048576K
}
Event: 243.365 GC heap after
{Heap after GC invocations=112 (full 0):
 garbage-first heap   total 328704K, used 243656K [0x0000000080000000, 0x0000000100000000)
  region size 1024K, 6 young (6144K), 6 survivors (6144K)
 Metaspace       used 144946K, capacity 149057K, committed 149196K, reserved 1179648K
  class space    used 17987K, capacity 19496K, committed 19532K, reserved 1048576K
}
Event: 243.582 GC heap before
{Heap before GC invocations=112 (full 0):
 garbage-first heap   total 328704K, used 275400K [0x0000000080000000, 0x0000000100000000)
  region size 1024K, 38 young (38912K), 6 survivors (6144K)
 Metaspace       used 144948K, capacity 149057K, committed 149196K, reserved 1179648K
  class space    used 17987K, capacity 19496K, committed 19532K, reserved 1048576K
}
Event: 243.596 GC heap after
{Heap after GC invocations=113 (full 0):
 garbage-first heap   total 328704K, used 251831K [0x0000000080000000, 0x0000000100000000)
  region size 1024K, 5 young (5120K), 5 survivors (5120K)
 Metaspace       used 144948K, capacity 149057K, committed 149196K, reserved 1179648K
  class space    used 17987K, capacity 19496K, committed 19532K, reserved 1048576K
}
Event: 243.731 GC heap before
{Heap before GC invocations=113 (full 0):
 garbage-first heap   total 328704K, used 277431K [0x0000000080000000, 0x0000000100000000)
  region size 1024K, 31 young (31744K), 5 survivors (5120K)
 Metaspace       used 144958K, capacity 149062K, committed 149196K, reserved 1179648K
  class space    used 17988K, capacity 19497K, committed 19532K, reserved 1048576K
}
Event: 243.744 GC heap after
{Heap after GC invocations=114 (full 0):
 garbage-first heap   total 328704K, used 258048K [0x0000000080000000, 0x0000000100000000)
  region size 1024K, 4 young (4096K), 4 survivors (4096K)
 Metaspace       used 144958K, capacity 149062K, committed 149196K, reserved 1179648K
  class space    used 17988K, capacity 19497K, committed 19532K, reserved 1048576K
}
Event: 243.884 GC heap before
{Heap before GC invocations=114 (full 0):
 garbage-first heap   total 328704K, used 282624K [0x0000000080000000, 0x0000000100000000)
  region size 1024K, 29 young (29696K), 4 survivors (4096K)
 Metaspace       used 144969K, capacity 149063K, committed 149196K, reserved 1179648K
  class space    used 17988K, capacity 19497K, committed 19532K, reserved 1048576K
}
Event: 243.896 GC heap after
{Heap after GC invocations=115 (full 0):
 garbage-first heap   total 328704K, used 264192K [0x0000000080000000, 0x0000000100000000)
  region size 1024K, 4 young (4096K), 4 survivors (4096K)
 Metaspace       used 144969K, capacity 149063K, committed 149196K, reserved 1179648K
  class space    used 17988K, capacity 19497K, committed 19532K, reserved 1048576K
}
Event: 243.931 GC heap before
{Heap before GC invocations=115 (full 0):
 garbage-first heap   total 328704K, used 283648K [0x0000000080000000, 0x0000000100000000)
  region size 1024K, 23 young (23552K), 4 survivors (4096K)
 Metaspace       used 144971K, capacity 149063K, committed 149196K, reserved 1179648K
  class space    used 17988K, capacity 19497K, committed 19532K, reserved 1048576K
}
Event: 243.943 GC heap after
{Heap after GC invocations=116 (full 0):
 garbage-first heap   total 328704K, used 268288K [0x0000000080000000, 0x0000000100000000)
  region size 1024K, 3 young (3072K), 3 survivors (3072K)
 Metaspace       used 144971K, capacity 149063K, committed 149196K, reserved 1179648K
  class space    used 17988K, capacity 19497K, committed 19532K, reserved 1048576K
}
Event: 244.002 GC heap before
{Heap before GC invocations=116 (full 0):
 garbage-first heap   total 328704K, used 285696K [0x0000000080000000, 0x0000000100000000)
  region size 1024K, 20 young (20480K), 3 survivors (3072K)
 Metaspace       used 144971K, capacity 149063K, committed 149196K, reserved 1179648K
  class space    used 17988K, capacity 19497K, committed 19532K, reserved 1048576K
}
Event: 244.014 GC heap after
{Heap after GC invocations=117 (full 0):
 garbage-first heap   total 328704K, used 271549K [0x0000000080000000, 0x0000000100000000)
  region size 1024K, 3 young (3072K), 3 survivors (3072K)
 Metaspace       used 144971K, capacity 149063K, committed 149196K, reserved 1179648K
  class space    used 17988K, capacity 19497K, committed 19532K, reserved 1048576K
}
Event: 244.071 GC heap before
{Heap before GC invocations=117 (full 0):
 garbage-first heap   total 328704K, used 285885K [0x0000000080000000, 0x0000000100000000)
  region size 1024K, 17 young (17408K), 3 survivors (3072K)
 Metaspace       used 144975K, capacity 149064K, committed 149196K, reserved 1179648K
  class space    used 17988K, capacity 19497K, committed 19532K, reserved 1048576K
}
Event: 244.116 GC heap after
{Heap after GC invocations=118 (full 0):
 garbage-first heap   total 328704K, used 274513K [0x0000000080000000, 0x0000000100000000)
  region size 1024K, 3 young (3072K), 3 survivors (3072K)
 Metaspace       used 144975K, capacity 149064K, committed 149196K, reserved 1179648K
  class space    used 17988K, capacity 19497K, committed 19532K, reserved 1048576K
}
Event: 244.201 GC heap before
{Heap before GC invocations=118 (full 0):
 garbage-first heap   total 328704K, used 287825K [0x0000000080000000, 0x0000000100000000)
  region size 1024K, 16 young (16384K), 3 survivors (3072K)
 Metaspace       used 144984K, capacity 149129K, committed 149196K, reserved 1179648K
  class space    used 17988K, capacity 19497K, committed 19532K, reserved 1048576K
}
Event: 244.209 GC heap after
{Heap after GC invocations=119 (full 0):
 garbage-first heap   total 328704K, used 276355K [0x0000000080000000, 0x0000000100000000)
  region size 1024K, 2 young (2048K), 2 survivors (2048K)
 Metaspace       used 144984K, capacity 149129K, committed 149196K, reserved 1179648K
  class space    used 17988K, capacity 19497K, committed 19532K, reserved 1048576K
}
Event: 244.280 GC heap before
{Heap before GC invocations=119 (full 0):
 garbage-first heap   total 328704K, used 290691K [0x0000000080000000, 0x0000000100000000)
  region size 1024K, 16 young (16384K), 2 survivors (2048K)
 Metaspace       used 144987K, capacity 149129K, committed 149196K, reserved 1179648K
  class space    used 17988K, capacity 19497K, committed 19532K, reserved 1048576K
}

Deoptimization events (20 events):
Event: 241.825 Thread 0x0000014040cee800 Uncommon trap: trap_request=0xffffffd6 fr.pc=0x000001402fd79d38 relative=0x00000000000018b8
Event: 241.825 Thread 0x0000014040cee800 Uncommon trap: reason=array_check action=maybe_recompile pc=0x000001402fd79d38 method=java.util.TimSort.reverseRange([Ljava/lang/Object;II)V @ 27 c2
Event: 241.825 Thread 0x0000014040cee800 DEOPT PACKING pc=0x000001402fd79d38 sp=0x0000001a510fa600
Event: 241.825 Thread 0x0000014040cee800 DEOPT UNPACKING pc=0x00000140274f78af sp=0x0000001a510fa4c8 mode 2
Event: 241.825 Thread 0x0000014040cee800 Uncommon trap: trap_request=0xffffffd6 fr.pc=0x000001402fd79d38 relative=0x00000000000018b8
Event: 241.825 Thread 0x0000014040cee800 Uncommon trap: reason=array_check action=maybe_recompile pc=0x000001402fd79d38 method=java.util.TimSort.reverseRange([Ljava/lang/Object;II)V @ 27 c2
Event: 241.825 Thread 0x0000014040cee800 DEOPT PACKING pc=0x000001402fd79d38 sp=0x0000001a510fa960
Event: 241.825 Thread 0x0000014040cee800 DEOPT UNPACKING pc=0x00000140274f78af sp=0x0000001a510fa828 mode 2
Event: 241.859 Thread 0x00000140494f3000 Uncommon trap: trap_request=0xffffff76 fr.pc=0x000001402fd87d30 relative=0x00000000000009f0
Event: 241.859 Thread 0x00000140494f3000 Uncommon trap: reason=loop_limit_check action=maybe_recompile pc=0x000001402fd87d30 method=com.android.tools.r8.internal.x.putAll(Ljava/util/Map;)V @ 31 c2
Event: 241.859 Thread 0x00000140494f3000 DEOPT PACKING pc=0x000001402fd87d30 sp=0x0000001a4f6f3710
Event: 241.859 Thread 0x00000140494f3000 DEOPT UNPACKING pc=0x00000140274f78af sp=0x0000001a4f6f36e8 mode 2
Event: 241.874 Thread 0x00000140494f3000 DEOPT PACKING pc=0x00000140295e3e62 sp=0x0000001a4f6f35d0
Event: 241.874 Thread 0x00000140494f3000 DEOPT UNPACKING pc=0x00000140274f76ce sp=0x0000001a4f6f2d80 mode 0
Event: 242.158 Thread 0x00000140494f3000 DEOPT PACKING pc=0x0000014029611dad sp=0x0000001a4f6f2fd0
Event: 242.158 Thread 0x00000140494f3000 DEOPT UNPACKING pc=0x00000140274f76ce sp=0x0000001a4f6f2608 mode 0
Event: 243.673 Thread 0x00000140494f3000 DEOPT PACKING pc=0x000001402a3dabfa sp=0x0000001a4f6f3bf0
Event: 243.673 Thread 0x00000140494f3000 DEOPT UNPACKING pc=0x00000140274f76ce sp=0x0000001a4f6f3478 mode 0
Event: 244.255 Thread 0x0000014049501800 DEOPT PACKING pc=0x0000014029303135 sp=0x0000001a50ef9900
Event: 244.255 Thread 0x0000014049501800 DEOPT UNPACKING pc=0x00000140274f76ce sp=0x0000001a50ef8d98 mode 0

Classes redefined (0 events):
No events

Internal exceptions (20 events):
Event: 240.375 Thread 0x0000014040cee800 Exception <a 'sun/nio/fs/WindowsException'{0x00000000914262f0}> (0x00000000914262f0) thrown at [./src/hotspot/share/prims/jni.cpp, line 615]
Event: 240.463 Thread 0x0000014049501800 Exception <a 'sun/nio/fs/WindowsException'{0x00000000910cd880}> (0x00000000910cd880) thrown at [./src/hotspot/share/prims/jni.cpp, line 615]
Event: 240.592 Thread 0x00000140494f3000 Exception <a 'sun/nio/fs/WindowsException'{0x0000000090a0d8b8}> (0x0000000090a0d8b8) thrown at [./src/hotspot/share/prims/jni.cpp, line 615]
Event: 240.823 Thread 0x0000014040cee800 Exception <a 'sun/nio/fs/WindowsException'{0x000000008feaf700}> (0x000000008feaf700) thrown at [./src/hotspot/share/prims/jni.cpp, line 615]
Event: 241.114 Thread 0x0000014049500000 Exception <a 'sun/nio/fs/WindowsException'{0x0000000093f09760}> (0x0000000093f09760) thrown at [./src/hotspot/share/prims/jni.cpp, line 615]
Event: 241.176 Thread 0x00000140494f3000 Exception <a 'sun/nio/fs/WindowsException'{0x0000000093ad3610}> (0x0000000093ad3610) thrown at [./src/hotspot/share/prims/jni.cpp, line 615]
Event: 241.207 Thread 0x0000014040cee800 Exception <a 'sun/nio/fs/WindowsException'{0x00000000938db820}> (0x00000000938db820) thrown at [./src/hotspot/share/prims/jni.cpp, line 615]
Event: 241.244 Thread 0x0000014040cee800 Exception <a 'sun/nio/fs/WindowsException'{0x000000009341c820}> (0x000000009341c820) thrown at [./src/hotspot/share/prims/jni.cpp, line 615]
Event: 241.333 Thread 0x0000014049500000 Exception <a 'sun/nio/fs/WindowsException'{0x00000000925927b8}> (0x00000000925927b8) thrown at [./src/hotspot/share/prims/jni.cpp, line 615]
Event: 241.489 Thread 0x0000014049501800 Exception <a 'sun/nio/fs/WindowsException'{0x00000000914dfea8}> (0x00000000914dfea8) thrown at [./src/hotspot/share/prims/jni.cpp, line 615]
Event: 241.512 Thread 0x0000014040cee800 Exception <a 'sun/nio/fs/WindowsException'{0x00000000911a4d50}> (0x00000000911a4d50) thrown at [./src/hotspot/share/prims/jni.cpp, line 615]
Event: 241.528 Thread 0x0000014040cee800 Exception <a 'sun/nio/fs/WindowsException'{0x0000000090fe5c38}> (0x0000000090fe5c38) thrown at [./src/hotspot/share/prims/jni.cpp, line 615]
Event: 241.656 Thread 0x0000014040cee800 Exception <a 'sun/nio/fs/WindowsException'{0x000000008f8c1c08}> (0x000000008f8c1c08) thrown at [./src/hotspot/share/prims/jni.cpp, line 615]
Event: 241.833 Thread 0x0000014040cee800 Exception <a 'sun/nio/fs/WindowsException'{0x0000000092154530}> (0x0000000092154530) thrown at [./src/hotspot/share/prims/jni.cpp, line 615]
Event: 241.888 Thread 0x0000014049501800 Exception <a 'sun/nio/fs/WindowsException'{0x00000000914a5cb0}> (0x00000000914a5cb0) thrown at [./src/hotspot/share/prims/jni.cpp, line 615]
Event: 242.496 Thread 0x00000140494f3000 Exception <a 'sun/nio/fs/WindowsException'{0x000000009287c538}> (0x000000009287c538) thrown at [./src/hotspot/share/prims/jni.cpp, line 615]
Event: 243.264 Thread 0x0000014049500000 Exception <a 'sun/nio/fs/WindowsException'{0x0000000091d53910}> (0x0000000091d53910) thrown at [./src/hotspot/share/prims/jni.cpp, line 615]
Event: 243.635 Thread 0x00000140494f3000 Exception <a 'sun/nio/fs/WindowsException'{0x000000009330d0d8}> (0x000000009330d0d8) thrown at [./src/hotspot/share/prims/jni.cpp, line 615]
Event: 243.765 Thread 0x00000140494f3000 Exception <a 'sun/nio/fs/WindowsException'{0x00000000939e0790}> (0x00000000939e0790) thrown at [./src/hotspot/share/prims/jni.cpp, line 615]
Event: 243.898 Thread 0x0000014040cee800 Exception <a 'sun/nio/fs/WindowsException'{0x0000000094048f60}> (0x0000000094048f60) thrown at [./src/hotspot/share/prims/jni.cpp, line 615]

Events (20 events):
Event: 243.365 Executing VM operation: G1CollectForAllocation done
Event: 243.530 Executing VM operation: G1CollectForAllocation
Event: 243.597 Executing VM operation: G1CollectForAllocation done
Event: 243.676 loading class com/android/tools/r8/internal/m4
Event: 243.676 loading class com/android/tools/r8/internal/m4 done
Event: 243.729 Executing VM operation: G1CollectForAllocation
Event: 243.744 Executing VM operation: G1CollectForAllocation done
Event: 243.854 Executing VM operation: G1CollectForAllocation
Event: 243.854 Executing VM operation: G1CollectForAllocation done
Event: 243.884 Executing VM operation: G1CollectForAllocation
Event: 243.896 Executing VM operation: G1CollectForAllocation done
Event: 243.931 Executing VM operation: G1CollectForAllocation
Event: 243.944 Executing VM operation: G1CollectForAllocation done
Event: 244.002 Executing VM operation: G1CollectForAllocation
Event: 244.014 Executing VM operation: G1CollectForAllocation done
Event: 244.071 Executing VM operation: G1CollectForAllocation
Event: 244.116 Executing VM operation: G1CollectForAllocation done
Event: 244.198 Executing VM operation: G1CollectForAllocation
Event: 244.209 Executing VM operation: G1CollectForAllocation done
Event: 244.272 Executing VM operation: G1CollectForAllocation


Dynamic libraries:
0x00007ff728540000 - 0x00007ff72854a000 	E:\Android Studio\jre\bin\java.exe
0x00007ffa1ac30000 - 0x00007ffa1ae25000 	C:\WINDOWS\SYSTEM32\ntdll.dll
0x00007ffa1a5b0000 - 0x00007ffa1a66e000 	C:\WINDOWS\System32\KERNEL32.DLL
0x00007ffa184a0000 - 0x00007ffa18768000 	C:\WINDOWS\System32\KERNELBASE.dll
0x00007ffa18350000 - 0x00007ffa18450000 	C:\WINDOWS\System32\ucrtbase.dll
0x00007ffa10270000 - 0x00007ffa10287000 	E:\Android Studio\jre\bin\VCRUNTIME140.dll
0x00007ffa0cfd0000 - 0x00007ffa0cfe9000 	E:\Android Studio\jre\bin\jli.dll
0x00007ffa1a2f0000 - 0x00007ffa1a491000 	C:\WINDOWS\System32\USER32.dll
0x00007ffa188e0000 - 0x00007ffa18902000 	C:\WINDOWS\System32\win32u.dll
0x00007ffa1a670000 - 0x00007ffa1a69b000 	C:\WINDOWS\System32\GDI32.dll
0x00007ffa187d0000 - 0x00007ffa188db000 	C:\WINDOWS\System32\gdi32full.dll
0x00007ffa18a70000 - 0x00007ffa18b0d000 	C:\WINDOWS\System32\msvcp_win.dll
0x00007ffa03690000 - 0x00007ffa0392a000 	C:\WINDOWS\WinSxS\amd64_microsoft.windows.common-controls_6595b64144ccf1df_6.0.19041.1110_none_60b5254171f9507e\COMCTL32.dll
0x00007ffa1a070000 - 0x00007ffa1a10e000 	C:\WINDOWS\System32\msvcrt.dll
0x00007ffa1a040000 - 0x00007ffa1a070000 	C:\WINDOWS\System32\IMM32.DLL
0x00007ffa0cf30000 - 0x00007ffa0cfcd000 	E:\Android Studio\jre\bin\msvcp140.dll
0x00007ff9a1840000 - 0x00007ff9a230f000 	E:\Android Studio\jre\bin\server\jvm.dll
0x00007ffa1a6a0000 - 0x00007ffa1a74c000 	C:\WINDOWS\System32\ADVAPI32.dll
0x00007ffa18ca0000 - 0x00007ffa18d3b000 	C:\WINDOWS\System32\sechost.dll
0x00007ffa18fd0000 - 0x00007ffa190fa000 	C:\WINDOWS\System32\RPCRT4.dll
0x00007ffa18ef0000 - 0x00007ffa18ef8000 	C:\WINDOWS\System32\PSAPI.DLL
0x00007ff9ff550000 - 0x00007ff9ff559000 	C:\WINDOWS\SYSTEM32\WSOCK32.dll
0x00007ffa18f00000 - 0x00007ffa18f6b000 	C:\WINDOWS\System32\WS2_32.dll
0x00007ffa0f840000 - 0x00007ffa0f84a000 	C:\WINDOWS\SYSTEM32\VERSION.dll
0x00007ffa028a0000 - 0x00007ffa028c7000 	C:\WINDOWS\SYSTEM32\WINMM.dll
0x00007ffa16c20000 - 0x00007ffa16c32000 	C:\WINDOWS\SYSTEM32\kernel.appcore.dll
0x00007ffa11d70000 - 0x00007ffa11d81000 	E:\Android Studio\jre\bin\verify.dll
0x00007ffa168e0000 - 0x00007ffa16ac4000 	C:\WINDOWS\SYSTEM32\DBGHELP.DLL
0x00007ff9fd6c0000 - 0x00007ff9fd6ec000 	C:\WINDOWS\SYSTEM32\dbgcore.DLL
0x00007ffa18b10000 - 0x00007ffa18b93000 	C:\WINDOWS\System32\bcryptPrimitives.dll
0x00007ffa102e0000 - 0x00007ffa10309000 	E:\Android Studio\jre\bin\java.dll
0x00007ffa11830000 - 0x00007ffa1183b000 	E:\Android Studio\jre\bin\jimage.dll
0x00007ffa102c0000 - 0x00007ffa102d8000 	E:\Android Studio\jre\bin\zip.dll
0x00007ffa19100000 - 0x00007ffa1983f000 	C:\WINDOWS\System32\SHELL32.dll
0x00007ffa16080000 - 0x00007ffa16810000 	C:\WINDOWS\SYSTEM32\windows.storage.dll
0x00007ffa1a7b0000 - 0x00007ffa1ab05000 	C:\WINDOWS\System32\combase.dll
0x00007ffa17da0000 - 0x00007ffa17dce000 	C:\WINDOWS\SYSTEM32\Wldp.dll
0x00007ffa1a240000 - 0x00007ffa1a2ed000 	C:\WINDOWS\System32\SHCORE.dll
0x00007ffa18f70000 - 0x00007ffa18fc5000 	C:\WINDOWS\System32\shlwapi.dll
0x00007ffa18290000 - 0x00007ffa182af000 	C:\WINDOWS\SYSTEM32\profapi.dll
0x00007ffa101b0000 - 0x00007ffa101ca000 	E:\Android Studio\jre\bin\net.dll
0x00007ffa04690000 - 0x00007ffa0479c000 	C:\WINDOWS\SYSTEM32\WINHTTP.dll
0x00007ffa17b00000 - 0x00007ffa17b6a000 	C:\WINDOWS\system32\mswsock.dll
0x00007ffa039d0000 - 0x00007ffa039e4000 	E:\Android Studio\jre\bin\nio.dll
0x00007ffa10290000 - 0x00007ffa102b7000 	C:\Users\peto\.gradle\native\8bec1ad78214c89d9ad589b4d07fe93259594b29d510b10fafb7a158f7737e5d\windows-amd64\native-platform.dll
0x00007ff9d95f0000 - 0x00007ff9d972d000 	C:\Users\peto\.gradle\native\53dbd7edfb1c66fb8903c78663c9afc45aea4f116125fa6feffd364cf09443e8\windows-amd64\native-platform-file-events.dll
0x00007ffa11820000 - 0x00007ffa1182a000 	E:\Android Studio\jre\bin\management.dll
0x00007ffa104a0000 - 0x00007ffa104ac000 	E:\Android Studio\jre\bin\management_ext.dll
0x00007ffa17cf0000 - 0x00007ffa17d08000 	C:\WINDOWS\SYSTEM32\CRYPTSP.dll
0x00007ffa17410000 - 0x00007ffa17444000 	C:\WINDOWS\system32\rsaenh.dll
0x00007ffa18ba0000 - 0x00007ffa18bc7000 	C:\WINDOWS\System32\bcrypt.dll
0x00007ffa18250000 - 0x00007ffa1827e000 	C:\WINDOWS\SYSTEM32\USERENV.dll
0x00007ffa17d10000 - 0x00007ffa17d1c000 	C:\WINDOWS\SYSTEM32\CRYPTBASE.dll
0x00007ffa177a0000 - 0x00007ffa177db000 	C:\WINDOWS\SYSTEM32\IPHLPAPI.DLL
0x00007ffa19f40000 - 0x00007ffa19f48000 	C:\WINDOWS\System32\NSI.dll
0x00007ffa0cd10000 - 0x00007ffa0cd27000 	C:\WINDOWS\SYSTEM32\dhcpcsvc6.DLL
0x00007ffa0dc80000 - 0x00007ffa0dc9d000 	C:\WINDOWS\SYSTEM32\dhcpcsvc.DLL
0x00007ffa177e0000 - 0x00007ffa178ab000 	C:\WINDOWS\SYSTEM32\DNSAPI.dll
0x00007ff9fc3c0000 - 0x00007ff9fc3e7000 	E:\Android Studio\jre\bin\sunec.dll
0x00007ffa01db0000 - 0x00007ffa01dba000 	C:\Windows\System32\rasadhlp.dll
0x00007ffa027b0000 - 0x00007ffa0282f000 	C:\WINDOWS\System32\fwpuclnt.dll
0x00007ffa171c0000 - 0x00007ffa171f3000 	C:\WINDOWS\SYSTEM32\ntmarta.dll

dbghelp: loaded successfully - version: 4.0.5 - missing functions: none
symbol engine: initialized successfully - sym options: 0x614 - pdb path: .;E:\Android Studio\jre\bin;C:\WINDOWS\SYSTEM32;C:\WINDOWS\WinSxS\amd64_microsoft.windows.common-controls_6595b64144ccf1df_6.0.19041.1110_none_60b5254171f9507e;E:\Android Studio\jre\bin\server;C:\Users\peto\.gradle\native\8bec1ad78214c89d9ad589b4d07fe93259594b29d510b10fafb7a158f7737e5d\windows-amd64;C:\Users\peto\.gradle\native\53dbd7edfb1c66fb8903c78663c9afc45aea4f116125fa6feffd364cf09443e8\windows-amd64

VM Arguments:
jvm_args: --add-opens=java.base/java.util=ALL-UNNAMED --add-opens=java.base/java.lang=ALL-UNNAMED --add-opens=java.base/java.lang.invoke=ALL-UNNAMED --add-opens=java.base/java.util=ALL-UNNAMED --add-opens=java.prefs/java.util.prefs=ALL-UNNAMED --add-opens=java.prefs/java.util.prefs=ALL-UNNAMED --add-opens=java.base/java.nio.charset=ALL-UNNAMED --add-opens=java.base/java.net=ALL-UNNAMED --add-opens=java.base/java.util.concurrent.atomic=ALL-UNNAMED -Xmx2048m -Dfile.encoding=UTF-8 -Duser.country=US -Duser.language=en -Duser.variant 
java_command: org.gradle.launcher.daemon.bootstrap.GradleDaemon 7.0.2
java_class_path (initial): C:\Users\peto\.gradle\wrapper\dists\gradle-7.0.2-bin\857tjihv64xamwrf0h14cai3r\gradle-7.0.2\lib\gradle-launcher-7.0.2.jar
Launcher Type: SUN_STANDARD

[Global flags]
     intx CICompilerCount                          = 3                                         {product} {ergonomic}
     uint ConcGCThreads                            = 1                                         {product} {ergonomic}
     uint G1ConcRefinementThreads                  = 4                                         {product} {ergonomic}
   size_t G1HeapRegionSize                         = 1048576                                   {product} {ergonomic}
    uintx GCDrainStackTargetSize                   = 64                                        {product} {ergonomic}
   size_t InitialHeapSize                          = 134217728                                 {product} {ergonomic}
   size_t MarkStackSize                            = 4194304                                   {product} {ergonomic}
   size_t MaxHeapSize                              = 2147483648                                {product} {command line}
   size_t MaxNewSize                               = 1287651328                                {product} {ergonomic}
   size_t MinHeapDeltaBytes                        = 1048576                                   {product} {ergonomic}
    uintx NonNMethodCodeHeapSize                   = 5830732                                {pd product} {ergonomic}
    uintx NonProfiledCodeHeapSize                  = 122913754                              {pd product} {ergonomic}
    uintx ProfiledCodeHeapSize                     = 122913754                              {pd product} {ergonomic}
    uintx ReservedCodeCacheSize                    = 251658240                              {pd product} {ergonomic}
     bool SegmentedCodeCache                       = true                                      {product} {ergonomic}
     bool UseCompressedClassPointers               = true                                 {lp64_product} {ergonomic}
     bool UseCompressedOops                        = true                                 {lp64_product} {ergonomic}
     bool UseG1GC                                  = true                                      {product} {ergonomic}
     bool UseLargePagesIndividualAllocation        = false                                  {pd product} {ergonomic}

Logging:
Log output configuration:
 #0: stdout all=warning uptime,level,tags
 #1: stderr all=off uptime,level,tags

Environment Variables:
PATH=C:\Python310\Scripts\;C:\Python310\;C:\Program Files\Common Files\Oracle\Java\javapath;C:\Program Files (x86)\VMware\VMware Player\bin\;C:\Program Files (x86)\Intel\iCLS Client\;C:\Program Files\Intel\iCLS Client\;C:\Windows\system32;C:\Windows;C:\Windows\System32\Wbem;C:\Windows\System32\WindowsPowerShell\v1.0\;C:\Program Files (x86)\NVIDIA Corporation\PhysX\Common;C:\Program Files (x86)\Intel\Intel(R) Management Engine Components\DAL;C:\Program Files\Intel\Intel(R) Management Engine Components\DAL;C:\Program Files (x86)\Intel\Intel(R) Management Engine Components\IPT;C:\Program Files\Intel\Intel(R) Management Engine Components\IPT;C:\Program Files\Intel\WiFi\bin\;C:\Program Files\Common Files\Intel\WirelessCommon\;C:\WINDOWS\system32;C:\WINDOWS;C:\WINDOWS\System32\Wbem;C:\WINDOWS\System32\WindowsPowerShell\v1.0\;C:\WINDOWS\System32\OpenSSH\;C:\Program Files (x86)\EAC MW klient\;C:\Program Files\Git\cmd;C:\Program Files\nodejs\;C:\ProgramData\chocolatey\bin;C:\Users\peto\AppData\Local\Programs\Python\Python38\Scripts\;C:\Users\peto\AppData\Local\Programs\Python\Python38\;C:\Users\peto\PycharmProjects\UPB2;C:\MinGW\bin;C:\Users\peto\AppData\Local\gitkraken\bin;C:\Users\peto\AppData\Local\Microsoft\WindowsApps;C:\Users\peto\AppData\Roaming\npm
USERNAME=peto
OS=Windows_NT
PROCESSOR_IDENTIFIER=Intel64 Family 6 Model 142 Stepping 9, GenuineIntel



---------------  S Y S T E M  ---------------

OS: Windows 10 , 64 bit Build 19041 (10.0.19041.1348)
OS uptime: 5 days 2:37 hours

CPU:total 4 (initial active 4) (2 cores per cpu, 2 threads per core) family 6 model 142 stepping 9 microcode 0xb4, cmov, cx8, fxsr, mmx, sse, sse2, sse3, ssse3, sse4.1, sse4.2, popcnt, avx, avx2, aes, clmul, erms, 3dnowpref, lzcnt, ht, tsc, tscinvbit, bmi1, bmi2, adx, fma

Memory: 4k page, system-wide physical 8090M (244M free)
TotalPageFile size 17465M (AvailPageFile size 126M)
current process WorkingSet (physical memory assigned to process): 402M, peak: 558M
current process commit charge ("private bytes"): 854M, peak: 1058M

vm_info: OpenJDK 64-Bit Server VM (11.0.10+0-b96-7249189) for windows-amd64 JRE (11.0.10+0-b96-7249189), built on Mar 31 2021 21:44:00 by "builder" with MS VC++ 14.0 (VS2015)

END.
