#
# There is insufficient memory for the Java Runtime Environment to continue.
# Native memory allocation (mmap) failed to map 65536 bytes for Failed to commit area from 0x000001f6b3980000 to 0x000001f6b3990000 of length 65536.
# Possible reasons:
#   The system is out of physical RAM or swap space
#   The process is running with CompressedOops enabled, and the Java Heap may be blocking the growth of the native heap
# Possible solutions:
#   Reduce memory load on the system
#   Increase physical memory or swap space
#   Check if swap backing store is full
#   Decrease Java heap size (-Xmx/-Xms)
#   Decrease number of Java threads
#   Decrease Java thread stack sizes (-Xss)
#   Set larger code cache with -XX:ReservedCodeCacheSize=
#   JVM is running with Unscaled Compressed Oops mode in which the Java heap is
#     placed in the first 4GB address space. The Java Heap base address is the
#     maximum limit for the native heap growth. Please use -XX:HeapBaseMinAddress
#     to set the Java Heap base and to place the Java Heap above 4GB virtual address.
# This output file may be truncated or incomplete.
#
#  Out of Memory Error (./src/hotspot/os/windows/os_windows.cpp:3301), pid=11172, tid=20776
#
# JRE version: OpenJDK Runtime Environment (11.0.10) (build 11.0.10+0-b96-7249189)
# Java VM: OpenJDK 64-Bit Server VM (11.0.10+0-b96-7249189, mixed mode, tiered, compressed oops, g1 gc, windows-amd64)
# No core dump will be written. Minidumps are not enabled by default on client versions of Windows
#

---------------  S U M M A R Y ------------

Command Line: --add-opens=java.base/java.util=ALL-UNNAMED --add-opens=java.base/java.lang=ALL-UNNAMED --add-opens=java.base/java.lang.invoke=ALL-UNNAMED --add-opens=java.base/java.util=ALL-UNNAMED --add-opens=java.prefs/java.util.prefs=ALL-UNNAMED --add-opens=java.prefs/java.util.prefs=ALL-UNNAMED --add-opens=java.base/java.nio.charset=ALL-UNNAMED --add-opens=java.base/java.net=ALL-UNNAMED --add-opens=java.base/java.util.concurrent.atomic=ALL-UNNAMED -Xmx2048m -Dfile.encoding=UTF-8 -Duser.country=US -Duser.language=en -Duser.variant org.gradle.launcher.daemon.bootstrap.GradleDaemon 7.0.2

Host: Intel(R) Core(TM) i7-7500U CPU @ 2.70GHz, 4 cores, 7G,  Windows 10 , 64 bit Build 19041 (10.0.19041.1348)
Time: Tue Nov 23 00:42:07 2021 Central Europe Standard Time elapsed time: 66.062791 seconds (0d 0h 1m 6s)

---------------  T H R E A D  ---------------

Current thread (0x000001f6b9688800):  VMThread "VM Thread" [stack: 0x000000ad4ac00000,0x000000ad4ad00000] [id=20776]

Stack: [0x000000ad4ac00000,0x000000ad4ad00000]
[error occurred during error reporting (printing stack bounds), id 0xc0000005, EXCEPTION_ACCESS_VIOLATION (0xc0000005) at pc=0x000001f6a3590f2d]

Native frames: (J=compiled Java code, j=interpreted, Vv=VM code, C=native code)
V  [jvm.dll+0x5ecfaa]
V  [jvm.dll+0x722bd5]
V  [jvm.dll+0x72412d]
V  [jvm.dll+0x724745]
V  [jvm.dll+0x7246fb]
V  [jvm.dll+0x5ec348]
V  [jvm.dll+0x5ecad8]
C  [ntdll.dll+0xa20cf]
C  [ntdll.dll+0x51454]
C  [ntdll.dll+0xa0bfe]
C  0x000001f6a3590f2d

VM_Operation (0x000000ad4d8f9af0): G1CollectForAllocation, mode: safepoint, requested by thread 0x000001f6bcc30000


---------------  P R O C E S S  ---------------

Threads class SMR info:
_java_thread_list=0x000001f6c1707c20, length=49, elements={
0x000001f69fa9a800, 0x000001f6b968d800, 0x000001f6b968e800, 0x000001f6ba023800,
0x000001f6b96ab000, 0x000001f6b96ac000, 0x000001f6b96af000, 0x000001f6ba059000,
0x000001f6ba05f000, 0x000001f6ba163800, 0x000001f6bc6fd000, 0x000001f6bc700000,
0x000001f6bc6fd800, 0x000001f6bc6fe800, 0x000001f6bc701000, 0x000001f6bc12b000,
0x000001f6bc12a800, 0x000001f6bc12f000, 0x000001f6bc130000, 0x000001f6bc131000,
0x000001f6bc131800, 0x000001f6bc12c000, 0x000001f6bc132800, 0x000001f6bc12c800,
0x000001f6bc137800, 0x000001f6bc133800, 0x000001f6bcc27000, 0x000001f6bcc28800,
0x000001f6bcc29800, 0x000001f6bcc26800, 0x000001f6bcc24000, 0x000001f6bcc2a800,
0x000001f6bcc24800, 0x000001f6bcc2b000, 0x000001f6bcc25800, 0x000001f6bcc31800,
0x000001f6bcc2e800, 0x000001f6bcc2c000, 0x000001f6bcc30000, 0x000001f6bcc31000,
0x000001f6bcc32800, 0x000001f6bcc2d000, 0x000001f6bcc2d800, 0x000001f6bcc2f800,
0x000001f6bc12d800, 0x000001f6bc12e800, 0x000001f6bc139000, 0x000001f6bc135000,
0x000001f6bc6fc000
}

Java Threads: ( => current thread )
  0x000001f69fa9a800 JavaThread "main" [_thread_blocked, id=29016, stack(0x000000ad4a600000,0x000000ad4a700000)]
  0x000001f6b968d800 JavaThread "Reference Handler" daemon [_thread_blocked, id=11884, stack(0x000000ad4ad00000,0x000000ad4ae00000)]
  0x000001f6b968e800 JavaThread "Finalizer" daemon [_thread_blocked, id=26152, stack(0x000000ad4ae00000,0x000000ad4af00000)]
  0x000001f6ba023800 JavaThread "Signal Dispatcher" daemon [_thread_blocked, id=28496, stack(0x000000ad4af00000,0x000000ad4b000000)]
  0x000001f6b96ab000 JavaThread "Attach Listener" daemon [_thread_blocked, id=8632, stack(0x000000ad4b000000,0x000000ad4b100000)]
  0x000001f6b96ac000 JavaThread "Service Thread" daemon [_thread_blocked, id=29284, stack(0x000000ad4b100000,0x000000ad4b200000)]
  0x000001f6b96af000 JavaThread "C2 CompilerThread0" daemon [_thread_blocked, id=2908, stack(0x000000ad4b200000,0x000000ad4b300000)]
  0x000001f6ba059000 JavaThread "C1 CompilerThread0" daemon [_thread_blocked, id=30972, stack(0x000000ad4b300000,0x000000ad4b400000)]
  0x000001f6ba05f000 JavaThread "Sweeper thread" daemon [_thread_blocked, id=10556, stack(0x000000ad4b400000,0x000000ad4b500000)]
  0x000001f6ba163800 JavaThread "Common-Cleaner" daemon [_thread_blocked, id=6400, stack(0x000000ad4b500000,0x000000ad4b600000)]
  0x000001f6bc6fd000 JavaThread "Daemon health stats" [_thread_blocked, id=14044, stack(0x000000ad4ba00000,0x000000ad4bb00000)]
  0x000001f6bc700000 JavaThread "Incoming local TCP Connector on port 56815" [_thread_in_native, id=8744, stack(0x000000ad4b900000,0x000000ad4ba00000)]
  0x000001f6bc6fd800 JavaThread "Daemon periodic checks" [_thread_blocked, id=29716, stack(0x000000ad4bb00000,0x000000ad4bc00000)]
  0x000001f6bc6fe800 JavaThread "Daemon" [_thread_blocked, id=10088, stack(0x000000ad4bc00000,0x000000ad4bd00000)]
  0x000001f6bc701000 JavaThread "Daemon worker" [_thread_blocked, id=29632, stack(0x000000ad4bf00000,0x000000ad4c000000)]
  0x000001f6bc12b000 JavaThread "Cache worker for file hash cache (C:\Users\peto\.gradle\caches\7.0.2\fileHashes)" [_thread_blocked, id=24620, stack(0x000000ad4c400000,0x000000ad4c500000)]
  0x000001f6bc12a800 JavaThread "File lock request listener" [_thread_in_native, id=17988, stack(0x000000ad4c500000,0x000000ad4c600000)]
  0x000001f6bc12f000 JavaThread "Cache worker for journal cache (C:\Users\peto\.gradle\caches\journal-1)" [_thread_blocked, id=9956, stack(0x000000ad4c600000,0x000000ad4c700000)]
  0x000001f6bc130000 JavaThread "File watcher server" daemon [_thread_blocked, id=25680, stack(0x000000ad4c800000,0x000000ad4c900000)]
  0x000001f6bc131000 JavaThread "File watcher consumer" daemon [_thread_blocked, id=976, stack(0x000000ad4c900000,0x000000ad4ca00000)]
  0x000001f6bc131800 JavaThread "jar transforms" [_thread_blocked, id=532, stack(0x000000ad4ca00000,0x000000ad4cb00000)]
  0x000001f6bc12c000 JavaThread "jar transforms Thread 2" [_thread_blocked, id=20548, stack(0x000000ad4cb00000,0x000000ad4cc00000)]
  0x000001f6bc132800 JavaThread "jar transforms Thread 3" [_thread_blocked, id=26128, stack(0x000000ad4cc00000,0x000000ad4cd00000)]
  0x000001f6bc12c800 JavaThread "jar transforms Thread 4" [_thread_blocked, id=15608, stack(0x000000ad4cd00000,0x000000ad4ce00000)]
  0x000001f6bc137800 JavaThread "Cache worker for execution history cache (C:\Users\peto\.gradle\caches\7.0.2\executionHistory)" [_thread_blocked, id=28836, stack(0x000000ad4d200000,0x000000ad4d300000)]
  0x000001f6bc133800 JavaThread "Cache worker for file content cache (C:\Users\peto\.gradle\caches\7.0.2\fileContent)" [_thread_blocked, id=3872, stack(0x000000ad4d300000,0x000000ad4d400000)]
  0x000001f6bcc27000 JavaThread "Memory manager" [_thread_blocked, id=3828, stack(0x000000ad4da00000,0x000000ad4db00000)]
  0x000001f6bcc28800 JavaThread "Handler for socket connection from /127.0.0.1:56815 to /127.0.0.1:56836" [_thread_in_native, id=31636, stack(0x000000ad4c000000,0x000000ad4c100000)]
  0x000001f6bcc29800 JavaThread "Cancel handler" [_thread_blocked, id=20888, stack(0x000000ad4c100000,0x000000ad4c200000)]
  0x000001f6bcc26800 JavaThread "Asynchronous log dispatcher for DefaultDaemonConnection: socket connection from /127.0.0.1:56815 to /127.0.0.1:56836" [_thread_blocked, id=22736, stack(0x000000ad4c200000,0x000000ad4c300000)]
  0x000001f6bcc24000 JavaThread "Stdin handler" [_thread_blocked, id=1856, stack(0x000000ad4c700000,0x000000ad4c800000)]
  0x000001f6bcc2a800 JavaThread "Daemon client event forwarder" [_thread_blocked, id=20312, stack(0x000000ad4cf00000,0x000000ad4d000000)]
  0x000001f6bcc24800 JavaThread "Cache worker for file hash cache (E:\FinalAssignment\.gradle\7.0.2\fileHashes)" [_thread_blocked, id=22956, stack(0x000000ad4d000000,0x000000ad4d100000)]
  0x000001f6bcc2b000 JavaThread "Cache worker for checksums cache (E:\FinalAssignment\.gradle\checksums)" [_thread_blocked, id=14028, stack(0x000000ad4d100000,0x000000ad4d200000)]
  0x000001f6bcc25800 JavaThread "Cache worker for cache directory md-supplier (C:\Users\peto\.gradle\caches\7.0.2\md-supplier)" [_thread_blocked, id=22532, stack(0x000000ad4d400000,0x000000ad4d500000)]
  0x000001f6bcc31800 JavaThread "Cache worker for cache directory md-rule (C:\Users\peto\.gradle\caches\7.0.2\md-rule)" [_thread_blocked, id=22148, stack(0x000000ad4d500000,0x000000ad4d600000)]
  0x000001f6bcc2e800 JavaThread "Cache worker for dependencies-accessors (E:\FinalAssignment\.gradle\7.0.2\dependencies-accessors)" [_thread_blocked, id=5148, stack(0x000000ad4d600000,0x000000ad4d700000)]
  0x000001f6bcc2c000 JavaThread "Cache worker for Build Output Cleanup Cache (E:\FinalAssignment\.gradle\buildOutputCleanup)" [_thread_blocked, id=1152, stack(0x000000ad4d700000,0x000000ad4d800000)]
  0x000001f6bcc30000 JavaThread "Build operations" [_thread_blocked, id=20896, stack(0x000000ad4d800000,0x000000ad4d900000)]
  0x000001f6bcc31000 JavaThread "Build operations Thread 2" [_thread_blocked, id=28072, stack(0x000000ad4d900000,0x000000ad4da00000)]
  0x000001f6bcc32800 JavaThread "Build operations Thread 3" [_thread_blocked, id=8672, stack(0x000000ad4db00000,0x000000ad4dc00000)]
  0x000001f6bcc2d000 JavaThread "Build operations Thread 4" [_thread_blocked, id=14520, stack(0x000000ad4dc00000,0x000000ad4dd00000)]
  0x000001f6bcc2d800 JavaThread "build event listener" [_thread_blocked, id=20268, stack(0x000000ad4dd00000,0x000000ad4de00000)]
  0x000001f6bcc2f800 JavaThread "build event listener" [_thread_blocked, id=17280, stack(0x000000ad4de00000,0x000000ad4df00000)]
  0x000001f6bc12d800 JavaThread "Execution worker for ':'" [_thread_blocked, id=13460, stack(0x000000ad4df00000,0x000000ad4e000000)]
  0x000001f6bc12e800 JavaThread "Execution worker for ':' Thread 2" [_thread_blocked, id=27616, stack(0x000000ad4e000000,0x000000ad4e100000)]
  0x000001f6bc139000 JavaThread "Execution worker for ':' Thread 3" [_thread_blocked, id=20520, stack(0x000000ad4e100000,0x000000ad4e200000)]
  0x000001f6bc135000 JavaThread "Cache worker for execution history cache (E:\FinalAssignment\.gradle\7.0.2\executionHistory)" [_thread_blocked, id=18796, stack(0x000000ad4e200000,0x000000ad4e300000)]
  0x000001f6bc6fc000 JavaThread "WorkerExecutor Queue Thread 3" [_thread_blocked, id=30264, stack(0x000000ad4e500000,0x000000ad4e600000)]

Other Threads:
=>0x000001f6b9688800 VMThread "VM Thread" [stack: 0x000000ad4ac00000,0x000000ad4ad00000] [id=20776]
  0x000001f6ba1a5000 WatcherThread [stack: 0x000000ad4b600000,0x000000ad4b700000] [id=17352]
  0x000001f69fab2000 GCTaskThread "GC Thread#0" [stack: 0x000000ad4a700000,0x000000ad4a800000] [id=29656]
  0x000001f6ba41a800 GCTaskThread "GC Thread#1" [stack: 0x000000ad4b700000,0x000000ad4b800000] [id=11316]
  0x000001f6ba468800 GCTaskThread "GC Thread#2" [stack: 0x000000ad4b800000,0x000000ad4b900000] [id=28516]
  0x000001f6bbf20800 GCTaskThread "GC Thread#3" [stack: 0x000000ad4c300000,0x000000ad4c400000] [id=14452]
  0x000001f69fae3800 ConcurrentGCThread "G1 Main Marker" [stack: 0x000000ad4a800000,0x000000ad4a900000] [id=22748]
  0x000001f69fae5800 ConcurrentGCThread "G1 Conc#0" [stack: 0x000000ad4a900000,0x000000ad4aa00000] [id=16700]
  0x000001f69fb75000 ConcurrentGCThread "G1 Refine#0" [stack: 0x000000ad4aa00000,0x000000ad4ab00000] [id=7660]
  0x000001f69fb76000 ConcurrentGCThread "G1 Young RemSet Sampling" [stack: 0x000000ad4ab00000,0x000000ad4ac00000] [id=24692]

Threads with active compile tasks:
C2 CompilerThread0  66116 21251       4       com.android.tools.r8.graph.a0::g (62 bytes)

VM state:at safepoint (normal execution)

VM Mutex/Monitor currently owned by a thread:  ([mutex/lock_event])
[0x000001f69fa98490] Threads_lock - owner thread: 0x000001f6b9688800
[0x000001f69fa98910] Heap_lock - owner thread: 0x000001f6bcc30000

Heap address: 0x0000000080000000, size: 2048 MB, Compressed Oops mode: 32-bit
Narrow klass base: 0x0000000000000000, Narrow klass shift: 3
Compressed class space size: 1073741824 Address: 0x0000000100000000

Heap:
 garbage-first heap   total 527360K, used 197581K [0x0000000080000000, 0x0000000100000000)
  region size 1024K, 5 young (5120K), 5 survivors (5120K)
 Metaspace       used 136719K, capacity 140366K, committed 141260K, reserved 1171456K
  class space    used 16985K, capacity 18367K, committed 18688K, reserved 1048576K
Heap Regions: E=young(eden), S=young(survivor), O=old, HS=humongous(starts), HC=humongous(continues), CS=collection set, F=free, A=archive, TAMS=top-at-mark-start (previous, next)
|   0|0x0000000080000000, 0x0000000080100000, 0x0000000080100000|100%| O|  |TAMS 0x0000000080100000, 0x0000000080000000| Untracked 
|   1|0x0000000080100000, 0x0000000080200000, 0x0000000080200000|100%| O|  |TAMS 0x0000000080200000, 0x0000000080100000| Untracked 
|   2|0x0000000080200000, 0x0000000080300000, 0x0000000080300000|100%| O|  |TAMS 0x0000000080300000, 0x0000000080200000| Untracked 
|   3|0x0000000080300000, 0x0000000080400000, 0x0000000080400000|100%|HS|  |TAMS 0x0000000080400000, 0x0000000080300000| Complete 
|   4|0x0000000080400000, 0x0000000080500000, 0x0000000080500000|100%|HC|  |TAMS 0x0000000080500000, 0x0000000080400000| Complete 
|   5|0x0000000080500000, 0x0000000080600000, 0x0000000080600000|100%|HC|  |TAMS 0x0000000080600000, 0x0000000080500000| Complete 
|   6|0x0000000080600000, 0x0000000080700000, 0x0000000080700000|100%| O|  |TAMS 0x0000000080700000, 0x0000000080600000| Untracked 
|   7|0x0000000080700000, 0x0000000080800000, 0x0000000080800000|100%| O|  |TAMS 0x0000000080800000, 0x0000000080700000| Untracked 
|   8|0x0000000080800000, 0x0000000080900000, 0x0000000080900000|100%| O|  |TAMS 0x0000000080900000, 0x0000000080800000| Untracked 
|   9|0x0000000080900000, 0x0000000080a00000, 0x0000000080a00000|100%| O|  |TAMS 0x0000000080a00000, 0x0000000080900000| Untracked 
|  10|0x0000000080a00000, 0x0000000080b00000, 0x0000000080b00000|100%| O|  |TAMS 0x0000000080b00000, 0x0000000080a00000| Untracked 
|  11|0x0000000080b00000, 0x0000000080c00000, 0x0000000080c00000|100%| O|  |TAMS 0x0000000080c00000, 0x0000000080b00000| Untracked 
|  12|0x0000000080c00000, 0x0000000080d00000, 0x0000000080d00000|100%| O|  |TAMS 0x0000000080d00000, 0x0000000080c00000| Untracked 
|  13|0x0000000080d00000, 0x0000000080e00000, 0x0000000080e00000|100%| O|  |TAMS 0x0000000080e00000, 0x0000000080d00000| Untracked 
|  14|0x0000000080e00000, 0x0000000080f00000, 0x0000000080f00000|100%| O|  |TAMS 0x0000000080f00000, 0x0000000080e00000| Untracked 
|  15|0x0000000080f00000, 0x0000000081000000, 0x0000000081000000|100%| O|  |TAMS 0x0000000081000000, 0x0000000080f00000| Untracked 
|  16|0x0000000081000000, 0x0000000081100000, 0x0000000081100000|100%|HS|  |TAMS 0x0000000081100000, 0x0000000081000000| Complete 
|  17|0x0000000081100000, 0x0000000081200000, 0x0000000081200000|100%|HC|  |TAMS 0x0000000081200000, 0x0000000081100000| Complete 
|  18|0x0000000081200000, 0x0000000081300000, 0x0000000081300000|100%|HS|  |TAMS 0x0000000081300000, 0x0000000081200000| Complete 
|  19|0x0000000081300000, 0x0000000081400000, 0x0000000081400000|100%|HC|  |TAMS 0x0000000081400000, 0x0000000081300000| Complete 
|  20|0x0000000081400000, 0x0000000081500000, 0x0000000081500000|100%|HC|  |TAMS 0x0000000081500000, 0x0000000081400000| Complete 
|  21|0x0000000081500000, 0x0000000081600000, 0x0000000081600000|100%|HS|  |TAMS 0x0000000081600000, 0x0000000081500000| Complete 
|  22|0x0000000081600000, 0x0000000081700000, 0x0000000081700000|100%|HC|  |TAMS 0x0000000081700000, 0x0000000081600000| Complete 
|  23|0x0000000081700000, 0x0000000081800000, 0x0000000081800000|100%|HC|  |TAMS 0x0000000081800000, 0x0000000081700000| Complete 
|  24|0x0000000081800000, 0x0000000081900000, 0x0000000081900000|100%|HC|  |TAMS 0x0000000081900000, 0x0000000081800000| Complete 
|  25|0x0000000081900000, 0x0000000081a00000, 0x0000000081a00000|100%|HC|  |TAMS 0x0000000081a00000, 0x0000000081900000| Complete 
|  26|0x0000000081a00000, 0x0000000081b00000, 0x0000000081b00000|100%| O|  |TAMS 0x0000000081b00000, 0x0000000081a00000| Untracked 
|  27|0x0000000081b00000, 0x0000000081c00000, 0x0000000081c00000|100%| O|  |TAMS 0x0000000081c00000, 0x0000000081b00000| Untracked 
|  28|0x0000000081c00000, 0x0000000081d00000, 0x0000000081d00000|100%| O|  |TAMS 0x0000000081d00000, 0x0000000081c00000| Untracked 
|  29|0x0000000081d00000, 0x0000000081e00000, 0x0000000081e00000|100%| O|  |TAMS 0x0000000081e00000, 0x0000000081d00000| Untracked 
|  30|0x0000000081e00000, 0x0000000081f00000, 0x0000000081f00000|100%| O|  |TAMS 0x0000000081f00000, 0x0000000081e00000| Untracked 
|  31|0x0000000081f00000, 0x0000000082000000, 0x0000000082000000|100%| O|  |TAMS 0x0000000082000000, 0x0000000081f00000| Untracked 
|  32|0x0000000082000000, 0x0000000082100000, 0x0000000082100000|100%| O|  |TAMS 0x0000000082100000, 0x0000000082000000| Untracked 
|  33|0x0000000082100000, 0x0000000082200000, 0x0000000082200000|100%|HS|  |TAMS 0x0000000082200000, 0x0000000082100000| Complete 
|  34|0x0000000082200000, 0x0000000082300000, 0x0000000082300000|100%|HC|  |TAMS 0x0000000082300000, 0x0000000082200000| Complete 
|  35|0x0000000082300000, 0x0000000082400000, 0x0000000082400000|100%|HC|  |TAMS 0x0000000082400000, 0x0000000082300000| Complete 
|  36|0x0000000082400000, 0x0000000082500000, 0x0000000082500000|100%|HC|  |TAMS 0x0000000082500000, 0x0000000082400000| Complete 
|  37|0x0000000082500000, 0x0000000082600000, 0x0000000082600000|100%|HC|  |TAMS 0x0000000082600000, 0x0000000082500000| Complete 
|  38|0x0000000082600000, 0x0000000082700000, 0x0000000082700000|100%|HS|  |TAMS 0x0000000082700000, 0x0000000082600000| Complete 
|  39|0x0000000082700000, 0x0000000082800000, 0x0000000082800000|100%|HC|  |TAMS 0x0000000082800000, 0x0000000082700000| Complete 
|  40|0x0000000082800000, 0x0000000082900000, 0x0000000082900000|100%|HC|  |TAMS 0x0000000082900000, 0x0000000082800000| Complete 
|  41|0x0000000082900000, 0x0000000082a00000, 0x0000000082a00000|100%| O|  |TAMS 0x0000000082a00000, 0x0000000082900000| Untracked 
|  42|0x0000000082a00000, 0x0000000082b00000, 0x0000000082b00000|100%| O|  |TAMS 0x0000000082b00000, 0x0000000082a00000| Untracked 
|  43|0x0000000082b00000, 0x0000000082c00000, 0x0000000082c00000|100%| O|  |TAMS 0x0000000082c00000, 0x0000000082b00000| Untracked 
|  44|0x0000000082c00000, 0x0000000082d00000, 0x0000000082d00000|100%| O|  |TAMS 0x0000000082d00000, 0x0000000082c00000| Untracked 
|  45|0x0000000082d00000, 0x0000000082e00000, 0x0000000082e00000|100%| O|  |TAMS 0x0000000082e00000, 0x0000000082d00000| Untracked 
|  46|0x0000000082e00000, 0x0000000082f00000, 0x0000000082f00000|100%| O|  |TAMS 0x0000000082f00000, 0x0000000082e00000| Untracked 
|  47|0x0000000082f00000, 0x0000000083000000, 0x0000000083000000|100%| O|  |TAMS 0x0000000083000000, 0x0000000082f00000| Untracked 
|  48|0x0000000083000000, 0x0000000083100000, 0x0000000083100000|100%| O|  |TAMS 0x0000000083100000, 0x0000000083000000| Untracked 
|  49|0x0000000083100000, 0x0000000083200000, 0x0000000083200000|100%| O|  |TAMS 0x0000000083200000, 0x0000000083100000| Untracked 
|  50|0x0000000083200000, 0x0000000083300000, 0x0000000083300000|100%| O|  |TAMS 0x0000000083300000, 0x0000000083200000| Untracked 
|  51|0x0000000083300000, 0x0000000083400000, 0x0000000083400000|100%|HS|  |TAMS 0x0000000083400000, 0x0000000083300000| Complete 
|  52|0x0000000083400000, 0x0000000083500000, 0x0000000083500000|100%|HS|  |TAMS 0x0000000083500000, 0x0000000083400000| Complete 
|  53|0x0000000083500000, 0x0000000083600000, 0x0000000083600000|100%|HS|  |TAMS 0x0000000083600000, 0x0000000083500000| Complete 
|  54|0x0000000083600000, 0x0000000083700000, 0x0000000083700000|100%|HS|  |TAMS 0x0000000083700000, 0x0000000083600000| Complete 
|  55|0x0000000083700000, 0x0000000083800000, 0x0000000083800000|100%|HC|  |TAMS 0x0000000083800000, 0x0000000083700000| Complete 
|  56|0x0000000083800000, 0x0000000083900000, 0x0000000083900000|100%|HC|  |TAMS 0x0000000083900000, 0x0000000083800000| Complete 
|  57|0x0000000083900000, 0x0000000083a00000, 0x0000000083a00000|100%|HS|  |TAMS 0x0000000083a00000, 0x0000000083900000| Complete 
|  58|0x0000000083a00000, 0x0000000083b00000, 0x0000000083b00000|100%|HC|  |TAMS 0x0000000083b00000, 0x0000000083a00000| Complete 
|  59|0x0000000083b00000, 0x0000000083c00000, 0x0000000083c00000|100%| O|  |TAMS 0x0000000083c00000, 0x0000000083b00000| Untracked 
|  60|0x0000000083c00000, 0x0000000083d00000, 0x0000000083d00000|100%| O|  |TAMS 0x0000000083d00000, 0x0000000083c00000| Untracked 
|  61|0x0000000083d00000, 0x0000000083e00000, 0x0000000083e00000|100%| O|  |TAMS 0x0000000083e00000, 0x0000000083d00000| Untracked 
|  62|0x0000000083e00000, 0x0000000083f00000, 0x0000000083f00000|100%| O|  |TAMS 0x0000000083f00000, 0x0000000083e00000| Untracked 
|  63|0x0000000083f00000, 0x0000000084000000, 0x0000000084000000|100%| O|  |TAMS 0x0000000084000000, 0x0000000083f00000| Untracked 
|  64|0x0000000084000000, 0x0000000084100000, 0x0000000084100000|100%| O|  |TAMS 0x0000000084100000, 0x0000000084000000| Untracked 
|  65|0x0000000084100000, 0x0000000084200000, 0x0000000084200000|100%| O|  |TAMS 0x0000000084200000, 0x0000000084100000| Untracked 
|  66|0x0000000084200000, 0x0000000084300000, 0x0000000084300000|100%| O|  |TAMS 0x0000000084300000, 0x0000000084200000| Untracked 
|  67|0x0000000084300000, 0x0000000084400000, 0x0000000084400000|100%| O|  |TAMS 0x0000000084400000, 0x0000000084300000| Untracked 
|  68|0x0000000084400000, 0x0000000084500000, 0x0000000084500000|100%| O|  |TAMS 0x0000000084500000, 0x0000000084400000| Untracked 
|  69|0x0000000084500000, 0x0000000084600000, 0x0000000084600000|100%| O|  |TAMS 0x0000000084600000, 0x0000000084500000| Untracked 
|  70|0x0000000084600000, 0x0000000084700000, 0x0000000084700000|100%| O|  |TAMS 0x0000000084700000, 0x0000000084600000| Untracked 
|  71|0x0000000084700000, 0x0000000084800000, 0x0000000084800000|100%| O|  |TAMS 0x0000000084800000, 0x0000000084700000| Untracked 
|  72|0x0000000084800000, 0x0000000084900000, 0x0000000084900000|100%| O|  |TAMS 0x0000000084900000, 0x0000000084800000| Untracked 
|  73|0x0000000084900000, 0x0000000084a00000, 0x0000000084a00000|100%| O|  |TAMS 0x0000000084a00000, 0x0000000084900000| Untracked 
|  74|0x0000000084a00000, 0x0000000084b00000, 0x0000000084b00000|100%| O|  |TAMS 0x0000000084b00000, 0x0000000084a00000| Untracked 
|  75|0x0000000084b00000, 0x0000000084c00000, 0x0000000084c00000|100%| O|  |TAMS 0x0000000084c00000, 0x0000000084b00000| Untracked 
|  76|0x0000000084c00000, 0x0000000084d00000, 0x0000000084d00000|100%| O|  |TAMS 0x0000000084d00000, 0x0000000084c00000| Untracked 
|  77|0x0000000084d00000, 0x0000000084e00000, 0x0000000084e00000|100%| O|  |TAMS 0x0000000084e00000, 0x0000000084d00000| Untracked 
|  78|0x0000000084e00000, 0x0000000084f00000, 0x0000000084f00000|100%| O|  |TAMS 0x0000000084f00000, 0x0000000084e00000| Untracked 
|  79|0x0000000084f00000, 0x0000000085000000, 0x0000000085000000|100%| O|  |TAMS 0x0000000085000000, 0x0000000084f00000| Untracked 
|  80|0x0000000085000000, 0x0000000085100000, 0x0000000085100000|100%| O|  |TAMS 0x0000000085100000, 0x0000000085000000| Untracked 
|  81|0x0000000085100000, 0x0000000085200000, 0x0000000085200000|100%| O|  |TAMS 0x0000000085200000, 0x0000000085100000| Untracked 
|  82|0x0000000085200000, 0x0000000085300000, 0x0000000085300000|100%| O|  |TAMS 0x0000000085300000, 0x0000000085200000| Untracked 
|  83|0x0000000085300000, 0x0000000085400000, 0x0000000085400000|100%| O|  |TAMS 0x0000000085400000, 0x0000000085300000| Untracked 
|  84|0x0000000085400000, 0x0000000085500000, 0x0000000085500000|100%| O|  |TAMS 0x0000000085500000, 0x0000000085400000| Untracked 
|  85|0x0000000085500000, 0x0000000085600000, 0x0000000085600000|100%| O|  |TAMS 0x0000000085600000, 0x0000000085500000| Untracked 
|  86|0x0000000085600000, 0x0000000085700000, 0x0000000085700000|100%| O|  |TAMS 0x0000000085700000, 0x0000000085600000| Untracked 
|  87|0x0000000085700000, 0x0000000085800000, 0x0000000085800000|100%| O|  |TAMS 0x0000000085800000, 0x0000000085700000| Untracked 
|  88|0x0000000085800000, 0x0000000085900000, 0x0000000085900000|100%| O|  |TAMS 0x0000000085900000, 0x0000000085800000| Untracked 
|  89|0x0000000085900000, 0x0000000085a00000, 0x0000000085a00000|100%| O|  |TAMS 0x0000000085a00000, 0x0000000085900000| Untracked 
|  90|0x0000000085a00000, 0x0000000085b00000, 0x0000000085b00000|100%| O|  |TAMS 0x0000000085b00000, 0x0000000085a00000| Untracked 
|  91|0x0000000085b00000, 0x0000000085c00000, 0x0000000085c00000|100%| O|  |TAMS 0x0000000085c00000, 0x0000000085b00000| Untracked 
|  92|0x0000000085c00000, 0x0000000085d00000, 0x0000000085d00000|100%| O|  |TAMS 0x0000000085d00000, 0x0000000085c00000| Untracked 
|  93|0x0000000085d00000, 0x0000000085e00000, 0x0000000085e00000|100%| O|  |TAMS 0x0000000085e00000, 0x0000000085d00000| Untracked 
|  94|0x0000000085e00000, 0x0000000085f00000, 0x0000000085f00000|100%| O|  |TAMS 0x0000000085f00000, 0x0000000085e00000| Untracked 
|  95|0x0000000085f00000, 0x0000000086000000, 0x0000000086000000|100%| O|  |TAMS 0x0000000086000000, 0x0000000085f00000| Untracked 
|  96|0x0000000086000000, 0x0000000086100000, 0x0000000086100000|100%| O|  |TAMS 0x0000000086100000, 0x0000000086000000| Untracked 
|  97|0x0000000086100000, 0x0000000086200000, 0x0000000086200000|100%| O|  |TAMS 0x0000000086200000, 0x0000000086100000| Untracked 
|  98|0x0000000086200000, 0x0000000086300000, 0x0000000086300000|100%| O|  |TAMS 0x0000000086300000, 0x0000000086200000| Untracked 
|  99|0x0000000086300000, 0x0000000086400000, 0x0000000086400000|100%| O|  |TAMS 0x0000000086400000, 0x0000000086300000| Untracked 
| 100|0x0000000086400000, 0x0000000086500000, 0x0000000086500000|100%| O|  |TAMS 0x0000000086500000, 0x0000000086400000| Untracked 
| 101|0x0000000086500000, 0x0000000086600000, 0x0000000086600000|100%| O|  |TAMS 0x0000000086600000, 0x0000000086500000| Untracked 
| 102|0x0000000086600000, 0x0000000086700000, 0x0000000086700000|100%| O|  |TAMS 0x0000000086700000, 0x0000000086600000| Untracked 
| 103|0x0000000086700000, 0x0000000086800000, 0x0000000086800000|100%| O|  |TAMS 0x0000000086800000, 0x0000000086700000| Untracked 
| 104|0x0000000086800000, 0x0000000086900000, 0x0000000086900000|100%| O|  |TAMS 0x0000000086900000, 0x0000000086800000| Untracked 
| 105|0x0000000086900000, 0x0000000086a00000, 0x0000000086a00000|100%| O|  |TAMS 0x0000000086a00000, 0x0000000086900000| Untracked 
| 106|0x0000000086a00000, 0x0000000086b00000, 0x0000000086b00000|100%| O|  |TAMS 0x0000000086b00000, 0x0000000086a00000| Untracked 
| 107|0x0000000086b00000, 0x0000000086c00000, 0x0000000086c00000|100%| O|  |TAMS 0x0000000086c00000, 0x0000000086b00000| Untracked 
| 108|0x0000000086c00000, 0x0000000086d00000, 0x0000000086d00000|100%| O|  |TAMS 0x0000000086d00000, 0x0000000086c00000| Untracked 
| 109|0x0000000086d00000, 0x0000000086e00000, 0x0000000086e00000|100%| O|  |TAMS 0x0000000086e00000, 0x0000000086d00000| Untracked 
| 110|0x0000000086e00000, 0x0000000086f00000, 0x0000000086f00000|100%| O|  |TAMS 0x0000000086f00000, 0x0000000086e00000| Untracked 
| 111|0x0000000086f00000, 0x0000000087000000, 0x0000000087000000|100%| O|  |TAMS 0x0000000087000000, 0x0000000086f00000| Untracked 
| 112|0x0000000087000000, 0x0000000087100000, 0x0000000087100000|100%| O|  |TAMS 0x0000000087100000, 0x0000000087000000| Untracked 
| 113|0x0000000087100000, 0x0000000087200000, 0x0000000087200000|100%| O|  |TAMS 0x0000000087200000, 0x0000000087100000| Untracked 
| 114|0x0000000087200000, 0x0000000087300000, 0x0000000087300000|100%| O|  |TAMS 0x0000000087300000, 0x0000000087200000| Untracked 
| 115|0x0000000087300000, 0x0000000087400000, 0x0000000087400000|100%| O|  |TAMS 0x0000000087400000, 0x0000000087300000| Untracked 
| 116|0x0000000087400000, 0x0000000087500000, 0x0000000087500000|100%| O|  |TAMS 0x0000000087500000, 0x0000000087400000| Untracked 
| 117|0x0000000087500000, 0x0000000087600000, 0x0000000087600000|100%| O|  |TAMS 0x0000000087600000, 0x0000000087500000| Untracked 
| 118|0x0000000087600000, 0x0000000087700000, 0x0000000087700000|100%| O|  |TAMS 0x0000000087700000, 0x0000000087600000| Untracked 
| 119|0x0000000087700000, 0x0000000087800000, 0x0000000087800000|100%| O|  |TAMS 0x0000000087800000, 0x0000000087700000| Untracked 
| 120|0x0000000087800000, 0x0000000087900000, 0x0000000087900000|100%| O|  |TAMS 0x0000000087900000, 0x0000000087800000| Untracked 
| 121|0x0000000087900000, 0x0000000087a00000, 0x0000000087a00000|100%| O|  |TAMS 0x0000000087a00000, 0x0000000087900000| Untracked 
| 122|0x0000000087a00000, 0x0000000087b00000, 0x0000000087b00000|100%| O|  |TAMS 0x0000000087b00000, 0x0000000087a00000| Untracked 
| 123|0x0000000087b00000, 0x0000000087c00000, 0x0000000087c00000|100%| O|  |TAMS 0x0000000087c00000, 0x0000000087b00000| Untracked 
| 124|0x0000000087c00000, 0x0000000087d00000, 0x0000000087d00000|100%| O|  |TAMS 0x0000000087d00000, 0x0000000087c00000| Untracked 
| 125|0x0000000087d00000, 0x0000000087e00000, 0x0000000087e00000|100%| O|  |TAMS 0x0000000087e00000, 0x0000000087d00000| Untracked 
| 126|0x0000000087e00000, 0x0000000087f00000, 0x0000000087f00000|100%| O|  |TAMS 0x0000000087f00000, 0x0000000087e00000| Untracked 
| 127|0x0000000087f00000, 0x0000000088000000, 0x0000000088000000|100%| O|  |TAMS 0x0000000088000000, 0x0000000087f00000| Untracked 
| 128|0x0000000088000000, 0x0000000088100000, 0x0000000088100000|100%| O|  |TAMS 0x0000000088100000, 0x0000000088000000| Untracked 
| 129|0x0000000088100000, 0x0000000088200000, 0x0000000088200000|100%| O|  |TAMS 0x0000000088100000, 0x0000000088100000| Untracked 
| 130|0x0000000088200000, 0x0000000088300000, 0x0000000088300000|100%| O|  |TAMS 0x0000000088300000, 0x0000000088200000| Untracked 
| 131|0x0000000088300000, 0x0000000088400000, 0x0000000088400000|100%| O|  |TAMS 0x0000000088400000, 0x0000000088300000| Untracked 
| 132|0x0000000088400000, 0x0000000088500000, 0x0000000088500000|100%| O|  |TAMS 0x0000000088500000, 0x0000000088400000| Untracked 
| 133|0x0000000088500000, 0x0000000088600000, 0x0000000088600000|100%| O|  |TAMS 0x0000000088600000, 0x0000000088500000| Untracked 
| 134|0x0000000088600000, 0x0000000088700000, 0x0000000088700000|100%| O|  |TAMS 0x0000000088700000, 0x0000000088600000| Untracked 
| 135|0x0000000088700000, 0x0000000088800000, 0x0000000088800000|100%| O|  |TAMS 0x0000000088800000, 0x0000000088700000| Untracked 
| 136|0x0000000088800000, 0x0000000088900000, 0x0000000088900000|100%| O|  |TAMS 0x0000000088900000, 0x0000000088800000| Untracked 
| 137|0x0000000088900000, 0x0000000088a00000, 0x0000000088a00000|100%| O|  |TAMS 0x0000000088a00000, 0x0000000088900000| Untracked 
| 138|0x0000000088a00000, 0x0000000088b00000, 0x0000000088b00000|100%| O|  |TAMS 0x0000000088b00000, 0x0000000088a00000| Untracked 
| 139|0x0000000088b00000, 0x0000000088c00000, 0x0000000088c00000|100%| O|  |TAMS 0x0000000088c00000, 0x0000000088b00000| Untracked 
| 140|0x0000000088c00000, 0x0000000088d00000, 0x0000000088d00000|100%| O|  |TAMS 0x0000000088d00000, 0x0000000088c00000| Untracked 
| 141|0x0000000088d00000, 0x0000000088e00000, 0x0000000088e00000|100%| O|  |TAMS 0x0000000088e00000, 0x0000000088d00000| Untracked 
| 142|0x0000000088e00000, 0x0000000088f00000, 0x0000000088f00000|100%| O|  |TAMS 0x0000000088f00000, 0x0000000088e00000| Untracked 
| 143|0x0000000088f00000, 0x0000000089000000, 0x0000000089000000|100%| O|  |TAMS 0x0000000088f00000, 0x0000000088f00000| Untracked 
| 144|0x0000000089000000, 0x0000000089100000, 0x0000000089100000|100%| O|  |TAMS 0x0000000089100000, 0x0000000089000000| Untracked 
| 145|0x0000000089100000, 0x0000000089200000, 0x0000000089200000|100%| O|  |TAMS 0x0000000089200000, 0x0000000089100000| Untracked 
| 146|0x0000000089200000, 0x0000000089300000, 0x0000000089300000|100%| O|  |TAMS 0x0000000089300000, 0x0000000089200000| Untracked 
| 147|0x0000000089300000, 0x0000000089400000, 0x0000000089400000|100%| O|  |TAMS 0x0000000089400000, 0x0000000089300000| Untracked 
| 148|0x0000000089400000, 0x0000000089500000, 0x0000000089500000|100%| O|  |TAMS 0x0000000089500000, 0x0000000089400000| Untracked 
| 149|0x0000000089500000, 0x00000000895f3400, 0x0000000089600000| 95%| O|  |TAMS 0x0000000089500000, 0x0000000089500000| Untracked 
| 150|0x0000000089600000, 0x0000000089700000, 0x0000000089700000|100%| O|  |TAMS 0x0000000089700000, 0x0000000089600000| Untracked 
| 151|0x0000000089700000, 0x0000000089800000, 0x0000000089800000|100%| O|  |TAMS 0x0000000089800000, 0x0000000089700000| Untracked 
| 152|0x0000000089800000, 0x0000000089900000, 0x0000000089900000|100%| O|  |TAMS 0x0000000089900000, 0x0000000089800000| Untracked 
| 153|0x0000000089900000, 0x0000000089a00000, 0x0000000089a00000|100%| O|  |TAMS 0x0000000089a00000, 0x0000000089900000| Untracked 
| 154|0x0000000089a00000, 0x0000000089b00000, 0x0000000089b00000|100%| O|  |TAMS 0x0000000089b00000, 0x0000000089a00000| Untracked 
| 155|0x0000000089b00000, 0x0000000089c00000, 0x0000000089c00000|100%| O|  |TAMS 0x0000000089c00000, 0x0000000089b00000| Untracked 
| 156|0x0000000089c00000, 0x0000000089d00000, 0x0000000089d00000|100%| O|  |TAMS 0x0000000089d00000, 0x0000000089c00000| Untracked 
| 157|0x0000000089d00000, 0x0000000089e00000, 0x0000000089e00000|100%| O|  |TAMS 0x0000000089e00000, 0x0000000089d00000| Untracked 
| 158|0x0000000089e00000, 0x0000000089f00000, 0x0000000089f00000|100%| O|  |TAMS 0x0000000089f00000, 0x0000000089e00000| Untracked 
| 159|0x0000000089f00000, 0x000000008a000000, 0x000000008a000000|100%| O|  |TAMS 0x000000008a000000, 0x0000000089f00000| Untracked 
| 160|0x000000008a000000, 0x000000008a100000, 0x000000008a100000|100%| O|  |TAMS 0x000000008a100000, 0x000000008a000000| Untracked 
| 161|0x000000008a100000, 0x000000008a200000, 0x000000008a200000|100%| O|  |TAMS 0x000000008a200000, 0x000000008a100000| Untracked 
| 162|0x000000008a200000, 0x000000008a300000, 0x000000008a300000|100%| O|  |TAMS 0x000000008a300000, 0x000000008a200000| Untracked 
| 163|0x000000008a300000, 0x000000008a300000, 0x000000008a400000|  0%| F|  |TAMS 0x000000008a300000, 0x000000008a300000| Untracked 
| 164|0x000000008a400000, 0x000000008a500000, 0x000000008a500000|100%| O|  |TAMS 0x000000008a500000, 0x000000008a400000| Untracked 
| 165|0x000000008a500000, 0x000000008a600000, 0x000000008a600000|100%| O|  |TAMS 0x000000008a600000, 0x000000008a500000| Untracked 
| 166|0x000000008a600000, 0x000000008a700000, 0x000000008a700000|100%| O|  |TAMS 0x000000008a700000, 0x000000008a600000| Untracked 
| 167|0x000000008a700000, 0x000000008a800000, 0x000000008a800000|100%| O|  |TAMS 0x000000008a800000, 0x000000008a700000| Untracked 
| 168|0x000000008a800000, 0x000000008a900000, 0x000000008a900000|100%| O|  |TAMS 0x000000008a8d7800, 0x000000008a800000| Untracked 
| 169|0x000000008a900000, 0x000000008aa00000, 0x000000008aa00000|100%| O|  |TAMS 0x000000008a900000, 0x000000008a900000| Untracked 
| 170|0x000000008aa00000, 0x000000008ab00000, 0x000000008ab00000|100%| O|  |TAMS 0x000000008aa00000, 0x000000008aa00000| Untracked 
| 171|0x000000008ab00000, 0x000000008ac00000, 0x000000008ac00000|100%| O|  |TAMS 0x000000008ab00000, 0x000000008ab00000| Untracked 
| 172|0x000000008ac00000, 0x000000008ad00000, 0x000000008ad00000|100%| O|  |TAMS 0x000000008ac00000, 0x000000008ac00000| Untracked 
| 173|0x000000008ad00000, 0x000000008ae00000, 0x000000008ae00000|100%| O|  |TAMS 0x000000008ad00000, 0x000000008ad00000| Untracked 
| 174|0x000000008ae00000, 0x000000008af00000, 0x000000008af00000|100%| O|  |TAMS 0x000000008ae00000, 0x000000008ae00000| Untracked 
| 175|0x000000008af00000, 0x000000008b000000, 0x000000008b000000|100%| O|  |TAMS 0x000000008af00000, 0x000000008af00000| Untracked 
| 176|0x000000008b000000, 0x000000008b100000, 0x000000008b100000|100%| O|  |TAMS 0x000000008b000000, 0x000000008b000000| Untracked 
| 177|0x000000008b100000, 0x000000008b200000, 0x000000008b200000|100%| O|  |TAMS 0x000000008b100000, 0x000000008b100000| Untracked 
| 178|0x000000008b200000, 0x000000008b300000, 0x000000008b300000|100%| O|  |TAMS 0x000000008b200000, 0x000000008b200000| Untracked 
| 179|0x000000008b300000, 0x000000008b400000, 0x000000008b400000|100%| O|  |TAMS 0x000000008b300000, 0x000000008b300000| Untracked 
| 180|0x000000008b400000, 0x000000008b500000, 0x000000008b500000|100%| O|  |TAMS 0x000000008b400000, 0x000000008b400000| Untracked 
| 181|0x000000008b500000, 0x000000008b600000, 0x000000008b600000|100%| O|  |TAMS 0x000000008b500000, 0x000000008b500000| Untracked 
| 182|0x000000008b600000, 0x000000008b700000, 0x000000008b700000|100%| O|  |TAMS 0x000000008b600000, 0x000000008b600000| Untracked 
| 183|0x000000008b700000, 0x000000008b800000, 0x000000008b800000|100%| O|  |TAMS 0x000000008b700000, 0x000000008b700000| Untracked 
| 184|0x000000008b800000, 0x000000008b900000, 0x000000008b900000|100%| O|  |TAMS 0x000000008b800000, 0x000000008b800000| Untracked 
| 185|0x000000008b900000, 0x000000008ba00000, 0x000000008ba00000|100%| O|  |TAMS 0x000000008b900000, 0x000000008b900000| Untracked 
| 186|0x000000008ba00000, 0x000000008bb00000, 0x000000008bb00000|100%| O|  |TAMS 0x000000008ba00000, 0x000000008ba00000| Untracked 
| 187|0x000000008bb00000, 0x000000008bc00000, 0x000000008bc00000|100%| O|  |TAMS 0x000000008bb00000, 0x000000008bb00000| Untracked 
| 188|0x000000008bc00000, 0x000000008bd00000, 0x000000008bd00000|100%| O|  |TAMS 0x000000008bc00000, 0x000000008bc00000| Untracked 
| 189|0x000000008bd00000, 0x000000008bd00000, 0x000000008be00000|  0%| F|  |TAMS 0x000000008bd00000, 0x000000008bd00000| Untracked 
| 190|0x000000008be00000, 0x000000008be00000, 0x000000008bf00000|  0%| F|  |TAMS 0x000000008be00000, 0x000000008be00000| Untracked 
| 191|0x000000008bf00000, 0x000000008bf00000, 0x000000008c000000|  0%| F|  |TAMS 0x000000008bf00000, 0x000000008bf00000| Untracked 
| 192|0x000000008c000000, 0x000000008c000000, 0x000000008c100000|  0%| F|  |TAMS 0x000000008c000000, 0x000000008c000000| Untracked 
| 193|0x000000008c100000, 0x000000008c100000, 0x000000008c200000|  0%| F|  |TAMS 0x000000008c100000, 0x000000008c100000| Untracked 
| 194|0x000000008c200000, 0x000000008c200000, 0x000000008c300000|  0%| F|  |TAMS 0x000000008c200000, 0x000000008c200000| Untracked 
| 195|0x000000008c300000, 0x000000008c300000, 0x000000008c400000|  0%| F|  |TAMS 0x000000008c300000, 0x000000008c300000| Untracked 
| 196|0x000000008c400000, 0x000000008c400000, 0x000000008c500000|  0%| F|  |TAMS 0x000000008c400000, 0x000000008c400000| Untracked 
| 197|0x000000008c500000, 0x000000008c500000, 0x000000008c600000|  0%| F|  |TAMS 0x000000008c500000, 0x000000008c500000| Untracked 
| 198|0x000000008c600000, 0x000000008c600000, 0x000000008c700000|  0%| F|  |TAMS 0x000000008c600000, 0x000000008c600000| Untracked 
| 199|0x000000008c700000, 0x000000008c700000, 0x000000008c800000|  0%| F|  |TAMS 0x000000008c700000, 0x000000008c700000| Untracked 
| 200|0x000000008c800000, 0x000000008c800000, 0x000000008c900000|  0%| F|  |TAMS 0x000000008c800000, 0x000000008c800000| Untracked 
| 201|0x000000008c900000, 0x000000008c900000, 0x000000008ca00000|  0%| F|  |TAMS 0x000000008c900000, 0x000000008c900000| Untracked 
| 202|0x000000008ca00000, 0x000000008ca00000, 0x000000008cb00000|  0%| F|  |TAMS 0x000000008ca00000, 0x000000008ca00000| Untracked 
| 203|0x000000008cb00000, 0x000000008cb00000, 0x000000008cc00000|  0%| F|  |TAMS 0x000000008cb00000, 0x000000008cb00000| Untracked 
| 204|0x000000008cc00000, 0x000000008cc00000, 0x000000008cd00000|  0%| F|  |TAMS 0x000000008cc00000, 0x000000008cc00000| Untracked 
| 205|0x000000008cd00000, 0x000000008cd00000, 0x000000008ce00000|  0%| F|  |TAMS 0x000000008cd00000, 0x000000008cd00000| Untracked 
| 206|0x000000008ce00000, 0x000000008ce00000, 0x000000008cf00000|  0%| F|  |TAMS 0x000000008ce00000, 0x000000008ce00000| Untracked 
| 207|0x000000008cf00000, 0x000000008cf00000, 0x000000008d000000|  0%| F|  |TAMS 0x000000008cf00000, 0x000000008cf00000| Untracked 
| 208|0x000000008d000000, 0x000000008d000000, 0x000000008d100000|  0%| F|  |TAMS 0x000000008d000000, 0x000000008d000000| Untracked 
| 209|0x000000008d100000, 0x000000008d100000, 0x000000008d200000|  0%| F|  |TAMS 0x000000008d100000, 0x000000008d100000| Untracked 
| 210|0x000000008d200000, 0x000000008d200000, 0x000000008d300000|  0%| F|  |TAMS 0x000000008d200000, 0x000000008d200000| Untracked 
| 211|0x000000008d300000, 0x000000008d300000, 0x000000008d400000|  0%| F|  |TAMS 0x000000008d300000, 0x000000008d300000| Untracked 
| 212|0x000000008d400000, 0x000000008d400000, 0x000000008d500000|  0%| F|  |TAMS 0x000000008d400000, 0x000000008d400000| Untracked 
| 213|0x000000008d500000, 0x000000008d500000, 0x000000008d600000|  0%| F|  |TAMS 0x000000008d500000, 0x000000008d500000| Untracked 
| 214|0x000000008d600000, 0x000000008d600000, 0x000000008d700000|  0%| F|  |TAMS 0x000000008d600000, 0x000000008d600000| Untracked 
| 215|0x000000008d700000, 0x000000008d700000, 0x000000008d800000|  0%| F|  |TAMS 0x000000008d700000, 0x000000008d700000| Untracked 
| 216|0x000000008d800000, 0x000000008d800000, 0x000000008d900000|  0%| F|  |TAMS 0x000000008d800000, 0x000000008d800000| Untracked 
| 217|0x000000008d900000, 0x000000008d900000, 0x000000008da00000|  0%| F|  |TAMS 0x000000008d900000, 0x000000008d900000| Untracked 
| 218|0x000000008da00000, 0x000000008da00000, 0x000000008db00000|  0%| F|  |TAMS 0x000000008da00000, 0x000000008da00000| Untracked 
| 219|0x000000008db00000, 0x000000008db00000, 0x000000008dc00000|  0%| F|  |TAMS 0x000000008db00000, 0x000000008db00000| Untracked 
| 220|0x000000008dc00000, 0x000000008dc00000, 0x000000008dd00000|  0%| F|  |TAMS 0x000000008dc00000, 0x000000008dc00000| Untracked 
| 221|0x000000008dd00000, 0x000000008dd00000, 0x000000008de00000|  0%| F|  |TAMS 0x000000008dd00000, 0x000000008dd00000| Untracked 
| 222|0x000000008de00000, 0x000000008de00000, 0x000000008df00000|  0%| F|  |TAMS 0x000000008de00000, 0x000000008de00000| Untracked 
| 223|0x000000008df00000, 0x000000008df00000, 0x000000008e000000|  0%| F|  |TAMS 0x000000008df00000, 0x000000008df00000| Untracked 
| 224|0x000000008e000000, 0x000000008e000000, 0x000000008e100000|  0%| F|  |TAMS 0x000000008e000000, 0x000000008e000000| Untracked 
| 225|0x000000008e100000, 0x000000008e100000, 0x000000008e200000|  0%| F|  |TAMS 0x000000008e100000, 0x000000008e100000| Untracked 
| 226|0x000000008e200000, 0x000000008e200000, 0x000000008e300000|  0%| F|  |TAMS 0x000000008e200000, 0x000000008e200000| Untracked 
| 227|0x000000008e300000, 0x000000008e300000, 0x000000008e400000|  0%| F|  |TAMS 0x000000008e300000, 0x000000008e300000| Untracked 
| 228|0x000000008e400000, 0x000000008e400000, 0x000000008e500000|  0%| F|  |TAMS 0x000000008e400000, 0x000000008e400000| Untracked 
| 229|0x000000008e500000, 0x000000008e500000, 0x000000008e600000|  0%| F|  |TAMS 0x000000008e500000, 0x000000008e500000| Untracked 
| 230|0x000000008e600000, 0x000000008e600000, 0x000000008e700000|  0%| F|  |TAMS 0x000000008e600000, 0x000000008e600000| Untracked 
| 231|0x000000008e700000, 0x000000008e700000, 0x000000008e800000|  0%| F|  |TAMS 0x000000008e700000, 0x000000008e700000| Untracked 
| 232|0x000000008e800000, 0x000000008e800000, 0x000000008e900000|  0%| F|  |TAMS 0x000000008e800000, 0x000000008e800000| Untracked 
| 233|0x000000008e900000, 0x000000008e900000, 0x000000008ea00000|  0%| F|  |TAMS 0x000000008e900000, 0x000000008e900000| Untracked 
| 234|0x000000008ea00000, 0x000000008ea00000, 0x000000008eb00000|  0%| F|  |TAMS 0x000000008ea00000, 0x000000008ea00000| Untracked 
| 235|0x000000008eb00000, 0x000000008eb00000, 0x000000008ec00000|  0%| F|  |TAMS 0x000000008eb00000, 0x000000008eb00000| Untracked 
| 236|0x000000008ec00000, 0x000000008ed00000, 0x000000008ed00000|100%| S|CS|TAMS 0x000000008ec00000, 0x000000008ec00000| Complete 
| 237|0x000000008ed00000, 0x000000008ee00000, 0x000000008ee00000|100%| S|CS|TAMS 0x000000008ed00000, 0x000000008ed00000| Complete 
| 238|0x000000008ee00000, 0x000000008ef00000, 0x000000008ef00000|100%| S|CS|TAMS 0x000000008ee00000, 0x000000008ee00000| Complete 
| 239|0x000000008ef00000, 0x000000008f000000, 0x000000008f000000|100%| S|CS|TAMS 0x000000008ef00000, 0x000000008ef00000| Complete 
| 240|0x000000008f000000, 0x000000008f100000, 0x000000008f100000|100%| S|CS|TAMS 0x000000008f000000, 0x000000008f000000| Complete 
| 241|0x000000008f100000, 0x000000008f100000, 0x000000008f200000|  0%| F|  |TAMS 0x000000008f100000, 0x000000008f100000| Untracked 
| 242|0x000000008f200000, 0x000000008f200000, 0x000000008f300000|  0%| F|  |TAMS 0x000000008f200000, 0x000000008f200000| Untracked 
| 243|0x000000008f300000, 0x000000008f300000, 0x000000008f400000|  0%| F|  |TAMS 0x000000008f300000, 0x000000008f300000| Untracked 
| 244|0x000000008f400000, 0x000000008f400000, 0x000000008f500000|  0%| F|  |TAMS 0x000000008f400000, 0x000000008f400000| Untracked 
| 245|0x000000008f500000, 0x000000008f500000, 0x000000008f600000|  0%| F|  |TAMS 0x000000008f500000, 0x000000008f500000| Untracked 
| 246|0x000000008f600000, 0x000000008f600000, 0x000000008f700000|  0%| F|  |TAMS 0x000000008f600000, 0x000000008f600000| Untracked 
| 247|0x000000008f700000, 0x000000008f700000, 0x000000008f800000|  0%| F|  |TAMS 0x000000008f700000, 0x000000008f700000| Untracked 
| 248|0x000000008f800000, 0x000000008f800000, 0x000000008f900000|  0%| F|  |TAMS 0x000000008f800000, 0x000000008f800000| Untracked 
| 249|0x000000008f900000, 0x000000008f900000, 0x000000008fa00000|  0%| F|  |TAMS 0x000000008f900000, 0x000000008f900000| Untracked 
| 250|0x000000008fa00000, 0x000000008fa00000, 0x000000008fb00000|  0%| F|  |TAMS 0x000000008fa00000, 0x000000008fa00000| Untracked 
| 251|0x000000008fb00000, 0x000000008fb00000, 0x000000008fc00000|  0%| F|  |TAMS 0x000000008fb00000, 0x000000008fb00000| Untracked 
| 252|0x000000008fc00000, 0x000000008fc00000, 0x000000008fd00000|  0%| F|  |TAMS 0x000000008fc00000, 0x000000008fc00000| Untracked 
| 253|0x000000008fd00000, 0x000000008fd00000, 0x000000008fe00000|  0%| F|  |TAMS 0x000000008fd00000, 0x000000008fd00000| Untracked 
| 254|0x000000008fe00000, 0x000000008fe00000, 0x000000008ff00000|  0%| F|  |TAMS 0x000000008fe00000, 0x000000008fe00000| Untracked 
| 255|0x000000008ff00000, 0x000000008ff00000, 0x0000000090000000|  0%| F|  |TAMS 0x000000008ff00000, 0x000000008ff00000| Untracked 
| 256|0x0000000090000000, 0x0000000090000000, 0x0000000090100000|  0%| F|  |TAMS 0x0000000090000000, 0x0000000090000000| Untracked 
| 257|0x0000000090100000, 0x0000000090100000, 0x0000000090200000|  0%| F|  |TAMS 0x0000000090100000, 0x0000000090100000| Untracked 
| 258|0x0000000090200000, 0x0000000090200000, 0x0000000090300000|  0%| F|  |TAMS 0x0000000090200000, 0x0000000090200000| Untracked 
| 259|0x0000000090300000, 0x0000000090300000, 0x0000000090400000|  0%| F|  |TAMS 0x0000000090300000, 0x0000000090300000| Untracked 
| 260|0x0000000090400000, 0x0000000090400000, 0x0000000090500000|  0%| F|  |TAMS 0x0000000090400000, 0x0000000090400000| Untracked 
| 261|0x0000000090500000, 0x0000000090500000, 0x0000000090600000|  0%| F|  |TAMS 0x0000000090500000, 0x0000000090500000| Untracked 
| 262|0x0000000090600000, 0x0000000090600000, 0x0000000090700000|  0%| F|  |TAMS 0x0000000090600000, 0x0000000090600000| Untracked 
| 263|0x0000000090700000, 0x0000000090700000, 0x0000000090800000|  0%| F|  |TAMS 0x0000000090700000, 0x0000000090700000| Untracked 
| 264|0x0000000090800000, 0x0000000090800000, 0x0000000090900000|  0%| F|  |TAMS 0x0000000090800000, 0x0000000090800000| Untracked 
| 265|0x0000000090900000, 0x0000000090900000, 0x0000000090a00000|  0%| F|  |TAMS 0x0000000090900000, 0x0000000090900000| Untracked 
| 266|0x0000000090a00000, 0x0000000090a00000, 0x0000000090b00000|  0%| F|  |TAMS 0x0000000090a00000, 0x0000000090a00000| Untracked 
| 267|0x0000000090b00000, 0x0000000090b00000, 0x0000000090c00000|  0%| F|  |TAMS 0x0000000090b00000, 0x0000000090b00000| Untracked 
| 268|0x0000000090c00000, 0x0000000090c00000, 0x0000000090d00000|  0%| F|  |TAMS 0x0000000090c00000, 0x0000000090c00000| Untracked 
| 269|0x0000000090d00000, 0x0000000090d00000, 0x0000000090e00000|  0%| F|  |TAMS 0x0000000090d00000, 0x0000000090d00000| Untracked 
| 270|0x0000000090e00000, 0x0000000090e00000, 0x0000000090f00000|  0%| F|  |TAMS 0x0000000090e00000, 0x0000000090e00000| Untracked 
| 271|0x0000000090f00000, 0x0000000090f00000, 0x0000000091000000|  0%| F|  |TAMS 0x0000000090f00000, 0x0000000090f00000| Untracked 
| 272|0x0000000091000000, 0x0000000091000000, 0x0000000091100000|  0%| F|  |TAMS 0x0000000091000000, 0x0000000091000000| Untracked 
| 273|0x0000000091100000, 0x0000000091100000, 0x0000000091200000|  0%| F|  |TAMS 0x0000000091100000, 0x0000000091100000| Untracked 
| 274|0x0000000091200000, 0x0000000091200000, 0x0000000091300000|  0%| F|  |TAMS 0x0000000091200000, 0x0000000091200000| Untracked 
| 275|0x0000000091300000, 0x0000000091300000, 0x0000000091400000|  0%| F|  |TAMS 0x0000000091300000, 0x0000000091300000| Untracked 

Card table byte_map: [0x000001f6b2990000,0x000001f6b2d90000] _byte_map_base: 0x000001f6b2590000

Marking Bits (Prev, Next): (CMBitMap*) 0x000001f69fada810, (CMBitMap*) 0x000001f69fada7d8
 Prev Bits: [0x000001f6b5190000, 0x000001f6b7190000)
 Next Bits: [0x000001f6b3190000, 0x000001f6b5190000)

Polling page: 0x000001f69da00000

Metaspace:

Usage:
  Non-class:    119.14 MB capacity,   116.93 MB ( 98%) used,     1.80 MB (  2%) free+waste,   420.13 KB ( <1%) overhead. 
      Class:     17.94 MB capacity,    16.59 MB ( 92%) used,     1.17 MB (  7%) free+waste,   184.38 KB (  1%) overhead. 
       Both:    137.08 MB capacity,   133.51 MB ( 97%) used,     2.97 MB (  2%) free+waste,   604.50 KB ( <1%) overhead. 

Virtual space:
  Non-class space:      120.00 MB reserved,     119.70 MB (>99%) committed 
      Class space:        1.00 GB reserved,      18.25 MB (  2%) committed 
             Both:        1.12 GB reserved,     137.95 MB ( 12%) committed 

Chunk freelists:
   Non-Class:  381.00 KB
       Class:  195.00 KB
        Both:  576.00 KB

MaxMetaspaceSize: 17179869184.00 GB
CompressedClassSpaceSize: 1.00 GB

CodeHeap 'non-profiled nmethods': size=120064Kb used=10789Kb max_used=11085Kb free=109274Kb
 bounds [0x000001f6ab050000, 0x000001f6abb40000, 0x000001f6b2590000]
CodeHeap 'profiled nmethods': size=120000Kb used=46602Kb max_used=46602Kb free=73397Kb
 bounds [0x000001f6a3b20000, 0x000001f6a6920000, 0x000001f6ab050000]
CodeHeap 'non-nmethods': size=5696Kb used=2377Kb max_used=2420Kb free=3318Kb
 bounds [0x000001f6a3590000, 0x000001f6a3800000, 0x000001f6a3b20000]
 total_blobs=21244 nmethods=20233 adapters=920
 compilation: enabled
              stopped_count=0, restarted_count=0
 full_count=0

Compilation events (20 events):
Event: 65.849 Thread 0x000001f6b96af000 nmethod 21387 0x000001f6ab132710 code [0x000001f6ab1328c0, 0x000001f6ab132c78]
Event: 65.849 Thread 0x000001f6b96af000 21393       4       com.android.tools.r8.internal.ko::a (63 bytes)
Event: 65.938 Thread 0x000001f6ba059000 21397       2       com.android.tools.r8.internal.X3::<init> (151 bytes)
Event: 65.938 Thread 0x000001f6ba059000 nmethod 21397 0x000001f6a3fe3b10 code [0x000001f6a3fe3cc0, 0x000001f6a3fe3e58]
Event: 65.938 Thread 0x000001f6ba059000 21398 %     3       com.android.tools.r8.internal.U6::a @ 31 (98 bytes)
Event: 65.939 Thread 0x000001f6ba059000 nmethod 21398% 0x000001f6a3fe8b10 code [0x000001f6a3fe8d40, 0x000001f6a3fe9678]
Event: 65.959 Thread 0x000001f6ba059000 21400       2       com.android.tools.r8.internal.qr::a (141 bytes)
Event: 65.960 Thread 0x000001f6ba059000 nmethod 21400 0x000001f6a3ff6490 code [0x000001f6a3ff66e0, 0x000001f6a3ff6e88]
Event: 65.961 Thread 0x000001f6ba059000 21401       3       com.android.tools.r8.graph.G0::a (138 bytes)
Event: 65.962 Thread 0x000001f6ba059000 nmethod 21401 0x000001f6a3ff8e90 code [0x000001f6a3ff9140, 0x000001f6a3ffa048]
Event: 65.962 Thread 0x000001f6ba059000 21402       2       com.android.tools.r8.internal.g7::a (17 bytes)
Event: 65.962 Thread 0x000001f6ba059000 nmethod 21402 0x000001f6a3fe3790 code [0x000001f6a3fe3940, 0x000001f6a3fe3a68]
Event: 65.989 Thread 0x000001f6ba059000 21403       2       com.android.tools.r8.internal.A0::iterator (5 bytes)
Event: 65.990 Thread 0x000001f6ba059000 nmethod 21403 0x000001f6a3fe3410 code [0x000001f6a3fe35c0, 0x000001f6a3fe36e8]
Event: 65.991 Thread 0x000001f6ba059000 21404       2       com.android.tools.r8.internal.mu$e::iterator (12 bytes)
Event: 65.991 Thread 0x000001f6ba059000 nmethod 21404 0x000001f6a3fe2f10 code [0x000001f6a3fe30c0, 0x000001f6a3fe32a8]
Event: 66.007 Thread 0x000001f6b96af000 nmethod 21393 0x000001f6ab189a90 code [0x000001f6ab189d80, 0x000001f6ab18c2c0]
Event: 66.007 Thread 0x000001f6b96af000 21394       4       com.android.tools.r8.internal.jt$$Lambda$1545/0x00000001010f2c40::accept (16 bytes)
Event: 66.008 Thread 0x000001f6b96af000 nmethod 21394 0x000001f6ab10e390 code [0x000001f6ab10e520, 0x000001f6ab10e618]
Event: 66.008 Thread 0x000001f6b96af000 21251       4       com.android.tools.r8.graph.a0::g (62 bytes)

GC Heap History (20 events):
Event: 62.392 GC heap after
{Heap after GC invocations=63 (full 0):
 garbage-first heap   total 227328K, used 154942K [0x0000000080000000, 0x0000000100000000)
  region size 1024K, 6 young (6144K), 6 survivors (6144K)
 Metaspace       used 136817K, capacity 140646K, committed 140876K, reserved 1171456K
  class space    used 17090K, capacity 18558K, committed 18560K, reserved 1048576K
}
Event: 62.703 GC heap before
{Heap before GC invocations=63 (full 0):
 garbage-first heap   total 227328K, used 188734K [0x0000000080000000, 0x0000000100000000)
  region size 1024K, 40 young (40960K), 6 survivors (6144K)
 Metaspace       used 136992K, capacity 140815K, committed 141004K, reserved 1171456K
  class space    used 17093K, capacity 18562K, committed 18688K, reserved 1048576K
}
Event: 62.715 GC heap after
{Heap after GC invocations=64 (full 0):
 garbage-first heap   total 227328K, used 158933K [0x0000000080000000, 0x0000000100000000)
  region size 1024K, 5 young (5120K), 5 survivors (5120K)
 Metaspace       used 136992K, capacity 140815K, committed 141004K, reserved 1171456K
  class space    used 17093K, capacity 18562K, committed 18688K, reserved 1048576K
}
Event: 63.739 GC heap before
{Heap before GC invocations=65 (full 0):
 garbage-first heap   total 227328K, used 187605K [0x0000000080000000, 0x0000000100000000)
  region size 1024K, 34 young (34816K), 5 survivors (5120K)
 Metaspace       used 136670K, capacity 140292K, committed 141004K, reserved 1171456K
  class space    used 16983K, capacity 18366K, committed 18688K, reserved 1048576K
}
Event: 63.760 GC heap after
{Heap after GC invocations=66 (full 0):
 garbage-first heap   total 227328K, used 163700K [0x0000000080000000, 0x0000000100000000)
  region size 1024K, 5 young (5120K), 5 survivors (5120K)
 Metaspace       used 136670K, capacity 140292K, committed 141004K, reserved 1171456K
  class space    used 16983K, capacity 18366K, committed 18688K, reserved 1048576K
}
Event: 63.815 GC heap before
{Heap before GC invocations=66 (full 0):
 garbage-first heap   total 227328K, used 168820K [0x0000000080000000, 0x0000000100000000)
  region size 1024K, 11 young (11264K), 5 survivors (5120K)
 Metaspace       used 136670K, capacity 140292K, committed 141004K, reserved 1171456K
  class space    used 16983K, capacity 18366K, committed 18688K, reserved 1048576K
}
Event: 63.845 GC heap after
{Heap after GC invocations=67 (full 0):
 garbage-first heap   total 227328K, used 160383K [0x0000000080000000, 0x0000000100000000)
  region size 1024K, 2 young (2048K), 2 survivors (2048K)
 Metaspace       used 136670K, capacity 140292K, committed 141004K, reserved 1171456K
  class space    used 16983K, capacity 18366K, committed 18688K, reserved 1048576K
}
Event: 64.135 GC heap before
{Heap before GC invocations=67 (full 0):
 garbage-first heap   total 227328K, used 187007K [0x0000000080000000, 0x0000000100000000)
  region size 1024K, 30 young (30720K), 2 survivors (2048K)
 Metaspace       used 136677K, capacity 140293K, committed 141004K, reserved 1171456K
  class space    used 16984K, capacity 18366K, committed 18688K, reserved 1048576K
}
Event: 64.150 GC heap after
{Heap after GC invocations=68 (full 0):
 garbage-first heap   total 227328K, used 167271K [0x0000000080000000, 0x0000000100000000)
  region size 1024K, 4 young (4096K), 4 survivors (4096K)
 Metaspace       used 136677K, capacity 140293K, committed 141004K, reserved 1171456K
  class space    used 16984K, capacity 18366K, committed 18688K, reserved 1048576K
}
Event: 64.214 GC heap before
{Heap before GC invocations=68 (full 0):
 garbage-first heap   total 227328K, used 188775K [0x0000000080000000, 0x0000000100000000)
  region size 1024K, 26 young (26624K), 4 survivors (4096K)
 Metaspace       used 136679K, capacity 140293K, committed 141004K, reserved 1171456K
  class space    used 16984K, capacity 18366K, committed 18688K, reserved 1048576K
}
Event: 64.233 GC heap after
{Heap after GC invocations=69 (full 0):
 garbage-first heap   total 227328K, used 172011K [0x0000000080000000, 0x0000000100000000)
  region size 1024K, 4 young (4096K), 4 survivors (4096K)
 Metaspace       used 136679K, capacity 140293K, committed 141004K, reserved 1171456K
  class space    used 16984K, capacity 18366K, committed 18688K, reserved 1048576K
}
Event: 64.281 GC heap before
{Heap before GC invocations=69 (full 0):
 garbage-first heap   total 227328K, used 191467K [0x0000000080000000, 0x0000000100000000)
  region size 1024K, 24 young (24576K), 4 survivors (4096K)
 Metaspace       used 136679K, capacity 140293K, committed 141004K, reserved 1171456K
  class space    used 16984K, capacity 18366K, committed 18688K, reserved 1048576K
}
Event: 64.302 GC heap after
{Heap after GC invocations=70 (full 0):
 garbage-first heap   total 282624K, used 175966K [0x0000000080000000, 0x0000000100000000)
  region size 1024K, 3 young (3072K), 3 survivors (3072K)
 Metaspace       used 136679K, capacity 140293K, committed 141004K, reserved 1171456K
  class space    used 16984K, capacity 18366K, committed 18688K, reserved 1048576K
}
Event: 64.898 GC heap before
{Heap before GC invocations=70 (full 0):
 garbage-first heap   total 282624K, used 212830K [0x0000000080000000, 0x0000000100000000)
  region size 1024K, 39 young (39936K), 3 survivors (3072K)
 Metaspace       used 136699K, capacity 140360K, committed 141260K, reserved 1171456K
  class space    used 16985K, capacity 18367K, committed 18688K, reserved 1048576K
}
Event: 64.958 GC heap after
{Heap after GC invocations=71 (full 0):
 garbage-first heap   total 282624K, used 182983K [0x0000000080000000, 0x0000000100000000)
  region size 1024K, 5 young (5120K), 5 survivors (5120K)
 Metaspace       used 136699K, capacity 140360K, committed 141260K, reserved 1171456K
  class space    used 16985K, capacity 18367K, committed 18688K, reserved 1048576K
}
Event: 65.859 GC heap before
{Heap before GC invocations=72 (full 0):
 garbage-first heap   total 282624K, used 217799K [0x0000000080000000, 0x0000000100000000)
  region size 1024K, 40 young (40960K), 5 survivors (5120K)
 Metaspace       used 136713K, capacity 140365K, committed 141260K, reserved 1171456K
  class space    used 16985K, capacity 18367K, committed 18688K, reserved 1048576K
}
Event: 65.888 GC heap after
{Heap after GC invocations=73 (full 0):
 garbage-first heap   total 282624K, used 190341K [0x0000000080000000, 0x0000000100000000)
  region size 1024K, 5 young (5120K), 5 survivors (5120K)
 Metaspace       used 136713K, capacity 140365K, committed 141260K, reserved 1171456K
  class space    used 16985K, capacity 18367K, committed 18688K, reserved 1048576K
}
Event: 65.904 GC heap before
{Heap before GC invocations=73 (full 0):
 garbage-first heap   total 282624K, used 198533K [0x0000000080000000, 0x0000000100000000)
  region size 1024K, 14 young (14336K), 5 survivors (5120K)
 Metaspace       used 136713K, capacity 140365K, committed 141260K, reserved 1171456K
  class space    used 16985K, capacity 18367K, committed 18688K, reserved 1048576K
}
Event: 65.932 GC heap after
{Heap after GC invocations=74 (full 0):
 garbage-first heap   total 282624K, used 190479K [0x0000000080000000, 0x0000000100000000)
  region size 1024K, 2 young (2048K), 2 survivors (2048K)
 Metaspace       used 136713K, capacity 140365K, committed 141260K, reserved 1171456K
  class space    used 16985K, capacity 18367K, committed 18688K, reserved 1048576K
}
Event: 66.017 GC heap before
{Heap before GC invocations=74 (full 0):
 garbage-first heap   total 282624K, used 224271K [0x0000000080000000, 0x0000000100000000)
  region size 1024K, 35 young (35840K), 2 survivors (2048K)
 Metaspace       used 136719K, capacity 140366K, committed 141260K, reserved 1171456K
  class space    used 16985K, capacity 18367K, committed 18688K, reserved 1048576K
}

Deoptimization events (20 events):
Event: 65.017 Thread 0x000001f6bcc30000 DEOPT PACKING pc=0x000001f6a3fd9a60 sp=0x000000ad4d8f9d40
Event: 65.017 Thread 0x000001f6bcc30000 DEOPT UNPACKING pc=0x000001f6a35b76ce sp=0x000000ad4d8f9260 mode 0
Event: 65.269 Thread 0x000001f6bcc30000 DEOPT PACKING pc=0x000001f6a3fd9a60 sp=0x000000ad4d8f9a40
Event: 65.270 Thread 0x000001f6bcc30000 DEOPT UNPACKING pc=0x000001f6a35b76ce sp=0x000000ad4d8f8f60 mode 0
Event: 65.733 Thread 0x000001f6bcc30000 DEOPT PACKING pc=0x000001f6a3fd9a60 sp=0x000000ad4d8f9a40
Event: 65.733 Thread 0x000001f6bcc30000 DEOPT UNPACKING pc=0x000001f6a35b76ce sp=0x000000ad4d8f8f60 mode 0
Event: 65.738 Thread 0x000001f6bcc30000 DEOPT PACKING pc=0x000001f6a3fd9a60 sp=0x000000ad4d8f9a40
Event: 65.738 Thread 0x000001f6bcc30000 DEOPT UNPACKING pc=0x000001f6a35b76ce sp=0x000000ad4d8f8f60 mode 0
Event: 65.744 Thread 0x000001f6bcc30000 DEOPT PACKING pc=0x000001f6a3fd9a60 sp=0x000000ad4d8f9a40
Event: 65.744 Thread 0x000001f6bcc30000 DEOPT UNPACKING pc=0x000001f6a35b76ce sp=0x000000ad4d8f8f60 mode 0
Event: 65.749 Thread 0x000001f6bcc30000 DEOPT PACKING pc=0x000001f6a3fd9a60 sp=0x000000ad4d8f9a40
Event: 65.749 Thread 0x000001f6bcc30000 DEOPT UNPACKING pc=0x000001f6a35b76ce sp=0x000000ad4d8f8f60 mode 0
Event: 65.802 Thread 0x000001f6bcc30000 DEOPT PACKING pc=0x000001f6a3fd9a60 sp=0x000000ad4d8f9a40
Event: 65.802 Thread 0x000001f6bcc30000 DEOPT UNPACKING pc=0x000001f6a35b76ce sp=0x000000ad4d8f8f60 mode 0
Event: 65.807 Thread 0x000001f6bcc30000 DEOPT PACKING pc=0x000001f6a3fd9a60 sp=0x000000ad4d8f9a40
Event: 65.807 Thread 0x000001f6bcc30000 DEOPT UNPACKING pc=0x000001f6a35b76ce sp=0x000000ad4d8f8f60 mode 0
Event: 66.011 Thread 0x000001f6bcc2d000 Uncommon trap: trap_request=0xffffff4d fr.pc=0x000001f6abb2d438 relative=0x0000000000009718
Event: 66.011 Thread 0x000001f6bcc2d000 Uncommon trap: reason=unstable_if action=reinterpret pc=0x000001f6abb2d438 method=com.android.tools.r8.internal.U6.a(Lcom/android/tools/r8/internal/Br;Lcom/android/tools/r8/internal/P8;I)V @ 88 c2
Event: 66.011 Thread 0x000001f6bcc2d000 DEOPT PACKING pc=0x000001f6abb2d438 sp=0x000000ad4dcf96d0
Event: 66.011 Thread 0x000001f6bcc2d000 DEOPT UNPACKING pc=0x000001f6a35b78af sp=0x000000ad4dcf9678 mode 2

Classes redefined (0 events):
No events

Internal exceptions (20 events):
Event: 60.441 Thread 0x000001f6bcc30000 Exception <a 'sun/nio/fs/WindowsException'{0x000000008b92b8f8}> (0x000000008b92b8f8) thrown at [./src/hotspot/share/prims/jni.cpp, line 615]
Event: 60.528 Thread 0x000001f6bcc2d000 Exception <a 'sun/nio/fs/WindowsException'{0x000000008b113580}> (0x000000008b113580) thrown at [./src/hotspot/share/prims/jni.cpp, line 615]
Event: 60.731 Thread 0x000001f6bcc30000 Exception <a 'sun/nio/fs/WindowsException'{0x000000008d4b5250}> (0x000000008d4b5250) thrown at [./src/hotspot/share/prims/jni.cpp, line 615]
Event: 60.816 Thread 0x000001f6bcc31000 Exception <a 'sun/nio/fs/WindowsException'{0x000000008cdbdd50}> (0x000000008cdbdd50) thrown at [./src/hotspot/share/prims/jni.cpp, line 615]
Event: 60.906 Thread 0x000001f6bcc30000 Exception <a 'sun/nio/fs/WindowsException'{0x000000008c8d87b0}> (0x000000008c8d87b0) thrown at [./src/hotspot/share/prims/jni.cpp, line 615]
Event: 60.947 Thread 0x000001f6bcc32800 Exception <a 'sun/nio/fs/WindowsException'{0x000000008c9a86f0}> (0x000000008c9a86f0) thrown at [./src/hotspot/share/prims/jni.cpp, line 615]
Event: 60.960 Thread 0x000001f6bcc32800 Exception <a 'sun/nio/fs/WindowsException'{0x000000008c21b378}> (0x000000008c21b378) thrown at [./src/hotspot/share/prims/jni.cpp, line 615]
Event: 60.978 Thread 0x000001f6bcc31000 Exception <a 'sun/nio/fs/WindowsException'{0x000000008bf82c30}> (0x000000008bf82c30) thrown at [./src/hotspot/share/prims/jni.cpp, line 615]
Event: 61.123 Thread 0x000001f6bcc30000 Exception <a 'sun/nio/fs/WindowsException'{0x000000008dc80148}> (0x000000008dc80148) thrown at [./src/hotspot/share/prims/jni.cpp, line 615]
Event: 61.290 Thread 0x000001f6bcc32800 Exception <a 'sun/nio/fs/WindowsException'{0x000000008cbb3a68}> (0x000000008cbb3a68) thrown at [./src/hotspot/share/prims/jni.cpp, line 615]
Event: 61.324 Thread 0x000001f6bcc32800 Exception <a 'sun/nio/fs/WindowsException'{0x000000008c6d4790}> (0x000000008c6d4790) thrown at [./src/hotspot/share/prims/jni.cpp, line 615]
Event: 61.419 Thread 0x000001f6bcc2d000 Exception <a 'sun/nio/fs/WindowsException'{0x000000008bbfe698}> (0x000000008bbfe698) thrown at [./src/hotspot/share/prims/jni.cpp, line 615]
Event: 61.853 Thread 0x000001f6bcc32800 Exception <a 'sun/nio/fs/WindowsException'{0x000000008c4464b8}> (0x000000008c4464b8) thrown at [./src/hotspot/share/prims/jni.cpp, line 615]
Event: 62.347 Thread 0x000001f6bcc32800 Exception <a 'sun/nio/fs/WindowsException'{0x000000008c2e9aa8}> (0x000000008c2e9aa8) thrown at [./src/hotspot/share/prims/jni.cpp, line 615]
Event: 62.449 Thread 0x000001f6bcc2d000 Exception <a 'sun/nio/fs/WindowsException'{0x000000008d31f458}> (0x000000008d31f458) thrown at [./src/hotspot/share/prims/jni.cpp, line 615]
Event: 63.028 Thread 0x000001f6bcc31000 Exception <a 'sun/nio/fs/WindowsException'{0x000000008db7b128}> (0x000000008db7b128) thrown at [./src/hotspot/share/prims/jni.cpp, line 615]
Event: 64.092 Thread 0x000001f6bcc30000 Exception <a 'sun/nio/fs/WindowsException'{0x000000008c9759a8}> (0x000000008c9759a8) thrown at [./src/hotspot/share/prims/jni.cpp, line 615]
Event: 64.307 Thread 0x000001f6bcc31000 Exception <a 'sun/nio/fs/WindowsException'{0x00000000912160e0}> (0x00000000912160e0) thrown at [./src/hotspot/share/prims/jni.cpp, line 615]
Event: 64.390 Thread 0x000001f6bcc31000 Implicit null exception at 0x000001f6ab191a10 to 0x000001f6ab197154
Event: 65.747 Thread 0x000001f6bcc31000 Exception <a 'sun/nio/fs/WindowsException'{0x0000000090e963d8}> (0x0000000090e963d8) thrown at [./src/hotspot/share/prims/jni.cpp, line 615]

Events (20 events):
Event: 64.302 Executing VM operation: G1CollectForAllocation done
Event: 64.380 Executing VM operation: ICBufferFull
Event: 64.385 Executing VM operation: ICBufferFull done
Event: 64.397 Executing VM operation: ICBufferFull
Event: 64.398 Executing VM operation: ICBufferFull done
Event: 64.679 loading class com/android/tools/r8/internal/m4
Event: 64.679 loading class com/android/tools/r8/internal/m4 done
Event: 64.855 Executing VM operation: G1CollectForAllocation
Event: 64.958 Executing VM operation: G1CollectForAllocation done
Event: 65.124 Executing VM operation: CGC_Operation
Event: 65.213 Executing VM operation: CGC_Operation done
Event: 65.545 Executing VM operation: CGC_Operation
Event: 65.727 Executing VM operation: CGC_Operation done
Event: 65.856 Executing VM operation: G1CollectForAllocation
Event: 65.888 Executing VM operation: G1CollectForAllocation done
Event: 65.902 Executing VM operation: G1CollectForAllocation
Event: 65.903 Executing VM operation: G1CollectForAllocation done
Event: 65.903 Executing VM operation: G1CollectForAllocation
Event: 65.932 Executing VM operation: G1CollectForAllocation done
Event: 66.016 Executing VM operation: G1CollectForAllocation


Dynamic libraries:
0x00007ff728540000 - 0x00007ff72854a000 	E:\Android Studio\jre\bin\java.exe
0x00007ffa1ac30000 - 0x00007ffa1ae25000 	C:\WINDOWS\SYSTEM32\ntdll.dll
0x00007ffa1a5b0000 - 0x00007ffa1a66e000 	C:\WINDOWS\System32\KERNEL32.DLL
0x00007ffa184a0000 - 0x00007ffa18768000 	C:\WINDOWS\System32\KERNELBASE.dll
0x00007ffa18350000 - 0x00007ffa18450000 	C:\WINDOWS\System32\ucrtbase.dll
0x00007ffa0cfd0000 - 0x00007ffa0cfe9000 	E:\Android Studio\jre\bin\jli.dll
0x00007ffa10270000 - 0x00007ffa10287000 	E:\Android Studio\jre\bin\VCRUNTIME140.dll
0x00007ffa1a2f0000 - 0x00007ffa1a491000 	C:\WINDOWS\System32\USER32.dll
0x00007ffa188e0000 - 0x00007ffa18902000 	C:\WINDOWS\System32\win32u.dll
0x00007ffa1a670000 - 0x00007ffa1a69b000 	C:\WINDOWS\System32\GDI32.dll
0x00007ffa187d0000 - 0x00007ffa188db000 	C:\WINDOWS\System32\gdi32full.dll
0x00007ffa18a70000 - 0x00007ffa18b0d000 	C:\WINDOWS\System32\msvcp_win.dll
0x00007ffa03690000 - 0x00007ffa0392a000 	C:\WINDOWS\WinSxS\amd64_microsoft.windows.common-controls_6595b64144ccf1df_6.0.19041.1110_none_60b5254171f9507e\COMCTL32.dll
0x00007ffa1a070000 - 0x00007ffa1a10e000 	C:\WINDOWS\System32\msvcrt.dll
0x00007ffa1a040000 - 0x00007ffa1a070000 	C:\WINDOWS\System32\IMM32.DLL
0x00007ffa0cf30000 - 0x00007ffa0cfcd000 	E:\Android Studio\jre\bin\msvcp140.dll
0x00007ff9a1840000 - 0x00007ff9a230f000 	E:\Android Studio\jre\bin\server\jvm.dll
0x00007ffa1a6a0000 - 0x00007ffa1a74c000 	C:\WINDOWS\System32\ADVAPI32.dll
0x00007ffa18ca0000 - 0x00007ffa18d3b000 	C:\WINDOWS\System32\sechost.dll
0x00007ffa18fd0000 - 0x00007ffa190fa000 	C:\WINDOWS\System32\RPCRT4.dll
0x00007ffa18ef0000 - 0x00007ffa18ef8000 	C:\WINDOWS\System32\PSAPI.DLL
0x00007ff9ff550000 - 0x00007ff9ff559000 	C:\WINDOWS\SYSTEM32\WSOCK32.dll
0x00007ffa18f00000 - 0x00007ffa18f6b000 	C:\WINDOWS\System32\WS2_32.dll
0x00007ffa028a0000 - 0x00007ffa028c7000 	C:\WINDOWS\SYSTEM32\WINMM.dll
0x00007ffa0f840000 - 0x00007ffa0f84a000 	C:\WINDOWS\SYSTEM32\VERSION.dll
0x00007ffa16c20000 - 0x00007ffa16c32000 	C:\WINDOWS\SYSTEM32\kernel.appcore.dll
0x00007ffa11d70000 - 0x00007ffa11d81000 	E:\Android Studio\jre\bin\verify.dll
0x00007ffa168e0000 - 0x00007ffa16ac4000 	C:\WINDOWS\SYSTEM32\DBGHELP.DLL
0x00007ff9fd6c0000 - 0x00007ff9fd6ec000 	C:\WINDOWS\SYSTEM32\dbgcore.DLL
0x00007ffa18b10000 - 0x00007ffa18b93000 	C:\WINDOWS\System32\bcryptPrimitives.dll
0x00007ffa102e0000 - 0x00007ffa10309000 	E:\Android Studio\jre\bin\java.dll
0x00007ffa11830000 - 0x00007ffa1183b000 	E:\Android Studio\jre\bin\jimage.dll
0x00007ffa102c0000 - 0x00007ffa102d8000 	E:\Android Studio\jre\bin\zip.dll
0x00007ffa19100000 - 0x00007ffa1983f000 	C:\WINDOWS\System32\SHELL32.dll
0x00007ffa16080000 - 0x00007ffa16810000 	C:\WINDOWS\SYSTEM32\windows.storage.dll
0x00007ffa1a7b0000 - 0x00007ffa1ab05000 	C:\WINDOWS\System32\combase.dll
0x00007ffa17da0000 - 0x00007ffa17dce000 	C:\WINDOWS\SYSTEM32\Wldp.dll
0x00007ffa1a240000 - 0x00007ffa1a2ed000 	C:\WINDOWS\System32\SHCORE.dll
0x00007ffa18f70000 - 0x00007ffa18fc5000 	C:\WINDOWS\System32\shlwapi.dll
0x00007ffa18290000 - 0x00007ffa182af000 	C:\WINDOWS\SYSTEM32\profapi.dll
0x00007ffa101b0000 - 0x00007ffa101ca000 	E:\Android Studio\jre\bin\net.dll
0x00007ffa04690000 - 0x00007ffa0479c000 	C:\WINDOWS\SYSTEM32\WINHTTP.dll
0x00007ffa17b00000 - 0x00007ffa17b6a000 	C:\WINDOWS\system32\mswsock.dll
0x00007ffa039d0000 - 0x00007ffa039e4000 	E:\Android Studio\jre\bin\nio.dll
0x00007ffa10290000 - 0x00007ffa102b7000 	C:\Users\peto\.gradle\native\8bec1ad78214c89d9ad589b4d07fe93259594b29d510b10fafb7a158f7737e5d\windows-amd64\native-platform.dll
0x00007ff9d95f0000 - 0x00007ff9d972d000 	C:\Users\peto\.gradle\native\53dbd7edfb1c66fb8903c78663c9afc45aea4f116125fa6feffd364cf09443e8\windows-amd64\native-platform-file-events.dll
0x00007ffa11820000 - 0x00007ffa1182a000 	E:\Android Studio\jre\bin\management.dll
0x00007ffa104a0000 - 0x00007ffa104ac000 	E:\Android Studio\jre\bin\management_ext.dll
0x00007ffa17cf0000 - 0x00007ffa17d08000 	C:\WINDOWS\SYSTEM32\CRYPTSP.dll
0x00007ffa17410000 - 0x00007ffa17444000 	C:\WINDOWS\system32\rsaenh.dll
0x00007ffa18ba0000 - 0x00007ffa18bc7000 	C:\WINDOWS\System32\bcrypt.dll
0x00007ffa18250000 - 0x00007ffa1827e000 	C:\WINDOWS\SYSTEM32\USERENV.dll
0x00007ffa17d10000 - 0x00007ffa17d1c000 	C:\WINDOWS\SYSTEM32\CRYPTBASE.dll
0x00007ffa177a0000 - 0x00007ffa177db000 	C:\WINDOWS\SYSTEM32\IPHLPAPI.DLL
0x00007ffa19f40000 - 0x00007ffa19f48000 	C:\WINDOWS\System32\NSI.dll
0x00007ffa0cd10000 - 0x00007ffa0cd27000 	C:\WINDOWS\SYSTEM32\dhcpcsvc6.DLL
0x00007ffa0dc80000 - 0x00007ffa0dc9d000 	C:\WINDOWS\SYSTEM32\dhcpcsvc.DLL
0x00007ffa177e0000 - 0x00007ffa178ab000 	C:\WINDOWS\SYSTEM32\DNSAPI.dll
0x00007ff9fc3c0000 - 0x00007ff9fc3e7000 	E:\Android Studio\jre\bin\sunec.dll
0x00007ffa01db0000 - 0x00007ffa01dba000 	C:\Windows\System32\rasadhlp.dll
0x00007ffa027b0000 - 0x00007ffa0282f000 	C:\WINDOWS\System32\fwpuclnt.dll
0x00007ffa171c0000 - 0x00007ffa171f3000 	C:\WINDOWS\SYSTEM32\ntmarta.dll

dbghelp: loaded successfully - version: 4.0.5 - missing functions: none
symbol engine: initialized successfully - sym options: 0x614 - pdb path: .;E:\Android Studio\jre\bin;C:\WINDOWS\SYSTEM32;C:\WINDOWS\WinSxS\amd64_microsoft.windows.common-controls_6595b64144ccf1df_6.0.19041.1110_none_60b5254171f9507e;E:\Android Studio\jre\bin\server;C:\Users\peto\.gradle\native\8bec1ad78214c89d9ad589b4d07fe93259594b29d510b10fafb7a158f7737e5d\windows-amd64;C:\Users\peto\.gradle\native\53dbd7edfb1c66fb8903c78663c9afc45aea4f116125fa6feffd364cf09443e8\windows-amd64

VM Arguments:
jvm_args: --add-opens=java.base/java.util=ALL-UNNAMED --add-opens=java.base/java.lang=ALL-UNNAMED --add-opens=java.base/java.lang.invoke=ALL-UNNAMED --add-opens=java.base/java.util=ALL-UNNAMED --add-opens=java.prefs/java.util.prefs=ALL-UNNAMED --add-opens=java.prefs/java.util.prefs=ALL-UNNAMED --add-opens=java.base/java.nio.charset=ALL-UNNAMED --add-opens=java.base/java.net=ALL-UNNAMED --add-opens=java.base/java.util.concurrent.atomic=ALL-UNNAMED -Xmx2048m -Dfile.encoding=UTF-8 -Duser.country=US -Duser.language=en -Duser.variant 
java_command: org.gradle.launcher.daemon.bootstrap.GradleDaemon 7.0.2
java_class_path (initial): C:\Users\peto\.gradle\wrapper\dists\gradle-7.0.2-bin\857tjihv64xamwrf0h14cai3r\gradle-7.0.2\lib\gradle-launcher-7.0.2.jar
Launcher Type: SUN_STANDARD

[Global flags]
     intx CICompilerCount                          = 3                                         {product} {ergonomic}
     uint ConcGCThreads                            = 1                                         {product} {ergonomic}
     uint G1ConcRefinementThreads                  = 4                                         {product} {ergonomic}
   size_t G1HeapRegionSize                         = 1048576                                   {product} {ergonomic}
    uintx GCDrainStackTargetSize                   = 64                                        {product} {ergonomic}
   size_t InitialHeapSize                          = 134217728                                 {product} {ergonomic}
   size_t MarkStackSize                            = 4194304                                   {product} {ergonomic}
   size_t MaxHeapSize                              = 2147483648                                {product} {command line}
   size_t MaxNewSize                               = 1287651328                                {product} {ergonomic}
   size_t MinHeapDeltaBytes                        = 1048576                                   {product} {ergonomic}
    uintx NonNMethodCodeHeapSize                   = 5830732                                {pd product} {ergonomic}
    uintx NonProfiledCodeHeapSize                  = 122913754                              {pd product} {ergonomic}
    uintx ProfiledCodeHeapSize                     = 122913754                              {pd product} {ergonomic}
    uintx ReservedCodeCacheSize                    = 251658240                              {pd product} {ergonomic}
     bool SegmentedCodeCache                       = true                                      {product} {ergonomic}
     bool UseCompressedClassPointers               = true                                 {lp64_product} {ergonomic}
     bool UseCompressedOops                        = true                                 {lp64_product} {ergonomic}
     bool UseG1GC                                  = true                                      {product} {ergonomic}
     bool UseLargePagesIndividualAllocation        = false                                  {pd product} {ergonomic}

Logging:
Log output configuration:
 #0: stdout all=warning uptime,level,tags
 #1: stderr all=off uptime,level,tags

Environment Variables:
PATH=C:\Python310\Scripts\;C:\Python310\;C:\Program Files\Common Files\Oracle\Java\javapath;C:\Program Files (x86)\VMware\VMware Player\bin\;C:\Program Files (x86)\Intel\iCLS Client\;C:\Program Files\Intel\iCLS Client\;C:\Windows\system32;C:\Windows;C:\Windows\System32\Wbem;C:\Windows\System32\WindowsPowerShell\v1.0\;C:\Program Files (x86)\NVIDIA Corporation\PhysX\Common;C:\Program Files (x86)\Intel\Intel(R) Management Engine Components\DAL;C:\Program Files\Intel\Intel(R) Management Engine Components\DAL;C:\Program Files (x86)\Intel\Intel(R) Management Engine Components\IPT;C:\Program Files\Intel\Intel(R) Management Engine Components\IPT;C:\Program Files\Intel\WiFi\bin\;C:\Program Files\Common Files\Intel\WirelessCommon\;C:\WINDOWS\system32;C:\WINDOWS;C:\WINDOWS\System32\Wbem;C:\WINDOWS\System32\WindowsPowerShell\v1.0\;C:\WINDOWS\System32\OpenSSH\;C:\Program Files (x86)\EAC MW klient\;C:\Program Files\Git\cmd;C:\Program Files\nodejs\;C:\ProgramData\chocolatey\bin;C:\Users\peto\AppData\Local\Programs\Python\Python38\Scripts\;C:\Users\peto\AppData\Local\Programs\Python\Python38\;C:\Users\peto\PycharmProjects\UPB2;C:\MinGW\bin;C:\Users\peto\AppData\Local\gitkraken\bin;C:\Users\peto\AppData\Local\Microsoft\WindowsApps;C:\Users\peto\AppData\Roaming\npm
USERNAME=peto
OS=Windows_NT
PROCESSOR_IDENTIFIER=Intel64 Family 6 Model 142 Stepping 9, GenuineIntel



---------------  S Y S T E M  ---------------

OS: Windows 10 , 64 bit Build 19041 (10.0.19041.1348)
OS uptime: 5 days 2:38 hours

CPU:total 4 (initial active 4) (2 cores per cpu, 2 threads per core) family 6 model 142 stepping 9 microcode 0xb4, cmov, cx8, fxsr, mmx, sse, sse2, sse3, ssse3, sse4.1, sse4.2, popcnt, avx, avx2, aes, clmul, erms, 3dnowpref, lzcnt, ht, tsc, tscinvbit, bmi1, bmi2, adx, fma

Memory: 4k page, system-wide physical 8090M (317M free)
TotalPageFile size 17465M (AvailPageFile size 2M)
current process WorkingSet (physical memory assigned to process): 444M, peak: 495M
current process commit charge ("private bytes"): 979M, peak: 979M

vm_info: OpenJDK 64-Bit Server VM (11.0.10+0-b96-7249189) for windows-amd64 JRE (11.0.10+0-b96-7249189), built on Mar 31 2021 21:44:00 by "builder" with MS VC++ 14.0 (VS2015)

END.
