#
# There is insufficient memory for the Java Runtime Environment to continue.
# Native memory allocation (mmap) failed to map 127926272 bytes for Failed to commit area from 0x000000008de00000 to 0x0000000095800000 of length 127926272.
# Possible reasons:
#   The system is out of physical RAM or swap space
#   The process is running with CompressedOops enabled, and the Java Heap may be blocking the growth of the native heap
# Possible solutions:
#   Reduce memory load on the system
#   Increase physical memory or swap space
#   Check if swap backing store is full
#   Decrease Java heap size (-Xmx/-Xms)
#   Decrease number of Java threads
#   Decrease Java thread stack sizes (-Xss)
#   Set larger code cache with -XX:ReservedCodeCacheSize=
#   JVM is running with Unscaled Compressed Oops mode in which the Java heap is
#     placed in the first 4GB address space. The Java Heap base address is the
#     maximum limit for the native heap growth. Please use -XX:HeapBaseMinAddress
#     to set the Java Heap base and to place the Java Heap above 4GB virtual address.
# This output file may be truncated or incomplete.
#
#  Out of Memory Error (./src/hotspot/os/windows/os_windows.cpp:3301), pid=25404, tid=30092
#
# JRE version: OpenJDK Runtime Environment (11.0.10) (build 11.0.10+0-b96-7249189)
# Java VM: OpenJDK 64-Bit Server VM (11.0.10+0-b96-7249189, mixed mode, tiered, compressed oops, g1 gc, windows-amd64)
# No core dump will be written. Minidumps are not enabled by default on client versions of Windows
#

---------------  S U M M A R Y ------------

Command Line: --add-opens=java.base/java.util=ALL-UNNAMED --add-opens=java.base/java.lang=ALL-UNNAMED --add-opens=java.base/java.lang.invoke=ALL-UNNAMED --add-opens=java.base/java.util=ALL-UNNAMED --add-opens=java.prefs/java.util.prefs=ALL-UNNAMED --add-opens=java.prefs/java.util.prefs=ALL-UNNAMED --add-opens=java.base/java.nio.charset=ALL-UNNAMED --add-opens=java.base/java.net=ALL-UNNAMED --add-opens=java.base/java.util.concurrent.atomic=ALL-UNNAMED -Xmx2048m -Dfile.encoding=UTF-8 -Duser.country=US -Duser.language=en -Duser.variant org.gradle.launcher.daemon.bootstrap.GradleDaemon 7.0.2

Host: Intel(R) Core(TM) i7-7500U CPU @ 2.70GHz, 4 cores, 7G,  Windows 10 , 64 bit Build 19041 (10.0.19041.1348)
Time: Wed Nov 24 14:01:53 2021 Central Europe Standard Time elapsed time: 25.355979 seconds (0d 0h 0m 25s)

---------------  T H R E A D  ---------------

Current thread (0x00000168ef2eb000):  VMThread "VM Thread" [stack: 0x0000001ab4600000,0x0000001ab4700000] [id=30092]

Stack: [0x0000001ab4600000,0x0000001ab4700000]
[error occurred during error reporting (printing stack bounds), id 0xc0000005, EXCEPTION_ACCESS_VIOLATION (0xc0000005) at pc=0x00000168d8a80f2d]

Native frames: (J=compiled Java code, j=interpreted, Vv=VM code, C=native code)
V  [jvm.dll+0x5ecfaa]
V  [jvm.dll+0x722bd5]
V  [jvm.dll+0x72412d]
V  [jvm.dll+0x724745]
V  [jvm.dll+0x7246fb]
V  [jvm.dll+0x5ec348]
V  [jvm.dll+0x5ecad8]
C  [ntdll.dll+0xa20cf]
C  [ntdll.dll+0x51454]
C  [ntdll.dll+0xa0bfe]
C  0x00000168d8a80f2d

VM_Operation (0x0000001ab7bf81c0): G1CollectForAllocation, mode: safepoint, requested by thread 0x00000168f54b3800


---------------  P R O C E S S  ---------------

Threads class SMR info:
_java_thread_list=0x00000168f1d3eb60, length=59, elements={
0x00000168d4f8c000, 0x00000168ef2ef800, 0x00000168ef2f1800, 0x00000168efc82800,
0x00000168ef308800, 0x00000168ef30c000, 0x00000168ef313800, 0x00000168ef321000,
0x00000168ef32a800, 0x00000168efdd0800, 0x00000168f16fc000, 0x00000168f1b44800,
0x00000168f1b06800, 0x00000168f1b3b000, 0x00000168f139f800, 0x00000168f1cca000,
0x00000168f27c6800, 0x00000168f1cdf000, 0x00000168ef31d800, 0x00000168ef322000,
0x00000168ef322800, 0x00000168ef320000, 0x00000168ef31d000, 0x00000168ef323800,
0x00000168ef31f800, 0x00000168f3982800, 0x00000168f3980000, 0x00000168f3985000,
0x00000168f3983800, 0x00000168f3981000, 0x00000168f3985800, 0x00000168f3986800,
0x00000168f3981800, 0x00000168f398e000, 0x00000168f398a800, 0x00000168f398b800,
0x00000168f3989000, 0x00000168f398a000, 0x00000168f398c000, 0x00000168f398d000,
0x00000168f54ad000, 0x00000168f54b0800, 0x00000168f54ae000, 0x00000168f54af000,
0x00000168f54b4800, 0x00000168f54b6000, 0x00000168f54b1800, 0x00000168f54b5800,
0x00000168f54b8800, 0x00000168f54b3800, 0x00000168f54b3000, 0x00000168f54ba800,
0x00000168f54bb000, 0x00000168f54bc000, 0x00000168ef31e800, 0x00000168f2400000,
0x00000168f23fd800, 0x00000168f23fe800, 0x00000168f23ff000
}

Java Threads: ( => current thread )
  0x00000168d4f8c000 JavaThread "main" [_thread_blocked, id=3888, stack(0x0000001ab4000000,0x0000001ab4100000)]
  0x00000168ef2ef800 JavaThread "Reference Handler" daemon [_thread_blocked, id=10668, stack(0x0000001ab4700000,0x0000001ab4800000)]
  0x00000168ef2f1800 JavaThread "Finalizer" daemon [_thread_blocked, id=22980, stack(0x0000001ab4800000,0x0000001ab4900000)]
  0x00000168efc82800 JavaThread "Signal Dispatcher" daemon [_thread_blocked, id=26152, stack(0x0000001ab4900000,0x0000001ab4a00000)]
  0x00000168ef308800 JavaThread "Attach Listener" daemon [_thread_blocked, id=19392, stack(0x0000001ab4a00000,0x0000001ab4b00000)]
  0x00000168ef30c000 JavaThread "Service Thread" daemon [_thread_blocked, id=14804, stack(0x0000001ab4b00000,0x0000001ab4c00000)]
  0x00000168ef313800 JavaThread "C2 CompilerThread0" daemon [_thread_in_native, id=4656, stack(0x0000001ab4c00000,0x0000001ab4d00000)]
  0x00000168ef321000 JavaThread "C1 CompilerThread0" daemon [_thread_blocked, id=12392, stack(0x0000001ab4d00000,0x0000001ab4e00000)]
  0x00000168ef32a800 JavaThread "Sweeper thread" daemon [_thread_blocked, id=30264, stack(0x0000001ab4e00000,0x0000001ab4f00000)]
  0x00000168efdd0800 JavaThread "Common-Cleaner" daemon [_thread_blocked, id=11884, stack(0x0000001ab4f00000,0x0000001ab5000000)]
  0x00000168f16fc000 JavaThread "Daemon health stats" [_thread_blocked, id=9768, stack(0x0000001ab5400000,0x0000001ab5500000)]
  0x00000168f1b44800 JavaThread "Incoming local TCP Connector on port 51465" [_thread_in_native, id=17516, stack(0x0000001ab5100000,0x0000001ab5200000)]
  0x00000168f1b06800 JavaThread "Daemon periodic checks" [_thread_blocked, id=26032, stack(0x0000001ab5500000,0x0000001ab5600000)]
  0x00000168f1b3b000 JavaThread "Daemon" [_thread_blocked, id=31732, stack(0x0000001ab5600000,0x0000001ab5700000)]
  0x00000168f139f800 JavaThread "Handler for socket connection from /127.0.0.1:51465 to /127.0.0.1:51466" [_thread_in_native, id=24416, stack(0x0000001ab5700000,0x0000001ab5800000)]
  0x00000168f1cca000 JavaThread "Cancel handler" [_thread_blocked, id=22192, stack(0x0000001ab5800000,0x0000001ab5900000)]
  0x00000168f27c6800 JavaThread "Daemon worker" [_thread_blocked, id=21440, stack(0x0000001ab5900000,0x0000001ab5a00000)]
  0x00000168f1cdf000 JavaThread "Asynchronous log dispatcher for DefaultDaemonConnection: socket connection from /127.0.0.1:51465 to /127.0.0.1:51466" [_thread_blocked, id=5020, stack(0x0000001ab5a00000,0x0000001ab5b00000)]
  0x00000168ef31d800 JavaThread "Stdin handler" [_thread_blocked, id=8772, stack(0x0000001ab5b00000,0x0000001ab5c00000)]
  0x00000168ef322000 JavaThread "Daemon client event forwarder" [_thread_blocked, id=17864, stack(0x0000001ab5c00000,0x0000001ab5d00000)]
  0x00000168ef322800 JavaThread "Cache worker for file hash cache (C:\Users\peto\.gradle\caches\7.0.2\fileHashes)" [_thread_blocked, id=7896, stack(0x0000001ab5d00000,0x0000001ab5e00000)]
  0x00000168ef320000 JavaThread "File lock request listener" [_thread_in_native, id=17072, stack(0x0000001ab5e00000,0x0000001ab5f00000)]
  0x00000168ef31d000 JavaThread "Cache worker for journal cache (C:\Users\peto\.gradle\caches\journal-1)" [_thread_blocked, id=17032, stack(0x0000001ab6000000,0x0000001ab6100000)]
  0x00000168ef323800 JavaThread "Cache worker for file hash cache (E:\FinalAssignment\.gradle\7.0.2\fileHashes)" [_thread_blocked, id=14552, stack(0x0000001ab6100000,0x0000001ab6200000)]
  0x00000168ef31f800 JavaThread "File watcher server" daemon [_thread_blocked, id=3760, stack(0x0000001ab6300000,0x0000001ab6400000)]
  0x00000168f3982800 JavaThread "File watcher consumer" daemon [_thread_blocked, id=27176, stack(0x0000001ab6400000,0x0000001ab6500000)]
  0x00000168f3980000 JavaThread "Cache worker for checksums cache (E:\FinalAssignment\.gradle\checksums)" [_thread_blocked, id=16240, stack(0x0000001ab6500000,0x0000001ab6600000)]
  0x00000168f3985000 JavaThread "Cache worker for cache directory md-supplier (C:\Users\peto\.gradle\caches\7.0.2\md-supplier)" [_thread_blocked, id=17716, stack(0x0000001ab6600000,0x0000001ab6700000)]
  0x00000168f3983800 JavaThread "Cache worker for cache directory md-rule (C:\Users\peto\.gradle\caches\7.0.2\md-rule)" [_thread_blocked, id=23348, stack(0x0000001ab6700000,0x0000001ab6800000)]
  0x00000168f3981000 JavaThread "Cache worker for execution history cache (C:\Users\peto\.gradle\caches\7.0.2\executionHistory)" [_thread_blocked, id=16544, stack(0x0000001ab6800000,0x0000001ab6900000)]
  0x00000168f3985800 JavaThread "jar transforms" [_thread_blocked, id=16512, stack(0x0000001ab6900000,0x0000001ab6a00000)]
  0x00000168f3986800 JavaThread "jar transforms Thread 2" [_thread_blocked, id=20992, stack(0x0000001ab6a00000,0x0000001ab6b00000)]
  0x00000168f3981800 JavaThread "Cache worker for file content cache (C:\Users\peto\.gradle\caches\7.0.2\fileContent)" [_thread_blocked, id=21156, stack(0x0000001ab6b00000,0x0000001ab6c00000)]
  0x00000168f398e000 JavaThread "Cache worker for dependencies-accessors (E:\FinalAssignment\.gradle\7.0.2\dependencies-accessors)" [_thread_blocked, id=18788, stack(0x0000001ab6c00000,0x0000001ab6d00000)]
  0x00000168f398a800 JavaThread "jar transforms Thread 3" [_thread_blocked, id=5572, stack(0x0000001ab6d00000,0x0000001ab6e00000)]
  0x00000168f398b800 JavaThread "Cache worker for Build Output Cleanup Cache (E:\FinalAssignment\.gradle\buildOutputCleanup)" [_thread_blocked, id=21272, stack(0x0000001ab6e00000,0x0000001ab6f00000)]
  0x00000168f3989000 JavaThread "Build operations" [_thread_blocked, id=27436, stack(0x0000001ab6f00000,0x0000001ab7000000)]
  0x00000168f398a000 JavaThread "Build operations Thread 2" [_thread_blocked, id=27012, stack(0x0000001ab7000000,0x0000001ab7100000)]
  0x00000168f398c000 JavaThread "Build operations Thread 3" [_thread_blocked, id=11548, stack(0x0000001ab7100000,0x0000001ab7200000)]
  0x00000168f398d000 JavaThread "Build operations Thread 4" [_thread_blocked, id=21620, stack(0x0000001ab7200000,0x0000001ab7300000)]
  0x00000168f54ad000 JavaThread "jar transforms Thread 4" [_thread_blocked, id=27824, stack(0x0000001ab7300000,0x0000001ab7400000)]
  0x00000168f54b0800 JavaThread "Memory manager" [_thread_blocked, id=29136, stack(0x0000001ab7400000,0x0000001ab7500000)]
  0x00000168f54ae000 JavaThread "build event listener" [_thread_blocked, id=10528, stack(0x0000001ab7500000,0x0000001ab7600000)]
  0x00000168f54af000 JavaThread "build event listener" [_thread_blocked, id=28476, stack(0x0000001ab6200000,0x0000001ab6300000)]
  0x00000168f54b4800 JavaThread "Execution worker for ':'" [_thread_blocked, id=1632, stack(0x0000001ab7600000,0x0000001ab7700000)]
  0x00000168f54b6000 JavaThread "Execution worker for ':' Thread 2" [_thread_blocked, id=2476, stack(0x0000001ab7700000,0x0000001ab7800000)]
  0x00000168f54b1800 JavaThread "Execution worker for ':' Thread 3" [_thread_blocked, id=10060, stack(0x0000001ab7800000,0x0000001ab7900000)]
  0x00000168f54b5800 JavaThread "Cache worker for execution history cache (E:\FinalAssignment\.gradle\7.0.2\executionHistory)" [_thread_blocked, id=3248, stack(0x0000001ab7900000,0x0000001ab7a00000)]
  0x00000168f54b8800 JavaThread "WorkerExecutor Queue" [_thread_blocked, id=27980, stack(0x0000001ab7a00000,0x0000001ab7b00000)]
  0x00000168f54b3800 JavaThread "WorkerExecutor Queue Thread 2" [_thread_blocked, id=18292, stack(0x0000001ab7b00000,0x0000001ab7c00000)]
  0x00000168f54b3000 JavaThread "WorkerExecutor Queue Thread 3" [_thread_blocked, id=9784, stack(0x0000001ab7c00000,0x0000001ab7d00000)]
  0x00000168f54ba800 JavaThread "WorkerExecutor Queue Thread 5" [_thread_blocked, id=25608, stack(0x0000001ab7e00000,0x0000001ab7f00000)]
  0x00000168f54bb000 JavaThread "pool-3-thread-1" [_thread_blocked, id=16456, stack(0x0000001ab7f00000,0x0000001ab8000000)]
  0x00000168f54bc000 JavaThread "stderr" [_thread_in_native, id=26788, stack(0x0000001ab8000000,0x0000001ab8100000)]
  0x00000168ef31e800 JavaThread "stdout" [_thread_in_native, id=30744, stack(0x0000001ab8100000,0x0000001ab8200000)]
  0x00000168f2400000 JavaThread "ForkJoinPool-1-worker-3" daemon [_thread_blocked, id=28212, stack(0x0000001ab8300000,0x0000001ab8400000)]
  0x00000168f23fd800 JavaThread "ForkJoinPool-1-worker-5" daemon [_thread_blocked, id=12660, stack(0x0000001ab8400000,0x0000001ab8500000)]
  0x00000168f23fe800 JavaThread "ForkJoinPool-1-worker-7" daemon [_thread_blocked, id=18560, stack(0x0000001ab8500000,0x0000001ab8600000)]
  0x00000168f23ff000 JavaThread "ForkJoinPool-1-worker-1" daemon [_thread_blocked, id=11188, stack(0x0000001ab8600000,0x0000001ab8700000)]

Other Threads:
=>0x00000168ef2eb000 VMThread "VM Thread" [stack: 0x0000001ab4600000,0x0000001ab4700000] [id=30092]
  0x00000168efe0e800 WatcherThread [stack: 0x0000001ab5000000,0x0000001ab5100000] [id=23484]
  0x00000168d4fa4800 GCTaskThread "GC Thread#0" [stack: 0x0000001ab4100000,0x0000001ab4200000] [id=21684]
  0x00000168f09f4800 GCTaskThread "GC Thread#1" [stack: 0x0000001ab5200000,0x0000001ab5300000] [id=7792]
  0x00000168efea3000 GCTaskThread "GC Thread#2" [stack: 0x0000001ab5300000,0x0000001ab5400000] [id=436]
  0x00000168f1bc9000 GCTaskThread "GC Thread#3" [stack: 0x0000001ab5f00000,0x0000001ab6000000] [id=15548]
  0x00000168d4fd6800 ConcurrentGCThread "G1 Main Marker" [stack: 0x0000001ab4200000,0x0000001ab4300000] [id=28768]
  0x00000168d4fd7800 ConcurrentGCThread "G1 Conc#0" [stack: 0x0000001ab4300000,0x0000001ab4400000] [id=20704]
  0x00000168d5068000 ConcurrentGCThread "G1 Refine#0" [stack: 0x0000001ab4400000,0x0000001ab4500000] [id=17696]
  0x00000168fa550800 ConcurrentGCThread "G1 Refine#1" [stack: 0x0000001ab7d00000,0x0000001ab7e00000] [id=13032]
  0x00000168fa54a000 ConcurrentGCThread "G1 Refine#2" [stack: 0x0000001ab8200000,0x0000001ab8300000] [id=31440]
  0x00000168fa54d000 ConcurrentGCThread "G1 Refine#3" [stack: 0x0000001ab8700000,0x0000001ab8800000] [id=12420]
  0x00000168d5069000 ConcurrentGCThread "G1 Young RemSet Sampling" [stack: 0x0000001ab4500000,0x0000001ab4600000] [id=26792]

Threads with active compile tasks:
C2 CompilerThread0  25399 12579       4       com.android.tools.r8.code.w1::a (4137 bytes)

VM state:at safepoint (normal execution)

VM Mutex/Monitor currently owned by a thread:  ([mutex/lock_event])
[0x00000168d4f89ab0] Threads_lock - owner thread: 0x00000168ef2eb000
[0x00000168d4f8b370] Heap_lock - owner thread: 0x00000168f54b3800

Heap address: 0x0000000080000000, size: 2048 MB, Compressed Oops mode: 32-bit
Narrow klass base: 0x0000000000000000, Narrow klass shift: 3
Compressed class space size: 1073741824 Address: 0x0000000100000000

Heap:
 garbage-first heap   total 352256K, used 185856K [0x0000000080000000, 0x0000000100000000)
  region size 1024K, 3 young (3072K), 3 survivors (3072K)
 Metaspace       used 102596K, capacity 105037K, committed 105088K, reserved 1140736K
  class space    used 13389K, capacity 14257K, committed 14284K, reserved 1048576K
Heap Regions: E=young(eden), S=young(survivor), O=old, HS=humongous(starts), HC=humongous(continues), CS=collection set, F=free, A=archive, TAMS=top-at-mark-start (previous, next)
|   0|0x0000000080000000, 0x0000000080100000, 0x0000000080100000|100%| O|  |TAMS 0x0000000080100000, 0x0000000080000000| Untracked 
|   1|0x0000000080100000, 0x0000000080200000, 0x0000000080200000|100%| O|  |TAMS 0x0000000080200000, 0x0000000080100000| Untracked 
|   2|0x0000000080200000, 0x0000000080300000, 0x0000000080300000|100%| O|  |TAMS 0x0000000080300000, 0x0000000080200000| Untracked 
|   3|0x0000000080300000, 0x0000000080400000, 0x0000000080400000|100%|HS|  |TAMS 0x0000000080400000, 0x0000000080300000| Complete 
|   4|0x0000000080400000, 0x0000000080500000, 0x0000000080500000|100%|HC|  |TAMS 0x0000000080500000, 0x0000000080400000| Complete 
|   5|0x0000000080500000, 0x0000000080600000, 0x0000000080600000|100%|HC|  |TAMS 0x0000000080600000, 0x0000000080500000| Complete 
|   6|0x0000000080600000, 0x0000000080700000, 0x0000000080700000|100%| O|  |TAMS 0x0000000080700000, 0x0000000080600000| Untracked 
|   7|0x0000000080700000, 0x0000000080800000, 0x0000000080800000|100%| O|  |TAMS 0x0000000080800000, 0x0000000080700000| Untracked 
|   8|0x0000000080800000, 0x0000000080900000, 0x0000000080900000|100%| O|  |TAMS 0x0000000080900000, 0x0000000080800000| Untracked 
|   9|0x0000000080900000, 0x0000000080a00000, 0x0000000080a00000|100%| O|  |TAMS 0x0000000080a00000, 0x0000000080900000| Untracked 
|  10|0x0000000080a00000, 0x0000000080b00000, 0x0000000080b00000|100%| O|  |TAMS 0x0000000080b00000, 0x0000000080a00000| Untracked 
|  11|0x0000000080b00000, 0x0000000080c00000, 0x0000000080c00000|100%| O|  |TAMS 0x0000000080c00000, 0x0000000080b00000| Untracked 
|  12|0x0000000080c00000, 0x0000000080d00000, 0x0000000080d00000|100%| O|  |TAMS 0x0000000080d00000, 0x0000000080c00000| Untracked 
|  13|0x0000000080d00000, 0x0000000080e00000, 0x0000000080e00000|100%| O|  |TAMS 0x0000000080e00000, 0x0000000080d00000| Untracked 
|  14|0x0000000080e00000, 0x0000000080f00000, 0x0000000080f00000|100%| O|  |TAMS 0x0000000080f00000, 0x0000000080e00000| Untracked 
|  15|0x0000000080f00000, 0x0000000081000000, 0x0000000081000000|100%| O|  |TAMS 0x0000000081000000, 0x0000000080f00000| Untracked 
|  16|0x0000000081000000, 0x0000000081100000, 0x0000000081100000|100%|HS|  |TAMS 0x0000000081100000, 0x0000000081000000| Complete 
|  17|0x0000000081100000, 0x0000000081200000, 0x0000000081200000|100%| O|  |TAMS 0x0000000081200000, 0x0000000081100000| Untracked 
|  18|0x0000000081200000, 0x0000000081300000, 0x0000000081300000|100%| O|  |TAMS 0x0000000081300000, 0x0000000081200000| Untracked 
|  19|0x0000000081300000, 0x0000000081400000, 0x0000000081400000|100%| O|  |TAMS 0x0000000081400000, 0x0000000081300000| Untracked 
|  20|0x0000000081400000, 0x0000000081500000, 0x0000000081500000|100%| O|  |TAMS 0x0000000081500000, 0x0000000081400000| Untracked 
|  21|0x0000000081500000, 0x0000000081600000, 0x0000000081600000|100%| O|  |TAMS 0x0000000081600000, 0x0000000081500000| Untracked 
|  22|0x0000000081600000, 0x0000000081700000, 0x0000000081700000|100%| O|  |TAMS 0x0000000081700000, 0x0000000081600000| Untracked 
|  23|0x0000000081700000, 0x0000000081800000, 0x0000000081800000|100%|HS|  |TAMS 0x0000000081800000, 0x0000000081700000| Complete 
|  24|0x0000000081800000, 0x0000000081900000, 0x0000000081900000|100%|HS|  |TAMS 0x0000000081900000, 0x0000000081800000| Complete 
|  25|0x0000000081900000, 0x0000000081a00000, 0x0000000081a00000|100%|HS|  |TAMS 0x0000000081a00000, 0x0000000081900000| Complete 
|  26|0x0000000081a00000, 0x0000000081b00000, 0x0000000081b00000|100%|HC|  |TAMS 0x0000000081b00000, 0x0000000081a00000| Complete 
|  27|0x0000000081b00000, 0x0000000081c00000, 0x0000000081c00000|100%|HC|  |TAMS 0x0000000081c00000, 0x0000000081b00000| Complete 
|  28|0x0000000081c00000, 0x0000000081d00000, 0x0000000081d00000|100%|HS|  |TAMS 0x0000000081d00000, 0x0000000081c00000| Complete 
|  29|0x0000000081d00000, 0x0000000081e00000, 0x0000000081e00000|100%|HC|  |TAMS 0x0000000081e00000, 0x0000000081d00000| Complete 
|  30|0x0000000081e00000, 0x0000000081f00000, 0x0000000081f00000|100%| O|  |TAMS 0x0000000081f00000, 0x0000000081e00000| Untracked 
|  31|0x0000000081f00000, 0x0000000082000000, 0x0000000082000000|100%| O|  |TAMS 0x0000000082000000, 0x0000000081f00000| Untracked 
|  32|0x0000000082000000, 0x0000000082100000, 0x0000000082100000|100%| O|  |TAMS 0x0000000082100000, 0x0000000082000000| Untracked 
|  33|0x0000000082100000, 0x0000000082200000, 0x0000000082200000|100%| O|  |TAMS 0x0000000082200000, 0x0000000082100000| Untracked 
|  34|0x0000000082200000, 0x0000000082300000, 0x0000000082300000|100%| O|  |TAMS 0x0000000082300000, 0x0000000082200000| Untracked 
|  35|0x0000000082300000, 0x0000000082400000, 0x0000000082400000|100%| O|  |TAMS 0x0000000082400000, 0x0000000082300000| Untracked 
|  36|0x0000000082400000, 0x0000000082500000, 0x0000000082500000|100%| O|  |TAMS 0x0000000082500000, 0x0000000082400000| Untracked 
|  37|0x0000000082500000, 0x0000000082600000, 0x0000000082600000|100%| O|  |TAMS 0x0000000082600000, 0x0000000082500000| Untracked 
|  38|0x0000000082600000, 0x0000000082700000, 0x0000000082700000|100%| O|  |TAMS 0x0000000082700000, 0x0000000082600000| Untracked 
|  39|0x0000000082700000, 0x0000000082800000, 0x0000000082800000|100%| O|  |TAMS 0x0000000082800000, 0x0000000082700000| Untracked 
|  40|0x0000000082800000, 0x0000000082900000, 0x0000000082900000|100%| O|  |TAMS 0x0000000082900000, 0x0000000082800000| Untracked 
|  41|0x0000000082900000, 0x0000000082a00000, 0x0000000082a00000|100%| O|  |TAMS 0x0000000082a00000, 0x0000000082900000| Untracked 
|  42|0x0000000082a00000, 0x0000000082b00000, 0x0000000082b00000|100%| O|  |TAMS 0x0000000082b00000, 0x0000000082a00000| Untracked 
|  43|0x0000000082b00000, 0x0000000082c00000, 0x0000000082c00000|100%| O|  |TAMS 0x0000000082c00000, 0x0000000082b00000| Untracked 
|  44|0x0000000082c00000, 0x0000000082d00000, 0x0000000082d00000|100%| O|  |TAMS 0x0000000082d00000, 0x0000000082c00000| Untracked 
|  45|0x0000000082d00000, 0x0000000082e00000, 0x0000000082e00000|100%| O|  |TAMS 0x0000000082e00000, 0x0000000082d00000| Untracked 
|  46|0x0000000082e00000, 0x0000000082f00000, 0x0000000082f00000|100%| O|  |TAMS 0x0000000082f00000, 0x0000000082e00000| Untracked 
|  47|0x0000000082f00000, 0x0000000083000000, 0x0000000083000000|100%| O|  |TAMS 0x0000000083000000, 0x0000000082f00000| Untracked 
|  48|0x0000000083000000, 0x0000000083100000, 0x0000000083100000|100%| O|  |TAMS 0x0000000083100000, 0x0000000083000000| Untracked 
|  49|0x0000000083100000, 0x0000000083200000, 0x0000000083200000|100%| O|  |TAMS 0x0000000083200000, 0x0000000083100000| Untracked 
|  50|0x0000000083200000, 0x0000000083300000, 0x0000000083300000|100%| O|  |TAMS 0x0000000083300000, 0x0000000083200000| Untracked 
|  51|0x0000000083300000, 0x0000000083400000, 0x0000000083400000|100%| O|  |TAMS 0x0000000083400000, 0x0000000083300000| Untracked 
|  52|0x0000000083400000, 0x0000000083500000, 0x0000000083500000|100%| O|  |TAMS 0x0000000083500000, 0x0000000083400000| Untracked 
|  53|0x0000000083500000, 0x0000000083600000, 0x0000000083600000|100%| O|  |TAMS 0x0000000083600000, 0x0000000083500000| Untracked 
|  54|0x0000000083600000, 0x0000000083700000, 0x0000000083700000|100%| O|  |TAMS 0x0000000083700000, 0x0000000083600000| Untracked 
|  55|0x0000000083700000, 0x0000000083800000, 0x0000000083800000|100%| O|  |TAMS 0x0000000083800000, 0x0000000083700000| Untracked 
|  56|0x0000000083800000, 0x0000000083900000, 0x0000000083900000|100%| O|  |TAMS 0x0000000083900000, 0x0000000083800000| Untracked 
|  57|0x0000000083900000, 0x0000000083a00000, 0x0000000083a00000|100%| O|  |TAMS 0x0000000083a00000, 0x0000000083900000| Untracked 
|  58|0x0000000083a00000, 0x0000000083b00000, 0x0000000083b00000|100%| O|  |TAMS 0x0000000083b00000, 0x0000000083a00000| Untracked 
|  59|0x0000000083b00000, 0x0000000083c00000, 0x0000000083c00000|100%| O|  |TAMS 0x0000000083c00000, 0x0000000083b00000| Untracked 
|  60|0x0000000083c00000, 0x0000000083d00000, 0x0000000083d00000|100%| O|  |TAMS 0x0000000083d00000, 0x0000000083c00000| Untracked 
|  61|0x0000000083d00000, 0x0000000083e00000, 0x0000000083e00000|100%| O|  |TAMS 0x0000000083e00000, 0x0000000083d00000| Untracked 
|  62|0x0000000083e00000, 0x0000000083f00000, 0x0000000083f00000|100%| O|  |TAMS 0x0000000083f00000, 0x0000000083e00000| Untracked 
|  63|0x0000000083f00000, 0x0000000084000000, 0x0000000084000000|100%| O|  |TAMS 0x0000000084000000, 0x0000000083f00000| Untracked 
|  64|0x0000000084000000, 0x0000000084100000, 0x0000000084100000|100%| O|  |TAMS 0x0000000084100000, 0x0000000084000000| Untracked 
|  65|0x0000000084100000, 0x0000000084200000, 0x0000000084200000|100%| O|  |TAMS 0x0000000084200000, 0x0000000084100000| Untracked 
|  66|0x0000000084200000, 0x0000000084300000, 0x0000000084300000|100%| O|  |TAMS 0x0000000084300000, 0x0000000084200000| Untracked 
|  67|0x0000000084300000, 0x0000000084400000, 0x0000000084400000|100%| O|  |TAMS 0x0000000084400000, 0x0000000084300000| Untracked 
|  68|0x0000000084400000, 0x0000000084500000, 0x0000000084500000|100%| O|  |TAMS 0x0000000084500000, 0x0000000084400000| Untracked 
|  69|0x0000000084500000, 0x0000000084600000, 0x0000000084600000|100%| O|  |TAMS 0x0000000084600000, 0x0000000084500000| Untracked 
|  70|0x0000000084600000, 0x0000000084700000, 0x0000000084700000|100%| O|  |TAMS 0x0000000084700000, 0x0000000084600000| Untracked 
|  71|0x0000000084700000, 0x0000000084800000, 0x0000000084800000|100%| O|  |TAMS 0x0000000084800000, 0x0000000084700000| Untracked 
|  72|0x0000000084800000, 0x0000000084900000, 0x0000000084900000|100%| O|  |TAMS 0x0000000084900000, 0x0000000084800000| Untracked 
|  73|0x0000000084900000, 0x0000000084a00000, 0x0000000084a00000|100%| O|  |TAMS 0x0000000084a00000, 0x0000000084900000| Untracked 
|  74|0x0000000084a00000, 0x0000000084b00000, 0x0000000084b00000|100%| O|  |TAMS 0x0000000084b00000, 0x0000000084a00000| Untracked 
|  75|0x0000000084b00000, 0x0000000084c00000, 0x0000000084c00000|100%| O|  |TAMS 0x0000000084c00000, 0x0000000084b00000| Untracked 
|  76|0x0000000084c00000, 0x0000000084d00000, 0x0000000084d00000|100%| O|  |TAMS 0x0000000084d00000, 0x0000000084c00000| Untracked 
|  77|0x0000000084d00000, 0x0000000084e00000, 0x0000000084e00000|100%| O|  |TAMS 0x0000000084e00000, 0x0000000084d00000| Untracked 
|  78|0x0000000084e00000, 0x0000000084f00000, 0x0000000084f00000|100%| O|  |TAMS 0x0000000084f00000, 0x0000000084e00000| Untracked 
|  79|0x0000000084f00000, 0x0000000085000000, 0x0000000085000000|100%| O|  |TAMS 0x0000000085000000, 0x0000000084f00000| Untracked 
|  80|0x0000000085000000, 0x0000000085100000, 0x0000000085100000|100%| O|  |TAMS 0x0000000085100000, 0x0000000085000000| Untracked 
|  81|0x0000000085100000, 0x0000000085200000, 0x0000000085200000|100%|HS|  |TAMS 0x0000000085200000, 0x0000000085100000| Complete 
|  82|0x0000000085200000, 0x0000000085300000, 0x0000000085300000|100%|HC|  |TAMS 0x0000000085300000, 0x0000000085200000| Complete 
|  83|0x0000000085300000, 0x0000000085400000, 0x0000000085400000|100%|HC|  |TAMS 0x0000000085400000, 0x0000000085300000| Complete 
|  84|0x0000000085400000, 0x0000000085500000, 0x0000000085500000|100%|HC|  |TAMS 0x0000000085500000, 0x0000000085400000| Complete 
|  85|0x0000000085500000, 0x0000000085600000, 0x0000000085600000|100%|HC|  |TAMS 0x0000000085600000, 0x0000000085500000| Complete 
|  86|0x0000000085600000, 0x0000000085700000, 0x0000000085700000|100%|HS|  |TAMS 0x0000000085700000, 0x0000000085600000| Complete 
|  87|0x0000000085700000, 0x0000000085800000, 0x0000000085800000|100%|HC|  |TAMS 0x0000000085800000, 0x0000000085700000| Complete 
|  88|0x0000000085800000, 0x0000000085900000, 0x0000000085900000|100%|HS|  |TAMS 0x0000000085900000, 0x0000000085800000| Complete 
|  89|0x0000000085900000, 0x0000000085a00000, 0x0000000085a00000|100%|HC|  |TAMS 0x0000000085a00000, 0x0000000085900000| Complete 
|  90|0x0000000085a00000, 0x0000000085b00000, 0x0000000085b00000|100%|HC|  |TAMS 0x0000000085b00000, 0x0000000085a00000| Complete 
|  91|0x0000000085b00000, 0x0000000085c00000, 0x0000000085c00000|100%|HS|  |TAMS 0x0000000085c00000, 0x0000000085b00000| Complete 
|  92|0x0000000085c00000, 0x0000000085d00000, 0x0000000085d00000|100%|HC|  |TAMS 0x0000000085d00000, 0x0000000085c00000| Complete 
|  93|0x0000000085d00000, 0x0000000085e00000, 0x0000000085e00000|100%|HS|  |TAMS 0x0000000085e00000, 0x0000000085d00000| Complete 
|  94|0x0000000085e00000, 0x0000000085f00000, 0x0000000085f00000|100%|HC|  |TAMS 0x0000000085f00000, 0x0000000085e00000| Complete 
|  95|0x0000000085f00000, 0x0000000086000000, 0x0000000086000000|100%|HC|  |TAMS 0x0000000086000000, 0x0000000085f00000| Complete 
|  96|0x0000000086000000, 0x0000000086100000, 0x0000000086100000|100%|HS|  |TAMS 0x0000000086100000, 0x0000000086000000| Complete 
|  97|0x0000000086100000, 0x0000000086200000, 0x0000000086200000|100%|HS|  |TAMS 0x0000000086200000, 0x0000000086100000| Complete 
|  98|0x0000000086200000, 0x0000000086300000, 0x0000000086300000|100%| O|  |TAMS 0x0000000086300000, 0x0000000086200000| Untracked 
|  99|0x0000000086300000, 0x0000000086400000, 0x0000000086400000|100%| O|  |TAMS 0x0000000086400000, 0x0000000086300000| Untracked 
| 100|0x0000000086400000, 0x0000000086500000, 0x0000000086500000|100%| O|  |TAMS 0x0000000086500000, 0x0000000086400000| Untracked 
| 101|0x0000000086500000, 0x0000000086600000, 0x0000000086600000|100%| O|  |TAMS 0x0000000086600000, 0x0000000086500000| Untracked 
| 102|0x0000000086600000, 0x0000000086700000, 0x0000000086700000|100%|HS|  |TAMS 0x0000000086700000, 0x0000000086600000| Complete 
| 103|0x0000000086700000, 0x0000000086800000, 0x0000000086800000|100%|HS|  |TAMS 0x0000000086800000, 0x0000000086700000| Complete 
| 104|0x0000000086800000, 0x0000000086900000, 0x0000000086900000|100%|HS|  |TAMS 0x0000000086900000, 0x0000000086800000| Complete 
| 105|0x0000000086900000, 0x0000000086a00000, 0x0000000086a00000|100%| O|  |TAMS 0x0000000086a00000, 0x0000000086900000| Untracked 
| 106|0x0000000086a00000, 0x0000000086b00000, 0x0000000086b00000|100%| O|  |TAMS 0x0000000086b00000, 0x0000000086a00000| Untracked 
| 107|0x0000000086b00000, 0x0000000086c00000, 0x0000000086c00000|100%| O|  |TAMS 0x0000000086c00000, 0x0000000086b00000| Untracked 
| 108|0x0000000086c00000, 0x0000000086d00000, 0x0000000086d00000|100%|HS|  |TAMS 0x0000000086d00000, 0x0000000086c00000| Complete 
| 109|0x0000000086d00000, 0x0000000086e00000, 0x0000000086e00000|100%|HC|  |TAMS 0x0000000086e00000, 0x0000000086d00000| Complete 
| 110|0x0000000086e00000, 0x0000000086f00000, 0x0000000086f00000|100%|HC|  |TAMS 0x0000000086f00000, 0x0000000086e00000| Complete 
| 111|0x0000000086f00000, 0x0000000087000000, 0x0000000087000000|100%|HC|  |TAMS 0x0000000087000000, 0x0000000086f00000| Complete 
| 112|0x0000000087000000, 0x0000000087100000, 0x0000000087100000|100%|HC|  |TAMS 0x0000000087100000, 0x0000000087000000| Complete 
| 113|0x0000000087100000, 0x0000000087200000, 0x0000000087200000|100%| O|  |TAMS 0x0000000087200000, 0x0000000087100000| Untracked 
| 114|0x0000000087200000, 0x0000000087300000, 0x0000000087300000|100%| O|  |TAMS 0x0000000087300000, 0x0000000087200000| Untracked 
| 115|0x0000000087300000, 0x0000000087400000, 0x0000000087400000|100%|HS|  |TAMS 0x0000000087400000, 0x0000000087300000| Complete 
| 116|0x0000000087400000, 0x0000000087500000, 0x0000000087500000|100%|HC|  |TAMS 0x0000000087500000, 0x0000000087400000| Complete 
| 117|0x0000000087500000, 0x0000000087600000, 0x0000000087600000|100%| O|  |TAMS 0x0000000087600000, 0x0000000087500000| Untracked 
| 118|0x0000000087600000, 0x0000000087700000, 0x0000000087700000|100%| O|  |TAMS 0x0000000087700000, 0x0000000087600000| Untracked 
| 119|0x0000000087700000, 0x0000000087800000, 0x0000000087800000|100%| O|  |TAMS 0x0000000087800000, 0x0000000087700000| Untracked 
| 120|0x0000000087800000, 0x0000000087900000, 0x0000000087900000|100%|HS|  |TAMS 0x0000000087900000, 0x0000000087800000| Complete 
| 121|0x0000000087900000, 0x0000000087a00000, 0x0000000087a00000|100%|HC|  |TAMS 0x0000000087a00000, 0x0000000087900000| Complete 
| 122|0x0000000087a00000, 0x0000000087b00000, 0x0000000087b00000|100%|HC|  |TAMS 0x0000000087b00000, 0x0000000087a00000| Complete 
| 123|0x0000000087b00000, 0x0000000087c00000, 0x0000000087c00000|100%| O|  |TAMS 0x0000000087c00000, 0x0000000087b00000| Untracked 
| 124|0x0000000087c00000, 0x0000000087d00000, 0x0000000087d00000|100%| O|  |TAMS 0x0000000087d00000, 0x0000000087c00000| Untracked 
| 125|0x0000000087d00000, 0x0000000087e00000, 0x0000000087e00000|100%|HS|  |TAMS 0x0000000087e00000, 0x0000000087d00000| Complete 
| 126|0x0000000087e00000, 0x0000000087f00000, 0x0000000087f00000|100%|HC|  |TAMS 0x0000000087f00000, 0x0000000087e00000| Complete 
| 127|0x0000000087f00000, 0x0000000088000000, 0x0000000088000000|100%| O|  |TAMS 0x0000000088000000, 0x0000000087f00000| Untracked 
| 128|0x0000000088000000, 0x0000000088100000, 0x0000000088100000|100%| O|  |TAMS 0x0000000088100000, 0x0000000088000000| Untracked 
| 129|0x0000000088100000, 0x0000000088200000, 0x0000000088200000|100%| O|  |TAMS 0x0000000088200000, 0x0000000088100000| Untracked 
| 130|0x0000000088200000, 0x0000000088300000, 0x0000000088300000|100%|HS|  |TAMS 0x0000000088300000, 0x0000000088200000| Complete 
| 131|0x0000000088300000, 0x0000000088400000, 0x0000000088400000|100%|HC|  |TAMS 0x0000000088400000, 0x0000000088300000| Complete 
| 132|0x0000000088400000, 0x0000000088500000, 0x0000000088500000|100%|HC|  |TAMS 0x0000000088500000, 0x0000000088400000| Complete 
| 133|0x0000000088500000, 0x0000000088600000, 0x0000000088600000|100%| O|  |TAMS 0x0000000088600000, 0x0000000088500000| Untracked 
| 134|0x0000000088600000, 0x0000000088700000, 0x0000000088700000|100%|HS|  |TAMS 0x0000000088700000, 0x0000000088600000| Complete 
| 135|0x0000000088700000, 0x0000000088800000, 0x0000000088800000|100%| O|  |TAMS 0x0000000088800000, 0x0000000088700000| Untracked 
| 136|0x0000000088800000, 0x0000000088900000, 0x0000000088900000|100%|HS|  |TAMS 0x0000000088900000, 0x0000000088800000| Complete 
| 137|0x0000000088900000, 0x0000000088a00000, 0x0000000088a00000|100%| O|  |TAMS 0x0000000088a00000, 0x0000000088900000| Untracked 
| 138|0x0000000088a00000, 0x0000000088b00000, 0x0000000088b00000|100%|HS|  |TAMS 0x0000000088b00000, 0x0000000088a00000| Complete 
| 139|0x0000000088b00000, 0x0000000088c00000, 0x0000000088c00000|100%| O|  |TAMS 0x0000000088c00000, 0x0000000088b00000| Untracked 
| 140|0x0000000088c00000, 0x0000000088d00000, 0x0000000088d00000|100%| O|  |TAMS 0x0000000088d00000, 0x0000000088c00000| Untracked 
| 141|0x0000000088d00000, 0x0000000088e00000, 0x0000000088e00000|100%| O|  |TAMS 0x0000000088e00000, 0x0000000088d00000| Untracked 
| 142|0x0000000088e00000, 0x0000000088f00000, 0x0000000088f00000|100%| O|  |TAMS 0x0000000088f00000, 0x0000000088e00000| Untracked 
| 143|0x0000000088f00000, 0x0000000089000000, 0x0000000089000000|100%| O|  |TAMS 0x0000000089000000, 0x0000000088f00000| Untracked 
| 144|0x0000000089000000, 0x0000000089100000, 0x0000000089100000|100%| O|  |TAMS 0x0000000089100000, 0x0000000089000000| Untracked 
| 145|0x0000000089100000, 0x0000000089200000, 0x0000000089200000|100%| O|  |TAMS 0x0000000089200000, 0x0000000089100000| Untracked 
| 146|0x0000000089200000, 0x0000000089300000, 0x0000000089300000|100%| O|  |TAMS 0x0000000089300000, 0x0000000089200000| Untracked 
| 147|0x0000000089300000, 0x0000000089400000, 0x0000000089400000|100%| O|  |TAMS 0x0000000089400000, 0x0000000089300000| Untracked 
| 148|0x0000000089400000, 0x0000000089500000, 0x0000000089500000|100%| O|  |TAMS 0x0000000089500000, 0x0000000089400000| Untracked 
| 149|0x0000000089500000, 0x0000000089600000, 0x0000000089600000|100%| O|  |TAMS 0x0000000089600000, 0x0000000089500000| Untracked 
| 150|0x0000000089600000, 0x0000000089700000, 0x0000000089700000|100%| O|  |TAMS 0x0000000089700000, 0x0000000089600000| Untracked 
| 151|0x0000000089700000, 0x0000000089800000, 0x0000000089800000|100%| O|  |TAMS 0x0000000089800000, 0x0000000089700000| Untracked 
| 152|0x0000000089800000, 0x0000000089900000, 0x0000000089900000|100%| O|  |TAMS 0x0000000089900000, 0x0000000089800000| Untracked 
| 153|0x0000000089900000, 0x0000000089a00000, 0x0000000089a00000|100%| O|  |TAMS 0x0000000089a00000, 0x0000000089900000| Untracked 
| 154|0x0000000089a00000, 0x0000000089b00000, 0x0000000089b00000|100%| O|  |TAMS 0x0000000089b00000, 0x0000000089a00000| Untracked 
| 155|0x0000000089b00000, 0x0000000089c00000, 0x0000000089c00000|100%| O|  |TAMS 0x0000000089b87c00, 0x0000000089b00000| Untracked 
| 156|0x0000000089c00000, 0x0000000089d00000, 0x0000000089d00000|100%|HS|  |TAMS 0x0000000089c00000, 0x0000000089c00000| Complete 
| 157|0x0000000089d00000, 0x0000000089e00000, 0x0000000089e00000|100%|HC|  |TAMS 0x0000000089d00000, 0x0000000089d00000| Complete 
| 158|0x0000000089e00000, 0x0000000089f00000, 0x0000000089f00000|100%|HS|  |TAMS 0x0000000089e00000, 0x0000000089e00000| Complete 
| 159|0x0000000089f00000, 0x000000008a000000, 0x000000008a000000|100%|HC|  |TAMS 0x0000000089f00000, 0x0000000089f00000| Complete 
| 160|0x000000008a000000, 0x000000008a100000, 0x000000008a100000|100%| O|  |TAMS 0x000000008a000000, 0x000000008a000000| Untracked 
| 161|0x000000008a100000, 0x000000008a200000, 0x000000008a200000|100%| O|  |TAMS 0x000000008a100000, 0x000000008a100000| Untracked 
| 162|0x000000008a200000, 0x000000008a300000, 0x000000008a300000|100%| O|  |TAMS 0x000000008a200000, 0x000000008a200000| Untracked 
| 163|0x000000008a300000, 0x000000008a400000, 0x000000008a400000|100%| O|  |TAMS 0x000000008a300000, 0x000000008a300000| Untracked 
| 164|0x000000008a400000, 0x000000008a500000, 0x000000008a500000|100%| O|  |TAMS 0x000000008a400000, 0x000000008a400000| Untracked 
| 165|0x000000008a500000, 0x000000008a600000, 0x000000008a600000|100%| O|  |TAMS 0x000000008a500000, 0x000000008a500000| Untracked 
| 166|0x000000008a600000, 0x000000008a700000, 0x000000008a700000|100%| O|  |TAMS 0x000000008a600000, 0x000000008a600000| Untracked 
| 167|0x000000008a700000, 0x000000008a800000, 0x000000008a800000|100%| O|  |TAMS 0x000000008a700000, 0x000000008a700000| Untracked 
| 168|0x000000008a800000, 0x000000008a900000, 0x000000008a900000|100%| O|  |TAMS 0x000000008a800000, 0x000000008a800000| Untracked 
| 169|0x000000008a900000, 0x000000008aa00000, 0x000000008aa00000|100%| O|  |TAMS 0x000000008a900000, 0x000000008a900000| Untracked 
| 170|0x000000008aa00000, 0x000000008ab00000, 0x000000008ab00000|100%| O|  |TAMS 0x000000008aa00000, 0x000000008aa00000| Untracked 
| 171|0x000000008ab00000, 0x000000008ac00000, 0x000000008ac00000|100%| O|  |TAMS 0x000000008ab00000, 0x000000008ab00000| Untracked 
| 172|0x000000008ac00000, 0x000000008ad00000, 0x000000008ad00000|100%| O|  |TAMS 0x000000008ac00000, 0x000000008ac00000| Untracked 
| 173|0x000000008ad00000, 0x000000008ae00000, 0x000000008ae00000|100%| O|  |TAMS 0x000000008ad00000, 0x000000008ad00000| Untracked 
| 174|0x000000008ae00000, 0x000000008af00000, 0x000000008af00000|100%| O|  |TAMS 0x000000008ae00000, 0x000000008ae00000| Untracked 
| 175|0x000000008af00000, 0x000000008b000000, 0x000000008b000000|100%| O|  |TAMS 0x000000008af00000, 0x000000008af00000| Untracked 
| 176|0x000000008b000000, 0x000000008b100000, 0x000000008b100000|100%| O|  |TAMS 0x000000008b000000, 0x000000008b000000| Untracked 
| 177|0x000000008b100000, 0x000000008b200000, 0x000000008b200000|100%| O|  |TAMS 0x000000008b100000, 0x000000008b100000| Untracked 
| 178|0x000000008b200000, 0x000000008b280000, 0x000000008b300000| 50%| O|  |TAMS 0x000000008b200000, 0x000000008b200000| Untracked 
| 179|0x000000008b300000, 0x000000008b300000, 0x000000008b400000|  0%| F|  |TAMS 0x000000008b300000, 0x000000008b300000| Untracked 
| 180|0x000000008b400000, 0x000000008b400000, 0x000000008b500000|  0%| F|  |TAMS 0x000000008b400000, 0x000000008b400000| Untracked 
| 181|0x000000008b500000, 0x000000008b500000, 0x000000008b600000|  0%| F|  |TAMS 0x000000008b500000, 0x000000008b500000| Untracked 
| 182|0x000000008b600000, 0x000000008b600000, 0x000000008b700000|  0%| F|  |TAMS 0x000000008b600000, 0x000000008b600000| Untracked 
| 183|0x000000008b700000, 0x000000008b700000, 0x000000008b800000|  0%| F|  |TAMS 0x000000008b700000, 0x000000008b700000| Untracked 
| 184|0x000000008b800000, 0x000000008b800000, 0x000000008b900000|  0%| F|  |TAMS 0x000000008b800000, 0x000000008b800000| Untracked 
| 185|0x000000008b900000, 0x000000008b900000, 0x000000008ba00000|  0%| F|  |TAMS 0x000000008b900000, 0x000000008b900000| Untracked 
| 186|0x000000008ba00000, 0x000000008ba00000, 0x000000008bb00000|  0%| F|  |TAMS 0x000000008ba00000, 0x000000008ba00000| Untracked 
| 187|0x000000008bb00000, 0x000000008bb00000, 0x000000008bc00000|  0%| F|  |TAMS 0x000000008bb00000, 0x000000008bb00000| Untracked 
| 188|0x000000008bc00000, 0x000000008bc00000, 0x000000008bd00000|  0%| F|  |TAMS 0x000000008bc00000, 0x000000008bc00000| Untracked 
| 189|0x000000008bd00000, 0x000000008bd00000, 0x000000008be00000|  0%| F|  |TAMS 0x000000008bd00000, 0x000000008bd00000| Untracked 
| 190|0x000000008be00000, 0x000000008be00000, 0x000000008bf00000|  0%| F|  |TAMS 0x000000008be00000, 0x000000008be00000| Untracked 
| 191|0x000000008bf00000, 0x000000008bf00000, 0x000000008c000000|  0%| F|  |TAMS 0x000000008bf00000, 0x000000008bf00000| Untracked 
| 192|0x000000008c000000, 0x000000008c000000, 0x000000008c100000|  0%| F|  |TAMS 0x000000008c000000, 0x000000008c000000| Untracked 
| 193|0x000000008c100000, 0x000000008c100000, 0x000000008c200000|  0%| F|  |TAMS 0x000000008c100000, 0x000000008c100000| Untracked 
| 194|0x000000008c200000, 0x000000008c200000, 0x000000008c300000|  0%| F|  |TAMS 0x000000008c200000, 0x000000008c200000| Untracked 
| 195|0x000000008c300000, 0x000000008c300000, 0x000000008c400000|  0%| F|  |TAMS 0x000000008c300000, 0x000000008c300000| Untracked 
| 196|0x000000008c400000, 0x000000008c400000, 0x000000008c500000|  0%| F|  |TAMS 0x000000008c400000, 0x000000008c400000| Untracked 
| 197|0x000000008c500000, 0x000000008c500000, 0x000000008c600000|  0%| F|  |TAMS 0x000000008c500000, 0x000000008c500000| Untracked 
| 198|0x000000008c600000, 0x000000008c600000, 0x000000008c700000|  0%| F|  |TAMS 0x000000008c600000, 0x000000008c600000| Untracked 
| 199|0x000000008c700000, 0x000000008c700000, 0x000000008c800000|  0%| F|  |TAMS 0x000000008c700000, 0x000000008c700000| Untracked 
| 200|0x000000008c800000, 0x000000008c800000, 0x000000008c900000|  0%| F|  |TAMS 0x000000008c800000, 0x000000008c800000| Untracked 
| 201|0x000000008c900000, 0x000000008c900000, 0x000000008ca00000|  0%| F|  |TAMS 0x000000008c900000, 0x000000008c900000| Untracked 
| 202|0x000000008ca00000, 0x000000008ca00000, 0x000000008cb00000|  0%| F|  |TAMS 0x000000008ca00000, 0x000000008ca00000| Untracked 
| 203|0x000000008cb00000, 0x000000008cb00000, 0x000000008cc00000|  0%| F|  |TAMS 0x000000008cb00000, 0x000000008cb00000| Untracked 
| 204|0x000000008cc00000, 0x000000008cc00000, 0x000000008cd00000|  0%| F|  |TAMS 0x000000008cc00000, 0x000000008cc00000| Untracked 
| 205|0x000000008cd00000, 0x000000008ce00000, 0x000000008ce00000|100%| S|CS|TAMS 0x000000008cd00000, 0x000000008cd00000| Complete 
| 206|0x000000008ce00000, 0x000000008cf00000, 0x000000008cf00000|100%| S|CS|TAMS 0x000000008ce00000, 0x000000008ce00000| Complete 
| 207|0x000000008cf00000, 0x000000008d000000, 0x000000008d000000|100%| S|CS|TAMS 0x000000008cf00000, 0x000000008cf00000| Complete 
| 208|0x000000008d000000, 0x000000008d000000, 0x000000008d100000|  0%| F|  |TAMS 0x000000008d000000, 0x000000008d000000| Untracked 
| 209|0x000000008d100000, 0x000000008d100000, 0x000000008d200000|  0%| F|  |TAMS 0x000000008d100000, 0x000000008d100000| Untracked 
| 210|0x000000008d200000, 0x000000008d200000, 0x000000008d300000|  0%| F|  |TAMS 0x000000008d200000, 0x000000008d200000| Untracked 
| 211|0x000000008d300000, 0x000000008d300000, 0x000000008d400000|  0%| F|  |TAMS 0x000000008d300000, 0x000000008d300000| Untracked 
| 212|0x000000008d400000, 0x000000008d400000, 0x000000008d500000|  0%| F|  |TAMS 0x000000008d400000, 0x000000008d400000| Untracked 
| 213|0x000000008d500000, 0x000000008d500000, 0x000000008d600000|  0%| F|  |TAMS 0x000000008d500000, 0x000000008d500000| Untracked 
| 214|0x000000008d600000, 0x000000008d600000, 0x000000008d700000|  0%| F|  |TAMS 0x000000008d600000, 0x000000008d600000| Untracked 
| 215|0x000000008d700000, 0x000000008d700000, 0x000000008d800000|  0%| F|  |TAMS 0x000000008d700000, 0x000000008d700000| Untracked 
| 216|0x000000008d800000, 0x000000008d800000, 0x000000008d900000|  0%| F|  |TAMS 0x000000008d800000, 0x000000008d800000| Untracked 
| 217|0x000000008d900000, 0x000000008d900000, 0x000000008da00000|  0%| F|  |TAMS 0x000000008d900000, 0x000000008d900000| Untracked 
| 218|0x000000008da00000, 0x000000008da00000, 0x000000008db00000|  0%| F|  |TAMS 0x000000008da00000, 0x000000008da00000| Untracked 
| 219|0x000000008db00000, 0x000000008db00000, 0x000000008dc00000|  0%| F|  |TAMS 0x000000008db00000, 0x000000008db00000| Untracked 
| 220|0x000000008dc00000, 0x000000008dc00000, 0x000000008dd00000|  0%| F|  |TAMS 0x000000008dc00000, 0x000000008dc00000| Untracked 
| 221|0x000000008dd00000, 0x000000008dd00000, 0x000000008de00000|  0%| F|  |TAMS 0x000000008dd00000, 0x000000008dd00000| Untracked 

Card table byte_map: [0x00000168e84b0000,0x00000168e88b0000] _byte_map_base: 0x00000168e80b0000

Marking Bits (Prev, Next): (CMBitMap*) 0x00000168d4fcd850, (CMBitMap*) 0x00000168d4fcd818
 Prev Bits: [0x00000168eacb0000, 0x00000168eccb0000)
 Next Bits: [0x00000168e8cb0000, 0x00000168eacb0000)

Polling page: 0x00000168d3750000

Metaspace:

Usage:
  Non-class:     88.65 MB capacity,    87.12 MB ( 98%) used,     1.26 MB (  1%) free+waste,   283.88 KB ( <1%) overhead. 
      Class:     13.92 MB capacity,    13.08 MB ( 94%) used,   741.07 KB (  5%) free+waste,   125.94 KB ( <1%) overhead. 
       Both:    102.58 MB capacity,   100.19 MB ( 98%) used,     1.98 MB (  2%) free+waste,   409.81 KB ( <1%) overhead. 

Virtual space:
  Non-class space:       90.00 MB reserved,      88.68 MB ( 99%) committed 
      Class space:        1.00 GB reserved,      13.95 MB (  1%) committed 
             Both:        1.09 GB reserved,     102.63 MB (  9%) committed 

Chunk freelists:
   Non-Class:  24.00 KB
       Class:  15.00 KB
        Both:  39.00 KB

MaxMetaspaceSize: 17179869184.00 GB
CompressedClassSpaceSize: 1.00 GB

CodeHeap 'non-profiled nmethods': size=120064Kb used=6876Kb max_used=6876Kb free=113187Kb
 bounds [0x00000168e0540000, 0x00000168e0c00000, 0x00000168e7a80000]
CodeHeap 'profiled nmethods': size=120000Kb used=27453Kb max_used=27453Kb free=92546Kb
 bounds [0x00000168d9010000, 0x00000168daae0000, 0x00000168e0540000]
CodeHeap 'non-nmethods': size=5696Kb used=2325Kb max_used=2365Kb free=3371Kb
 bounds [0x00000168d8a80000, 0x00000168d8cf0000, 0x00000168d9010000]
 total_blobs=13503 nmethods=12569 adapters=844
 compilation: enabled
              stopped_count=0, restarted_count=0
 full_count=0

Compilation events (20 events):
Event: 25.305 Thread 0x00000168ef321000 12676       2       com.android.tools.r8.internal.qr$$Lambda$1227/0x0000000100de7c40::accept (16 bytes)
Event: 25.306 Thread 0x00000168ef321000 nmethod 12676 0x00000168daadb610 code [0x00000168daadb800, 0x00000168daadbb78]
Event: 25.306 Thread 0x00000168ef321000 12677       2       com.android.tools.r8.internal.qr::b (33 bytes)
Event: 25.306 Thread 0x00000168ef321000 nmethod 12677 0x00000168daadbe10 code [0x00000168daadc000, 0x00000168daadc318]
Event: 25.306 Thread 0x00000168ef321000 12678       2       com.android.tools.r8.graph.P::Z (39 bytes)
Event: 25.306 Thread 0x00000168ef321000 nmethod 12678 0x00000168daadc510 code [0x00000168daadc6c0, 0x00000168daadc858]
Event: 25.306 Thread 0x00000168ef321000 12680       3       com.android.tools.r8.internal.Ah::a (173 bytes)
Event: 25.307 Thread 0x00000168ef321000 nmethod 12680 0x00000168daadc910 code [0x00000168daadcb60, 0x00000168daadd458]
Event: 25.307 Thread 0x00000168ef321000 12679       2       com.android.tools.r8.internal.GF::a (13 bytes)
Event: 25.307 Thread 0x00000168ef321000 nmethod 12679 0x00000168daadd790 code [0x00000168daadd940, 0x00000168daadda58]
Event: 25.308 Thread 0x00000168ef321000 12681       2       com.android.tools.r8.graph.T0::<init> (41 bytes)
Event: 25.308 Thread 0x00000168ef321000 nmethod 12681 0x00000168daaddb10 code [0x00000168daaddcc0, 0x00000168daadde18]
Event: 25.310 Thread 0x00000168ef321000 12682       2       com.android.tools.r8.dex.j::c (77 bytes)
Event: 25.310 Thread 0x00000168ef321000 nmethod 12682 0x00000168daadde90 code [0x00000168daade0a0, 0x00000168daade618]
Event: 25.310 Thread 0x00000168ef321000 12685       2       com.android.tools.r8.code.T0::hashCode (21 bytes)
Event: 25.310 Thread 0x00000168ef321000 nmethod 12685 0x00000168daade990 code [0x00000168daadeb40, 0x00000168daadec88]
Event: 25.310 Thread 0x00000168ef321000 12684       2       com.android.tools.r8.code.S3::<init> (7 bytes)
Event: 25.311 Thread 0x00000168ef321000 nmethod 12684 0x00000168daaded10 code [0x00000168daadeec0, 0x00000168daadeff8]
Event: 25.314 Thread 0x00000168ef321000 12686       2       com.android.tools.r8.code.X0::hashCode (11 bytes)
Event: 25.314 Thread 0x00000168ef321000 nmethod 12686 0x00000168daadf110 code [0x00000168daadf2c0, 0x00000168daadf3e8]

GC Heap History (20 events):
Event: 18.377 GC heap after
{Heap after GC invocations=19 (full 0):
 garbage-first heap   total 189440K, used 75978K [0x0000000080000000, 0x0000000100000000)
  region size 1024K, 10 young (10240K), 10 survivors (10240K)
 Metaspace       used 89565K, capacity 91832K, committed 92160K, reserved 1128448K
  class space    used 11681K, capacity 12517K, committed 12620K, reserved 1048576K
}
Event: 19.742 GC heap before
{Heap before GC invocations=19 (full 0):
 garbage-first heap   total 189440K, used 144586K [0x0000000080000000, 0x0000000100000000)
  region size 1024K, 78 young (79872K), 10 survivors (10240K)
 Metaspace       used 90321K, capacity 92637K, committed 92928K, reserved 1130496K
  class space    used 11701K, capacity 12566K, committed 12620K, reserved 1048576K
}
Event: 19.761 GC heap after
{Heap after GC invocations=20 (full 0):
 garbage-first heap   total 189440K, used 80658K [0x0000000080000000, 0x0000000100000000)
  region size 1024K, 10 young (10240K), 10 survivors (10240K)
 Metaspace       used 90321K, capacity 92637K, committed 92928K, reserved 1130496K
  class space    used 11701K, capacity 12566K, committed 12620K, reserved 1048576K
}
Event: 21.027 GC heap before
{Heap before GC invocations=20 (full 0):
 garbage-first heap   total 189440K, used 148242K [0x0000000080000000, 0x0000000100000000)
  region size 1024K, 77 young (78848K), 10 survivors (10240K)
 Metaspace       used 93914K, capacity 96187K, committed 96384K, reserved 1132544K
  class space    used 12115K, capacity 12986K, committed 13004K, reserved 1048576K
}
Event: 21.047 GC heap after
{Heap after GC invocations=21 (full 0):
 garbage-first heap   total 189440K, used 83265K [0x0000000080000000, 0x0000000100000000)
  region size 1024K, 8 young (8192K), 8 survivors (8192K)
 Metaspace       used 93914K, capacity 96187K, committed 96384K, reserved 1132544K
  class space    used 12115K, capacity 12986K, committed 13004K, reserved 1048576K
}
Event: 21.827 GC heap before
{Heap before GC invocations=21 (full 0):
 garbage-first heap   total 189440K, used 150849K [0x0000000080000000, 0x0000000100000000)
  region size 1024K, 75 young (76800K), 8 survivors (8192K)
 Metaspace       used 96732K, capacity 99105K, committed 99328K, reserved 1134592K
  class space    used 12461K, capacity 13315K, committed 13388K, reserved 1048576K
}
Event: 21.844 GC heap after
{Heap after GC invocations=22 (full 0):
 garbage-first heap   total 189440K, used 86850K [0x0000000080000000, 0x0000000100000000)
  region size 1024K, 7 young (7168K), 7 survivors (7168K)
 Metaspace       used 96732K, capacity 99105K, committed 99328K, reserved 1134592K
  class space    used 12461K, capacity 13315K, committed 13388K, reserved 1048576K
}
Event: 22.286 GC heap before
{Heap before GC invocations=22 (full 0):
 garbage-first heap   total 189440K, used 126786K [0x0000000080000000, 0x0000000100000000)
  region size 1024K, 48 young (49152K), 7 survivors (7168K)
 Metaspace       used 97116K, capacity 99512K, committed 99584K, reserved 1136640K
  class space    used 12499K, capacity 13359K, committed 13388K, reserved 1048576K
}
Event: 22.304 GC heap after
{Heap after GC invocations=23 (full 0):
 garbage-first heap   total 189440K, used 89861K [0x0000000080000000, 0x0000000100000000)
  region size 1024K, 7 young (7168K), 7 survivors (7168K)
 Metaspace       used 97116K, capacity 99512K, committed 99584K, reserved 1136640K
  class space    used 12499K, capacity 13359K, committed 13388K, reserved 1048576K
}
Event: 22.682 GC heap before
{Heap before GC invocations=24 (full 0):
 garbage-first heap   total 189440K, used 117509K [0x0000000080000000, 0x0000000100000000)
  region size 1024K, 19 young (19456K), 7 survivors (7168K)
 Metaspace       used 96992K, capacity 99279K, committed 99584K, reserved 1136640K
  class space    used 12449K, capacity 13270K, committed 13388K, reserved 1048576K
}
Event: 22.699 GC heap after
{Heap after GC invocations=25 (full 0):
 garbage-first heap   total 227328K, used 110100K [0x0000000080000000, 0x0000000100000000)
  region size 1024K, 6 young (6144K), 6 survivors (6144K)
 Metaspace       used 96992K, capacity 99279K, committed 99584K, reserved 1136640K
  class space    used 12449K, capacity 13270K, committed 13388K, reserved 1048576K
}
Event: 23.481 GC heap before
{Heap before GC invocations=26 (full 0):
 garbage-first heap   total 227328K, used 156180K [0x0000000080000000, 0x0000000100000000)
  region size 1024K, 52 young (53248K), 6 survivors (6144K)
 Metaspace       used 99527K, capacity 101791K, committed 102016K, reserved 1138688K
  class space    used 12826K, capacity 13654K, committed 13772K, reserved 1048576K
}
Event: 23.501 GC heap after
{Heap after GC invocations=27 (full 0):
 garbage-first heap   total 227328K, used 115204K [0x0000000080000000, 0x0000000100000000)
  region size 1024K, 10 young (10240K), 10 survivors (10240K)
 Metaspace       used 99527K, capacity 101791K, committed 102016K, reserved 1138688K
  class space    used 12826K, capacity 13654K, committed 13772K, reserved 1048576K
}
Event: 24.152 GC heap before
{Heap before GC invocations=28 (full 0):
 garbage-first heap   total 227328K, used 195076K [0x0000000080000000, 0x0000000100000000)
  region size 1024K, 54 young (55296K), 10 survivors (10240K)
 Metaspace       used 100289K, capacity 102660K, committed 102912K, reserved 1138688K
  class space    used 12913K, capacity 13743K, committed 13900K, reserved 1048576K
}
Event: 24.239 GC heap after
{Heap after GC invocations=29 (full 0):
 garbage-first heap   total 227328K, used 150218K [0x0000000080000000, 0x0000000100000000)
  region size 1024K, 11 young (11264K), 11 survivors (11264K)
 Metaspace       used 100289K, capacity 102660K, committed 102912K, reserved 1138688K
  class space    used 12913K, capacity 13743K, committed 13900K, reserved 1048576K
}
Event: 24.668 GC heap before
{Heap before GC invocations=30 (full 0):
 garbage-first heap   total 227328K, used 186058K [0x0000000080000000, 0x0000000100000000)
  region size 1024K, 46 young (47104K), 11 survivors (11264K)
 Metaspace       used 100293K, capacity 102660K, committed 102912K, reserved 1138688K
  class space    used 12913K, capacity 13743K, committed 13900K, reserved 1048576K
}
Event: 24.743 GC heap after
{Heap after GC invocations=31 (full 0):
 garbage-first heap   total 227328K, used 165407K [0x0000000080000000, 0x0000000100000000)
  region size 1024K, 6 young (6144K), 6 survivors (6144K)
 Metaspace       used 100293K, capacity 102660K, committed 102912K, reserved 1138688K
  class space    used 12913K, capacity 13743K, committed 13900K, reserved 1048576K
}
Event: 25.193 GC heap before
{Heap before GC invocations=31 (full 0):
 garbage-first heap   total 227328K, used 191007K [0x0000000080000000, 0x0000000100000000)
  region size 1024K, 28 young (28672K), 6 survivors (6144K)
 Metaspace       used 102545K, capacity 104964K, committed 105088K, reserved 1140736K
  class space    used 13387K, capacity 14255K, committed 14284K, reserved 1048576K
}
Event: 25.233 GC heap after
{Heap after GC invocations=32 (full 0):
 garbage-first heap   total 227328K, used 178176K [0x0000000080000000, 0x0000000100000000)
  region size 1024K, 4 young (4096K), 4 survivors (4096K)
 Metaspace       used 102545K, capacity 104964K, committed 105088K, reserved 1140736K
  class space    used 13387K, capacity 14255K, committed 14284K, reserved 1048576K
}
Event: 25.322 GC heap before
{Heap before GC invocations=33 (full 0):
 garbage-first heap   total 227328K, used 191488K [0x0000000080000000, 0x0000000100000000)
  region size 1024K, 18 young (18432K), 4 survivors (4096K)
 Metaspace       used 102596K, capacity 105037K, committed 105088K, reserved 1140736K
  class space    used 13389K, capacity 14257K, committed 14284K, reserved 1048576K
}

Deoptimization events (20 events):
Event: 24.547 Thread 0x00000168f54b3000 DEOPT PACKING pc=0x00000168da9a2104 sp=0x0000001ab7cfd220
Event: 24.547 Thread 0x00000168f54b3000 DEOPT UNPACKING pc=0x00000168d8aa76ce sp=0x0000001ab7cfc6b0 mode 0
Event: 24.603 Thread 0x00000168f54b3000 DEOPT PACKING pc=0x00000168da9bec81 sp=0x0000001ab7cfd060
Event: 24.603 Thread 0x00000168f54b3000 DEOPT UNPACKING pc=0x00000168d8aa76ce sp=0x0000001ab7cfc528 mode 0
Event: 24.616 Thread 0x00000168f54b3000 DEOPT PACKING pc=0x00000168da9a33de sp=0x0000001ab7cfd200
Event: 24.616 Thread 0x00000168f54b3000 DEOPT UNPACKING pc=0x00000168d8aa76ce sp=0x0000001ab7cfc6a8 mode 0
Event: 24.772 Thread 0x00000168f54b3000 DEOPT PACKING pc=0x00000168da997583 sp=0x0000001ab7cfd310
Event: 24.772 Thread 0x00000168f54b3000 DEOPT UNPACKING pc=0x00000168d8aa76ce sp=0x0000001ab7cfc9d8 mode 0
Event: 25.027 Thread 0x00000168f23fe800 Uncommon trap: trap_request=0xffffff4d fr.pc=0x00000168e0bdf8bc relative=0x000000000000019c
Event: 25.027 Thread 0x00000168f23fe800 Uncommon trap: reason=unstable_if action=reinterpret pc=0x00000168e0bdf8bc method=jdk.internal.util.ArraysSupport.mismatch([B[BI)I @ 14 c2
Event: 25.027 Thread 0x00000168f23fe800 DEOPT PACKING pc=0x00000168e0bdf8bc sp=0x0000001ab85fec80
Event: 25.027 Thread 0x00000168f23fe800 DEOPT UNPACKING pc=0x00000168d8aa78af sp=0x0000001ab85febb8 mode 2
Event: 25.033 Thread 0x00000168f23fe800 Uncommon trap: trap_request=0xffffff4d fr.pc=0x00000168e0bde7b8 relative=0x0000000000000198
Event: 25.033 Thread 0x00000168f23fe800 Uncommon trap: reason=unstable_if action=reinterpret pc=0x00000168e0bde7b8 method=jdk.internal.util.ArraysSupport.mismatch([B[BI)I @ 14 c2
Event: 25.051 Thread 0x00000168f23fe800 DEOPT PACKING pc=0x00000168e0bde7b8 sp=0x0000001ab85febe0
Event: 25.051 Thread 0x00000168f23fe800 DEOPT UNPACKING pc=0x00000168d8aa78af sp=0x0000001ab85feba0 mode 2
Event: 25.284 Thread 0x00000168f23fd800 Uncommon trap: trap_request=0xffffff4d fr.pc=0x00000168e0beb62c relative=0x0000000000000ecc
Event: 25.284 Thread 0x00000168f23fd800 Uncommon trap: reason=unstable_if action=reinterpret pc=0x00000168e0beb62c method=com.android.tools.r8.internal.Ah.d(I)V @ 38 c2
Event: 25.284 Thread 0x00000168f23fd800 DEOPT PACKING pc=0x00000168e0beb62c sp=0x0000001ab84fe350
Event: 25.284 Thread 0x00000168f23fd800 DEOPT UNPACKING pc=0x00000168d8aa78af sp=0x0000001ab84fe288 mode 2

Classes redefined (0 events):
No events

Internal exceptions (20 events):
Event: 23.473 Thread 0x00000168f54b6000 Exception <a 'java/lang/NoSuchMethodError'{0x000000008b258398}: <clinit>> (0x000000008b258398) thrown at [./src/hotspot/share/prims/jni.cpp, line 1362]
Event: 23.475 Thread 0x00000168f54b6000 Exception <a 'java/lang/NoSuchMethodError'{0x000000008b2709d8}: <clinit>> (0x000000008b2709d8) thrown at [./src/hotspot/share/prims/jni.cpp, line 1362]
Event: 23.475 Thread 0x00000168f54b6000 Exception <a 'java/lang/NoSuchMethodError'{0x000000008b271eb8}: <clinit>> (0x000000008b271eb8) thrown at [./src/hotspot/share/prims/jni.cpp, line 1362]
Event: 23.546 Thread 0x00000168f54b6000 Exception <a 'sun/nio/fs/WindowsException'{0x000000008dcc87d0}> (0x000000008dcc87d0) thrown at [./src/hotspot/share/prims/jni.cpp, line 615]
Event: 23.546 Thread 0x00000168f54b6000 Exception <a 'sun/nio/fs/WindowsException'{0x000000008dcc9658}> (0x000000008dcc9658) thrown at [./src/hotspot/share/prims/jni.cpp, line 615]
Event: 23.651 Thread 0x00000168f54b6000 Exception <a 'sun/nio/fs/WindowsException'{0x000000008d6ee218}> (0x000000008d6ee218) thrown at [./src/hotspot/share/prims/jni.cpp, line 615]
Event: 23.651 Thread 0x00000168f54b6000 Exception <a 'sun/nio/fs/WindowsException'{0x000000008d6ef098}> (0x000000008d6ef098) thrown at [./src/hotspot/share/prims/jni.cpp, line 615]
Event: 23.739 Thread 0x00000168f54b6000 Exception <a 'java/lang/NoSuchMethodError'{0x000000008cdd3ac0}: <clinit>> (0x000000008cdd3ac0) thrown at [./src/hotspot/share/prims/jni.cpp, line 1362]
Event: 23.745 Thread 0x00000168f54b6000 Exception <a 'java/lang/NoSuchMethodError'{0x000000008cc0a108}: <clinit>> (0x000000008cc0a108) thrown at [./src/hotspot/share/prims/jni.cpp, line 1362]
Event: 23.747 Thread 0x00000168f54b6000 Exception <a 'java/lang/NoSuchMethodError'{0x000000008cc1cc60}: <clinit>> (0x000000008cc1cc60) thrown at [./src/hotspot/share/prims/jni.cpp, line 1362]
Event: 24.079 Thread 0x00000168f54b3800 Exception <a 'java/lang/NoSuchMethodError'{0x000000008c156618}: 'void java.lang.invoke.DirectMethodHandle$Holder.invokeStatic(java.lang.Object, long)'> (0x000000008c156618) thrown at [./src/hotspot/share/interpreter/linkResolver.cpp, line 773]
Event: 24.080 Thread 0x00000168f54b3800 Exception <a 'java/lang/NoSuchMethodError'{0x000000008c15b830}: 'java.lang.Object java.lang.invoke.DirectMethodHandle$Holder.invokeStatic(java.lang.Object, long)'> (0x000000008c15b830) thrown at [./src/hotspot/share/interpreter/linkResolver.cpp, line 773]
Event: 24.084 Thread 0x00000168f54b3800 Exception <a 'java/lang/NoSuchMethodError'{0x000000008bbde378}: 'java.lang.Object java.lang.invoke.DirectMethodHandle$Holder.invokeStaticInit(java.lang.Object, java.lang.Object, long, java.lang.Object)'> (0x000000008bbde378) thrown at [./src/hotspot/share/interpreter/linkResolver.cpp, line 773]
Event: 24.085 Thread 0x00000168f54b3800 Exception <a 'java/lang/NoSuchMethodError'{0x000000008ba2f7c8}: 'java.lang.Object java.lang.invoke.DirectMethodHandle$Holder.invokeStatic(java.lang.Object, java.lang.Object, long)'> (0x000000008ba2f7c8) thrown at [./src/hotspot/share/interpreter/linkResolver.cpp, line 773]
Event: 24.085 Thread 0x00000168f54b3800 Exception <a 'java/lang/NoSuchMethodError'{0x000000008ba35d40}: 'java.lang.Object java.lang.invoke.Invokers$Holder.linkToTargetMethod(java.lang.Object, long, java.lang.Object)'> (0x000000008ba35d40) thrown at [./src/hotspot/share/interpreter/linkResolver.cpp, line 773]
Event: 24.104 Thread 0x00000168f54b3000 Implicit null exception at 0x00000168e0bb3087 to 0x00000168e0bb6cc0
Event: 24.877 Thread 0x00000168f23fe800 Exception <a 'java/lang/IncompatibleClassChangeError'{0x000000008d557730}: Found class java.lang.Object, but interface was expected> (0x000000008d557730) thrown at [./src/hotspot/share/interpreter/linkResolver.cpp, line 839]
Event: 24.893 Thread 0x00000168f23fe800 Exception <a 'java/lang/IncompatibleClassChangeError'{0x000000008d42af60}: Found class java.lang.Object, but interface was expected> (0x000000008d42af60) thrown at [./src/hotspot/share/interpreter/linkResolver.cpp, line 839]
Event: 24.893 Thread 0x00000168f23fe800 Exception <a 'java/lang/IncompatibleClassChangeError'{0x000000008d432848}: Found class java.lang.Object, but interface was expected> (0x000000008d432848) thrown at [./src/hotspot/share/interpreter/linkResolver.cpp, line 839]
Event: 24.984 Thread 0x00000168f23fd800 Exception <a 'java/lang/NoSuchMethodError'{0x000000008d15db70}: 'java.lang.Object java.lang.invoke.DirectMethodHandle$Holder.newInvokeSpecial(java.lang.Object, int)'> (0x000000008d15db70) thrown at [./src/hotspot/share/interpreter/linkResolver.cpp, line 773]

Events (20 events):
Event: 25.147 loading class com/android/tools/r8/internal/qr done
Event: 25.147 loading class com/android/tools/r8/internal/mu$d
Event: 25.147 loading class com/android/tools/r8/internal/mu$d done
Event: 25.148 loading class com/android/tools/r8/internal/nu
Event: 25.148 loading class com/android/tools/r8/internal/nu done
Event: 25.158 loading class com/android/tools/r8/internal/Ka
Event: 25.158 loading class com/android/tools/r8/internal/Ka done
Event: 25.193 Executing VM operation: G1CollectForAllocation
Event: 25.233 Executing VM operation: G1CollectForAllocation done
Event: 25.259 loading class com/android/tools/r8/internal/Zc
Event: 25.259 loading class com/android/tools/r8/internal/Zc done
Event: 25.297 Executing VM operation: CGC_Operation
Event: 25.297 Executing VM operation: CGC_Operation done
Event: 25.316 loading class com/android/builder/internal/aapt/AaptUtils
Event: 25.316 loading class com/android/builder/internal/aapt/AaptUtils done
Event: 25.318 loading class com/google/common/collect/Iterables$4
Event: 25.318 loading class com/google/common/collect/Iterables$4 done
Event: 25.318 loading class com/google/common/collect/FluentIterable
Event: 25.318 loading class com/google/common/collect/FluentIterable done
Event: 25.319 Executing VM operation: G1CollectForAllocation


Dynamic libraries:
0x00007ff7a5d00000 - 0x00007ff7a5d0a000 	E:\Android Studio\jre\bin\java.exe
0x00007ffa1ac30000 - 0x00007ffa1ae25000 	C:\WINDOWS\SYSTEM32\ntdll.dll
0x00007ffa1a5b0000 - 0x00007ffa1a66e000 	C:\WINDOWS\System32\KERNEL32.DLL
0x00007ffa184a0000 - 0x00007ffa18768000 	C:\WINDOWS\System32\KERNELBASE.dll
0x00007ffa18350000 - 0x00007ffa18450000 	C:\WINDOWS\System32\ucrtbase.dll
0x00007ffa09660000 - 0x00007ffa09677000 	E:\Android Studio\jre\bin\VCRUNTIME140.dll
0x00007ffa104e0000 - 0x00007ffa104f9000 	E:\Android Studio\jre\bin\jli.dll
0x00007ffa1a2f0000 - 0x00007ffa1a491000 	C:\WINDOWS\System32\USER32.dll
0x00007ffa188e0000 - 0x00007ffa18902000 	C:\WINDOWS\System32\win32u.dll
0x00007ffa03690000 - 0x00007ffa0392a000 	C:\WINDOWS\WinSxS\amd64_microsoft.windows.common-controls_6595b64144ccf1df_6.0.19041.1110_none_60b5254171f9507e\COMCTL32.dll
0x00007ffa1a670000 - 0x00007ffa1a69b000 	C:\WINDOWS\System32\GDI32.dll
0x00007ffa187d0000 - 0x00007ffa188db000 	C:\WINDOWS\System32\gdi32full.dll
0x00007ffa18a70000 - 0x00007ffa18b0d000 	C:\WINDOWS\System32\msvcp_win.dll
0x00007ffa1a070000 - 0x00007ffa1a10e000 	C:\WINDOWS\System32\msvcrt.dll
0x00007ffa1a040000 - 0x00007ffa1a070000 	C:\WINDOWS\System32\IMM32.DLL
0x00007ff9d9ec0000 - 0x00007ff9d9f5d000 	E:\Android Studio\jre\bin\msvcp140.dll
0x00007ff9cb950000 - 0x00007ff9cc41f000 	E:\Android Studio\jre\bin\server\jvm.dll
0x00007ffa1a6a0000 - 0x00007ffa1a74c000 	C:\WINDOWS\System32\ADVAPI32.dll
0x00007ffa18ca0000 - 0x00007ffa18d3b000 	C:\WINDOWS\System32\sechost.dll
0x00007ffa18fd0000 - 0x00007ffa190fa000 	C:\WINDOWS\System32\RPCRT4.dll
0x00007ffa18ef0000 - 0x00007ffa18ef8000 	C:\WINDOWS\System32\PSAPI.DLL
0x00007ff9ff550000 - 0x00007ff9ff559000 	C:\WINDOWS\SYSTEM32\WSOCK32.dll
0x00007ffa0f840000 - 0x00007ffa0f84a000 	C:\WINDOWS\SYSTEM32\VERSION.dll
0x00007ffa18f00000 - 0x00007ffa18f6b000 	C:\WINDOWS\System32\WS2_32.dll
0x00007ffa028a0000 - 0x00007ffa028c7000 	C:\WINDOWS\SYSTEM32\WINMM.dll
0x00007ffa16c20000 - 0x00007ffa16c32000 	C:\WINDOWS\SYSTEM32\kernel.appcore.dll
0x00007ffa10500000 - 0x00007ffa10511000 	E:\Android Studio\jre\bin\verify.dll
0x00007ffa168e0000 - 0x00007ffa16ac4000 	C:\WINDOWS\SYSTEM32\DBGHELP.DLL
0x00007ff9fd6c0000 - 0x00007ff9fd6ec000 	C:\WINDOWS\SYSTEM32\dbgcore.DLL
0x00007ffa18b10000 - 0x00007ffa18b93000 	C:\WINDOWS\System32\bcryptPrimitives.dll
0x00007ffa0cfc0000 - 0x00007ffa0cfe9000 	E:\Android Studio\jre\bin\java.dll
0x00007ffa12550000 - 0x00007ffa1255b000 	E:\Android Studio\jre\bin\jimage.dll
0x00007ffa103e0000 - 0x00007ffa103f8000 	E:\Android Studio\jre\bin\zip.dll
0x00007ffa19100000 - 0x00007ffa1983f000 	C:\WINDOWS\System32\SHELL32.dll
0x00007ffa16080000 - 0x00007ffa16810000 	C:\WINDOWS\SYSTEM32\windows.storage.dll
0x00007ffa1a7b0000 - 0x00007ffa1ab05000 	C:\WINDOWS\System32\combase.dll
0x00007ffa17da0000 - 0x00007ffa17dce000 	C:\WINDOWS\SYSTEM32\Wldp.dll
0x00007ffa1a240000 - 0x00007ffa1a2ed000 	C:\WINDOWS\System32\SHCORE.dll
0x00007ffa18f70000 - 0x00007ffa18fc5000 	C:\WINDOWS\System32\shlwapi.dll
0x00007ffa18290000 - 0x00007ffa182af000 	C:\WINDOWS\SYSTEM32\profapi.dll
0x00007ffa0cfa0000 - 0x00007ffa0cfba000 	E:\Android Studio\jre\bin\net.dll
0x00007ffa04690000 - 0x00007ffa0479c000 	C:\WINDOWS\SYSTEM32\WINHTTP.dll
0x00007ffa17b00000 - 0x00007ffa17b6a000 	C:\WINDOWS\system32\mswsock.dll
0x00007ffa0cf80000 - 0x00007ffa0cf94000 	E:\Android Studio\jre\bin\nio.dll
0x00007ffa002b0000 - 0x00007ffa002d7000 	C:\Users\peto\.gradle\native\8bec1ad78214c89d9ad589b4d07fe93259594b29d510b10fafb7a158f7737e5d\windows-amd64\native-platform.dll
0x00007ff9d69e0000 - 0x00007ff9d6b1d000 	C:\Users\peto\.gradle\native\53dbd7edfb1c66fb8903c78663c9afc45aea4f116125fa6feffd364cf09443e8\windows-amd64\native-platform-file-events.dll
0x00007ffa120a0000 - 0x00007ffa120aa000 	E:\Android Studio\jre\bin\management.dll
0x00007ffa12080000 - 0x00007ffa1208c000 	E:\Android Studio\jre\bin\management_ext.dll
0x00007ffa17cf0000 - 0x00007ffa17d08000 	C:\WINDOWS\SYSTEM32\CRYPTSP.dll
0x00007ffa17410000 - 0x00007ffa17444000 	C:\WINDOWS\system32\rsaenh.dll
0x00007ffa18ba0000 - 0x00007ffa18bc7000 	C:\WINDOWS\System32\bcrypt.dll
0x00007ffa18250000 - 0x00007ffa1827e000 	C:\WINDOWS\SYSTEM32\USERENV.dll
0x00007ffa17d10000 - 0x00007ffa17d1c000 	C:\WINDOWS\SYSTEM32\CRYPTBASE.dll
0x00007ffa177a0000 - 0x00007ffa177db000 	C:\WINDOWS\SYSTEM32\IPHLPAPI.DLL
0x00007ffa19f40000 - 0x00007ffa19f48000 	C:\WINDOWS\System32\NSI.dll
0x00007ffa0cd10000 - 0x00007ffa0cd27000 	C:\WINDOWS\SYSTEM32\dhcpcsvc6.DLL
0x00007ffa0dc80000 - 0x00007ffa0dc9d000 	C:\WINDOWS\SYSTEM32\dhcpcsvc.DLL
0x00007ffa177e0000 - 0x00007ffa178ab000 	C:\WINDOWS\SYSTEM32\DNSAPI.dll

dbghelp: loaded successfully - version: 4.0.5 - missing functions: none
symbol engine: initialized successfully - sym options: 0x614 - pdb path: .;E:\Android Studio\jre\bin;C:\WINDOWS\SYSTEM32;C:\WINDOWS\WinSxS\amd64_microsoft.windows.common-controls_6595b64144ccf1df_6.0.19041.1110_none_60b5254171f9507e;E:\Android Studio\jre\bin\server;C:\Users\peto\.gradle\native\8bec1ad78214c89d9ad589b4d07fe93259594b29d510b10fafb7a158f7737e5d\windows-amd64;C:\Users\peto\.gradle\native\53dbd7edfb1c66fb8903c78663c9afc45aea4f116125fa6feffd364cf09443e8\windows-amd64

VM Arguments:
jvm_args: --add-opens=java.base/java.util=ALL-UNNAMED --add-opens=java.base/java.lang=ALL-UNNAMED --add-opens=java.base/java.lang.invoke=ALL-UNNAMED --add-opens=java.base/java.util=ALL-UNNAMED --add-opens=java.prefs/java.util.prefs=ALL-UNNAMED --add-opens=java.prefs/java.util.prefs=ALL-UNNAMED --add-opens=java.base/java.nio.charset=ALL-UNNAMED --add-opens=java.base/java.net=ALL-UNNAMED --add-opens=java.base/java.util.concurrent.atomic=ALL-UNNAMED -Xmx2048m -Dfile.encoding=UTF-8 -Duser.country=US -Duser.language=en -Duser.variant 
java_command: org.gradle.launcher.daemon.bootstrap.GradleDaemon 7.0.2
java_class_path (initial): C:\Users\peto\.gradle\wrapper\dists\gradle-7.0.2-bin\857tjihv64xamwrf0h14cai3r\gradle-7.0.2\lib\gradle-launcher-7.0.2.jar
Launcher Type: SUN_STANDARD

[Global flags]
     intx CICompilerCount                          = 3                                         {product} {ergonomic}
     uint ConcGCThreads                            = 1                                         {product} {ergonomic}
     uint G1ConcRefinementThreads                  = 4                                         {product} {ergonomic}
   size_t G1HeapRegionSize                         = 1048576                                   {product} {ergonomic}
    uintx GCDrainStackTargetSize                   = 64                                        {product} {ergonomic}
   size_t InitialHeapSize                          = 134217728                                 {product} {ergonomic}
   size_t MarkStackSize                            = 4194304                                   {product} {ergonomic}
   size_t MaxHeapSize                              = 2147483648                                {product} {command line}
   size_t MaxNewSize                               = 1287651328                                {product} {ergonomic}
   size_t MinHeapDeltaBytes                        = 1048576                                   {product} {ergonomic}
    uintx NonNMethodCodeHeapSize                   = 5830732                                {pd product} {ergonomic}
    uintx NonProfiledCodeHeapSize                  = 122913754                              {pd product} {ergonomic}
    uintx ProfiledCodeHeapSize                     = 122913754                              {pd product} {ergonomic}
    uintx ReservedCodeCacheSize                    = 251658240                              {pd product} {ergonomic}
     bool SegmentedCodeCache                       = true                                      {product} {ergonomic}
     bool UseCompressedClassPointers               = true                                 {lp64_product} {ergonomic}
     bool UseCompressedOops                        = true                                 {lp64_product} {ergonomic}
     bool UseG1GC                                  = true                                      {product} {ergonomic}
     bool UseLargePagesIndividualAllocation        = false                                  {pd product} {ergonomic}

Logging:
Log output configuration:
 #0: stdout all=warning uptime,level,tags
 #1: stderr all=off uptime,level,tags

Environment Variables:
PATH=C:\Python310\Scripts\;C:\Python310\;C:\Program Files\Common Files\Oracle\Java\javapath;C:\Program Files (x86)\VMware\VMware Player\bin\;C:\Program Files (x86)\Intel\iCLS Client\;C:\Program Files\Intel\iCLS Client\;C:\Windows\system32;C:\Windows;C:\Windows\System32\Wbem;C:\Windows\System32\WindowsPowerShell\v1.0\;C:\Program Files (x86)\NVIDIA Corporation\PhysX\Common;C:\Program Files (x86)\Intel\Intel(R) Management Engine Components\DAL;C:\Program Files\Intel\Intel(R) Management Engine Components\DAL;C:\Program Files (x86)\Intel\Intel(R) Management Engine Components\IPT;C:\Program Files\Intel\Intel(R) Management Engine Components\IPT;C:\Program Files\Intel\WiFi\bin\;C:\Program Files\Common Files\Intel\WirelessCommon\;C:\WINDOWS\system32;C:\WINDOWS;C:\WINDOWS\System32\Wbem;C:\WINDOWS\System32\WindowsPowerShell\v1.0\;C:\WINDOWS\System32\OpenSSH\;C:\Program Files (x86)\EAC MW klient\;C:\Program Files\Git\cmd;C:\Program Files\nodejs\;C:\ProgramData\chocolatey\bin;C:\Users\peto\AppData\Local\Programs\Python\Python38\Scripts\;C:\Users\peto\AppData\Local\Programs\Python\Python38\;C:\Users\peto\PycharmProjects\UPB2;C:\MinGW\bin;C:\Users\peto\AppData\Local\gitkraken\bin;C:\Users\peto\AppData\Local\Microsoft\WindowsApps;C:\Users\peto\AppData\Roaming\npm
USERNAME=peto
OS=Windows_NT
PROCESSOR_IDENTIFIER=Intel64 Family 6 Model 142 Stepping 9, GenuineIntel



---------------  S Y S T E M  ---------------

OS: Windows 10 , 64 bit Build 19041 (10.0.19041.1348)
OS uptime: 6 days 15:58 hours

CPU:total 4 (initial active 4) (2 cores per cpu, 2 threads per core) family 6 model 142 stepping 9 microcode 0xb4, cmov, cx8, fxsr, mmx, sse, sse2, sse3, ssse3, sse4.1, sse4.2, popcnt, avx, avx2, aes, clmul, erms, 3dnowpref, lzcnt, ht, tsc, tscinvbit, bmi1, bmi2, adx, fma

Memory: 4k page, system-wide physical 8090M (305M free)
TotalPageFile size 17465M (AvailPageFile size 130M)
current process WorkingSet (physical memory assigned to process): 399M, peak: 421M
current process commit charge ("private bytes"): 533M, peak: 655M

vm_info: OpenJDK 64-Bit Server VM (11.0.10+0-b96-7249189) for windows-amd64 JRE (11.0.10+0-b96-7249189), built on Mar 31 2021 21:44:00 by "builder" with MS VC++ 14.0 (VS2015)

END.
