#
# There is insufficient memory for the Java Runtime Environment to continue.
# Native memory allocation (malloc) failed to allocate 2165616 bytes for Chunk::new
# Possible reasons:
#   The system is out of physical RAM or swap space
#   The process is running with CompressedOops enabled, and the Java Heap may be blocking the growth of the native heap
# Possible solutions:
#   Reduce memory load on the system
#   Increase physical memory or swap space
#   Check if swap backing store is full
#   Decrease Java heap size (-Xmx/-Xms)
#   Decrease number of Java threads
#   Decrease Java thread stack sizes (-Xss)
#   Set larger code cache with -XX:ReservedCodeCacheSize=
#   JVM is running with Unscaled Compressed Oops mode in which the Java heap is
#     placed in the first 4GB address space. The Java Heap base address is the
#     maximum limit for the native heap growth. Please use -XX:HeapBaseMinAddress
#     to set the Java Heap base and to place the Java Heap above 4GB virtual address.
# This output file may be truncated or incomplete.
#
#  Out of Memory Error (./src/hotspot/share/memory/arena.cpp:197), pid=20976, tid=18408
#
# JRE version: OpenJDK Runtime Environment (11.0.10) (build 11.0.10+0-b96-7249189)
# Java VM: OpenJDK 64-Bit Server VM (11.0.10+0-b96-7249189, mixed mode, tiered, compressed oops, g1 gc, windows-amd64)
# No core dump will be written. Minidumps are not enabled by default on client versions of Windows
#

---------------  S U M M A R Y ------------

Command Line: --add-opens=java.base/java.util=ALL-UNNAMED --add-opens=java.base/java.lang=ALL-UNNAMED --add-opens=java.base/java.lang.invoke=ALL-UNNAMED --add-opens=java.base/java.util=ALL-UNNAMED --add-opens=java.prefs/java.util.prefs=ALL-UNNAMED --add-opens=java.prefs/java.util.prefs=ALL-UNNAMED --add-opens=java.base/java.nio.charset=ALL-UNNAMED --add-opens=java.base/java.net=ALL-UNNAMED --add-opens=java.base/java.util.concurrent.atomic=ALL-UNNAMED -Xmx2048m -Dfile.encoding=UTF-8 -Duser.country=US -Duser.language=en -Duser.variant org.gradle.launcher.daemon.bootstrap.GradleDaemon 7.0.2

Host: Intel(R) Core(TM) i7-7500U CPU @ 2.70GHz, 4 cores, 7G,  Windows 10 , 64 bit Build 19041 (10.0.19041.1348)
Time: Tue Nov 23 00:28:07 2021 Central Europe Standard Time elapsed time: 20792.413418 seconds (0d 5h 46m 32s)

---------------  T H R E A D  ---------------

Current thread (0x00000229ad197000):  JavaThread "C2 CompilerThread1" daemon [_thread_in_native, id=18408, stack(0x000000badcf00000,0x000000badd000000)]


Current CompileTask:
C2:20792413 43807 %     4       com.android.tools.r8.internal.U6::a @ 3180 (4191 bytes)

Stack: [0x000000badcf00000,0x000000badd000000]
Native frames: (J=compiled Java code, j=interpreted, Vv=VM code, C=native code)
V  [jvm.dll+0x5ecfaa]
V  [jvm.dll+0x722bd5]
V  [jvm.dll+0x72412d]
V  [jvm.dll+0x7247e3]
V  [jvm.dll+0x242928]
V  [jvm.dll+0xbc4fc]
V  [jvm.dll+0xbca0c]
V  [jvm.dll+0x352d7d]
V  [jvm.dll+0x320ad3]
V  [jvm.dll+0x31ffca]
V  [jvm.dll+0x1fb602]
V  [jvm.dll+0x1fa7f4]
V  [jvm.dll+0x18354c]
V  [jvm.dll+0x208ee7]
V  [jvm.dll+0x207731]
V  [jvm.dll+0x6eb1cf]
V  [jvm.dll+0x6e3d45]
V  [jvm.dll+0x5ebe96]
C  [ucrtbase.dll+0x21bb2]
C  [KERNEL32.DLL+0x17034]
C  [ntdll.dll+0x52651]


---------------  P R O C E S S  ---------------

Threads class SMR info:
_java_thread_list=0x00000229adec88d0, length=65, elements={
0x000002298ed5b000, 0x00000229a892f800, 0x00000229a8939000, 0x00000229a8948800,
0x00000229a894a800, 0x00000229a894b000, 0x00000229a8954800, 0x00000229a8956000,
0x00000229a8963800, 0x00000229a9406000, 0x00000229aa94b000, 0x00000229aac88800,
0x00000229a9677800, 0x00000229a9fd9000, 0x00000229a9fda800, 0x00000229a9fda000,
0x00000229a9fdd000, 0x00000229a9fde000, 0x00000229ad3d3800, 0x00000229ad3d4800,
0x00000229ad3d2800, 0x00000229ad3d1000, 0x00000229ad3d7800, 0x00000229ad3db800,
0x00000229ad3dc800, 0x00000229b04e3000, 0x00000229b04ea800, 0x00000229ad18c800,
0x00000229b04eb000, 0x00000229b04ef800, 0x00000229b04ec000, 0x00000229ad3da000,
0x00000229ad18b000, 0x00000229ad189800, 0x00000229ad18f000, 0x00000229ad190000,
0x00000229ad18a000, 0x00000229ad18e000, 0x00000229ad192800, 0x00000229ad194000,
0x00000229ad195800, 0x00000229ad196800, 0x00000229ad190800, 0x00000229ad198000,
0x00000229b04e8000, 0x00000229b04e4800, 0x00000229b04e5800, 0x00000229b04e7000,
0x00000229b04e9800, 0x00000229b04e8800, 0x00000229b4c40000, 0x00000229b4c41000,
0x00000229b4c3e800, 0x00000229b4c3d000, 0x00000229b4c3b000, 0x00000229b4c42800,
0x00000229b4c49000, 0x00000229b4c45000, 0x00000229b4c43800, 0x00000229b4c3f800,
0x00000229b4c46000, 0x00000229b4c48000, 0x00000229b4c47800, 0x00000229b4c4a000,
0x00000229ad197000
}

Java Threads: ( => current thread )
  0x000002298ed5b000 JavaThread "main" [_thread_blocked, id=22636, stack(0x000000bad8600000,0x000000bad8700000)]
  0x00000229a892f800 JavaThread "Reference Handler" daemon [_thread_blocked, id=18916, stack(0x000000bad8d00000,0x000000bad8e00000)]
  0x00000229a8939000 JavaThread "Finalizer" daemon [_thread_blocked, id=7976, stack(0x000000bad8e00000,0x000000bad8f00000)]
  0x00000229a8948800 JavaThread "Signal Dispatcher" daemon [_thread_blocked, id=19784, stack(0x000000bad9000000,0x000000bad9100000)]
  0x00000229a894a800 JavaThread "Attach Listener" daemon [_thread_blocked, id=25988, stack(0x000000bad9100000,0x000000bad9200000)]
  0x00000229a894b000 JavaThread "Service Thread" daemon [_thread_blocked, id=14628, stack(0x000000bad9200000,0x000000bad9300000)]
  0x00000229a8954800 JavaThread "C2 CompilerThread0" daemon [_thread_in_native, id=11632, stack(0x000000bad9300000,0x000000bad9400000)]
  0x00000229a8956000 JavaThread "C1 CompilerThread0" daemon [_thread_blocked, id=25748, stack(0x000000bad9400000,0x000000bad9500000)]
  0x00000229a8963800 JavaThread "Sweeper thread" daemon [_thread_blocked, id=2976, stack(0x000000bad9500000,0x000000bad9600000)]
  0x00000229a9406000 JavaThread "Common-Cleaner" daemon [_thread_blocked, id=17536, stack(0x000000bad9600000,0x000000bad9700000)]
  0x00000229aa94b000 JavaThread "Daemon health stats" [_thread_blocked, id=7788, stack(0x000000bad9b00000,0x000000bad9c00000)]
  0x00000229aac88800 JavaThread "Incoming local TCP Connector on port 57492" [_thread_in_native, id=11964, stack(0x000000bad9800000,0x000000bad9900000)]
  0x00000229a9677800 JavaThread "Daemon periodic checks" [_thread_blocked, id=15440, stack(0x000000bad9c00000,0x000000bad9d00000)]
  0x00000229a9fd9000 JavaThread "Cache worker for file hash cache (C:\Users\peto\.gradle\caches\7.0.2\fileHashes)" [_thread_blocked, id=16860, stack(0x000000bada400000,0x000000bada500000)]
  0x00000229a9fda800 JavaThread "File lock request listener" [_thread_in_native, id=18744, stack(0x000000bada600000,0x000000bada700000)]
  0x00000229a9fda000 JavaThread "Cache worker for journal cache (C:\Users\peto\.gradle\caches\journal-1)" [_thread_blocked, id=12640, stack(0x000000bada700000,0x000000bada800000)]
  0x00000229a9fdd000 JavaThread "File watcher server" daemon [_thread_in_native, id=30604, stack(0x000000badaa00000,0x000000badab00000)]
  0x00000229a9fde000 JavaThread "File watcher consumer" daemon [_thread_blocked, id=11112, stack(0x000000badab00000,0x000000badac00000)]
  0x00000229ad3d3800 JavaThread "Cache worker for execution history cache (C:\Users\peto\.gradle\caches\7.0.2\executionHistory)" [_thread_blocked, id=23392, stack(0x000000badaf00000,0x000000badb000000)]
  0x00000229ad3d4800 JavaThread "jar transforms" [_thread_blocked, id=29236, stack(0x000000badb000000,0x000000badb100000)]
  0x00000229ad3d2800 JavaThread "jar transforms Thread 2" [_thread_blocked, id=784, stack(0x000000badb100000,0x000000badb200000)]
  0x00000229ad3d1000 JavaThread "Cache worker for file content cache (C:\Users\peto\.gradle\caches\7.0.2\fileContent)" [_thread_blocked, id=1148, stack(0x000000badb200000,0x000000badb300000)]
  0x00000229ad3d7800 JavaThread "jar transforms Thread 3" [_thread_blocked, id=18624, stack(0x000000badb400000,0x000000badb500000)]
  0x00000229ad3db800 JavaThread "jar transforms Thread 4" [_thread_blocked, id=15532, stack(0x000000badba00000,0x000000badbb00000)]
  0x00000229ad3dc800 JavaThread "Memory manager" [_thread_blocked, id=28188, stack(0x000000badbb00000,0x000000badbc00000)]
  0x00000229b04e3000 JavaThread "RMI Scheduler(0)" daemon [_thread_blocked, id=31068, stack(0x000000bad8400000,0x000000bad8500000)]
  0x00000229b04ea800 JavaThread "RMI TCP Accept-0" daemon [_thread_in_native, id=24616, stack(0x000000badc400000,0x000000badc500000)]
  0x00000229ad18c800 JavaThread "Cache worker for Java compile cache (C:\Users\peto\.gradle\caches\7.0.2\javaCompile)" [_thread_blocked, id=19816, stack(0x000000badca00000,0x000000badcb00000)]
  0x00000229b04eb000 JavaThread "RMI GC Daemon" daemon [_thread_blocked, id=7760, stack(0x000000badc100000,0x000000badc200000)]
  0x00000229b04ef800 JavaThread "RMI Reaper" [_thread_blocked, id=26364, stack(0x000000badc200000,0x000000badc300000)]
  0x00000229b04ec000 JavaThread "ForkJoinPool.commonPool-worker-7" daemon [_thread_blocked, id=7828, stack(0x000000badd000000,0x000000badd100000)]
  0x00000229ad3da000 JavaThread "Daemon Thread 18" [_thread_blocked, id=10724, stack(0x000000bad8500000,0x000000bad8600000)]
  0x00000229ad18b000 JavaThread "Handler for socket connection from /127.0.0.1:57492 to /127.0.0.1:63795" [_thread_in_native, id=11108, stack(0x000000bad8f00000,0x000000bad9000000)]
  0x00000229ad189800 JavaThread "Cancel handler" [_thread_blocked, id=14568, stack(0x000000bad9d00000,0x000000bad9e00000)]
  0x00000229ad18f000 JavaThread "Daemon worker Thread 18" [_thread_blocked, id=28184, stack(0x000000bad9e00000,0x000000bad9f00000)]
  0x00000229ad190000 JavaThread "Asynchronous log dispatcher for DefaultDaemonConnection: socket connection from /127.0.0.1:57492 to /127.0.0.1:63795" [_thread_blocked, id=9592, stack(0x000000bad9f00000,0x000000bada000000)]
  0x00000229ad18a000 JavaThread "Stdin handler" [_thread_blocked, id=18160, stack(0x000000bada000000,0x000000bada100000)]
  0x00000229ad18e000 JavaThread "Daemon client event forwarder" [_thread_blocked, id=24772, stack(0x000000bada100000,0x000000bada200000)]
  0x00000229ad192800 JavaThread "Cache worker for file hash cache (E:\FinalAssignment\.gradle\7.0.2\fileHashes)" [_thread_blocked, id=12432, stack(0x000000bada200000,0x000000bada300000)]
  0x00000229ad194000 JavaThread "Cache worker for checksums cache (E:\FinalAssignment\.gradle\checksums)" [_thread_blocked, id=25512, stack(0x000000bada300000,0x000000bada400000)]
  0x00000229ad195800 JavaThread "Cache worker for cache directory md-supplier (C:\Users\peto\.gradle\caches\7.0.2\md-supplier)" [_thread_blocked, id=1688, stack(0x000000bada800000,0x000000bada900000)]
  0x00000229ad196800 JavaThread "Cache worker for cache directory md-rule (C:\Users\peto\.gradle\caches\7.0.2\md-rule)" [_thread_blocked, id=30876, stack(0x000000bada900000,0x000000badaa00000)]
  0x00000229ad190800 JavaThread "Cache worker for dependencies-accessors (E:\FinalAssignment\.gradle\7.0.2\dependencies-accessors)" [_thread_blocked, id=29208, stack(0x000000badac00000,0x000000badad00000)]
  0x00000229ad198000 JavaThread "Cache worker for Build Output Cleanup Cache (E:\FinalAssignment\.gradle\buildOutputCleanup)" [_thread_blocked, id=16664, stack(0x000000badad00000,0x000000badae00000)]
  0x00000229b04e8000 JavaThread "Build operations" [_thread_in_native, id=9620, stack(0x000000badae00000,0x000000badaf00000)]
  0x00000229b04e4800 JavaThread "Build operations Thread 2" [_thread_blocked, id=21332, stack(0x000000badb300000,0x000000badb400000)]
  0x00000229b04e5800 JavaThread "Build operations Thread 3" [_thread_in_Java, id=22232, stack(0x000000badb500000,0x000000badb600000)]
  0x00000229b04e7000 JavaThread "Build operations Thread 4" [_thread_in_vm, id=15908, stack(0x000000badb600000,0x000000badb700000)]
  0x00000229b04e9800 JavaThread "build event listener" [_thread_blocked, id=208, stack(0x000000badb700000,0x000000badb800000)]
  0x00000229b04e8800 JavaThread "build event listener" [_thread_blocked, id=26820, stack(0x000000badb900000,0x000000badba00000)]
  0x00000229b4c40000 JavaThread "Execution worker for ':'" [_thread_blocked, id=18648, stack(0x000000badbc00000,0x000000badbd00000)]
  0x00000229b4c41000 JavaThread "Execution worker for ':' Thread 2" [_thread_blocked, id=6980, stack(0x000000badbd00000,0x000000badbe00000)]
  0x00000229b4c3e800 JavaThread "Execution worker for ':' Thread 3" [_thread_blocked, id=7468, stack(0x000000badbe00000,0x000000badbf00000)]
  0x00000229b4c3d000 JavaThread "Cache worker for execution history cache (E:\FinalAssignment\.gradle\7.0.2\executionHistory)" [_thread_blocked, id=16444, stack(0x000000badbf00000,0x000000badc000000)]
  0x00000229b4c3b000 JavaThread "WorkerExecutor Queue" [_thread_blocked, id=23720, stack(0x000000badc500000,0x000000badc600000)]
  0x00000229b4c42800 JavaThread "WorkerExecutor Queue Thread 2" [_thread_blocked, id=16804, stack(0x000000badc600000,0x000000badc700000)]
  0x00000229b4c49000 JavaThread "WorkerExecutor Queue Thread 3" [_thread_blocked, id=18700, stack(0x000000badc700000,0x000000badc800000)]
  0x00000229b4c45000 JavaThread "WorkerExecutor Queue Thread 4" [_thread_blocked, id=3120, stack(0x000000badc800000,0x000000badc900000)]
  0x00000229b4c43800 JavaThread "RMI TCP Connection(idle)" daemon [_thread_blocked, id=26448, stack(0x000000badc900000,0x000000badca00000)]
  0x00000229b4c3f800 JavaThread "pool-57-thread-1" [_thread_blocked, id=23864, stack(0x000000badc300000,0x000000badc400000)]
  0x00000229b4c46000 JavaThread "stderr" [_thread_in_native, id=20336, stack(0x000000badcb00000,0x000000badcc00000)]
  0x00000229b4c48000 JavaThread "stdout" [_thread_in_native, id=30456, stack(0x000000badcc00000,0x000000badcd00000)]
  0x00000229b4c47800 JavaThread "stderr" [_thread_in_native, id=23508, stack(0x000000badcd00000,0x000000badce00000)]
  0x00000229b4c4a000 JavaThread "stdout" [_thread_in_native, id=13028, stack(0x000000badce00000,0x000000badcf00000)]
=>0x00000229ad197000 JavaThread "C2 CompilerThread1" daemon [_thread_in_native, id=18408, stack(0x000000badcf00000,0x000000badd000000)]

Other Threads:
  0x00000229a8929000 VMThread "VM Thread" [stack: 0x000000bad8c00000,0x000000bad8d00000] [id=24672]
  0x00000229a9443000 WatcherThread [stack: 0x000000bad9700000,0x000000bad9800000] [id=7892]
  0x000002298ed73800 GCTaskThread "GC Thread#0" [stack: 0x000000bad8700000,0x000000bad8800000] [id=22948]
  0x00000229a9bba000 GCTaskThread "GC Thread#1" [stack: 0x000000bad9900000,0x000000bad9a00000] [id=25708]
  0x00000229a9990000 GCTaskThread "GC Thread#2" [stack: 0x000000bad9a00000,0x000000bad9b00000] [id=15184]
  0x00000229aa35f000 GCTaskThread "GC Thread#3" [stack: 0x000000bada500000,0x000000bada600000] [id=29976]
  0x000002298eda4000 ConcurrentGCThread "G1 Main Marker" [stack: 0x000000bad8800000,0x000000bad8900000] [id=8288]
  0x000002298eda5000 ConcurrentGCThread "G1 Conc#0" [stack: 0x000000bad8900000,0x000000bad8a00000] [id=29348]
  0x000002298ee36000 ConcurrentGCThread "G1 Refine#0" [stack: 0x000000bad8a00000,0x000000bad8b00000] [id=10996]
  0x00000229afb0a800 ConcurrentGCThread "G1 Refine#1" [stack: 0x000000badc000000,0x000000badc100000] [id=17288]
  0x000002298ee37000 ConcurrentGCThread "G1 Young RemSet Sampling" [stack: 0x000000bad8b00000,0x000000bad8c00000] [id=12172]

Threads with active compile tasks:
C2 CompilerThread020792485 43829       4       com.android.tools.r8.graph.B0$b::a (896 bytes)
C2 CompilerThread120792485 43807 %     4       com.android.tools.r8.internal.U6::a @ 3180 (4191 bytes)

VM state:not at safepoint (normal execution)

VM Mutex/Monitor currently owned by a thread: None

Heap address: 0x0000000080000000, size: 2048 MB, Compressed Oops mode: 32-bit
Narrow klass base: 0x0000000000000000, Narrow klass shift: 3
Compressed class space size: 1073741824 Address: 0x0000000100000000

Heap:
 garbage-first heap   total 382976K, used 235773K [0x0000000080000000, 0x0000000100000000)
  region size 1024K, 52 young (53248K), 19 survivors (19456K)
 Metaspace       used 174388K, capacity 180842K, committed 181068K, reserved 1206272K
  class space    used 20975K, capacity 23290K, committed 23372K, reserved 1048576K
Heap Regions: E=young(eden), S=young(survivor), O=old, HS=humongous(starts), HC=humongous(continues), CS=collection set, F=free, A=archive, TAMS=top-at-mark-start (previous, next)
|   0|0x0000000080000000, 0x00000000800ffff0, 0x0000000080100000| 99%| O|  |TAMS 0x00000000800ffff0, 0x00000000800ffff0| Untracked 
|   1|0x0000000080100000, 0x00000000801f96d0, 0x0000000080200000| 97%| O|  |TAMS 0x00000000801f96d0, 0x00000000801f96d0| Untracked 
|   2|0x0000000080200000, 0x00000000802fff20, 0x0000000080300000| 99%| O|  |TAMS 0x00000000802fff20, 0x00000000802fff20| Untracked 
|   3|0x0000000080300000, 0x0000000080400000, 0x0000000080400000|100%|HS|  |TAMS 0x0000000080400000, 0x0000000080400000| Complete 
|   4|0x0000000080400000, 0x0000000080500000, 0x0000000080500000|100%|HC|  |TAMS 0x0000000080500000, 0x0000000080500000| Complete 
|   5|0x0000000080500000, 0x0000000080600000, 0x0000000080600000|100%|HC|  |TAMS 0x0000000080600000, 0x0000000080600000| Complete 
|   6|0x0000000080600000, 0x00000000806fffd8, 0x0000000080700000| 99%| O|  |TAMS 0x00000000806fffd8, 0x00000000806fffd8| Untracked 
|   7|0x0000000080700000, 0x00000000807ff9d8, 0x0000000080800000| 99%| O|  |TAMS 0x00000000807ff9d8, 0x00000000807ff9d8| Untracked 
|   8|0x0000000080800000, 0x00000000808ffff0, 0x0000000080900000| 99%| O|  |TAMS 0x00000000808ffff0, 0x00000000808ffff0| Untracked 
|   9|0x0000000080900000, 0x00000000809fff20, 0x0000000080a00000| 99%| O|  |TAMS 0x00000000809fff20, 0x00000000809fff20| Untracked 
|  10|0x0000000080a00000, 0x0000000080afffe8, 0x0000000080b00000| 99%| O|  |TAMS 0x0000000080afffe8, 0x0000000080afffe8| Untracked 
|  11|0x0000000080b00000, 0x0000000080bf1b40, 0x0000000080c00000| 94%| O|  |TAMS 0x0000000080bf1b40, 0x0000000080bf1b40| Untracked 
|  12|0x0000000080c00000, 0x0000000080cfffe8, 0x0000000080d00000| 99%| O|  |TAMS 0x0000000080cfffe8, 0x0000000080cfffe8| Untracked 
|  13|0x0000000080d00000, 0x0000000080dfffe0, 0x0000000080e00000| 99%| O|  |TAMS 0x0000000080dfffe0, 0x0000000080dfffe0| Untracked 
|  14|0x0000000080e00000, 0x0000000080f00000, 0x0000000080f00000|100%| O|  |TAMS 0x0000000080f00000, 0x0000000080f00000| Untracked 
|  15|0x0000000080f00000, 0x0000000080fffff0, 0x0000000081000000| 99%| O|  |TAMS 0x0000000080fffff0, 0x0000000080fffff0| Untracked 
|  16|0x0000000081000000, 0x0000000081100000, 0x0000000081100000|100%|HS|  |TAMS 0x0000000081100000, 0x0000000081100000| Complete 
|  17|0x0000000081100000, 0x00000000811ffff0, 0x0000000081200000| 99%| O|  |TAMS 0x00000000811ffff0, 0x00000000811ffff0| Untracked 
|  18|0x0000000081200000, 0x00000000812ffff8, 0x0000000081300000| 99%| O|  |TAMS 0x00000000812ffff8, 0x00000000812ffff8| Untracked 
|  19|0x0000000081300000, 0x00000000813d3848, 0x0000000081400000| 82%| O|  |TAMS 0x00000000813d3848, 0x00000000813d3848| Untracked 
|  20|0x0000000081400000, 0x0000000081500000, 0x0000000081500000|100%| O|  |TAMS 0x0000000081500000, 0x0000000081500000| Untracked 
|  21|0x0000000081500000, 0x00000000815ffff0, 0x0000000081600000| 99%| O|  |TAMS 0x00000000815ffff0, 0x00000000815ffff0| Untracked 
|  22|0x0000000081600000, 0x00000000816ffff0, 0x0000000081700000| 99%| O|  |TAMS 0x00000000816ffff0, 0x00000000816ffff0| Untracked 
|  23|0x0000000081700000, 0x0000000081800000, 0x0000000081800000|100%|HS|  |TAMS 0x0000000081800000, 0x0000000081800000| Complete 
|  24|0x0000000081800000, 0x0000000081900000, 0x0000000081900000|100%|HS|  |TAMS 0x0000000081900000, 0x0000000081900000| Complete 
|  25|0x0000000081900000, 0x0000000081a00000, 0x0000000081a00000|100%|HS|  |TAMS 0x0000000081a00000, 0x0000000081a00000| Complete 
|  26|0x0000000081a00000, 0x0000000081b00000, 0x0000000081b00000|100%|HC|  |TAMS 0x0000000081b00000, 0x0000000081b00000| Complete 
|  27|0x0000000081b00000, 0x0000000081c00000, 0x0000000081c00000|100%|HC|  |TAMS 0x0000000081c00000, 0x0000000081c00000| Complete 
|  28|0x0000000081c00000, 0x0000000081d00000, 0x0000000081d00000|100%|HS|  |TAMS 0x0000000081d00000, 0x0000000081d00000| Complete 
|  29|0x0000000081d00000, 0x0000000081e00000, 0x0000000081e00000|100%|HC|  |TAMS 0x0000000081e00000, 0x0000000081e00000| Complete 
|  30|0x0000000081e00000, 0x0000000081efa978, 0x0000000081f00000| 97%| O|  |TAMS 0x0000000081efa978, 0x0000000081efa978| Untracked 
|  31|0x0000000081f00000, 0x0000000081fffb80, 0x0000000082000000| 99%| O|  |TAMS 0x0000000081fffb80, 0x0000000081fffb80| Untracked 
|  32|0x0000000082000000, 0x00000000820ffff0, 0x0000000082100000| 99%| O|  |TAMS 0x00000000820ffff0, 0x00000000820ffff0| Untracked 
|  33|0x0000000082100000, 0x00000000821fffd0, 0x0000000082200000| 99%| O|  |TAMS 0x00000000821fffd0, 0x00000000821fffd0| Untracked 
|  34|0x0000000082200000, 0x00000000822fffd0, 0x0000000082300000| 99%| O|  |TAMS 0x00000000822fffd0, 0x00000000822fffd0| Untracked 
|  35|0x0000000082300000, 0x00000000823ffff8, 0x0000000082400000| 99%| O|  |TAMS 0x00000000823ffff8, 0x00000000823ffff8| Untracked 
|  36|0x0000000082400000, 0x00000000824f1280, 0x0000000082500000| 94%| O|  |TAMS 0x00000000824f1280, 0x00000000824f1280| Untracked 
|  37|0x0000000082500000, 0x00000000825ea2a8, 0x0000000082600000| 91%| O|  |TAMS 0x00000000825ea2a8, 0x00000000825ea2a8| Untracked 
|  38|0x0000000082600000, 0x00000000826fff80, 0x0000000082700000| 99%| O|  |TAMS 0x00000000826fff80, 0x00000000826fff80| Untracked 
|  39|0x0000000082700000, 0x00000000827f9f90, 0x0000000082800000| 97%| O|  |TAMS 0x00000000827f9f90, 0x00000000827f9f90| Untracked 
|  40|0x0000000082800000, 0x00000000828ffff0, 0x0000000082900000| 99%| O|  |TAMS 0x00000000828ffff0, 0x00000000828ffff0| Untracked 
|  41|0x0000000082900000, 0x0000000082a00000, 0x0000000082a00000|100%| O|  |TAMS 0x0000000082a00000, 0x0000000082a00000| Untracked 
|  42|0x0000000082a00000, 0x0000000082b00000, 0x0000000082b00000|100%| O|  |TAMS 0x0000000082b00000, 0x0000000082b00000| Untracked 
|  43|0x0000000082b00000, 0x0000000082bffff8, 0x0000000082c00000| 99%| O|  |TAMS 0x0000000082bffff8, 0x0000000082bffff8| Untracked 
|  44|0x0000000082c00000, 0x0000000082cfffe0, 0x0000000082d00000| 99%| O|  |TAMS 0x0000000082cfffe0, 0x0000000082cfffe0| Untracked 
|  45|0x0000000082d00000, 0x0000000082dfffe8, 0x0000000082e00000| 99%| O|  |TAMS 0x0000000082dfffe8, 0x0000000082dfffe8| Untracked 
|  46|0x0000000082e00000, 0x0000000082efffe8, 0x0000000082f00000| 99%| O|  |TAMS 0x0000000082efffe8, 0x0000000082efffe8| Untracked 
|  47|0x0000000082f00000, 0x0000000082ffffd0, 0x0000000083000000| 99%| O|  |TAMS 0x0000000082ffffd0, 0x0000000082ffffd0| Untracked 
|  48|0x0000000083000000, 0x0000000083100000, 0x0000000083100000|100%| O|  |TAMS 0x0000000083100000, 0x0000000083100000| Untracked 
|  49|0x0000000083100000, 0x0000000083200000, 0x0000000083200000|100%| O|  |TAMS 0x0000000083200000, 0x0000000083200000| Untracked 
|  50|0x0000000083200000, 0x0000000083300000, 0x0000000083300000|100%| O|  |TAMS 0x0000000083300000, 0x0000000083300000| Untracked 
|  51|0x0000000083300000, 0x0000000083400000, 0x0000000083400000|100%| O|  |TAMS 0x0000000083400000, 0x0000000083400000| Untracked 
|  52|0x0000000083400000, 0x00000000834fbc10, 0x0000000083500000| 98%| O|  |TAMS 0x00000000834fbc10, 0x00000000834fbc10| Untracked 
|  53|0x0000000083500000, 0x00000000835fffa8, 0x0000000083600000| 99%| O|  |TAMS 0x00000000835fffa8, 0x00000000835fffa8| Untracked 
|  54|0x0000000083600000, 0x00000000836ffff0, 0x0000000083700000| 99%| O|  |TAMS 0x00000000836ffff0, 0x00000000836ffff0| Untracked 
|  55|0x0000000083700000, 0x00000000837d7768, 0x0000000083800000| 84%| O|  |TAMS 0x00000000837d7768, 0x00000000837d7768| Untracked 
|  56|0x0000000083800000, 0x0000000083900000, 0x0000000083900000|100%| O|  |TAMS 0x0000000083900000, 0x0000000083900000| Untracked 
|  57|0x0000000083900000, 0x00000000839ffff8, 0x0000000083a00000| 99%| O|  |TAMS 0x00000000839ffff8, 0x00000000839ffff8| Untracked 
|  58|0x0000000083a00000, 0x0000000083b00000, 0x0000000083b00000|100%| O|  |TAMS 0x0000000083b00000, 0x0000000083b00000| Untracked 
|  59|0x0000000083b00000, 0x0000000083bffff8, 0x0000000083c00000| 99%| O|  |TAMS 0x0000000083bffff8, 0x0000000083bffff8| Untracked 
|  60|0x0000000083c00000, 0x0000000083cfffe8, 0x0000000083d00000| 99%| O|  |TAMS 0x0000000083cfffe8, 0x0000000083cfffe8| Untracked 
|  61|0x0000000083d00000, 0x0000000083dffff0, 0x0000000083e00000| 99%| O|  |TAMS 0x0000000083dffff0, 0x0000000083dffff0| Untracked 
|  62|0x0000000083e00000, 0x0000000083effff0, 0x0000000083f00000| 99%| O|  |TAMS 0x0000000083effff0, 0x0000000083effff0| Untracked 
|  63|0x0000000083f00000, 0x0000000084000000, 0x0000000084000000|100%| O|  |TAMS 0x0000000084000000, 0x0000000084000000| Untracked 
|  64|0x0000000084000000, 0x0000000084100000, 0x0000000084100000|100%| O|  |TAMS 0x0000000084100000, 0x0000000084100000| Untracked 
|  65|0x0000000084100000, 0x0000000084200000, 0x0000000084200000|100%| O|  |TAMS 0x0000000084200000, 0x0000000084200000| Untracked 
|  66|0x0000000084200000, 0x00000000842ffeb8, 0x0000000084300000| 99%| O|  |TAMS 0x00000000842ffeb8, 0x00000000842ffeb8| Untracked 
|  67|0x0000000084300000, 0x00000000843ffff0, 0x0000000084400000| 99%| O|  |TAMS 0x00000000843ffff0, 0x00000000843ffff0| Untracked 
|  68|0x0000000084400000, 0x00000000844ffff8, 0x0000000084500000| 99%| O|  |TAMS 0x00000000844ffff8, 0x00000000844ffff8| Untracked 
|  69|0x0000000084500000, 0x00000000845fb168, 0x0000000084600000| 98%| O|  |TAMS 0x00000000845fb168, 0x00000000845fb168| Untracked 
|  70|0x0000000084600000, 0x00000000846fff90, 0x0000000084700000| 99%| O|  |TAMS 0x00000000846fff90, 0x00000000846fff90| Untracked 
|  71|0x0000000084700000, 0x00000000847ffff0, 0x0000000084800000| 99%| O|  |TAMS 0x00000000847ffff0, 0x00000000847ffff0| Untracked 
|  72|0x0000000084800000, 0x0000000084900000, 0x0000000084900000|100%| O|  |TAMS 0x0000000084900000, 0x0000000084900000| Untracked 
|  73|0x0000000084900000, 0x00000000849ffff0, 0x0000000084a00000| 99%| O|  |TAMS 0x00000000849ffff0, 0x00000000849ffff0| Untracked 
|  74|0x0000000084a00000, 0x0000000084af9118, 0x0000000084b00000| 97%| O|  |TAMS 0x0000000084af9118, 0x0000000084af9118| Untracked 
|  75|0x0000000084b00000, 0x0000000084bffff0, 0x0000000084c00000| 99%| O|  |TAMS 0x0000000084bffff0, 0x0000000084bffff0| Untracked 
|  76|0x0000000084c00000, 0x0000000084cfffd0, 0x0000000084d00000| 99%| O|  |TAMS 0x0000000084cfffd0, 0x0000000084cfffd0| Untracked 
|  77|0x0000000084d00000, 0x0000000084dff840, 0x0000000084e00000| 99%| O|  |TAMS 0x0000000084dff840, 0x0000000084dff840| Untracked 
|  78|0x0000000084e00000, 0x0000000084eff3a8, 0x0000000084f00000| 99%| O|  |TAMS 0x0000000084eff3a8, 0x0000000084eff3a8| Untracked 
|  79|0x0000000084f00000, 0x0000000084ffffe8, 0x0000000085000000| 99%| O|  |TAMS 0x0000000084ffffe8, 0x0000000084ffffe8| Untracked 
|  80|0x0000000085000000, 0x00000000850f8400, 0x0000000085100000| 96%| O|  |TAMS 0x00000000850f8400, 0x00000000850f8400| Untracked 
|  81|0x0000000085100000, 0x0000000085200000, 0x0000000085200000|100%| O|  |TAMS 0x0000000085200000, 0x0000000085200000| Untracked 
|  82|0x0000000085200000, 0x00000000852ffff8, 0x0000000085300000| 99%| O|  |TAMS 0x00000000852ffff8, 0x00000000852ffff8| Untracked 
|  83|0x0000000085300000, 0x0000000085400000, 0x0000000085400000|100%|HS|  |TAMS 0x0000000085400000, 0x0000000085400000| Complete 
|  84|0x0000000085400000, 0x0000000085500000, 0x0000000085500000|100%|HC|  |TAMS 0x0000000085500000, 0x0000000085500000| Complete 
|  85|0x0000000085500000, 0x0000000085600000, 0x0000000085600000|100%|HC|  |TAMS 0x0000000085600000, 0x0000000085600000| Complete 
|  86|0x0000000085600000, 0x00000000856ffff0, 0x0000000085700000| 99%| O|  |TAMS 0x00000000856ffff0, 0x00000000856ffff0| Untracked 
|  87|0x0000000085700000, 0x00000000857ffff8, 0x0000000085800000| 99%| O|  |TAMS 0x00000000857ffff8, 0x00000000857ffff8| Untracked 
|  88|0x0000000085800000, 0x0000000085900000, 0x0000000085900000|100%| O|  |TAMS 0x0000000085800000, 0x0000000085900000| Untracked 
|  89|0x0000000085900000, 0x00000000859ffff0, 0x0000000085a00000| 99%| O|  |TAMS 0x00000000859ffff0, 0x00000000859ffff0| Untracked 
|  90|0x0000000085a00000, 0x0000000085afffc8, 0x0000000085b00000| 99%| O|  |TAMS 0x0000000085afffc8, 0x0000000085afffc8| Untracked 
|  91|0x0000000085b00000, 0x0000000085c00000, 0x0000000085c00000|100%| O|  |TAMS 0x0000000085c00000, 0x0000000085c00000| Untracked 
|  92|0x0000000085c00000, 0x0000000085d00000, 0x0000000085d00000|100%| O|  |TAMS 0x0000000085d00000, 0x0000000085d00000| Untracked 
|  93|0x0000000085d00000, 0x0000000085e00000, 0x0000000085e00000|100%| O|  |TAMS 0x0000000085e00000, 0x0000000085e00000| Untracked 
|  94|0x0000000085e00000, 0x0000000085effff8, 0x0000000085f00000| 99%| O|  |TAMS 0x0000000085effff8, 0x0000000085effff8| Untracked 
|  95|0x0000000085f00000, 0x0000000086000000, 0x0000000086000000|100%| O|  |TAMS 0x0000000085f00000, 0x0000000086000000| Untracked 
|  96|0x0000000086000000, 0x0000000086100000, 0x0000000086100000|100%| O|  |TAMS 0x0000000086100000, 0x0000000086100000| Untracked 
|  97|0x0000000086100000, 0x0000000086200000, 0x0000000086200000|100%| O|  |TAMS 0x0000000086200000, 0x0000000086200000| Untracked 
|  98|0x0000000086200000, 0x0000000086300000, 0x0000000086300000|100%| O|  |TAMS 0x0000000086300000, 0x0000000086300000| Untracked 
|  99|0x0000000086300000, 0x0000000086400000, 0x0000000086400000|100%| O|  |TAMS 0x0000000086300000, 0x0000000086400000| Untracked 
| 100|0x0000000086400000, 0x0000000086500000, 0x0000000086500000|100%| O|  |TAMS 0x0000000086500000, 0x0000000086500000| Untracked 
| 101|0x0000000086500000, 0x0000000086600000, 0x0000000086600000|100%| O|  |TAMS 0x0000000086600000, 0x0000000086600000| Untracked 
| 102|0x0000000086600000, 0x0000000086700000, 0x0000000086700000|100%| O|  |TAMS 0x0000000086700000, 0x0000000086700000| Untracked 
| 103|0x0000000086700000, 0x0000000086800000, 0x0000000086800000|100%| O|  |TAMS 0x0000000086800000, 0x0000000086800000| Untracked 
| 104|0x0000000086800000, 0x0000000086900000, 0x0000000086900000|100%| O|  |TAMS 0x0000000086900000, 0x0000000086900000| Untracked 
| 105|0x0000000086900000, 0x0000000086a00000, 0x0000000086a00000|100%| O|  |TAMS 0x0000000086a00000, 0x0000000086a00000| Untracked 
| 106|0x0000000086a00000, 0x0000000086b00000, 0x0000000086b00000|100%| O|  |TAMS 0x0000000086b00000, 0x0000000086b00000| Untracked 
| 107|0x0000000086b00000, 0x0000000086c00000, 0x0000000086c00000|100%|HS|  |TAMS 0x0000000086c00000, 0x0000000086c00000| Complete 
| 108|0x0000000086c00000, 0x0000000086d00000, 0x0000000086d00000|100%|HC|  |TAMS 0x0000000086d00000, 0x0000000086d00000| Complete 
| 109|0x0000000086d00000, 0x0000000086e00000, 0x0000000086e00000|100%| O|  |TAMS 0x0000000086e00000, 0x0000000086e00000| Untracked 
| 110|0x0000000086e00000, 0x0000000086f00000, 0x0000000086f00000|100%| O|  |TAMS 0x0000000086f00000, 0x0000000086f00000| Untracked 
| 111|0x0000000086f00000, 0x0000000087000000, 0x0000000087000000|100%| O|  |TAMS 0x0000000087000000, 0x0000000087000000| Untracked 
| 112|0x0000000087000000, 0x0000000087100000, 0x0000000087100000|100%| O|  |TAMS 0x0000000087100000, 0x0000000087100000| Untracked 
| 113|0x0000000087100000, 0x0000000087200000, 0x0000000087200000|100%| O|  |TAMS 0x0000000087100000, 0x0000000087200000| Untracked 
| 114|0x0000000087200000, 0x0000000087300000, 0x0000000087300000|100%| O|  |TAMS 0x0000000087300000, 0x0000000087300000| Untracked 
| 115|0x0000000087300000, 0x0000000087400000, 0x0000000087400000|100%| O|  |TAMS 0x0000000087400000, 0x0000000087400000| Untracked 
| 116|0x0000000087400000, 0x0000000087500000, 0x0000000087500000|100%| O|  |TAMS 0x0000000087400000, 0x0000000087500000| Untracked 
| 117|0x0000000087500000, 0x0000000087600000, 0x0000000087600000|100%| O|  |TAMS 0x000000008759de00, 0x0000000087600000| Untracked 
| 118|0x0000000087600000, 0x0000000087700000, 0x0000000087700000|100%| O|  |TAMS 0x0000000087700000, 0x0000000087700000| Untracked 
| 119|0x0000000087700000, 0x0000000087800000, 0x0000000087800000|100%| O|  |TAMS 0x0000000087700000, 0x0000000087800000| Untracked 
| 120|0x0000000087800000, 0x0000000087900000, 0x0000000087900000|100%| O|  |TAMS 0x0000000087800000, 0x0000000087900000| Untracked 
| 121|0x0000000087900000, 0x0000000087a00000, 0x0000000087a00000|100%| O|  |TAMS 0x0000000087a00000, 0x0000000087a00000| Untracked 
| 122|0x0000000087a00000, 0x0000000087b00000, 0x0000000087b00000|100%| O|  |TAMS 0x0000000087a00000, 0x0000000087b00000| Untracked 
| 123|0x0000000087b00000, 0x0000000087c00000, 0x0000000087c00000|100%| O|  |TAMS 0x0000000087b00000, 0x0000000087c00000| Untracked 
| 124|0x0000000087c00000, 0x0000000087d00000, 0x0000000087d00000|100%| O|  |TAMS 0x0000000087d00000, 0x0000000087d00000| Untracked 
| 125|0x0000000087d00000, 0x0000000087e00000, 0x0000000087e00000|100%| O|  |TAMS 0x0000000087e00000, 0x0000000087e00000| Untracked 
| 126|0x0000000087e00000, 0x0000000087f00000, 0x0000000087f00000|100%| O|  |TAMS 0x0000000087e00000, 0x0000000087f00000| Untracked 
| 127|0x0000000087f00000, 0x0000000088000000, 0x0000000088000000|100%| O|  |TAMS 0x0000000087f00000, 0x0000000088000000| Untracked 
| 128|0x0000000088000000, 0x0000000088100000, 0x0000000088100000|100%| O|  |TAMS 0x0000000088000000, 0x0000000088100000| Untracked 
| 129|0x0000000088100000, 0x0000000088200000, 0x0000000088200000|100%| O|  |TAMS 0x0000000088100000, 0x0000000088200000| Untracked 
| 130|0x0000000088200000, 0x0000000088300000, 0x0000000088300000|100%| O|  |TAMS 0x0000000088200000, 0x0000000088300000| Untracked 
| 131|0x0000000088300000, 0x0000000088400000, 0x0000000088400000|100%| O|  |TAMS 0x0000000088300000, 0x0000000088400000| Untracked 
| 132|0x0000000088400000, 0x0000000088500000, 0x0000000088500000|100%| O|  |TAMS 0x0000000088400000, 0x0000000088500000| Untracked 
| 133|0x0000000088500000, 0x0000000088600000, 0x0000000088600000|100%| O|  |TAMS 0x0000000088500000, 0x0000000088600000| Untracked 
| 134|0x0000000088600000, 0x0000000088700000, 0x0000000088700000|100%| O|  |TAMS 0x0000000088700000, 0x0000000088700000| Untracked 
| 135|0x0000000088700000, 0x0000000088800000, 0x0000000088800000|100%| O|  |TAMS 0x0000000088800000, 0x0000000088800000| Untracked 
| 136|0x0000000088800000, 0x0000000088900000, 0x0000000088900000|100%|HS|  |TAMS 0x0000000088900000, 0x0000000088900000| Complete 
| 137|0x0000000088900000, 0x0000000088a00000, 0x0000000088a00000|100%|HC|  |TAMS 0x0000000088a00000, 0x0000000088a00000| Complete 
| 138|0x0000000088a00000, 0x0000000088b00000, 0x0000000088b00000|100%|HC|  |TAMS 0x0000000088b00000, 0x0000000088b00000| Complete 
| 139|0x0000000088b00000, 0x0000000088c00000, 0x0000000088c00000|100%|HS|  |TAMS 0x0000000088c00000, 0x0000000088c00000| Complete 
| 140|0x0000000088c00000, 0x0000000088d00000, 0x0000000088d00000|100%|HC|  |TAMS 0x0000000088d00000, 0x0000000088d00000| Complete 
| 141|0x0000000088d00000, 0x0000000088e00000, 0x0000000088e00000|100%|HC|  |TAMS 0x0000000088e00000, 0x0000000088e00000| Complete 
| 142|0x0000000088e00000, 0x0000000088f00000, 0x0000000088f00000|100%|HC|  |TAMS 0x0000000088f00000, 0x0000000088f00000| Complete 
| 143|0x0000000088f00000, 0x0000000089000000, 0x0000000089000000|100%|HC|  |TAMS 0x0000000089000000, 0x0000000089000000| Complete 
| 144|0x0000000089000000, 0x0000000089100000, 0x0000000089100000|100%| O|  |TAMS 0x0000000089100000, 0x0000000089100000| Untracked 
| 145|0x0000000089100000, 0x0000000089200000, 0x0000000089200000|100%| O|  |TAMS 0x0000000089200000, 0x0000000089200000| Untracked 
| 146|0x0000000089200000, 0x0000000089300000, 0x0000000089300000|100%| O|  |TAMS 0x0000000089300000, 0x0000000089300000| Untracked 
| 147|0x0000000089300000, 0x0000000089400000, 0x0000000089400000|100%| O|  |TAMS 0x0000000089400000, 0x0000000089400000| Untracked 
| 148|0x0000000089400000, 0x0000000089500000, 0x0000000089500000|100%| O|  |TAMS 0x0000000089400000, 0x0000000089500000| Untracked 
| 149|0x0000000089500000, 0x0000000089600000, 0x0000000089600000|100%| O|  |TAMS 0x0000000089600000, 0x0000000089600000| Untracked 
| 150|0x0000000089600000, 0x0000000089700000, 0x0000000089700000|100%| O|  |TAMS 0x0000000089700000, 0x0000000089700000| Untracked 
| 151|0x0000000089700000, 0x0000000089800000, 0x0000000089800000|100%|HS|  |TAMS 0x0000000089800000, 0x0000000089800000| Complete 
| 152|0x0000000089800000, 0x0000000089900000, 0x0000000089900000|100%|HC|  |TAMS 0x0000000089900000, 0x0000000089900000| Complete 
| 153|0x0000000089900000, 0x0000000089a00000, 0x0000000089a00000|100%|HC|  |TAMS 0x0000000089a00000, 0x0000000089a00000| Complete 
| 154|0x0000000089a00000, 0x0000000089b00000, 0x0000000089b00000|100%|HS|  |TAMS 0x0000000089b00000, 0x0000000089b00000| Complete 
| 155|0x0000000089b00000, 0x0000000089c00000, 0x0000000089c00000|100%|HC|  |TAMS 0x0000000089c00000, 0x0000000089c00000| Complete 
| 156|0x0000000089c00000, 0x0000000089d00000, 0x0000000089d00000|100%|HC|  |TAMS 0x0000000089d00000, 0x0000000089d00000| Complete 
| 157|0x0000000089d00000, 0x0000000089e00000, 0x0000000089e00000|100%|HC|  |TAMS 0x0000000089e00000, 0x0000000089e00000| Complete 
| 158|0x0000000089e00000, 0x0000000089f00000, 0x0000000089f00000|100%|HC|  |TAMS 0x0000000089f00000, 0x0000000089f00000| Complete 
| 159|0x0000000089f00000, 0x000000008a000000, 0x000000008a000000|100%| O|  |TAMS 0x0000000089f00000, 0x000000008a000000| Untracked 
| 160|0x000000008a000000, 0x000000008a100000, 0x000000008a100000|100%| O|  |TAMS 0x000000008a000000, 0x000000008a100000| Untracked 
| 161|0x000000008a100000, 0x000000008a200000, 0x000000008a200000|100%| O|  |TAMS 0x000000008a200000, 0x000000008a200000| Untracked 
| 162|0x000000008a200000, 0x000000008a300000, 0x000000008a300000|100%| O|  |TAMS 0x000000008a300000, 0x000000008a300000| Untracked 
| 163|0x000000008a300000, 0x000000008a400000, 0x000000008a400000|100%| O|  |TAMS 0x000000008a300000, 0x000000008a400000| Untracked 
| 164|0x000000008a400000, 0x000000008a500000, 0x000000008a500000|100%| O|  |TAMS 0x000000008a400000, 0x000000008a500000| Untracked 
| 165|0x000000008a500000, 0x000000008a600000, 0x000000008a600000|100%| O|  |TAMS 0x000000008a600000, 0x000000008a600000| Untracked 
| 166|0x000000008a600000, 0x000000008a700000, 0x000000008a700000|100%| O|  |TAMS 0x000000008a700000, 0x000000008a700000| Untracked 
| 167|0x000000008a700000, 0x000000008a800000, 0x000000008a800000|100%| O|  |TAMS 0x000000008a800000, 0x000000008a800000| Untracked 
| 168|0x000000008a800000, 0x000000008a900000, 0x000000008a900000|100%| O|  |TAMS 0x000000008a800000, 0x000000008a900000| Untracked 
| 169|0x000000008a900000, 0x000000008aa00000, 0x000000008aa00000|100%| O|  |TAMS 0x000000008aa00000, 0x000000008aa00000| Untracked 
| 170|0x000000008aa00000, 0x000000008ab00000, 0x000000008ab00000|100%| O|  |TAMS 0x000000008aa00000, 0x000000008ab00000| Untracked 
| 171|0x000000008ab00000, 0x000000008ac00000, 0x000000008ac00000|100%| O|  |TAMS 0x000000008ab00000, 0x000000008ac00000| Untracked 
| 172|0x000000008ac00000, 0x000000008ad00000, 0x000000008ad00000|100%| O|  |TAMS 0x000000008ac00000, 0x000000008ad00000| Untracked 
| 173|0x000000008ad00000, 0x000000008adf3800, 0x000000008ae00000| 95%| O|  |TAMS 0x000000008ad00000, 0x000000008adf3800| Untracked 
| 174|0x000000008ae00000, 0x000000008af00000, 0x000000008af00000|100%| O|  |TAMS 0x000000008af00000, 0x000000008af00000| Untracked 
| 175|0x000000008af00000, 0x000000008af00000, 0x000000008b000000|  0%| F|  |TAMS 0x000000008af00000, 0x000000008af00000| Untracked 
| 176|0x000000008b000000, 0x000000008b100000, 0x000000008b100000|100%| O|  |TAMS 0x000000008b100000, 0x000000008b100000| Untracked 
| 177|0x000000008b100000, 0x000000008b100000, 0x000000008b200000|  0%| F|  |TAMS 0x000000008b100000, 0x000000008b100000| Untracked 
| 178|0x000000008b200000, 0x000000008b300000, 0x000000008b300000|100%| O|  |TAMS 0x000000008b300000, 0x000000008b300000| Untracked 
| 179|0x000000008b300000, 0x000000008b400000, 0x000000008b400000|100%| O|  |TAMS 0x000000008b400000, 0x000000008b400000| Untracked 
| 180|0x000000008b400000, 0x000000008b500000, 0x000000008b500000|100%| O|  |TAMS 0x000000008b500000, 0x000000008b500000| Untracked 
| 181|0x000000008b500000, 0x000000008b500000, 0x000000008b600000|  0%| F|  |TAMS 0x000000008b500000, 0x000000008b500000| Untracked 
| 182|0x000000008b600000, 0x000000008b600000, 0x000000008b700000|  0%| F|  |TAMS 0x000000008b600000, 0x000000008b600000| Untracked 
| 183|0x000000008b700000, 0x000000008b700000, 0x000000008b800000|  0%| F|  |TAMS 0x000000008b700000, 0x000000008b700000| Untracked 
| 184|0x000000008b800000, 0x000000008b800000, 0x000000008b900000|  0%| F|  |TAMS 0x000000008b800000, 0x000000008b800000| Untracked 
| 185|0x000000008b900000, 0x000000008b900000, 0x000000008ba00000|  0%| F|  |TAMS 0x000000008b900000, 0x000000008b900000| Untracked 
| 186|0x000000008ba00000, 0x000000008bb00000, 0x000000008bb00000|100%| O|  |TAMS 0x000000008bb00000, 0x000000008bb00000| Untracked 
| 187|0x000000008bb00000, 0x000000008bb00000, 0x000000008bc00000|  0%| F|  |TAMS 0x000000008bb00000, 0x000000008bb00000| Untracked 
| 188|0x000000008bc00000, 0x000000008bc00000, 0x000000008bd00000|  0%| F|  |TAMS 0x000000008bc00000, 0x000000008bc00000| Untracked 
| 189|0x000000008bd00000, 0x000000008bd00000, 0x000000008be00000|  0%| F|  |TAMS 0x000000008bd00000, 0x000000008bd00000| Untracked 
| 190|0x000000008be00000, 0x000000008be00000, 0x000000008bf00000|  0%| F|  |TAMS 0x000000008be00000, 0x000000008be00000| Untracked 
| 191|0x000000008bf00000, 0x000000008bf00000, 0x000000008c000000|  0%| F|  |TAMS 0x000000008bf00000, 0x000000008bf00000| Untracked 
| 192|0x000000008c000000, 0x000000008c000000, 0x000000008c100000|  0%| F|  |TAMS 0x000000008c000000, 0x000000008c000000| Untracked 
| 193|0x000000008c100000, 0x000000008c100000, 0x000000008c200000|  0%| F|  |TAMS 0x000000008c100000, 0x000000008c100000| Untracked 
| 194|0x000000008c200000, 0x000000008c200000, 0x000000008c300000|  0%| F|  |TAMS 0x000000008c200000, 0x000000008c200000| Untracked 
| 195|0x000000008c300000, 0x000000008c300000, 0x000000008c400000|  0%| F|  |TAMS 0x000000008c300000, 0x000000008c300000| Untracked 
| 196|0x000000008c400000, 0x000000008c400000, 0x000000008c500000|  0%| F|  |TAMS 0x000000008c400000, 0x000000008c400000| Untracked 
| 197|0x000000008c500000, 0x000000008c500000, 0x000000008c600000|  0%| F|  |TAMS 0x000000008c500000, 0x000000008c500000| Untracked 
| 198|0x000000008c600000, 0x000000008c600000, 0x000000008c700000|  0%| F|  |TAMS 0x000000008c600000, 0x000000008c600000| Untracked 
| 199|0x000000008c700000, 0x000000008c700000, 0x000000008c800000|  0%| F|  |TAMS 0x000000008c700000, 0x000000008c700000| Untracked 
| 200|0x000000008c800000, 0x000000008c800000, 0x000000008c900000|  0%| F|  |TAMS 0x000000008c800000, 0x000000008c800000| Untracked 
| 201|0x000000008c900000, 0x000000008c900000, 0x000000008ca00000|  0%| F|  |TAMS 0x000000008c900000, 0x000000008c900000| Untracked 
| 202|0x000000008ca00000, 0x000000008ca00000, 0x000000008cb00000|  0%| F|  |TAMS 0x000000008ca00000, 0x000000008ca00000| Untracked 
| 203|0x000000008cb00000, 0x000000008cb00000, 0x000000008cc00000|  0%| F|  |TAMS 0x000000008cb00000, 0x000000008cb00000| Untracked 
| 204|0x000000008cc00000, 0x000000008cc00000, 0x000000008cd00000|  0%| F|  |TAMS 0x000000008cc00000, 0x000000008cc00000| Untracked 
| 205|0x000000008cd00000, 0x000000008cd00000, 0x000000008ce00000|  0%| F|  |TAMS 0x000000008cd00000, 0x000000008cd00000| Untracked 
| 206|0x000000008ce00000, 0x000000008cf00000, 0x000000008cf00000|100%| S|CS|TAMS 0x000000008ce00000, 0x000000008ce00000| Complete 
| 207|0x000000008cf00000, 0x000000008d000000, 0x000000008d000000|100%| S|CS|TAMS 0x000000008cf00000, 0x000000008cf00000| Complete 
| 208|0x000000008d000000, 0x000000008d100000, 0x000000008d100000|100%| S|CS|TAMS 0x000000008d000000, 0x000000008d000000| Complete 
| 209|0x000000008d100000, 0x000000008d200000, 0x000000008d200000|100%| S|CS|TAMS 0x000000008d100000, 0x000000008d100000| Complete 
| 210|0x000000008d200000, 0x000000008d300000, 0x000000008d300000|100%| S|CS|TAMS 0x000000008d200000, 0x000000008d200000| Complete 
| 211|0x000000008d300000, 0x000000008d400000, 0x000000008d400000|100%| S|CS|TAMS 0x000000008d300000, 0x000000008d300000| Complete 
| 212|0x000000008d400000, 0x000000008d500000, 0x000000008d500000|100%| S|CS|TAMS 0x000000008d400000, 0x000000008d400000| Complete 
| 213|0x000000008d500000, 0x000000008d600000, 0x000000008d600000|100%| S|CS|TAMS 0x000000008d500000, 0x000000008d500000| Complete 
| 214|0x000000008d600000, 0x000000008d700000, 0x000000008d700000|100%| S|CS|TAMS 0x000000008d600000, 0x000000008d600000| Complete 
| 215|0x000000008d700000, 0x000000008d800000, 0x000000008d800000|100%| S|CS|TAMS 0x000000008d700000, 0x000000008d700000| Complete 
| 216|0x000000008d800000, 0x000000008d900000, 0x000000008d900000|100%| S|CS|TAMS 0x000000008d800000, 0x000000008d800000| Complete 
| 217|0x000000008d900000, 0x000000008da00000, 0x000000008da00000|100%| S|CS|TAMS 0x000000008d900000, 0x000000008d900000| Complete 
| 218|0x000000008da00000, 0x000000008db00000, 0x000000008db00000|100%| S|CS|TAMS 0x000000008da00000, 0x000000008da00000| Complete 
| 219|0x000000008db00000, 0x000000008dc00000, 0x000000008dc00000|100%| S|CS|TAMS 0x000000008db00000, 0x000000008db00000| Complete 
| 220|0x000000008dc00000, 0x000000008dd00000, 0x000000008dd00000|100%| S|CS|TAMS 0x000000008dc00000, 0x000000008dc00000| Complete 
| 221|0x000000008dd00000, 0x000000008de00000, 0x000000008de00000|100%| S|CS|TAMS 0x000000008dd00000, 0x000000008dd00000| Complete 
| 222|0x000000008de00000, 0x000000008df00000, 0x000000008df00000|100%| S|CS|TAMS 0x000000008de00000, 0x000000008de00000| Complete 
| 223|0x000000008df00000, 0x000000008e000000, 0x000000008e000000|100%| S|CS|TAMS 0x000000008df00000, 0x000000008df00000| Complete 
| 224|0x000000008e000000, 0x000000008e100000, 0x000000008e100000|100%| S|CS|TAMS 0x000000008e000000, 0x000000008e000000| Complete 
| 225|0x000000008e100000, 0x000000008e100000, 0x000000008e200000|  0%| F|  |TAMS 0x000000008e100000, 0x000000008e100000| Untracked 
| 226|0x000000008e200000, 0x000000008e200000, 0x000000008e300000|  0%| F|  |TAMS 0x000000008e200000, 0x000000008e200000| Untracked 
| 227|0x000000008e300000, 0x000000008e300000, 0x000000008e400000|  0%| F|  |TAMS 0x000000008e300000, 0x000000008e300000| Untracked 
| 228|0x000000008e400000, 0x000000008e400000, 0x000000008e500000|  0%| F|  |TAMS 0x000000008e400000, 0x000000008e400000| Untracked 
| 229|0x000000008e500000, 0x000000008e500000, 0x000000008e600000|  0%| F|  |TAMS 0x000000008e500000, 0x000000008e500000| Untracked 
| 230|0x000000008e600000, 0x000000008e600000, 0x000000008e700000|  0%| F|  |TAMS 0x000000008e600000, 0x000000008e600000| Untracked 
| 231|0x000000008e700000, 0x000000008e700000, 0x000000008e800000|  0%| F|  |TAMS 0x000000008e700000, 0x000000008e700000| Untracked 
| 232|0x000000008e800000, 0x000000008e800000, 0x000000008e900000|  0%| F|  |TAMS 0x000000008e800000, 0x000000008e800000| Untracked 
| 233|0x000000008e900000, 0x000000008e900000, 0x000000008ea00000|  0%| F|  |TAMS 0x000000008e900000, 0x000000008e900000| Untracked 
| 234|0x000000008ea00000, 0x000000008ea00000, 0x000000008eb00000|  0%| F|  |TAMS 0x000000008ea00000, 0x000000008ea00000| Untracked 
| 235|0x000000008eb00000, 0x000000008eb00000, 0x000000008ec00000|  0%| F|  |TAMS 0x000000008eb00000, 0x000000008eb00000| Untracked 
| 236|0x000000008ec00000, 0x000000008ec00000, 0x000000008ed00000|  0%| F|  |TAMS 0x000000008ec00000, 0x000000008ec00000| Untracked 
| 237|0x000000008ed00000, 0x000000008ed00000, 0x000000008ee00000|  0%| F|  |TAMS 0x000000008ed00000, 0x000000008ed00000| Untracked 
| 238|0x000000008ee00000, 0x000000008ee00000, 0x000000008ef00000|  0%| F|  |TAMS 0x000000008ee00000, 0x000000008ee00000| Untracked 
| 239|0x000000008ef00000, 0x000000008ef00000, 0x000000008f000000|  0%| F|  |TAMS 0x000000008ef00000, 0x000000008ef00000| Untracked 
| 240|0x000000008f000000, 0x000000008f000000, 0x000000008f100000|  0%| F|  |TAMS 0x000000008f000000, 0x000000008f000000| Untracked 
| 241|0x000000008f100000, 0x000000008f100000, 0x000000008f200000|  0%| F|  |TAMS 0x000000008f100000, 0x000000008f100000| Untracked 
| 242|0x000000008f200000, 0x000000008f200000, 0x000000008f300000|  0%| F|  |TAMS 0x000000008f200000, 0x000000008f200000| Untracked 
| 243|0x000000008f300000, 0x000000008f300000, 0x000000008f400000|  0%| F|  |TAMS 0x000000008f300000, 0x000000008f300000| Untracked 
| 244|0x000000008f400000, 0x000000008f400000, 0x000000008f500000|  0%| F|  |TAMS 0x000000008f400000, 0x000000008f400000| Untracked 
| 245|0x000000008f500000, 0x000000008f500000, 0x000000008f600000|  0%| F|  |TAMS 0x000000008f500000, 0x000000008f500000| Untracked 
| 246|0x000000008f600000, 0x000000008f600000, 0x000000008f700000|  0%| F|  |TAMS 0x000000008f600000, 0x000000008f600000| Untracked 
| 247|0x000000008f700000, 0x000000008f700000, 0x000000008f800000|  0%| F|  |TAMS 0x000000008f700000, 0x000000008f700000| Untracked 
| 248|0x000000008f800000, 0x000000008f800000, 0x000000008f900000|  0%| F|  |TAMS 0x000000008f800000, 0x000000008f800000| Untracked 
| 249|0x000000008f900000, 0x000000008f900000, 0x000000008fa00000|  0%| F|  |TAMS 0x000000008f900000, 0x000000008f900000| Untracked 
| 250|0x000000008fa00000, 0x000000008fa00000, 0x000000008fb00000|  0%| F|  |TAMS 0x000000008fa00000, 0x000000008fa00000| Untracked 
| 251|0x000000008fb00000, 0x000000008fb00000, 0x000000008fc00000|  0%| F|  |TAMS 0x000000008fb00000, 0x000000008fb00000| Untracked 
| 252|0x000000008fc00000, 0x000000008fc00000, 0x000000008fd00000|  0%| F|  |TAMS 0x000000008fc00000, 0x000000008fc00000| Untracked 
| 253|0x000000008fd00000, 0x000000008fd00000, 0x000000008fe00000|  0%| F|  |TAMS 0x000000008fd00000, 0x000000008fd00000| Untracked 
| 254|0x000000008fe00000, 0x000000008fe00000, 0x000000008ff00000|  0%| F|  |TAMS 0x000000008fe00000, 0x000000008fe00000| Untracked 
| 255|0x000000008ff00000, 0x000000008ff00000, 0x0000000090000000|  0%| F|  |TAMS 0x000000008ff00000, 0x000000008ff00000| Untracked 
| 256|0x0000000090000000, 0x0000000090000000, 0x0000000090100000|  0%| F|  |TAMS 0x0000000090000000, 0x0000000090000000| Untracked 
| 257|0x0000000090100000, 0x0000000090100000, 0x0000000090200000|  0%| F|  |TAMS 0x0000000090100000, 0x0000000090100000| Untracked 
| 258|0x0000000090200000, 0x0000000090200000, 0x0000000090300000|  0%| F|  |TAMS 0x0000000090200000, 0x0000000090200000| Untracked 
| 259|0x0000000090300000, 0x0000000090300000, 0x0000000090400000|  0%| F|  |TAMS 0x0000000090300000, 0x0000000090300000| Untracked 
| 260|0x0000000090400000, 0x0000000090400000, 0x0000000090500000|  0%| F|  |TAMS 0x0000000090400000, 0x0000000090400000| Untracked 
| 261|0x0000000090500000, 0x0000000090500000, 0x0000000090600000|  0%| F|  |TAMS 0x0000000090500000, 0x0000000090500000| Untracked 
| 262|0x0000000090600000, 0x0000000090600000, 0x0000000090700000|  0%| F|  |TAMS 0x0000000090600000, 0x0000000090600000| Untracked 
| 263|0x0000000090700000, 0x0000000090700000, 0x0000000090800000|  0%| F|  |TAMS 0x0000000090700000, 0x0000000090700000| Untracked 
| 264|0x0000000090800000, 0x0000000090800000, 0x0000000090900000|  0%| F|  |TAMS 0x0000000090800000, 0x0000000090800000| Untracked 
| 265|0x0000000090900000, 0x0000000090900000, 0x0000000090a00000|  0%| F|  |TAMS 0x0000000090900000, 0x0000000090900000| Untracked 
| 266|0x0000000090a00000, 0x0000000090a00000, 0x0000000090b00000|  0%| F|  |TAMS 0x0000000090a00000, 0x0000000090a00000| Untracked 
| 267|0x0000000090b00000, 0x0000000090b00000, 0x0000000090c00000|  0%| F|  |TAMS 0x0000000090b00000, 0x0000000090b00000| Untracked 
| 268|0x0000000090c00000, 0x0000000090c00000, 0x0000000090d00000|  0%| F|  |TAMS 0x0000000090c00000, 0x0000000090c00000| Untracked 
| 269|0x0000000090d00000, 0x0000000090d00000, 0x0000000090e00000|  0%| F|  |TAMS 0x0000000090d00000, 0x0000000090d00000| Untracked 
| 270|0x0000000090e00000, 0x0000000090e00000, 0x0000000090f00000|  0%| F|  |TAMS 0x0000000090e00000, 0x0000000090e00000| Untracked 
| 271|0x0000000090f00000, 0x0000000090f00000, 0x0000000091000000|  0%| F|  |TAMS 0x0000000090f00000, 0x0000000090f00000| Untracked 
| 272|0x0000000091000000, 0x0000000091000000, 0x0000000091100000|  0%| F|  |TAMS 0x0000000091000000, 0x0000000091000000| Untracked 
| 273|0x0000000091100000, 0x0000000091100000, 0x0000000091200000|  0%| F|  |TAMS 0x0000000091100000, 0x0000000091100000| Untracked 
| 274|0x0000000091200000, 0x0000000091200000, 0x0000000091300000|  0%| F|  |TAMS 0x0000000091200000, 0x0000000091200000| Untracked 
| 275|0x0000000091300000, 0x0000000091300000, 0x0000000091400000|  0%| F|  |TAMS 0x0000000091300000, 0x0000000091300000| Untracked 
| 276|0x0000000091400000, 0x0000000091400000, 0x0000000091500000|  0%| F|  |TAMS 0x0000000091400000, 0x0000000091400000| Untracked 
| 277|0x0000000091500000, 0x0000000091500000, 0x0000000091600000|  0%| F|  |TAMS 0x0000000091500000, 0x0000000091500000| Untracked 
| 278|0x0000000091600000, 0x0000000091600000, 0x0000000091700000|  0%| F|  |TAMS 0x0000000091600000, 0x0000000091600000| Untracked 
| 279|0x0000000091700000, 0x0000000091700000, 0x0000000091800000|  0%| F|  |TAMS 0x0000000091700000, 0x0000000091700000| Untracked 
| 280|0x0000000091800000, 0x0000000091800000, 0x0000000091900000|  0%| F|  |TAMS 0x0000000091800000, 0x0000000091800000| Untracked 
| 281|0x0000000091900000, 0x0000000091900000, 0x0000000091a00000|  0%| F|  |TAMS 0x0000000091900000, 0x0000000091900000| Untracked 
| 282|0x0000000091a00000, 0x0000000091a00000, 0x0000000091b00000|  0%| F|  |TAMS 0x0000000091a00000, 0x0000000091a00000| Untracked 
| 283|0x0000000091b00000, 0x0000000091b00000, 0x0000000091c00000|  0%| F|  |TAMS 0x0000000091b00000, 0x0000000091b00000| Untracked 
| 284|0x0000000091c00000, 0x0000000091c00000, 0x0000000091d00000|  0%| F|  |TAMS 0x0000000091c00000, 0x0000000091c00000| Untracked 
| 285|0x0000000091d00000, 0x0000000091d00000, 0x0000000091e00000|  0%| F|  |TAMS 0x0000000091d00000, 0x0000000091d00000| Untracked 
| 286|0x0000000091e00000, 0x0000000091e00000, 0x0000000091f00000|  0%| F|  |TAMS 0x0000000091e00000, 0x0000000091e00000| Untracked 
| 287|0x0000000091f00000, 0x0000000091f00000, 0x0000000092000000|  0%| F|  |TAMS 0x0000000091f00000, 0x0000000091f00000| Untracked 
| 288|0x0000000092000000, 0x0000000092000000, 0x0000000092100000|  0%| F|  |TAMS 0x0000000092000000, 0x0000000092000000| Untracked 
| 289|0x0000000092100000, 0x0000000092100000, 0x0000000092200000|  0%| F|  |TAMS 0x0000000092100000, 0x0000000092100000| Untracked 
| 290|0x0000000092200000, 0x0000000092200000, 0x0000000092300000|  0%| F|  |TAMS 0x0000000092200000, 0x0000000092200000| Untracked 
| 291|0x0000000092300000, 0x0000000092300000, 0x0000000092400000|  0%| F|  |TAMS 0x0000000092300000, 0x0000000092300000| Untracked 
| 292|0x0000000092400000, 0x0000000092400000, 0x0000000092500000|  0%| F|  |TAMS 0x0000000092400000, 0x0000000092400000| Untracked 
| 293|0x0000000092500000, 0x0000000092500000, 0x0000000092600000|  0%| F|  |TAMS 0x0000000092500000, 0x0000000092500000| Untracked 
| 294|0x0000000092600000, 0x0000000092600000, 0x0000000092700000|  0%| F|  |TAMS 0x0000000092600000, 0x0000000092600000| Untracked 
| 295|0x0000000092700000, 0x0000000092700000, 0x0000000092800000|  0%| F|  |TAMS 0x0000000092700000, 0x0000000092700000| Untracked 
| 296|0x0000000092800000, 0x0000000092800000, 0x0000000092900000|  0%| F|  |TAMS 0x0000000092800000, 0x0000000092800000| Untracked 
| 297|0x0000000092900000, 0x0000000092900000, 0x0000000092a00000|  0%| F|  |TAMS 0x0000000092900000, 0x0000000092900000| Untracked 
| 298|0x0000000092a00000, 0x0000000092a00000, 0x0000000092b00000|  0%| F|  |TAMS 0x0000000092a00000, 0x0000000092a00000| Untracked 
| 299|0x0000000092b00000, 0x0000000092b00000, 0x0000000092c00000|  0%| F|  |TAMS 0x0000000092b00000, 0x0000000092b00000| Untracked 
| 300|0x0000000092c00000, 0x0000000092c00000, 0x0000000092d00000|  0%| F|  |TAMS 0x0000000092c00000, 0x0000000092c00000| Untracked 
| 301|0x0000000092d00000, 0x0000000092d00000, 0x0000000092e00000|  0%| F|  |TAMS 0x0000000092d00000, 0x0000000092d00000| Untracked 
| 302|0x0000000092e00000, 0x0000000092e00000, 0x0000000092f00000|  0%| F|  |TAMS 0x0000000092e00000, 0x0000000092e00000| Untracked 
| 303|0x0000000092f00000, 0x0000000092f00000, 0x0000000093000000|  0%| F|  |TAMS 0x0000000092f00000, 0x0000000092f00000| Untracked 
| 304|0x0000000093000000, 0x0000000093000000, 0x0000000093100000|  0%| F|  |TAMS 0x0000000093000000, 0x0000000093000000| Untracked 
| 305|0x0000000093100000, 0x0000000093100000, 0x0000000093200000|  0%| F|  |TAMS 0x0000000093100000, 0x0000000093100000| Untracked 
| 306|0x0000000093200000, 0x0000000093200000, 0x0000000093300000|  0%| F|  |TAMS 0x0000000093200000, 0x0000000093200000| Untracked 
| 307|0x0000000093300000, 0x0000000093300000, 0x0000000093400000|  0%| F|  |TAMS 0x0000000093300000, 0x0000000093300000| Untracked 
| 308|0x0000000093400000, 0x0000000093400000, 0x0000000093500000|  0%| F|  |TAMS 0x0000000093400000, 0x0000000093400000| Untracked 
| 309|0x0000000093500000, 0x0000000093500000, 0x0000000093600000|  0%| F|  |TAMS 0x0000000093500000, 0x0000000093500000| Untracked 
| 310|0x0000000093600000, 0x0000000093600000, 0x0000000093700000|  0%| F|  |TAMS 0x0000000093600000, 0x0000000093600000| Untracked 
| 311|0x0000000093700000, 0x0000000093700000, 0x0000000093800000|  0%| F|  |TAMS 0x0000000093700000, 0x0000000093700000| Untracked 
| 312|0x0000000093800000, 0x0000000093800000, 0x0000000093900000|  0%| F|  |TAMS 0x0000000093800000, 0x0000000093800000| Untracked 
| 313|0x0000000093900000, 0x0000000093900000, 0x0000000093a00000|  0%| F|  |TAMS 0x0000000093900000, 0x0000000093900000| Untracked 
| 314|0x0000000093a00000, 0x0000000093a00000, 0x0000000093b00000|  0%| F|  |TAMS 0x0000000093a00000, 0x0000000093a00000| Untracked 
| 315|0x0000000093b00000, 0x0000000093b00000, 0x0000000093c00000|  0%| F|  |TAMS 0x0000000093b00000, 0x0000000093b00000| Untracked 
| 316|0x0000000093c00000, 0x0000000093c00000, 0x0000000093d00000|  0%| F|  |TAMS 0x0000000093c00000, 0x0000000093c00000| Untracked 
| 317|0x0000000093d00000, 0x0000000093d00000, 0x0000000093e00000|  0%| F|  |TAMS 0x0000000093d00000, 0x0000000093d00000| Untracked 
| 318|0x0000000093e00000, 0x0000000093e00000, 0x0000000093f00000|  0%| F|  |TAMS 0x0000000093e00000, 0x0000000093e00000| Untracked 
| 319|0x0000000093f00000, 0x0000000093f00000, 0x0000000094000000|  0%| F|  |TAMS 0x0000000093f00000, 0x0000000093f00000| Untracked 
| 320|0x0000000094000000, 0x0000000094000000, 0x0000000094100000|  0%| F|  |TAMS 0x0000000094000000, 0x0000000094000000| Untracked 
| 321|0x0000000094100000, 0x0000000094100000, 0x0000000094200000|  0%| F|  |TAMS 0x0000000094100000, 0x0000000094100000| Untracked 
| 322|0x0000000094200000, 0x0000000094200000, 0x0000000094300000|  0%| F|  |TAMS 0x0000000094200000, 0x0000000094200000| Untracked 
| 323|0x0000000094300000, 0x0000000094300000, 0x0000000094400000|  0%| F|  |TAMS 0x0000000094300000, 0x0000000094300000| Untracked 
| 324|0x0000000094400000, 0x0000000094400000, 0x0000000094500000|  0%| F|  |TAMS 0x0000000094400000, 0x0000000094400000| Untracked 
| 325|0x0000000094500000, 0x0000000094500000, 0x0000000094600000|  0%| F|  |TAMS 0x0000000094500000, 0x0000000094500000| Untracked 
| 326|0x0000000094600000, 0x0000000094600000, 0x0000000094700000|  0%| F|  |TAMS 0x0000000094600000, 0x0000000094600000| Untracked 
| 327|0x0000000094700000, 0x0000000094700000, 0x0000000094800000|  0%| F|  |TAMS 0x0000000094700000, 0x0000000094700000| Untracked 
| 328|0x0000000094800000, 0x0000000094800000, 0x0000000094900000|  0%| F|  |TAMS 0x0000000094800000, 0x0000000094800000| Untracked 
| 329|0x0000000094900000, 0x0000000094900000, 0x0000000094a00000|  0%| F|  |TAMS 0x0000000094900000, 0x0000000094900000| Untracked 
| 330|0x0000000094a00000, 0x0000000094a00000, 0x0000000094b00000|  0%| F|  |TAMS 0x0000000094a00000, 0x0000000094a00000| Untracked 
| 331|0x0000000094b00000, 0x0000000094b00000, 0x0000000094c00000|  0%| F|  |TAMS 0x0000000094b00000, 0x0000000094b00000| Untracked 
| 332|0x0000000094c00000, 0x0000000094c00000, 0x0000000094d00000|  0%| F|  |TAMS 0x0000000094c00000, 0x0000000094c00000| Untracked 
| 333|0x0000000094d00000, 0x0000000094d00000, 0x0000000094e00000|  0%| F|  |TAMS 0x0000000094d00000, 0x0000000094d00000| Untracked 
| 334|0x0000000094e00000, 0x0000000094e00000, 0x0000000094f00000|  0%| F|  |TAMS 0x0000000094e00000, 0x0000000094e00000| Untracked 
| 335|0x0000000094f00000, 0x0000000094f00000, 0x0000000095000000|  0%| F|  |TAMS 0x0000000094f00000, 0x0000000094f00000| Untracked 
| 336|0x0000000095000000, 0x0000000095000000, 0x0000000095100000|  0%| F|  |TAMS 0x0000000095000000, 0x0000000095000000| Untracked 
| 337|0x0000000095100000, 0x0000000095100000, 0x0000000095200000|  0%| F|  |TAMS 0x0000000095100000, 0x0000000095100000| Untracked 
| 338|0x0000000095200000, 0x0000000095200000, 0x0000000095300000|  0%| F|  |TAMS 0x0000000095200000, 0x0000000095200000| Untracked 
| 339|0x0000000095300000, 0x0000000095300000, 0x0000000095400000|  0%| F|  |TAMS 0x0000000095300000, 0x0000000095300000| Untracked 
| 340|0x0000000095400000, 0x0000000095400000, 0x0000000095500000|  0%| F|  |TAMS 0x0000000095400000, 0x0000000095400000| Untracked 
| 341|0x0000000095500000, 0x0000000095600000, 0x0000000095600000|100%| E|  |TAMS 0x0000000095500000, 0x0000000095500000| Complete 
| 342|0x0000000095600000, 0x0000000095700000, 0x0000000095700000|100%| E|CS|TAMS 0x0000000095600000, 0x0000000095600000| Complete 
| 343|0x0000000095700000, 0x0000000095800000, 0x0000000095800000|100%| E|CS|TAMS 0x0000000095700000, 0x0000000095700000| Complete 
| 344|0x0000000095800000, 0x0000000095900000, 0x0000000095900000|100%| E|CS|TAMS 0x0000000095800000, 0x0000000095800000| Complete 
| 345|0x0000000095900000, 0x0000000095a00000, 0x0000000095a00000|100%| E|CS|TAMS 0x0000000095900000, 0x0000000095900000| Complete 
| 346|0x0000000095a00000, 0x0000000095b00000, 0x0000000095b00000|100%| E|CS|TAMS 0x0000000095a00000, 0x0000000095a00000| Complete 
| 347|0x0000000095b00000, 0x0000000095c00000, 0x0000000095c00000|100%| E|CS|TAMS 0x0000000095b00000, 0x0000000095b00000| Complete 
| 348|0x0000000095c00000, 0x0000000095d00000, 0x0000000095d00000|100%| E|CS|TAMS 0x0000000095c00000, 0x0000000095c00000| Complete 
| 349|0x0000000095d00000, 0x0000000095e00000, 0x0000000095e00000|100%| E|CS|TAMS 0x0000000095d00000, 0x0000000095d00000| Complete 
| 350|0x0000000095e00000, 0x0000000095f00000, 0x0000000095f00000|100%| E|CS|TAMS 0x0000000095e00000, 0x0000000095e00000| Complete 
| 351|0x0000000095f00000, 0x0000000096000000, 0x0000000096000000|100%| E|CS|TAMS 0x0000000095f00000, 0x0000000095f00000| Complete 
| 352|0x0000000096000000, 0x0000000096100000, 0x0000000096100000|100%| E|CS|TAMS 0x0000000096000000, 0x0000000096000000| Complete 
| 353|0x0000000096100000, 0x0000000096200000, 0x0000000096200000|100%| E|CS|TAMS 0x0000000096100000, 0x0000000096100000| Complete 
| 354|0x0000000096200000, 0x0000000096300000, 0x0000000096300000|100%| E|CS|TAMS 0x0000000096200000, 0x0000000096200000| Complete 
| 355|0x0000000096300000, 0x0000000096400000, 0x0000000096400000|100%| E|CS|TAMS 0x0000000096300000, 0x0000000096300000| Complete 
| 356|0x0000000096400000, 0x0000000096500000, 0x0000000096500000|100%| E|CS|TAMS 0x0000000096400000, 0x0000000096400000| Complete 
| 357|0x0000000096500000, 0x0000000096600000, 0x0000000096600000|100%| E|CS|TAMS 0x0000000096500000, 0x0000000096500000| Complete 
| 358|0x0000000096600000, 0x0000000096700000, 0x0000000096700000|100%| E|CS|TAMS 0x0000000096600000, 0x0000000096600000| Complete 
| 359|0x0000000096700000, 0x0000000096800000, 0x0000000096800000|100%| E|CS|TAMS 0x0000000096700000, 0x0000000096700000| Complete 
| 360|0x0000000096800000, 0x0000000096900000, 0x0000000096900000|100%| E|CS|TAMS 0x0000000096800000, 0x0000000096800000| Complete 
| 361|0x0000000096900000, 0x0000000096a00000, 0x0000000096a00000|100%| E|CS|TAMS 0x0000000096900000, 0x0000000096900000| Complete 
| 362|0x0000000096a00000, 0x0000000096b00000, 0x0000000096b00000|100%| E|CS|TAMS 0x0000000096a00000, 0x0000000096a00000| Complete 
| 363|0x0000000096b00000, 0x0000000096c00000, 0x0000000096c00000|100%| E|CS|TAMS 0x0000000096b00000, 0x0000000096b00000| Complete 
| 364|0x0000000096c00000, 0x0000000096d00000, 0x0000000096d00000|100%| E|CS|TAMS 0x0000000096c00000, 0x0000000096c00000| Complete 
| 365|0x0000000096d00000, 0x0000000096e00000, 0x0000000096e00000|100%| E|CS|TAMS 0x0000000096d00000, 0x0000000096d00000| Complete 
| 366|0x0000000096e00000, 0x0000000096f00000, 0x0000000096f00000|100%| E|CS|TAMS 0x0000000096e00000, 0x0000000096e00000| Complete 
| 367|0x0000000096f00000, 0x0000000097000000, 0x0000000097000000|100%| E|CS|TAMS 0x0000000096f00000, 0x0000000096f00000| Complete 
| 368|0x0000000097000000, 0x0000000097100000, 0x0000000097100000|100%| E|CS|TAMS 0x0000000097000000, 0x0000000097000000| Complete 
| 369|0x0000000097100000, 0x0000000097200000, 0x0000000097200000|100%| E|CS|TAMS 0x0000000097100000, 0x0000000097100000| Complete 
| 370|0x0000000097200000, 0x0000000097300000, 0x0000000097300000|100%| E|CS|TAMS 0x0000000097200000, 0x0000000097200000| Complete 
| 371|0x0000000097300000, 0x0000000097400000, 0x0000000097400000|100%| E|CS|TAMS 0x0000000097300000, 0x0000000097300000| Complete 
| 372|0x0000000097400000, 0x0000000097500000, 0x0000000097500000|100%| E|CS|TAMS 0x0000000097400000, 0x0000000097400000| Complete 
| 373|0x0000000097500000, 0x0000000097600000, 0x0000000097600000|100%| E|CS|TAMS 0x0000000097500000, 0x0000000097500000| Complete 

Card table byte_map: [0x00000229a1c50000,0x00000229a2050000] _byte_map_base: 0x00000229a1850000

Marking Bits (Prev, Next): (CMBitMap*) 0x000002298ed9aef8, (CMBitMap*) 0x000002298ed9af30
 Prev Bits: [0x00000229a2450000, 0x00000229a4450000)
 Next Bits: [0x00000229a4450000, 0x00000229a6450000)

Polling page: 0x000002298e540000

Metaspace:

Usage:
  Non-class:    153.86 MB capacity,   149.82 MB ( 97%) used,     3.35 MB (  2%) free+waste,   707.00 KB ( <1%) overhead. 
      Class:     22.74 MB capacity,    20.48 MB ( 90%) used,     1.96 MB (  9%) free+waste,   310.50 KB (  1%) overhead. 
       Both:    176.60 MB capacity,   170.30 MB ( 96%) used,     5.31 MB (  3%) free+waste,  1017.50 KB ( <1%) overhead. 

Virtual space:
  Non-class space:      154.00 MB reserved,     154.00 MB (100%) committed 
      Class space:        1.00 GB reserved,      22.82 MB (  2%) committed 
             Both:        1.15 GB reserved,     176.82 MB ( 15%) committed 

Chunk freelists:
   Non-Class:  16.00 KB
       Class:  6.00 KB
        Both:  22.00 KB

MaxMetaspaceSize: 17179869184.00 GB
CompressedClassSpaceSize: 1.00 GB

CodeHeap 'non-profiled nmethods': size=120064Kb used=33266Kb max_used=33904Kb free=86797Kb
 bounds [0x000002299a310000, 0x000002299c460000, 0x00000229a1850000]
CodeHeap 'profiled nmethods': size=120000Kb used=71092Kb max_used=71092Kb free=48907Kb
 bounds [0x0000022992de0000, 0x0000022997440000, 0x000002299a310000]
CodeHeap 'non-nmethods': size=5696Kb used=2445Kb max_used=2534Kb free=3250Kb
 bounds [0x0000022992850000, 0x0000022992ae0000, 0x0000022992de0000]
 total_blobs=33780 nmethods=32683 adapters=1005
 compilation: enabled
              stopped_count=0, restarted_count=0
 full_count=0

Compilation events (20 events):
Event: 20792.251 Thread 0x00000229a8956000 43847       3       com.android.tools.r8.internal.gr::b (26 bytes)
Event: 20792.251 Thread 0x00000229a8956000 nmethod 43847 0x000002299503d290 code [0x000002299503d460, 0x000002299503d798]
Event: 20792.270 Thread 0x00000229a8956000 43849       3       com.android.tools.r8.graph.B0$b::a (17 bytes)
Event: 20792.270 Thread 0x00000229a8956000 nmethod 43849 0x0000022995053610 code [0x0000022995053800, 0x0000022995053ce8]
Event: 20792.272 Thread 0x00000229a8956000 43850       3       com.android.tools.r8.graph.z::b (41 bytes)
Event: 20792.272 Thread 0x00000229a8956000 nmethod 43850 0x000002299503fd90 code [0x000002299503ff60, 0x0000022995040298]
Event: 20792.275 Thread 0x00000229a8956000 43851       3       com.android.tools.r8.internal.E9::k (46 bytes)
Event: 20792.276 Thread 0x00000229a8956000 nmethod 43851 0x0000022995815890 code [0x0000022995815ae0, 0x00000229958162d8]
Event: 20792.276 Thread 0x00000229a8956000 43852       3       com.android.tools.r8.internal.U6::b (415 bytes)
Event: 20792.281 Thread 0x00000229a8956000 nmethod 43852 0x0000022997435890 code [0x0000022997435e40, 0x0000022997439238]
Event: 20792.281 Thread 0x00000229a8956000 43855       3       com.android.tools.r8.graph.j0$m::b (336 bytes)
Event: 20792.285 Thread 0x00000229a8956000 nmethod 43855 0x000002299743a890 code [0x000002299743aea0, 0x000002299743dcd8]
Event: 20792.285 Thread 0x00000229a8956000 43853       3       com.android.tools.r8.graph.j0$m::h (64 bytes)
Event: 20792.286 Thread 0x00000229a8956000 nmethod 43853 0x0000022995960910 code [0x0000022995960b80, 0x00000229959614f8]
Event: 20792.286 Thread 0x00000229a8956000 43854       3       com.android.tools.r8.graph.j0$m::c (61 bytes)
Event: 20792.286 Thread 0x00000229a8956000 nmethod 43854 0x0000022995054910 code [0x0000022995054b20, 0x0000022995054fb8]
Event: 20792.286 Thread 0x00000229a8956000 43856       3       com.android.tools.r8.graph.r::a (47 bytes)
Event: 20792.288 Thread 0x00000229a8956000 nmethod 43856 0x00000229961d6e90 code [0x00000229961d7120, 0x00000229961d7ff8]
Event: 20792.390 Thread 0x00000229a8956000 43859       3       java.lang.IllegalArgumentException::<init> (5 bytes)
Event: 20792.391 Thread 0x00000229a8956000 nmethod 43859 0x0000022994fb0810 code [0x0000022994fb09e0, 0x0000022994fb0bc8]

GC Heap History (20 events):
Event: 20751.766 GC heap before
{Heap before GC invocations=207 (full 3):
 garbage-first heap   total 382976K, used 268013K [0x0000000080000000, 0x0000000100000000)
  region size 1024K, 81 young (82944K), 3 survivors (3072K)
 Metaspace       used 168643K, capacity 174976K, committed 175180K, reserved 1202176K
  class space    used 20500K, capacity 22742K, committed 22860K, reserved 1048576K
}
Event: 20751.785 GC heap after
{Heap after GC invocations=208 (full 3):
 garbage-first heap   total 382976K, used 194770K [0x0000000080000000, 0x0000000100000000)
  region size 1024K, 8 young (8192K), 8 survivors (8192K)
 Metaspace       used 168643K, capacity 174976K, committed 175180K, reserved 1202176K
  class space    used 20500K, capacity 22742K, committed 22860K, reserved 1048576K
}
Event: 20756.989 GC heap before
{Heap before GC invocations=209 (full 3):
 garbage-first heap   total 382976K, used 322770K [0x0000000080000000, 0x0000000100000000)
  region size 1024K, 119 young (121856K), 8 survivors (8192K)
 Metaspace       used 172617K, capacity 178895K, committed 179020K, reserved 1206272K
  class space    used 20804K, capacity 23077K, committed 23116K, reserved 1048576K
}
Event: 20757.022 GC heap after
{Heap after GC invocations=210 (full 3):
 garbage-first heap   total 382976K, used 193535K [0x0000000080000000, 0x0000000100000000)
  region size 1024K, 5 young (5120K), 5 survivors (5120K)
 Metaspace       used 172617K, capacity 178895K, committed 179020K, reserved 1206272K
  class space    used 20804K, capacity 23077K, committed 23116K, reserved 1048576K
}
Event: 20757.461 GC heap before
{Heap before GC invocations=210 (full 3):
 garbage-first heap   total 382976K, used 205823K [0x0000000080000000, 0x0000000100000000)
  region size 1024K, 18 young (18432K), 5 survivors (5120K)
 Metaspace       used 172871K, capacity 179262K, committed 179404K, reserved 1206272K
  class space    used 20831K, capacity 23114K, committed 23244K, reserved 1048576K
}
Event: 20757.480 GC heap after
{Heap after GC invocations=211 (full 3):
 garbage-first heap   total 382976K, used 179181K [0x0000000080000000, 0x0000000100000000)
  region size 1024K, 1 young (1024K), 1 survivors (1024K)
 Metaspace       used 172871K, capacity 179262K, committed 179404K, reserved 1206272K
  class space    used 20831K, capacity 23114K, committed 23244K, reserved 1048576K
}
Event: 20766.651 GC heap before
{Heap before GC invocations=211 (full 3):
 garbage-first heap   total 382976K, used 310253K [0x0000000080000000, 0x0000000100000000)
  region size 1024K, 130 young (133120K), 1 survivors (1024K)
 Metaspace       used 173367K, capacity 179785K, committed 179916K, reserved 1206272K
  class space    used 20875K, capacity 23159K, committed 23244K, reserved 1048576K
}
Event: 20766.663 GC heap after
{Heap after GC invocations=212 (full 3):
 garbage-first heap   total 382976K, used 179778K [0x0000000080000000, 0x0000000100000000)
  region size 1024K, 2 young (2048K), 2 survivors (2048K)
 Metaspace       used 173367K, capacity 179785K, committed 179916K, reserved 1206272K
  class space    used 20875K, capacity 23159K, committed 23244K, reserved 1048576K
}
Event: 20769.038 GC heap before
{Heap before GC invocations=213 (full 3):
 garbage-first heap   total 382976K, used 304706K [0x0000000080000000, 0x0000000100000000)
  region size 1024K, 135 young (138240K), 2 survivors (2048K)
 Metaspace       used 173510K, capacity 179908K, committed 180172K, reserved 1206272K
  class space    used 20889K, capacity 23169K, committed 23244K, reserved 1048576K
}
Event: 20769.050 GC heap after
{Heap after GC invocations=214 (full 3):
 garbage-first heap   total 382976K, used 170938K [0x0000000080000000, 0x0000000100000000)
  region size 1024K, 3 young (3072K), 3 survivors (3072K)
 Metaspace       used 173510K, capacity 179908K, committed 180172K, reserved 1206272K
  class space    used 20889K, capacity 23169K, committed 23244K, reserved 1048576K
}
Event: 20769.133 GC heap before
{Heap before GC invocations=214 (full 3):
 garbage-first heap   total 382976K, used 185274K [0x0000000080000000, 0x0000000100000000)
  region size 1024K, 19 young (19456K), 3 survivors (3072K)
 Metaspace       used 173510K, capacity 179908K, committed 180172K, reserved 1206272K
  class space    used 20889K, capacity 23169K, committed 23244K, reserved 1048576K
}
Event: 20769.173 GC heap after
{Heap after GC invocations=215 (full 3):
 garbage-first heap   total 382976K, used 158100K [0x0000000080000000, 0x0000000100000000)
  region size 1024K, 1 young (1024K), 1 survivors (1024K)
 Metaspace       used 173510K, capacity 179908K, committed 180172K, reserved 1206272K
  class space    used 20889K, capacity 23169K, committed 23244K, reserved 1048576K
}
Event: 20782.511 GC heap before
{Heap before GC invocations=215 (full 3):
 garbage-first heap   total 382976K, used 313748K [0x0000000080000000, 0x0000000100000000)
  region size 1024K, 154 young (157696K), 1 survivors (1024K)
 Metaspace       used 174092K, capacity 180556K, committed 180684K, reserved 1206272K
  class space    used 20951K, capacity 23241K, committed 23244K, reserved 1048576K
}
Event: 20782.579 GC heap after
{Heap after GC invocations=216 (full 3):
 garbage-first heap   total 382976K, used 161204K [0x0000000080000000, 0x0000000100000000)
  region size 1024K, 4 young (4096K), 4 survivors (4096K)
 Metaspace       used 174092K, capacity 180556K, committed 180684K, reserved 1206272K
  class space    used 20951K, capacity 23241K, committed 23244K, reserved 1048576K
}
Event: 20790.105 GC heap before
{Heap before GC invocations=217 (full 3):
 garbage-first heap   total 382976K, used 316852K [0x0000000080000000, 0x0000000100000000)
  region size 1024K, 157 young (160768K), 4 survivors (4096K)
 Metaspace       used 174335K, capacity 180823K, committed 181068K, reserved 1206272K
  class space    used 20972K, capacity 23285K, committed 23372K, reserved 1048576K
}
Event: 20790.174 GC heap after
{Heap after GC invocations=218 (full 3):
 garbage-first heap   total 382976K, used 170286K [0x0000000080000000, 0x0000000100000000)
  region size 1024K, 13 young (13312K), 13 survivors (13312K)
 Metaspace       used 174335K, capacity 180823K, committed 181068K, reserved 1206272K
  class space    used 20972K, capacity 23285K, committed 23372K, reserved 1048576K
}
Event: 20790.464 GC heap before
{Heap before GC invocations=218 (full 3):
 garbage-first heap   total 382976K, used 174382K [0x0000000080000000, 0x0000000100000000)
  region size 1024K, 18 young (18432K), 13 survivors (13312K)
 Metaspace       used 174335K, capacity 180823K, committed 181068K, reserved 1206272K
  class space    used 20972K, capacity 23285K, committed 23372K, reserved 1048576K
}
Event: 20790.523 GC heap after
{Heap after GC invocations=219 (full 3):
 garbage-first heap   total 382976K, used 166756K [0x0000000080000000, 0x0000000100000000)
  region size 1024K, 2 young (2048K), 2 survivors (2048K)
 Metaspace       used 174335K, capacity 180823K, committed 181068K, reserved 1206272K
  class space    used 20972K, capacity 23285K, committed 23372K, reserved 1048576K
}
Event: 20792.152 GC heap before
{Heap before GC invocations=219 (full 3):
 garbage-first heap   total 382976K, used 317284K [0x0000000080000000, 0x0000000100000000)
  region size 1024K, 149 young (152576K), 2 survivors (2048K)
 Metaspace       used 174383K, capacity 180842K, committed 181068K, reserved 1206272K
  class space    used 20975K, capacity 23290K, committed 23372K, reserved 1048576K
}
Event: 20792.215 GC heap after
{Heap after GC invocations=220 (full 3):
 garbage-first heap   total 382976K, used 203005K [0x0000000080000000, 0x0000000100000000)
  region size 1024K, 19 young (19456K), 19 survivors (19456K)
 Metaspace       used 174383K, capacity 180842K, committed 181068K, reserved 1206272K
  class space    used 20975K, capacity 23290K, committed 23372K, reserved 1048576K
}

Deoptimization events (20 events):
Event: 20790.631 Thread 0x00000229b04e8000 Uncommon trap: trap_request=0xffffffde fr.pc=0x000002299c43b60c relative=0x0000000000006dcc
Event: 20790.631 Thread 0x00000229b04e8000 Uncommon trap: reason=class_check action=maybe_recompile pc=0x000002299c43b60c method=com.android.tools.r8.ir.regalloc.a.a(Lcom/android/tools/r8/internal/Ne;Lcom/android/tools/r8/internal/qf;Ljava/util/List;Lcom/android/tools/r8/internal/tA;Ljava/util/Map
Event: 20790.631 Thread 0x00000229b04e8000 DEOPT PACKING pc=0x000002299c43b60c sp=0x000000badaef9e00
Event: 20790.631 Thread 0x00000229b04e8000 DEOPT UNPACKING pc=0x00000229928778af sp=0x000000badaef9e30 mode 2
Event: 20790.683 Thread 0x00000229b04e7000 DEOPT PACKING pc=0x000002299738bfff sp=0x000000badb6fa290
Event: 20790.683 Thread 0x00000229b04e7000 DEOPT UNPACKING pc=0x00000229928776ce sp=0x000000badb6f9840 mode 0
Event: 20790.743 Thread 0x00000229b04e8000 Uncommon trap: trap_request=0xffffffde fr.pc=0x000002299b9c0210 relative=0x0000000000001a10
Event: 20790.746 Thread 0x00000229b04e8000 Uncommon trap: reason=class_check action=maybe_recompile pc=0x000002299b9c0210 method=com.android.tools.r8.internal.hr.f()Z @ 11 c2
Event: 20790.746 Thread 0x00000229b04e8000 DEOPT PACKING pc=0x000002299b9c0210 sp=0x000000badaefaa30
Event: 20790.746 Thread 0x00000229b04e8000 DEOPT UNPACKING pc=0x00000229928778af sp=0x000000badaefa970 mode 2
Event: 20790.746 Thread 0x00000229b04e8000 Uncommon trap: trap_request=0xffffffde fr.pc=0x000002299b9c0210 relative=0x0000000000001a10
Event: 20790.746 Thread 0x00000229b04e8000 Uncommon trap: reason=class_check action=maybe_recompile pc=0x000002299b9c0210 method=com.android.tools.r8.internal.hr.f()Z @ 11 c2
Event: 20790.746 Thread 0x00000229b04e8000 DEOPT PACKING pc=0x000002299b9c0210 sp=0x000000badaefaa30
Event: 20790.746 Thread 0x00000229b04e8000 DEOPT UNPACKING pc=0x00000229928778af sp=0x000000badaefa970 mode 2
Event: 20790.768 Thread 0x00000229b04e7000 Uncommon trap: trap_request=0xfffffff4 fr.pc=0x000002299c44f4f8 relative=0x0000000000007158
Event: 20790.768 Thread 0x00000229b04e7000 Uncommon trap: reason=null_check action=make_not_entrant pc=0x000002299c44f4f8 method=com.android.tools.r8.internal.G3.b(Lcom/android/tools/r8/internal/Xv;)Lcom/android/tools/r8/internal/Xv; @ 11 c2
Event: 20790.768 Thread 0x00000229b04e7000 DEOPT PACKING pc=0x000002299c44f4f8 sp=0x000000badb6fa600
Event: 20790.768 Thread 0x00000229b04e7000 DEOPT UNPACKING pc=0x00000229928778af sp=0x000000badb6fa4c8 mode 2
Event: 20790.773 Thread 0x00000229b04e8000 DEOPT PACKING pc=0x00000229958bec05 sp=0x000000badaefa7b0
Event: 20790.773 Thread 0x00000229b04e8000 DEOPT UNPACKING pc=0x00000229928776ce sp=0x000000badaef9c48 mode 0

Classes redefined (0 events):
No events

Internal exceptions (20 events):
Event: 20784.311 Thread 0x00000229b04e7000 Implicit null exception at 0x000002299bbbeaef to 0x000002299bbbef40
Event: 20784.319 Thread 0x00000229b04e7000 Implicit null exception at 0x000002299bc3403b to 0x000002299bc38e34
Event: 20784.322 Thread 0x00000229b04e7000 Exception <a 'sun/nio/fs/WindowsException'{0x0000000095882b18}> (0x0000000095882b18) thrown at [./src/hotspot/share/prims/jni.cpp, line 615]
Event: 20784.370 Thread 0x00000229b04e5800 Implicit null exception at 0x000002299bc3c233 to 0x000002299bc40ee4
Event: 20784.417 Thread 0x00000229b04e5800 Exception <a 'sun/nio/fs/WindowsException'{0x00000000957d7580}> (0x00000000957d7580) thrown at [./src/hotspot/share/prims/jni.cpp, line 615]
Event: 20784.551 Thread 0x00000229b04e7000 Exception <a 'sun/nio/fs/WindowsException'{0x00000000955d72b0}> (0x00000000955d72b0) thrown at [./src/hotspot/share/prims/jni.cpp, line 615]
Event: 20784.773 Thread 0x00000229b04e5800 Exception <a 'sun/nio/fs/WindowsException'{0x0000000094e84b40}> (0x0000000094e84b40) thrown at [./src/hotspot/share/prims/jni.cpp, line 615]
Event: 20784.775 Thread 0x00000229b04e8000 Exception <a 'sun/nio/fs/WindowsException'{0x0000000094e7f6a8}> (0x0000000094e7f6a8) thrown at [./src/hotspot/share/prims/jni.cpp, line 615]
Event: 20784.803 Thread 0x00000229b04e5800 Exception <a 'sun/nio/fs/WindowsException'{0x0000000094b06fc8}> (0x0000000094b06fc8) thrown at [./src/hotspot/share/prims/jni.cpp, line 615]
Event: 20785.129 Thread 0x00000229b04e5800 Exception <a 'sun/nio/fs/WindowsException'{0x00000000941159f8}> (0x00000000941159f8) thrown at [./src/hotspot/share/prims/jni.cpp, line 615]
Event: 20786.839 Thread 0x00000229b04e5800 Exception <a 'sun/nio/fs/WindowsException'{0x0000000092f43498}> (0x0000000092f43498) thrown at [./src/hotspot/share/prims/jni.cpp, line 615]
Event: 20787.047 Thread 0x00000229b04e5800 Exception <a 'sun/nio/fs/WindowsException'{0x000000009295f2b0}> (0x000000009295f2b0) thrown at [./src/hotspot/share/prims/jni.cpp, line 615]
Event: 20787.064 Thread 0x00000229b04e5800 Exception <a 'sun/nio/fs/WindowsException'{0x0000000092713758}> (0x0000000092713758) thrown at [./src/hotspot/share/prims/jni.cpp, line 615]
Event: 20788.848 Thread 0x00000229b04e7000 Exception <a 'sun/nio/fs/WindowsException'{0x000000008fdcd670}> (0x000000008fdcd670) thrown at [./src/hotspot/share/prims/jni.cpp, line 615]
Event: 20790.578 Thread 0x00000229b04e7000 Exception <a 'sun/nio/fs/WindowsException'{0x0000000096c89310}> (0x0000000096c89310) thrown at [./src/hotspot/share/prims/jni.cpp, line 615]
Event: 20790.768 Thread 0x00000229b04e7000 Implicit null exception at 0x000002299c44a4c4 to 0x000002299c44f4e8
Event: 20790.774 Thread 0x00000229b04e8000 Exception <a 'sun/nio/fs/WindowsException'{0x0000000095a01998}> (0x0000000095a01998) thrown at [./src/hotspot/share/prims/jni.cpp, line 615]
Event: 20790.840 Thread 0x00000229b04e7000 Exception <a 'sun/nio/fs/WindowsException'{0x00000000950f43d8}> (0x00000000950f43d8) thrown at [./src/hotspot/share/prims/jni.cpp, line 615]
Event: 20791.428 Thread 0x00000229b04e5800 Exception <a 'sun/nio/fs/WindowsException'{0x00000000906a2c28}> (0x00000000906a2c28) thrown at [./src/hotspot/share/prims/jni.cpp, line 615]
Event: 20791.945 Thread 0x00000229b04e7000 Exception <a 'sun/nio/fs/WindowsException'{0x000000008e9376f0}> (0x000000008e9376f0) thrown at [./src/hotspot/share/prims/jni.cpp, line 615]

Events (20 events):
Event: 20790.104 Executing VM operation: G1CollectForAllocation
Event: 20790.174 Executing VM operation: G1CollectForAllocation done
Event: 20790.461 Executing VM operation: G1CollectForAllocation
Event: 20790.523 Executing VM operation: G1CollectForAllocation done
Event: 20790.743 Executing VM operation: RevokeBias
Event: 20790.745 Executing VM operation: RevokeBias done
Event: 20790.756 loading class com/android/tools/r8/internal/qr
Event: 20790.756 loading class com/android/tools/r8/internal/qr done
Event: 20790.767 loading class com/android/tools/r8/graph/P
Event: 20790.767 loading class com/android/tools/r8/graph/P done
Event: 20790.768 loading class com/android/tools/r8/internal/qr
Event: 20790.768 loading class com/android/tools/r8/internal/qr done
Event: 20790.769 loading class com/android/tools/r8/internal/qr
Event: 20790.769 loading class com/android/tools/r8/internal/qr done
Event: 20790.769 loading class com/android/tools/r8/internal/qr
Event: 20790.769 loading class com/android/tools/r8/internal/qr done
Event: 20791.568 loading class com/android/tools/r8/ProgramResource$a
Event: 20791.568 loading class com/android/tools/r8/ProgramResource$a done
Event: 20792.136 Executing VM operation: G1CollectForAllocation
Event: 20792.215 Executing VM operation: G1CollectForAllocation done


Dynamic libraries:
0x00007ff728540000 - 0x00007ff72854a000 	E:\Android Studio\jre\bin\java.exe
0x00007ffa1ac30000 - 0x00007ffa1ae25000 	C:\WINDOWS\SYSTEM32\ntdll.dll
0x00007ffa1a5b0000 - 0x00007ffa1a66e000 	C:\WINDOWS\System32\KERNEL32.DLL
0x00007ffa184a0000 - 0x00007ffa18768000 	C:\WINDOWS\System32\KERNELBASE.dll
0x00007ffa18350000 - 0x00007ffa18450000 	C:\WINDOWS\System32\ucrtbase.dll
0x00007ffa0cfd0000 - 0x00007ffa0cfe9000 	E:\Android Studio\jre\bin\jli.dll
0x00007ffa10270000 - 0x00007ffa10287000 	E:\Android Studio\jre\bin\VCRUNTIME140.dll
0x00007ffa1a2f0000 - 0x00007ffa1a491000 	C:\WINDOWS\System32\USER32.dll
0x00007ffa03690000 - 0x00007ffa0392a000 	C:\WINDOWS\WinSxS\amd64_microsoft.windows.common-controls_6595b64144ccf1df_6.0.19041.1110_none_60b5254171f9507e\COMCTL32.dll
0x00007ffa1a070000 - 0x00007ffa1a10e000 	C:\WINDOWS\System32\msvcrt.dll
0x00007ffa1a670000 - 0x00007ffa1a69b000 	C:\WINDOWS\System32\GDI32.dll
0x00007ffa187d0000 - 0x00007ffa188db000 	C:\WINDOWS\System32\gdi32full.dll
0x00007ffa18a70000 - 0x00007ffa18b0d000 	C:\WINDOWS\System32\msvcp_win.dll
0x00007ffa188e0000 - 0x00007ffa18902000 	C:\WINDOWS\System32\win32u.dll
0x00007ffa1a040000 - 0x00007ffa1a070000 	C:\WINDOWS\System32\IMM32.DLL
0x00007ffa0cf30000 - 0x00007ffa0cfcd000 	E:\Android Studio\jre\bin\msvcp140.dll
0x00007ff9a1840000 - 0x00007ff9a230f000 	E:\Android Studio\jre\bin\server\jvm.dll
0x00007ffa1a6a0000 - 0x00007ffa1a74c000 	C:\WINDOWS\System32\ADVAPI32.dll
0x00007ffa18ca0000 - 0x00007ffa18d3b000 	C:\WINDOWS\System32\sechost.dll
0x00007ffa18fd0000 - 0x00007ffa190fa000 	C:\WINDOWS\System32\RPCRT4.dll
0x00007ffa18ef0000 - 0x00007ffa18ef8000 	C:\WINDOWS\System32\PSAPI.DLL
0x00007ff9ff550000 - 0x00007ff9ff559000 	C:\WINDOWS\SYSTEM32\WSOCK32.dll
0x00007ffa18f00000 - 0x00007ffa18f6b000 	C:\WINDOWS\System32\WS2_32.dll
0x00007ffa028a0000 - 0x00007ffa028c7000 	C:\WINDOWS\SYSTEM32\WINMM.dll
0x00007ffa0f840000 - 0x00007ffa0f84a000 	C:\WINDOWS\SYSTEM32\VERSION.dll
0x00007ffa16c20000 - 0x00007ffa16c32000 	C:\WINDOWS\SYSTEM32\kernel.appcore.dll
0x00007ffa11d70000 - 0x00007ffa11d81000 	E:\Android Studio\jre\bin\verify.dll
0x00007ffa168e0000 - 0x00007ffa16ac4000 	C:\WINDOWS\SYSTEM32\DBGHELP.DLL
0x00007ff9fd6c0000 - 0x00007ff9fd6ec000 	C:\WINDOWS\SYSTEM32\dbgcore.DLL
0x00007ffa18b10000 - 0x00007ffa18b93000 	C:\WINDOWS\System32\bcryptPrimitives.dll
0x00007ffa102e0000 - 0x00007ffa10309000 	E:\Android Studio\jre\bin\java.dll
0x00007ffa11830000 - 0x00007ffa1183b000 	E:\Android Studio\jre\bin\jimage.dll
0x00007ffa102c0000 - 0x00007ffa102d8000 	E:\Android Studio\jre\bin\zip.dll
0x00007ffa19100000 - 0x00007ffa1983f000 	C:\WINDOWS\System32\SHELL32.dll
0x00007ffa16080000 - 0x00007ffa16810000 	C:\WINDOWS\SYSTEM32\windows.storage.dll
0x00007ffa1a7b0000 - 0x00007ffa1ab05000 	C:\WINDOWS\System32\combase.dll
0x00007ffa17da0000 - 0x00007ffa17dce000 	C:\WINDOWS\SYSTEM32\Wldp.dll
0x00007ffa1a240000 - 0x00007ffa1a2ed000 	C:\WINDOWS\System32\SHCORE.dll
0x00007ffa18f70000 - 0x00007ffa18fc5000 	C:\WINDOWS\System32\shlwapi.dll
0x00007ffa18290000 - 0x00007ffa182af000 	C:\WINDOWS\SYSTEM32\profapi.dll
0x00007ffa101b0000 - 0x00007ffa101ca000 	E:\Android Studio\jre\bin\net.dll
0x00007ffa04690000 - 0x00007ffa0479c000 	C:\WINDOWS\SYSTEM32\WINHTTP.dll
0x00007ffa17b00000 - 0x00007ffa17b6a000 	C:\WINDOWS\system32\mswsock.dll
0x00007ffa039d0000 - 0x00007ffa039e4000 	E:\Android Studio\jre\bin\nio.dll
0x00007ffa10290000 - 0x00007ffa102b7000 	C:\Users\peto\.gradle\native\8bec1ad78214c89d9ad589b4d07fe93259594b29d510b10fafb7a158f7737e5d\windows-amd64\native-platform.dll
0x00007ff9d95f0000 - 0x00007ff9d972d000 	C:\Users\peto\.gradle\native\53dbd7edfb1c66fb8903c78663c9afc45aea4f116125fa6feffd364cf09443e8\windows-amd64\native-platform-file-events.dll
0x00007ffa11820000 - 0x00007ffa1182a000 	E:\Android Studio\jre\bin\management.dll
0x00007ffa104a0000 - 0x00007ffa104ac000 	E:\Android Studio\jre\bin\management_ext.dll
0x00007ffa17cf0000 - 0x00007ffa17d08000 	C:\WINDOWS\SYSTEM32\CRYPTSP.dll
0x00007ffa17410000 - 0x00007ffa17444000 	C:\WINDOWS\system32\rsaenh.dll
0x00007ffa18ba0000 - 0x00007ffa18bc7000 	C:\WINDOWS\System32\bcrypt.dll
0x00007ffa18250000 - 0x00007ffa1827e000 	C:\WINDOWS\SYSTEM32\USERENV.dll
0x00007ffa17d10000 - 0x00007ffa17d1c000 	C:\WINDOWS\SYSTEM32\CRYPTBASE.dll
0x00007ffa177a0000 - 0x00007ffa177db000 	C:\WINDOWS\SYSTEM32\IPHLPAPI.DLL
0x00007ffa19f40000 - 0x00007ffa19f48000 	C:\WINDOWS\System32\NSI.dll
0x00007ffa0cd10000 - 0x00007ffa0cd27000 	C:\WINDOWS\SYSTEM32\dhcpcsvc6.DLL
0x00007ffa0dc80000 - 0x00007ffa0dc9d000 	C:\WINDOWS\SYSTEM32\dhcpcsvc.DLL
0x00007ffa177e0000 - 0x00007ffa178ab000 	C:\WINDOWS\SYSTEM32\DNSAPI.dll
0x00007ffa132b0000 - 0x00007ffa132b8000 	E:\Android Studio\jre\bin\rmi.dll
0x00007ff9f9550000 - 0x00007ff9f9567000 	C:\WINDOWS\system32\napinsp.dll
0x00007ff9f9450000 - 0x00007ff9f946b000 	C:\WINDOWS\system32\pnrpnsp.dll
0x00007ffa12530000 - 0x00007ffa12545000 	C:\WINDOWS\system32\wshbth.dll
0x00007ffa13170000 - 0x00007ffa1318d000 	C:\WINDOWS\system32\NLAapi.dll
0x00007ff9f83b0000 - 0x00007ff9f83c2000 	C:\WINDOWS\System32\winrnr.dll
0x00007ffa01db0000 - 0x00007ffa01dba000 	C:\Windows\System32\rasadhlp.dll
0x00007ffa027b0000 - 0x00007ffa0282f000 	C:\WINDOWS\System32\fwpuclnt.dll
0x00007ff9fc3c0000 - 0x00007ff9fc3e7000 	E:\Android Studio\jre\bin\sunec.dll
0x00007ffa171c0000 - 0x00007ffa171f3000 	C:\WINDOWS\SYSTEM32\ntmarta.dll

dbghelp: loaded successfully - version: 4.0.5 - missing functions: none
symbol engine: initialized successfully - sym options: 0x614 - pdb path: .;E:\Android Studio\jre\bin;C:\WINDOWS\SYSTEM32;C:\WINDOWS\WinSxS\amd64_microsoft.windows.common-controls_6595b64144ccf1df_6.0.19041.1110_none_60b5254171f9507e;E:\Android Studio\jre\bin\server;C:\Users\peto\.gradle\native\8bec1ad78214c89d9ad589b4d07fe93259594b29d510b10fafb7a158f7737e5d\windows-amd64;C:\Users\peto\.gradle\native\53dbd7edfb1c66fb8903c78663c9afc45aea4f116125fa6feffd364cf09443e8\windows-amd64

VM Arguments:
jvm_args: --add-opens=java.base/java.util=ALL-UNNAMED --add-opens=java.base/java.lang=ALL-UNNAMED --add-opens=java.base/java.lang.invoke=ALL-UNNAMED --add-opens=java.base/java.util=ALL-UNNAMED --add-opens=java.prefs/java.util.prefs=ALL-UNNAMED --add-opens=java.prefs/java.util.prefs=ALL-UNNAMED --add-opens=java.base/java.nio.charset=ALL-UNNAMED --add-opens=java.base/java.net=ALL-UNNAMED --add-opens=java.base/java.util.concurrent.atomic=ALL-UNNAMED -Xmx2048m -Dfile.encoding=UTF-8 -Duser.country=US -Duser.language=en -Duser.variant 
java_command: org.gradle.launcher.daemon.bootstrap.GradleDaemon 7.0.2
java_class_path (initial): C:\Users\peto\.gradle\wrapper\dists\gradle-7.0.2-bin\857tjihv64xamwrf0h14cai3r\gradle-7.0.2\lib\gradle-launcher-7.0.2.jar
Launcher Type: SUN_STANDARD

[Global flags]
     intx CICompilerCount                          = 3                                         {product} {ergonomic}
     uint ConcGCThreads                            = 1                                         {product} {ergonomic}
     uint G1ConcRefinementThreads                  = 4                                         {product} {ergonomic}
   size_t G1HeapRegionSize                         = 1048576                                   {product} {ergonomic}
    uintx GCDrainStackTargetSize                   = 64                                        {product} {ergonomic}
   size_t InitialHeapSize                          = 134217728                                 {product} {ergonomic}
   size_t MarkStackSize                            = 4194304                                   {product} {ergonomic}
   size_t MaxHeapSize                              = 2147483648                                {product} {command line}
   size_t MaxNewSize                               = 1287651328                                {product} {ergonomic}
   size_t MinHeapDeltaBytes                        = 1048576                                   {product} {ergonomic}
    uintx NonNMethodCodeHeapSize                   = 5830732                                {pd product} {ergonomic}
    uintx NonProfiledCodeHeapSize                  = 122913754                              {pd product} {ergonomic}
    uintx ProfiledCodeHeapSize                     = 122913754                              {pd product} {ergonomic}
    uintx ReservedCodeCacheSize                    = 251658240                              {pd product} {ergonomic}
     bool SegmentedCodeCache                       = true                                      {product} {ergonomic}
     bool UseCompressedClassPointers               = true                                 {lp64_product} {ergonomic}
     bool UseCompressedOops                        = true                                 {lp64_product} {ergonomic}
     bool UseG1GC                                  = true                                      {product} {ergonomic}
     bool UseLargePagesIndividualAllocation        = false                                  {pd product} {ergonomic}

Logging:
Log output configuration:
 #0: stdout all=warning uptime,level,tags
 #1: stderr all=off uptime,level,tags

Environment Variables:
PATH=C:\Python310\Scripts\;C:\Python310\;C:\Program Files\Common Files\Oracle\Java\javapath;C:\Program Files (x86)\VMware\VMware Player\bin\;C:\Program Files (x86)\Intel\iCLS Client\;C:\Program Files\Intel\iCLS Client\;C:\Windows\system32;C:\Windows;C:\Windows\System32\Wbem;C:\Windows\System32\WindowsPowerShell\v1.0\;C:\Program Files (x86)\NVIDIA Corporation\PhysX\Common;C:\Program Files (x86)\Intel\Intel(R) Management Engine Components\DAL;C:\Program Files\Intel\Intel(R) Management Engine Components\DAL;C:\Program Files (x86)\Intel\Intel(R) Management Engine Components\IPT;C:\Program Files\Intel\Intel(R) Management Engine Components\IPT;C:\Program Files\Intel\WiFi\bin\;C:\Program Files\Common Files\Intel\WirelessCommon\;C:\WINDOWS\system32;C:\WINDOWS;C:\WINDOWS\System32\Wbem;C:\WINDOWS\System32\WindowsPowerShell\v1.0\;C:\WINDOWS\System32\OpenSSH\;C:\Program Files (x86)\EAC MW klient\;C:\Program Files\Git\cmd;C:\Program Files\nodejs\;C:\ProgramData\chocolatey\bin;C:\Users\peto\AppData\Local\Programs\Python\Python38\Scripts\;C:\Users\peto\AppData\Local\Programs\Python\Python38\;C:\Users\peto\PycharmProjects\UPB2;C:\MinGW\bin;C:\Users\peto\AppData\Local\gitkraken\bin;C:\Users\peto\AppData\Local\Microsoft\WindowsApps;C:\Users\peto\AppData\Roaming\npm
USERNAME=peto
OS=Windows_NT
PROCESSOR_IDENTIFIER=Intel64 Family 6 Model 142 Stepping 9, GenuineIntel



---------------  S Y S T E M  ---------------

OS: Windows 10 , 64 bit Build 19041 (10.0.19041.1348)
OS uptime: 5 days 2:24 hours

CPU:total 4 (initial active 4) (2 cores per cpu, 2 threads per core) family 6 model 142 stepping 9 microcode 0xb4, cmov, cx8, fxsr, mmx, sse, sse2, sse3, ssse3, sse4.1, sse4.2, popcnt, avx, avx2, aes, clmul, erms, 3dnowpref, lzcnt, ht, tsc, tscinvbit, bmi1, bmi2, adx, fma

Memory: 4k page, system-wide physical 8090M (361M free)
TotalPageFile size 17465M (AvailPageFile size 1M)
current process WorkingSet (physical memory assigned to process): 490M, peak: 703M
current process commit charge ("private bytes"): 1062M, peak: 1062M

vm_info: OpenJDK 64-Bit Server VM (11.0.10+0-b96-7249189) for windows-amd64 JRE (11.0.10+0-b96-7249189), built on Mar 31 2021 21:44:00 by "builder" with MS VC++ 14.0 (VS2015)

END.
