#
# There is insufficient memory for the Java Runtime Environment to continue.
# Native memory allocation (malloc) failed to allocate 1156016 bytes for Chunk::new
# Possible reasons:
#   The system is out of physical RAM or swap space
#   The process is running with CompressedOops enabled, and the Java Heap may be blocking the growth of the native heap
# Possible solutions:
#   Reduce memory load on the system
#   Increase physical memory or swap space
#   Check if swap backing store is full
#   Decrease Java heap size (-Xmx/-Xms)
#   Decrease number of Java threads
#   Decrease Java thread stack sizes (-Xss)
#   Set larger code cache with -XX:ReservedCodeCacheSize=
#   JVM is running with Unscaled Compressed Oops mode in which the Java heap is
#     placed in the first 4GB address space. The Java Heap base address is the
#     maximum limit for the native heap growth. Please use -XX:HeapBaseMinAddress
#     to set the Java Heap base and to place the Java Heap above 4GB virtual address.
# This output file may be truncated or incomplete.
#
#  Out of Memory Error (./src/hotspot/share/memory/arena.cpp:197), pid=27276, tid=15984
#
# JRE version: OpenJDK Runtime Environment (11.0.10) (build 11.0.10+0-b96-7249189)
# Java VM: OpenJDK 64-Bit Server VM (11.0.10+0-b96-7249189, mixed mode, tiered, compressed oops, g1 gc, windows-amd64)
# No core dump will be written. Minidumps are not enabled by default on client versions of Windows
#

---------------  S U M M A R Y ------------

Command Line: --add-opens=java.base/java.util=ALL-UNNAMED --add-opens=java.base/java.lang=ALL-UNNAMED --add-opens=java.base/java.lang.invoke=ALL-UNNAMED --add-opens=java.base/java.util=ALL-UNNAMED --add-opens=java.prefs/java.util.prefs=ALL-UNNAMED --add-opens=java.prefs/java.util.prefs=ALL-UNNAMED --add-opens=java.base/java.nio.charset=ALL-UNNAMED --add-opens=java.base/java.net=ALL-UNNAMED --add-opens=java.base/java.util.concurrent.atomic=ALL-UNNAMED -Xmx2048m -Dfile.encoding=UTF-8 -Duser.country=US -Duser.language=en -Duser.variant org.gradle.launcher.daemon.bootstrap.GradleDaemon 7.0.2

Host: Intel(R) Core(TM) i7-7500U CPU @ 2.70GHz, 4 cores, 7G,  Windows 10 , 64 bit Build 19041 (10.0.19041.1348)
Time: Mon Nov 22 18:40:18 2021 Central Europe Standard Time elapsed time: 117.765804 seconds (0d 0h 1m 57s)

---------------  T H R E A D  ---------------

Current thread (0x0000027963909000):  JavaThread "C2 CompilerThread0" daemon [_thread_in_native, id=15984, stack(0x0000007d25000000,0x0000007d25100000)]


Current CompileTask:
C2: 117765 14890       4       org.gradle.api.internal.artifacts.transform.AbstractTransformedArtifactSet::visit (97 bytes)

Stack: [0x0000007d25000000,0x0000007d25100000]
Native frames: (J=compiled Java code, j=interpreted, Vv=VM code, C=native code)
V  [jvm.dll+0x5ecfaa]
V  [jvm.dll+0x722bd5]
V  [jvm.dll+0x72412d]
V  [jvm.dll+0x7247e3]
V  [jvm.dll+0x242928]
V  [jvm.dll+0xbc4fc]
V  [jvm.dll+0xbca0c]
V  [jvm.dll+0x2b4fd4]
V  [jvm.dll+0x506028]
V  [jvm.dll+0x1fcbde]
V  [jvm.dll+0x1fa77f]
V  [jvm.dll+0x18354c]
V  [jvm.dll+0x208ee7]
V  [jvm.dll+0x207731]
V  [jvm.dll+0x6eb1cf]
V  [jvm.dll+0x6e3d45]
V  [jvm.dll+0x5ebe96]
C  [ucrtbase.dll+0x21bb2]
C  [KERNEL32.DLL+0x17034]
C  [ntdll.dll+0x52651]


---------------  P R O C E S S  ---------------

Threads class SMR info:
_java_thread_list=0x000002796669f450, length=54, elements={
0x0000027947daf800, 0x00000279638e0000, 0x00000279638eb800, 0x0000027964282800,
0x00000279638fb000, 0x00000279638fd000, 0x0000027963909000, 0x000002796390d800,
0x0000027963925000, 0x00000279643c5800, 0x0000027966183800, 0x0000027964bf7000,
0x0000027966815800, 0x00000279653e1800, 0x0000027966204800, 0x00000279662b4000,
0x00000279662b5000, 0x00000279662b2800, 0x00000279662b5800, 0x00000279662b0800,
0x00000279669b4000, 0x00000279669af800, 0x00000279669b0800, 0x00000279669b1800,
0x00000279669af000, 0x00000279669bb000, 0x00000279669b5800, 0x000002796c8de000,
0x000002796c8df000, 0x000002796c8e0000, 0x000002796c8db800, 0x000002796c8e2000,
0x000002796c8e1800, 0x000002796c8d5000, 0x000002796c8d9800, 0x000002796c8d6000,
0x000002796c8d8800, 0x000002796c8d7000, 0x000002796c8d7800, 0x000002796c8da000,
0x000002796c8d4800, 0x000002796c8dd800, 0x000002796c8e0800, 0x000002796c8db000,
0x000002796c8dc800, 0x000002796c8e3000, 0x00000279669b3000, 0x00000279669ad800,
0x00000279669b7000, 0x00000279669ba800, 0x00000279669b9800, 0x00000279669b6800,
0x00000279669b4800, 0x00000279669b8000
}

Java Threads: ( => current thread )
  0x0000027947daf800 JavaThread "main" [_thread_blocked, id=28792, stack(0x0000007d24400000,0x0000007d24500000)]
  0x00000279638e0000 JavaThread "Reference Handler" daemon [_thread_blocked, id=27808, stack(0x0000007d24b00000,0x0000007d24c00000)]
  0x00000279638eb800 JavaThread "Finalizer" daemon [_thread_blocked, id=21252, stack(0x0000007d24c00000,0x0000007d24d00000)]
  0x0000027964282800 JavaThread "Signal Dispatcher" daemon [_thread_blocked, id=16668, stack(0x0000007d24d00000,0x0000007d24e00000)]
  0x00000279638fb000 JavaThread "Attach Listener" daemon [_thread_blocked, id=30656, stack(0x0000007d24e00000,0x0000007d24f00000)]
  0x00000279638fd000 JavaThread "Service Thread" daemon [_thread_blocked, id=25272, stack(0x0000007d24f00000,0x0000007d25000000)]
=>0x0000027963909000 JavaThread "C2 CompilerThread0" daemon [_thread_in_native, id=15984, stack(0x0000007d25000000,0x0000007d25100000)]
  0x000002796390d800 JavaThread "C1 CompilerThread0" daemon [_thread_blocked, id=19352, stack(0x0000007d25100000,0x0000007d25200000)]
  0x0000027963925000 JavaThread "Sweeper thread" daemon [_thread_blocked, id=19200, stack(0x0000007d25200000,0x0000007d25300000)]
  0x00000279643c5800 JavaThread "Common-Cleaner" daemon [_thread_blocked, id=18932, stack(0x0000007d25300000,0x0000007d25400000)]
  0x0000027966183800 JavaThread "Daemon health stats" [_thread_blocked, id=24284, stack(0x0000007d25700000,0x0000007d25800000)]
  0x0000027964bf7000 JavaThread "Incoming local TCP Connector on port 57321" [_thread_in_native, id=13640, stack(0x0000007d25800000,0x0000007d25900000)]
  0x0000027966815800 JavaThread "Daemon periodic checks" [_thread_blocked, id=27552, stack(0x0000007d25900000,0x0000007d25a00000)]
  0x00000279653e1800 JavaThread "Daemon" [_thread_blocked, id=13372, stack(0x0000007d25a00000,0x0000007d25b00000)]
  0x0000027966204800 JavaThread "Daemon worker" [_thread_blocked, id=23064, stack(0x0000007d25e00000,0x0000007d25f00000)]
  0x00000279662b4000 JavaThread "Cache worker for file hash cache (C:\Users\peto\.gradle\caches\7.0.2\fileHashes)" [_thread_blocked, id=11564, stack(0x0000007d26200000,0x0000007d26300000)]
  0x00000279662b5000 JavaThread "File lock request listener" [_thread_in_native, id=22632, stack(0x0000007d26300000,0x0000007d26400000)]
  0x00000279662b2800 JavaThread "Cache worker for journal cache (C:\Users\peto\.gradle\caches\journal-1)" [_thread_blocked, id=12460, stack(0x0000007d26400000,0x0000007d26500000)]
  0x00000279662b5800 JavaThread "File watcher server" daemon [_thread_in_native, id=1740, stack(0x0000007d26600000,0x0000007d26700000)]
  0x00000279662b0800 JavaThread "File watcher consumer" daemon [_thread_blocked, id=3196, stack(0x0000007d26700000,0x0000007d26800000)]
  0x00000279669b4000 JavaThread "Cache worker for execution history cache (C:\Users\peto\.gradle\caches\7.0.2\executionHistory)" [_thread_blocked, id=19936, stack(0x0000007d26b00000,0x0000007d26c00000)]
  0x00000279669af800 JavaThread "jar transforms" [_thread_blocked, id=19332, stack(0x0000007d26c00000,0x0000007d26d00000)]
  0x00000279669b0800 JavaThread "jar transforms Thread 2" [_thread_blocked, id=17240, stack(0x0000007d26d00000,0x0000007d26e00000)]
  0x00000279669b1800 JavaThread "Cache worker for file content cache (C:\Users\peto\.gradle\caches\7.0.2\fileContent)" [_thread_blocked, id=26916, stack(0x0000007d26e00000,0x0000007d26f00000)]
  0x00000279669af000 JavaThread "jar transforms Thread 3" [_thread_blocked, id=18236, stack(0x0000007d27000000,0x0000007d27100000)]
  0x00000279669bb000 JavaThread "jar transforms Thread 4" [_thread_blocked, id=13272, stack(0x0000007d27600000,0x0000007d27700000)]
  0x00000279669b5800 JavaThread "Memory manager" [_thread_blocked, id=12584, stack(0x0000007d27700000,0x0000007d27800000)]
  0x000002796c8de000 JavaThread "RMI Scheduler(0)" daemon [_thread_blocked, id=26132, stack(0x0000007d28600000,0x0000007d28700000)]
  0x000002796c8df000 JavaThread "RMI RenewClean-[127.0.0.1:17476,org.jetbrains.kotlin.daemon.common.LoopbackNetworkInterface$ClientLoopbackSocketFactory@565fd2b2]" daemon [_thread_blocked, id=21776, stack(0x0000007d28700000,0x0000007d28800000)]
  0x000002796c8e0000 JavaThread "RMI GC Daemon" daemon [_thread_blocked, id=12192, stack(0x0000007d28800000,0x0000007d28900000)]
  0x000002796c8db800 JavaThread "RMI TCP Accept-0" daemon [_thread_in_native, id=8544, stack(0x0000007d28900000,0x0000007d28a00000)]
  0x000002796c8e2000 JavaThread "RMI Reaper" [_thread_blocked, id=1236, stack(0x0000007d28a00000,0x0000007d28b00000)]
  0x000002796c8e1800 JavaThread "RMI TCP Connection(3)-127.0.0.1" daemon [_thread_in_native, id=21336, stack(0x0000007d28b00000,0x0000007d28c00000)]
  0x000002796c8d5000 JavaThread "Handler for socket connection from /127.0.0.1:57321 to /127.0.0.1:57354" [_thread_in_native, id=3216, stack(0x0000007d24100000,0x0000007d24200000)]
  0x000002796c8d9800 JavaThread "Cancel handler" [_thread_blocked, id=3820, stack(0x0000007d24200000,0x0000007d24300000)]
  0x000002796c8d6000 JavaThread "Asynchronous log dispatcher for DefaultDaemonConnection: socket connection from /127.0.0.1:57321 to /127.0.0.1:57354" [_thread_blocked, id=27080, stack(0x0000007d24300000,0x0000007d24400000)]
  0x000002796c8d8800 JavaThread "Stdin handler" [_thread_blocked, id=17120, stack(0x0000007d25b00000,0x0000007d25c00000)]
  0x000002796c8d7000 JavaThread "Daemon client event forwarder" [_thread_blocked, id=2148, stack(0x0000007d25d00000,0x0000007d25e00000)]
  0x000002796c8d7800 JavaThread "Cache worker for file hash cache (E:\FinalAssignment\.gradle\7.0.2\fileHashes)" [_thread_blocked, id=28380, stack(0x0000007d25f00000,0x0000007d26000000)]
  0x000002796c8da000 JavaThread "Cache worker for checksums cache (E:\FinalAssignment\.gradle\checksums)" [_thread_blocked, id=16856, stack(0x0000007d26000000,0x0000007d26100000)]
  0x000002796c8d4800 JavaThread "Cache worker for cache directory md-supplier (C:\Users\peto\.gradle\caches\7.0.2\md-supplier)" [_thread_blocked, id=22232, stack(0x0000007d26100000,0x0000007d26200000)]
  0x000002796c8dd800 JavaThread "Cache worker for cache directory md-rule (C:\Users\peto\.gradle\caches\7.0.2\md-rule)" [_thread_blocked, id=30524, stack(0x0000007d26500000,0x0000007d26600000)]
  0x000002796c8e0800 JavaThread "Cache worker for dependencies-accessors (E:\FinalAssignment\.gradle\7.0.2\dependencies-accessors)" [_thread_blocked, id=23588, stack(0x0000007d26800000,0x0000007d26900000)]
  0x000002796c8db000 JavaThread "Cache worker for Build Output Cleanup Cache (E:\FinalAssignment\.gradle\buildOutputCleanup)" [_thread_blocked, id=12564, stack(0x0000007d26900000,0x0000007d26a00000)]
  0x000002796c8dc800 JavaThread "Build operations" [_thread_blocked, id=12852, stack(0x0000007d26a00000,0x0000007d26b00000)]
  0x000002796c8e3000 JavaThread "Build operations Thread 2" [_thread_blocked, id=9468, stack(0x0000007d26f00000,0x0000007d27000000)]
  0x00000279669b3000 JavaThread "Build operations Thread 3" [_thread_blocked, id=30304, stack(0x0000007d27100000,0x0000007d27200000)]
  0x00000279669ad800 JavaThread "Build operations Thread 4" [_thread_blocked, id=11168, stack(0x0000007d27200000,0x0000007d27300000)]
  0x00000279669b7000 JavaThread "build event listener" [_thread_blocked, id=31436, stack(0x0000007d27300000,0x0000007d27400000)]
  0x00000279669ba800 JavaThread "build event listener" [_thread_blocked, id=12320, stack(0x0000007d27400000,0x0000007d27500000)]
  0x00000279669b9800 JavaThread "Execution worker for ':'" [_thread_blocked, id=4656, stack(0x0000007d27500000,0x0000007d27600000)]
  0x00000279669b6800 JavaThread "Execution worker for ':' Thread 2" [_thread_blocked, id=24108, stack(0x0000007d27800000,0x0000007d27900000)]
  0x00000279669b4800 JavaThread "Execution worker for ':' Thread 3" [_thread_in_native, id=5304, stack(0x0000007d27900000,0x0000007d27a00000)]
  0x00000279669b8000 JavaThread "Cache worker for execution history cache (E:\FinalAssignment\.gradle\7.0.2\executionHistory)" [_thread_blocked, id=19676, stack(0x0000007d27a00000,0x0000007d27b00000)]

Other Threads:
  0x00000279638dc000 VMThread "VM Thread" [stack: 0x0000007d24a00000,0x0000007d24b00000] [id=17052]
  0x00000279643fc800 WatcherThread [stack: 0x0000007d25400000,0x0000007d25500000] [id=24196]
  0x0000027947dc5800 GCTaskThread "GC Thread#0" [stack: 0x0000007d24500000,0x0000007d24600000] [id=23820]
  0x00000279646b1800 GCTaskThread "GC Thread#1" [stack: 0x0000007d25500000,0x0000007d25600000] [id=13672]
  0x0000027964cc7800 GCTaskThread "GC Thread#2" [stack: 0x0000007d25600000,0x0000007d25700000] [id=8356]
  0x0000027965b63800 GCTaskThread "GC Thread#3" [stack: 0x0000007d25c00000,0x0000007d25d00000] [id=28476]
  0x0000027947df9000 ConcurrentGCThread "G1 Main Marker" [stack: 0x0000007d24600000,0x0000007d24700000] [id=26004]
  0x0000027947dfa000 ConcurrentGCThread "G1 Conc#0" [stack: 0x0000007d24700000,0x0000007d24800000] [id=10060]
  0x0000027947e8c000 ConcurrentGCThread "G1 Refine#0" [stack: 0x0000007d24800000,0x0000007d24900000] [id=19304]
  0x0000027966ace800 ConcurrentGCThread "G1 Refine#1" [stack: 0x0000007d27e00000,0x0000007d27f00000] [id=21620]
  0x0000027947e8d000 ConcurrentGCThread "G1 Young RemSet Sampling" [stack: 0x0000007d24900000,0x0000007d24a00000] [id=21568]

Threads with active compile tasks:
C2 CompilerThread0 117824 14890       4       org.gradle.api.internal.artifacts.transform.AbstractTransformedArtifactSet::visit (97 bytes)

VM state:not at safepoint (normal execution)

VM Mutex/Monitor currently owned by a thread: None

Heap address: 0x0000000080000000, size: 2048 MB, Compressed Oops mode: 32-bit
Narrow klass base: 0x0000000000000000, Narrow klass shift: 3
Compressed class space size: 1073741824 Address: 0x0000000100000000

Heap:
 garbage-first heap   total 227328K, used 147371K [0x0000000080000000, 0x0000000100000000)
  region size 1024K, 41 young (41984K), 4 survivors (4096K)
 Metaspace       used 104241K, capacity 106765K, committed 106940K, reserved 1142784K
  class space    used 13182K, capacity 14100K, committed 14208K, reserved 1048576K
Heap Regions: E=young(eden), S=young(survivor), O=old, HS=humongous(starts), HC=humongous(continues), CS=collection set, F=free, A=archive, TAMS=top-at-mark-start (previous, next)
|   0|0x0000000080000000, 0x0000000080100000, 0x0000000080100000|100%| O|  |TAMS 0x0000000080100000, 0x0000000080000000| Untracked 
|   1|0x0000000080100000, 0x0000000080200000, 0x0000000080200000|100%| O|  |TAMS 0x0000000080200000, 0x0000000080100000| Untracked 
|   2|0x0000000080200000, 0x0000000080300000, 0x0000000080300000|100%| O|  |TAMS 0x0000000080300000, 0x0000000080200000| Untracked 
|   3|0x0000000080300000, 0x0000000080400000, 0x0000000080400000|100%|HS|  |TAMS 0x0000000080400000, 0x0000000080300000| Complete 
|   4|0x0000000080400000, 0x0000000080500000, 0x0000000080500000|100%|HC|  |TAMS 0x0000000080500000, 0x0000000080400000| Complete 
|   5|0x0000000080500000, 0x0000000080600000, 0x0000000080600000|100%|HC|  |TAMS 0x0000000080600000, 0x0000000080500000| Complete 
|   6|0x0000000080600000, 0x0000000080700000, 0x0000000080700000|100%| O|  |TAMS 0x0000000080700000, 0x0000000080600000| Untracked 
|   7|0x0000000080700000, 0x0000000080800000, 0x0000000080800000|100%| O|  |TAMS 0x0000000080800000, 0x0000000080700000| Untracked 
|   8|0x0000000080800000, 0x0000000080900000, 0x0000000080900000|100%| O|  |TAMS 0x0000000080900000, 0x0000000080800000| Untracked 
|   9|0x0000000080900000, 0x0000000080a00000, 0x0000000080a00000|100%| O|  |TAMS 0x0000000080a00000, 0x0000000080900000| Untracked 
|  10|0x0000000080a00000, 0x0000000080b00000, 0x0000000080b00000|100%| O|  |TAMS 0x0000000080b00000, 0x0000000080a00000| Untracked 
|  11|0x0000000080b00000, 0x0000000080c00000, 0x0000000080c00000|100%| O|  |TAMS 0x0000000080c00000, 0x0000000080b00000| Untracked 
|  12|0x0000000080c00000, 0x0000000080d00000, 0x0000000080d00000|100%| O|  |TAMS 0x0000000080d00000, 0x0000000080c00000| Complete 
|  13|0x0000000080d00000, 0x0000000080e00000, 0x0000000080e00000|100%| O|  |TAMS 0x0000000080e00000, 0x0000000080d00000| Untracked 
|  14|0x0000000080e00000, 0x0000000080f00000, 0x0000000080f00000|100%| O|  |TAMS 0x0000000080f00000, 0x0000000080e00000| Complete 
|  15|0x0000000080f00000, 0x0000000081000000, 0x0000000081000000|100%| O|  |TAMS 0x0000000081000000, 0x0000000080f00000| Untracked 
|  16|0x0000000081000000, 0x0000000081100000, 0x0000000081100000|100%|HS|  |TAMS 0x0000000081100000, 0x0000000081000000| Complete 
|  17|0x0000000081100000, 0x0000000081200000, 0x0000000081200000|100%| O|  |TAMS 0x0000000081200000, 0x0000000081100000| Untracked 
|  18|0x0000000081200000, 0x0000000081300000, 0x0000000081300000|100%| O|  |TAMS 0x0000000081300000, 0x0000000081200000| Untracked 
|  19|0x0000000081300000, 0x0000000081400000, 0x0000000081400000|100%| O|  |TAMS 0x0000000081400000, 0x0000000081300000| Untracked 
|  20|0x0000000081400000, 0x0000000081500000, 0x0000000081500000|100%| O|  |TAMS 0x0000000081500000, 0x0000000081400000| Complete 
|  21|0x0000000081500000, 0x0000000081600000, 0x0000000081600000|100%| O|  |TAMS 0x0000000081600000, 0x0000000081500000| Untracked 
|  22|0x0000000081600000, 0x0000000081700000, 0x0000000081700000|100%| O|  |TAMS 0x0000000081700000, 0x0000000081600000| Complete 
|  23|0x0000000081700000, 0x0000000081800000, 0x0000000081800000|100%|HS|  |TAMS 0x0000000081800000, 0x0000000081700000| Complete 
|  24|0x0000000081800000, 0x0000000081900000, 0x0000000081900000|100%|HS|  |TAMS 0x0000000081900000, 0x0000000081800000| Complete 
|  25|0x0000000081900000, 0x0000000081a00000, 0x0000000081a00000|100%|HS|  |TAMS 0x0000000081a00000, 0x0000000081900000| Complete 
|  26|0x0000000081a00000, 0x0000000081b00000, 0x0000000081b00000|100%|HC|  |TAMS 0x0000000081b00000, 0x0000000081a00000| Complete 
|  27|0x0000000081b00000, 0x0000000081c00000, 0x0000000081c00000|100%|HC|  |TAMS 0x0000000081c00000, 0x0000000081b00000| Complete 
|  28|0x0000000081c00000, 0x0000000081d00000, 0x0000000081d00000|100%|HS|  |TAMS 0x0000000081d00000, 0x0000000081c00000| Complete 
|  29|0x0000000081d00000, 0x0000000081e00000, 0x0000000081e00000|100%|HC|  |TAMS 0x0000000081e00000, 0x0000000081d00000| Complete 
|  30|0x0000000081e00000, 0x0000000081f00000, 0x0000000081f00000|100%| O|  |TAMS 0x0000000081f00000, 0x0000000081e00000| Untracked 
|  31|0x0000000081f00000, 0x0000000082000000, 0x0000000082000000|100%| O|  |TAMS 0x0000000082000000, 0x0000000081f00000| Untracked 
|  32|0x0000000082000000, 0x0000000082100000, 0x0000000082100000|100%| O|  |TAMS 0x0000000082100000, 0x0000000082000000| Untracked 
|  33|0x0000000082100000, 0x0000000082200000, 0x0000000082200000|100%| O|  |TAMS 0x0000000082200000, 0x0000000082100000| Untracked 
|  34|0x0000000082200000, 0x0000000082300000, 0x0000000082300000|100%| O|  |TAMS 0x0000000082300000, 0x0000000082200000| Complete 
|  35|0x0000000082300000, 0x0000000082400000, 0x0000000082400000|100%| O|  |TAMS 0x0000000082400000, 0x0000000082300000| Complete 
|  36|0x0000000082400000, 0x0000000082500000, 0x0000000082500000|100%| O|  |TAMS 0x0000000082500000, 0x0000000082400000| Untracked 
|  37|0x0000000082500000, 0x0000000082600000, 0x0000000082600000|100%| O|  |TAMS 0x0000000082600000, 0x0000000082500000| Untracked 
|  38|0x0000000082600000, 0x0000000082700000, 0x0000000082700000|100%| O|  |TAMS 0x0000000082700000, 0x0000000082600000| Untracked 
|  39|0x0000000082700000, 0x0000000082800000, 0x0000000082800000|100%| O|  |TAMS 0x0000000082800000, 0x0000000082700000| Untracked 
|  40|0x0000000082800000, 0x0000000082900000, 0x0000000082900000|100%| O|  |TAMS 0x0000000082900000, 0x0000000082800000| Untracked 
|  41|0x0000000082900000, 0x0000000082a00000, 0x0000000082a00000|100%| O|  |TAMS 0x0000000082a00000, 0x0000000082900000| Untracked 
|  42|0x0000000082a00000, 0x0000000082b00000, 0x0000000082b00000|100%| O|  |TAMS 0x0000000082b00000, 0x0000000082a00000| Untracked 
|  43|0x0000000082b00000, 0x0000000082c00000, 0x0000000082c00000|100%| O|  |TAMS 0x0000000082c00000, 0x0000000082b00000| Untracked 
|  44|0x0000000082c00000, 0x0000000082d00000, 0x0000000082d00000|100%| O|  |TAMS 0x0000000082d00000, 0x0000000082c00000| Untracked 
|  45|0x0000000082d00000, 0x0000000082e00000, 0x0000000082e00000|100%| O|  |TAMS 0x0000000082e00000, 0x0000000082d00000| Complete 
|  46|0x0000000082e00000, 0x0000000082f00000, 0x0000000082f00000|100%| O|  |TAMS 0x0000000082f00000, 0x0000000082e00000| Complete 
|  47|0x0000000082f00000, 0x0000000083000000, 0x0000000083000000|100%| O|  |TAMS 0x0000000083000000, 0x0000000082f00000| Complete 
|  48|0x0000000083000000, 0x0000000083100000, 0x0000000083100000|100%| O|  |TAMS 0x0000000083100000, 0x0000000083000000| Complete 
|  49|0x0000000083100000, 0x0000000083200000, 0x0000000083200000|100%| O|  |TAMS 0x0000000083200000, 0x0000000083100000| Complete 
|  50|0x0000000083200000, 0x0000000083300000, 0x0000000083300000|100%| O|  |TAMS 0x0000000083300000, 0x0000000083200000| Untracked 
|  51|0x0000000083300000, 0x0000000083400000, 0x0000000083400000|100%| O|  |TAMS 0x0000000083400000, 0x0000000083300000| Complete 
|  52|0x0000000083400000, 0x0000000083500000, 0x0000000083500000|100%| O|  |TAMS 0x0000000083500000, 0x0000000083400000| Untracked 
|  53|0x0000000083500000, 0x0000000083600000, 0x0000000083600000|100%| O|  |TAMS 0x0000000083600000, 0x0000000083500000| Complete 
|  54|0x0000000083600000, 0x0000000083700000, 0x0000000083700000|100%| O|  |TAMS 0x0000000083700000, 0x0000000083600000| Untracked 
|  55|0x0000000083700000, 0x0000000083800000, 0x0000000083800000|100%| O|  |TAMS 0x0000000083800000, 0x0000000083700000| Complete 
|  56|0x0000000083800000, 0x0000000083900000, 0x0000000083900000|100%| O|  |TAMS 0x0000000083900000, 0x0000000083800000| Untracked 
|  57|0x0000000083900000, 0x0000000083a00000, 0x0000000083a00000|100%| O|  |TAMS 0x0000000083a00000, 0x0000000083900000| Untracked 
|  58|0x0000000083a00000, 0x0000000083b00000, 0x0000000083b00000|100%| O|  |TAMS 0x0000000083b00000, 0x0000000083a00000| Complete 
|  59|0x0000000083b00000, 0x0000000083c00000, 0x0000000083c00000|100%| O|  |TAMS 0x0000000083c00000, 0x0000000083b00000| Untracked 
|  60|0x0000000083c00000, 0x0000000083d00000, 0x0000000083d00000|100%| O|  |TAMS 0x0000000083d00000, 0x0000000083c00000| Complete 
|  61|0x0000000083d00000, 0x0000000083e00000, 0x0000000083e00000|100%| O|  |TAMS 0x0000000083e00000, 0x0000000083d00000| Complete 
|  62|0x0000000083e00000, 0x0000000083f00000, 0x0000000083f00000|100%| O|  |TAMS 0x0000000083f00000, 0x0000000083e00000| Complete 
|  63|0x0000000083f00000, 0x0000000084000000, 0x0000000084000000|100%| O|  |TAMS 0x0000000084000000, 0x0000000083f00000| Complete 
|  64|0x0000000084000000, 0x0000000084100000, 0x0000000084100000|100%| O|  |TAMS 0x0000000084100000, 0x0000000084000000| Complete 
|  65|0x0000000084100000, 0x0000000084200000, 0x0000000084200000|100%| O|  |TAMS 0x0000000084200000, 0x0000000084100000| Complete 
|  66|0x0000000084200000, 0x0000000084300000, 0x0000000084300000|100%| O|  |TAMS 0x0000000084300000, 0x0000000084200000| Complete 
|  67|0x0000000084300000, 0x0000000084400000, 0x0000000084400000|100%| O|  |TAMS 0x0000000084400000, 0x0000000084300000| Complete 
|  68|0x0000000084400000, 0x0000000084500000, 0x0000000084500000|100%| O|  |TAMS 0x0000000084500000, 0x0000000084400000| Complete 
|  69|0x0000000084500000, 0x0000000084600000, 0x0000000084600000|100%| O|  |TAMS 0x0000000084600000, 0x0000000084500000| Complete 
|  70|0x0000000084600000, 0x0000000084700000, 0x0000000084700000|100%| O|  |TAMS 0x0000000084700000, 0x0000000084600000| Complete 
|  71|0x0000000084700000, 0x0000000084800000, 0x0000000084800000|100%| O|  |TAMS 0x0000000084800000, 0x0000000084700000| Complete 
|  72|0x0000000084800000, 0x0000000084900000, 0x0000000084900000|100%| O|  |TAMS 0x0000000084900000, 0x0000000084800000| Complete 
|  73|0x0000000084900000, 0x0000000084900000, 0x0000000084a00000|  0%| F|  |TAMS 0x0000000084900000, 0x0000000084900000| Untracked 
|  74|0x0000000084a00000, 0x0000000084b00000, 0x0000000084b00000|100%| O|  |TAMS 0x0000000084b00000, 0x0000000084a00000| Complete 
|  75|0x0000000084b00000, 0x0000000084c00000, 0x0000000084c00000|100%| O|  |TAMS 0x0000000084c00000, 0x0000000084b00000| Untracked 
|  76|0x0000000084c00000, 0x0000000084d00000, 0x0000000084d00000|100%| O|  |TAMS 0x0000000084d00000, 0x0000000084c00000| Untracked 
|  77|0x0000000084d00000, 0x0000000084d00000, 0x0000000084e00000|  0%| F|  |TAMS 0x0000000084d00000, 0x0000000084d00000| Untracked 
|  78|0x0000000084e00000, 0x0000000084f00000, 0x0000000084f00000|100%| O|  |TAMS 0x0000000084f00000, 0x0000000084e00000| Complete 
|  79|0x0000000084f00000, 0x0000000085000000, 0x0000000085000000|100%| O|  |TAMS 0x0000000085000000, 0x0000000084f00000| Complete 
|  80|0x0000000085000000, 0x0000000085100000, 0x0000000085100000|100%| O|  |TAMS 0x0000000085100000, 0x0000000085000000| Complete 
|  81|0x0000000085100000, 0x0000000085200000, 0x0000000085200000|100%| O|  |TAMS 0x0000000085200000, 0x0000000085100000| Complete 
|  82|0x0000000085200000, 0x0000000085300000, 0x0000000085300000|100%| O|  |TAMS 0x0000000085300000, 0x0000000085200000| Complete 
|  83|0x0000000085300000, 0x0000000085400000, 0x0000000085400000|100%| O|  |TAMS 0x0000000085400000, 0x0000000085300000| Untracked 
|  84|0x0000000085400000, 0x0000000085500000, 0x0000000085500000|100%| O|  |TAMS 0x0000000085500000, 0x0000000085400000| Complete 
|  85|0x0000000085500000, 0x0000000085600000, 0x0000000085600000|100%| O|  |TAMS 0x0000000085600000, 0x0000000085500000| Complete 
|  86|0x0000000085600000, 0x0000000085700000, 0x0000000085700000|100%| O|  |TAMS 0x0000000085700000, 0x0000000085600000| Complete 
|  87|0x0000000085700000, 0x0000000085800000, 0x0000000085800000|100%| O|  |TAMS 0x0000000085800000, 0x0000000085700000| Untracked 
|  88|0x0000000085800000, 0x0000000085900000, 0x0000000085900000|100%| O|  |TAMS 0x0000000085900000, 0x0000000085800000| Complete 
|  89|0x0000000085900000, 0x0000000085a00000, 0x0000000085a00000|100%| O|  |TAMS 0x0000000085a00000, 0x0000000085900000| Complete 
|  90|0x0000000085a00000, 0x0000000085b00000, 0x0000000085b00000|100%| O|  |TAMS 0x0000000085b00000, 0x0000000085a00000| Complete 
|  91|0x0000000085b00000, 0x0000000085c00000, 0x0000000085c00000|100%| O|  |TAMS 0x0000000085c00000, 0x0000000085b00000| Complete 
|  92|0x0000000085c00000, 0x0000000085d00000, 0x0000000085d00000|100%| O|  |TAMS 0x0000000085d00000, 0x0000000085c00000| Complete 
|  93|0x0000000085d00000, 0x0000000085e00000, 0x0000000085e00000|100%| O|  |TAMS 0x0000000085e00000, 0x0000000085d00000| Untracked 
|  94|0x0000000085e00000, 0x0000000085f00000, 0x0000000085f00000|100%| O|  |TAMS 0x0000000085f00000, 0x0000000085e00000| Complete 
|  95|0x0000000085f00000, 0x0000000086000000, 0x0000000086000000|100%| O|  |TAMS 0x0000000086000000, 0x0000000085f00000| Complete 
|  96|0x0000000086000000, 0x0000000086100000, 0x0000000086100000|100%| O|  |TAMS 0x0000000086100000, 0x0000000086000000| Complete 
|  97|0x0000000086100000, 0x0000000086200000, 0x0000000086200000|100%| O|  |TAMS 0x0000000086200000, 0x0000000086100000| Complete 
|  98|0x0000000086200000, 0x0000000086300000, 0x0000000086300000|100%| O|  |TAMS 0x0000000086300000, 0x0000000086200000| Untracked 
|  99|0x0000000086300000, 0x0000000086300000, 0x0000000086400000|  0%| F|  |TAMS 0x0000000086300000, 0x0000000086300000| Untracked 
| 100|0x0000000086400000, 0x0000000086500000, 0x0000000086500000|100%| O|  |TAMS 0x0000000086500000, 0x0000000086400000| Complete 
| 101|0x0000000086500000, 0x0000000086600000, 0x0000000086600000|100%| O|  |TAMS 0x0000000086600000, 0x0000000086500000| Complete 
| 102|0x0000000086600000, 0x0000000086700000, 0x0000000086700000|100%| O|  |TAMS 0x0000000086700000, 0x0000000086600000| Untracked 
| 103|0x0000000086700000, 0x0000000086800000, 0x0000000086800000|100%| O|  |TAMS 0x0000000086800000, 0x0000000086700000| Untracked 
| 104|0x0000000086800000, 0x0000000086900000, 0x0000000086900000|100%| O|  |TAMS 0x0000000086900000, 0x0000000086800000| Complete 
| 105|0x0000000086900000, 0x0000000086a00000, 0x0000000086a00000|100%| O|  |TAMS 0x0000000086a00000, 0x0000000086900000| Untracked 
| 106|0x0000000086a00000, 0x0000000086a22400, 0x0000000086b00000| 13%| O|  |TAMS 0x0000000086a22400, 0x0000000086a00000| Untracked 
| 107|0x0000000086b00000, 0x0000000086c00000, 0x0000000086c00000|100%|HS|  |TAMS 0x0000000086b00000, 0x0000000086b00000| Complete 
| 108|0x0000000086c00000, 0x0000000086d00000, 0x0000000086d00000|100%|HC|  |TAMS 0x0000000086c00000, 0x0000000086c00000| Complete 
| 109|0x0000000086d00000, 0x0000000086d00000, 0x0000000086e00000|  0%| F|  |TAMS 0x0000000086d00000, 0x0000000086d00000| Untracked 
| 110|0x0000000086e00000, 0x0000000086e00000, 0x0000000086f00000|  0%| F|  |TAMS 0x0000000086e00000, 0x0000000086e00000| Untracked 
| 111|0x0000000086f00000, 0x0000000086f00000, 0x0000000087000000|  0%| F|  |TAMS 0x0000000086f00000, 0x0000000086f00000| Untracked 
| 112|0x0000000087000000, 0x0000000087000000, 0x0000000087100000|  0%| F|  |TAMS 0x0000000087000000, 0x0000000087000000| Untracked 
| 113|0x0000000087100000, 0x0000000087100000, 0x0000000087200000|  0%| F|  |TAMS 0x0000000087100000, 0x0000000087100000| Untracked 
| 114|0x0000000087200000, 0x0000000087200000, 0x0000000087300000|  0%| F|  |TAMS 0x0000000087200000, 0x0000000087200000| Untracked 
| 115|0x0000000087300000, 0x0000000087300000, 0x0000000087400000|  0%| F|  |TAMS 0x0000000087300000, 0x0000000087300000| Untracked 
| 116|0x0000000087400000, 0x0000000087400000, 0x0000000087500000|  0%| F|  |TAMS 0x0000000087400000, 0x0000000087400000| Untracked 
| 117|0x0000000087500000, 0x0000000087500000, 0x0000000087600000|  0%| F|  |TAMS 0x0000000087500000, 0x0000000087500000| Untracked 
| 118|0x0000000087600000, 0x0000000087600000, 0x0000000087700000|  0%| F|  |TAMS 0x0000000087600000, 0x0000000087600000| Untracked 
| 119|0x0000000087700000, 0x0000000087700000, 0x0000000087800000|  0%| F|  |TAMS 0x0000000087700000, 0x0000000087700000| Untracked 
| 120|0x0000000087800000, 0x0000000087800000, 0x0000000087900000|  0%| F|  |TAMS 0x0000000087800000, 0x0000000087800000| Untracked 
| 121|0x0000000087900000, 0x0000000087900000, 0x0000000087a00000|  0%| F|  |TAMS 0x0000000087900000, 0x0000000087900000| Untracked 
| 122|0x0000000087a00000, 0x0000000087a00000, 0x0000000087b00000|  0%| F|  |TAMS 0x0000000087a00000, 0x0000000087a00000| Untracked 
| 123|0x0000000087b00000, 0x0000000087b00000, 0x0000000087c00000|  0%| F|  |TAMS 0x0000000087b00000, 0x0000000087b00000| Untracked 
| 124|0x0000000087c00000, 0x0000000087c00000, 0x0000000087d00000|  0%| F|  |TAMS 0x0000000087c00000, 0x0000000087c00000| Untracked 
| 125|0x0000000087d00000, 0x0000000087d00000, 0x0000000087e00000|  0%| F|  |TAMS 0x0000000087d00000, 0x0000000087d00000| Untracked 
| 126|0x0000000087e00000, 0x0000000087e00000, 0x0000000087f00000|  0%| F|  |TAMS 0x0000000087e00000, 0x0000000087e00000| Untracked 
| 127|0x0000000087f00000, 0x0000000087f00000, 0x0000000088000000|  0%| F|  |TAMS 0x0000000087f00000, 0x0000000087f00000| Untracked 
| 128|0x0000000088000000, 0x0000000088000000, 0x0000000088100000|  0%| F|  |TAMS 0x0000000088000000, 0x0000000088000000| Untracked 
| 129|0x0000000088100000, 0x0000000088100000, 0x0000000088200000|  0%| F|  |TAMS 0x0000000088100000, 0x0000000088100000| Untracked 
| 130|0x0000000088200000, 0x0000000088200000, 0x0000000088300000|  0%| F|  |TAMS 0x0000000088200000, 0x0000000088200000| Untracked 
| 131|0x0000000088300000, 0x0000000088300000, 0x0000000088400000|  0%| F|  |TAMS 0x0000000088300000, 0x0000000088300000| Untracked 
| 132|0x0000000088400000, 0x0000000088400000, 0x0000000088500000|  0%| F|  |TAMS 0x0000000088400000, 0x0000000088400000| Untracked 
| 133|0x0000000088500000, 0x0000000088500000, 0x0000000088600000|  0%| F|  |TAMS 0x0000000088500000, 0x0000000088500000| Untracked 
| 134|0x0000000088600000, 0x0000000088600000, 0x0000000088700000|  0%| F|  |TAMS 0x0000000088600000, 0x0000000088600000| Untracked 
| 135|0x0000000088700000, 0x0000000088700000, 0x0000000088800000|  0%| F|  |TAMS 0x0000000088700000, 0x0000000088700000| Untracked 
| 136|0x0000000088800000, 0x0000000088800000, 0x0000000088900000|  0%| F|  |TAMS 0x0000000088800000, 0x0000000088800000| Untracked 
| 137|0x0000000088900000, 0x0000000088900000, 0x0000000088a00000|  0%| F|  |TAMS 0x0000000088900000, 0x0000000088900000| Untracked 
| 138|0x0000000088a00000, 0x0000000088a00000, 0x0000000088b00000|  0%| F|  |TAMS 0x0000000088a00000, 0x0000000088a00000| Untracked 
| 139|0x0000000088b00000, 0x0000000088b00000, 0x0000000088c00000|  0%| F|  |TAMS 0x0000000088b00000, 0x0000000088b00000| Untracked 
| 140|0x0000000088c00000, 0x0000000088c00000, 0x0000000088d00000|  0%| F|  |TAMS 0x0000000088c00000, 0x0000000088c00000| Untracked 
| 141|0x0000000088d00000, 0x0000000088d00000, 0x0000000088e00000|  0%| F|  |TAMS 0x0000000088d00000, 0x0000000088d00000| Untracked 
| 142|0x0000000088e00000, 0x0000000088e00000, 0x0000000088f00000|  0%| F|  |TAMS 0x0000000088e00000, 0x0000000088e00000| Untracked 
| 143|0x0000000088f00000, 0x0000000088f00000, 0x0000000089000000|  0%| F|  |TAMS 0x0000000088f00000, 0x0000000088f00000| Untracked 
| 144|0x0000000089000000, 0x0000000089000000, 0x0000000089100000|  0%| F|  |TAMS 0x0000000089000000, 0x0000000089000000| Untracked 
| 145|0x0000000089100000, 0x0000000089100000, 0x0000000089200000|  0%| F|  |TAMS 0x0000000089100000, 0x0000000089100000| Untracked 
| 146|0x0000000089200000, 0x0000000089200000, 0x0000000089300000|  0%| F|  |TAMS 0x0000000089200000, 0x0000000089200000| Untracked 
| 147|0x0000000089300000, 0x0000000089300000, 0x0000000089400000|  0%| F|  |TAMS 0x0000000089300000, 0x0000000089300000| Untracked 
| 148|0x0000000089400000, 0x0000000089400000, 0x0000000089500000|  0%| F|  |TAMS 0x0000000089400000, 0x0000000089400000| Untracked 
| 149|0x0000000089500000, 0x0000000089500000, 0x0000000089600000|  0%| F|  |TAMS 0x0000000089500000, 0x0000000089500000| Untracked 
| 150|0x0000000089600000, 0x00000000896c8ad0, 0x0000000089700000| 78%| S|CS|TAMS 0x0000000089600000, 0x0000000089600000| Complete 
| 151|0x0000000089700000, 0x0000000089800000, 0x0000000089800000|100%| S|CS|TAMS 0x0000000089700000, 0x0000000089700000| Complete 
| 152|0x0000000089800000, 0x0000000089900000, 0x0000000089900000|100%| S|CS|TAMS 0x0000000089800000, 0x0000000089800000| Complete 
| 153|0x0000000089900000, 0x0000000089a00000, 0x0000000089a00000|100%| S|CS|TAMS 0x0000000089900000, 0x0000000089900000| Complete 
| 154|0x0000000089a00000, 0x0000000089a00000, 0x0000000089b00000|  0%| F|  |TAMS 0x0000000089a00000, 0x0000000089a00000| Untracked 
| 155|0x0000000089b00000, 0x0000000089b00000, 0x0000000089c00000|  0%| F|  |TAMS 0x0000000089b00000, 0x0000000089b00000| Untracked 
| 156|0x0000000089c00000, 0x0000000089c00000, 0x0000000089d00000|  0%| F|  |TAMS 0x0000000089c00000, 0x0000000089c00000| Untracked 
| 157|0x0000000089d00000, 0x0000000089d00000, 0x0000000089e00000|  0%| F|  |TAMS 0x0000000089d00000, 0x0000000089d00000| Untracked 
| 158|0x0000000089e00000, 0x0000000089e00000, 0x0000000089f00000|  0%| F|  |TAMS 0x0000000089e00000, 0x0000000089e00000| Untracked 
| 159|0x0000000089f00000, 0x0000000089f00000, 0x000000008a000000|  0%| F|  |TAMS 0x0000000089f00000, 0x0000000089f00000| Untracked 
| 160|0x000000008a000000, 0x000000008a000000, 0x000000008a100000|  0%| F|  |TAMS 0x000000008a000000, 0x000000008a000000| Untracked 
| 161|0x000000008a100000, 0x000000008a100000, 0x000000008a200000|  0%| F|  |TAMS 0x000000008a100000, 0x000000008a100000| Untracked 
| 162|0x000000008a200000, 0x000000008a200000, 0x000000008a300000|  0%| F|  |TAMS 0x000000008a200000, 0x000000008a200000| Untracked 
| 163|0x000000008a300000, 0x000000008a300000, 0x000000008a400000|  0%| F|  |TAMS 0x000000008a300000, 0x000000008a300000| Untracked 
| 164|0x000000008a400000, 0x000000008a400000, 0x000000008a500000|  0%| F|  |TAMS 0x000000008a400000, 0x000000008a400000| Untracked 
| 165|0x000000008a500000, 0x000000008a500000, 0x000000008a600000|  0%| F|  |TAMS 0x000000008a500000, 0x000000008a500000| Untracked 
| 166|0x000000008a600000, 0x000000008a600000, 0x000000008a700000|  0%| F|  |TAMS 0x000000008a600000, 0x000000008a600000| Untracked 
| 167|0x000000008a700000, 0x000000008a700000, 0x000000008a800000|  0%| F|  |TAMS 0x000000008a700000, 0x000000008a700000| Untracked 
| 168|0x000000008a800000, 0x000000008a800000, 0x000000008a900000|  0%| F|  |TAMS 0x000000008a800000, 0x000000008a800000| Untracked 
| 169|0x000000008a900000, 0x000000008a900000, 0x000000008aa00000|  0%| F|  |TAMS 0x000000008a900000, 0x000000008a900000| Untracked 
| 170|0x000000008aa00000, 0x000000008aa00000, 0x000000008ab00000|  0%| F|  |TAMS 0x000000008aa00000, 0x000000008aa00000| Untracked 
| 171|0x000000008ab00000, 0x000000008ab00000, 0x000000008ac00000|  0%| F|  |TAMS 0x000000008ab00000, 0x000000008ab00000| Untracked 
| 172|0x000000008ac00000, 0x000000008ac00000, 0x000000008ad00000|  0%| F|  |TAMS 0x000000008ac00000, 0x000000008ac00000| Untracked 
| 173|0x000000008ad00000, 0x000000008ad00000, 0x000000008ae00000|  0%| F|  |TAMS 0x000000008ad00000, 0x000000008ad00000| Untracked 
| 174|0x000000008ae00000, 0x000000008ae00000, 0x000000008af00000|  0%| F|  |TAMS 0x000000008ae00000, 0x000000008ae00000| Untracked 
| 175|0x000000008af00000, 0x000000008af00000, 0x000000008b000000|  0%| F|  |TAMS 0x000000008af00000, 0x000000008af00000| Untracked 
| 176|0x000000008b000000, 0x000000008b000000, 0x000000008b100000|  0%| F|  |TAMS 0x000000008b000000, 0x000000008b000000| Untracked 
| 177|0x000000008b100000, 0x000000008b100000, 0x000000008b200000|  0%| F|  |TAMS 0x000000008b100000, 0x000000008b100000| Untracked 
| 178|0x000000008b200000, 0x000000008b200000, 0x000000008b300000|  0%| F|  |TAMS 0x000000008b200000, 0x000000008b200000| Untracked 
| 179|0x000000008b300000, 0x000000008b300000, 0x000000008b400000|  0%| F|  |TAMS 0x000000008b300000, 0x000000008b300000| Untracked 
| 180|0x000000008b400000, 0x000000008b400000, 0x000000008b500000|  0%| F|  |TAMS 0x000000008b400000, 0x000000008b400000| Untracked 
| 181|0x000000008b500000, 0x000000008b500000, 0x000000008b600000|  0%| F|  |TAMS 0x000000008b500000, 0x000000008b500000| Untracked 
| 182|0x000000008b600000, 0x000000008b600000, 0x000000008b700000|  0%| F|  |TAMS 0x000000008b600000, 0x000000008b600000| Untracked 
| 183|0x000000008b700000, 0x000000008b700000, 0x000000008b800000|  0%| F|  |TAMS 0x000000008b700000, 0x000000008b700000| Untracked 
| 184|0x000000008b800000, 0x000000008b800000, 0x000000008b900000|  0%| F|  |TAMS 0x000000008b800000, 0x000000008b800000| Untracked 
| 185|0x000000008b900000, 0x000000008ba00000, 0x000000008ba00000|100%| E|  |TAMS 0x000000008b900000, 0x000000008b900000| Complete 
| 186|0x000000008ba00000, 0x000000008bb00000, 0x000000008bb00000|100%| E|CS|TAMS 0x000000008ba00000, 0x000000008ba00000| Complete 
| 187|0x000000008bb00000, 0x000000008bc00000, 0x000000008bc00000|100%| E|CS|TAMS 0x000000008bb00000, 0x000000008bb00000| Complete 
| 188|0x000000008bc00000, 0x000000008bd00000, 0x000000008bd00000|100%| E|CS|TAMS 0x000000008bc00000, 0x000000008bc00000| Complete 
| 189|0x000000008bd00000, 0x000000008be00000, 0x000000008be00000|100%| E|CS|TAMS 0x000000008bd00000, 0x000000008bd00000| Complete 
| 190|0x000000008be00000, 0x000000008bf00000, 0x000000008bf00000|100%| E|CS|TAMS 0x000000008be00000, 0x000000008be00000| Complete 
| 191|0x000000008bf00000, 0x000000008c000000, 0x000000008c000000|100%| E|CS|TAMS 0x000000008bf00000, 0x000000008bf00000| Complete 
| 192|0x000000008c000000, 0x000000008c100000, 0x000000008c100000|100%| E|  |TAMS 0x000000008c000000, 0x000000008c000000| Complete 
| 193|0x000000008c100000, 0x000000008c200000, 0x000000008c200000|100%| E|CS|TAMS 0x000000008c100000, 0x000000008c100000| Complete 
| 194|0x000000008c200000, 0x000000008c300000, 0x000000008c300000|100%| E|CS|TAMS 0x000000008c200000, 0x000000008c200000| Complete 
| 195|0x000000008c300000, 0x000000008c400000, 0x000000008c400000|100%| E|CS|TAMS 0x000000008c300000, 0x000000008c300000| Complete 
| 196|0x000000008c400000, 0x000000008c500000, 0x000000008c500000|100%| E|CS|TAMS 0x000000008c400000, 0x000000008c400000| Complete 
| 197|0x000000008c500000, 0x000000008c600000, 0x000000008c600000|100%| E|CS|TAMS 0x000000008c500000, 0x000000008c500000| Complete 
| 198|0x000000008c600000, 0x000000008c700000, 0x000000008c700000|100%| E|CS|TAMS 0x000000008c600000, 0x000000008c600000| Complete 
| 199|0x000000008c700000, 0x000000008c800000, 0x000000008c800000|100%| E|CS|TAMS 0x000000008c700000, 0x000000008c700000| Complete 
| 200|0x000000008c800000, 0x000000008c900000, 0x000000008c900000|100%| E|CS|TAMS 0x000000008c800000, 0x000000008c800000| Complete 
| 201|0x000000008c900000, 0x000000008ca00000, 0x000000008ca00000|100%| E|CS|TAMS 0x000000008c900000, 0x000000008c900000| Complete 
| 202|0x000000008ca00000, 0x000000008cb00000, 0x000000008cb00000|100%| E|CS|TAMS 0x000000008ca00000, 0x000000008ca00000| Complete 
| 203|0x000000008cb00000, 0x000000008cc00000, 0x000000008cc00000|100%| E|CS|TAMS 0x000000008cb00000, 0x000000008cb00000| Complete 
| 204|0x000000008cc00000, 0x000000008cd00000, 0x000000008cd00000|100%| E|CS|TAMS 0x000000008cc00000, 0x000000008cc00000| Complete 
| 205|0x000000008cd00000, 0x000000008ce00000, 0x000000008ce00000|100%| E|CS|TAMS 0x000000008cd00000, 0x000000008cd00000| Complete 
| 206|0x000000008ce00000, 0x000000008cf00000, 0x000000008cf00000|100%| E|CS|TAMS 0x000000008ce00000, 0x000000008ce00000| Complete 
| 207|0x000000008cf00000, 0x000000008d000000, 0x000000008d000000|100%| E|CS|TAMS 0x000000008cf00000, 0x000000008cf00000| Complete 
| 208|0x000000008d000000, 0x000000008d100000, 0x000000008d100000|100%| E|CS|TAMS 0x000000008d000000, 0x000000008d000000| Complete 
| 209|0x000000008d100000, 0x000000008d200000, 0x000000008d200000|100%| E|CS|TAMS 0x000000008d100000, 0x000000008d100000| Complete 
| 210|0x000000008d200000, 0x000000008d300000, 0x000000008d300000|100%| E|CS|TAMS 0x000000008d200000, 0x000000008d200000| Complete 
| 211|0x000000008d300000, 0x000000008d400000, 0x000000008d400000|100%| E|CS|TAMS 0x000000008d300000, 0x000000008d300000| Complete 
| 212|0x000000008d400000, 0x000000008d500000, 0x000000008d500000|100%| E|CS|TAMS 0x000000008d400000, 0x000000008d400000| Complete 
| 213|0x000000008d500000, 0x000000008d600000, 0x000000008d600000|100%| E|CS|TAMS 0x000000008d500000, 0x000000008d500000| Complete 
| 214|0x000000008d600000, 0x000000008d700000, 0x000000008d700000|100%| E|CS|TAMS 0x000000008d600000, 0x000000008d600000| Complete 
| 215|0x000000008d700000, 0x000000008d800000, 0x000000008d800000|100%| E|CS|TAMS 0x000000008d700000, 0x000000008d700000| Complete 
| 216|0x000000008d800000, 0x000000008d900000, 0x000000008d900000|100%| E|CS|TAMS 0x000000008d800000, 0x000000008d800000| Complete 
| 217|0x000000008d900000, 0x000000008da00000, 0x000000008da00000|100%| E|CS|TAMS 0x000000008d900000, 0x000000008d900000| Complete 
| 218|0x000000008da00000, 0x000000008db00000, 0x000000008db00000|100%| E|CS|TAMS 0x000000008da00000, 0x000000008da00000| Complete 
| 219|0x000000008db00000, 0x000000008dc00000, 0x000000008dc00000|100%| E|CS|TAMS 0x000000008db00000, 0x000000008db00000| Complete 
| 220|0x000000008dc00000, 0x000000008dd00000, 0x000000008dd00000|100%| E|CS|TAMS 0x000000008dc00000, 0x000000008dc00000| Complete 
| 221|0x000000008dd00000, 0x000000008de00000, 0x000000008de00000|100%| E|CS|TAMS 0x000000008dd00000, 0x000000008dd00000| Complete 

Card table byte_map: [0x000002795caa0000,0x000002795cea0000] _byte_map_base: 0x000002795c6a0000

Marking Bits (Prev, Next): (CMBitMap*) 0x0000027947df0200, (CMBitMap*) 0x0000027947df01c8
 Prev Bits: [0x000002795f2a0000, 0x00000279612a0000)
 Next Bits: [0x000002795d2a0000, 0x000002795f2a0000)

Polling page: 0x000002794d050000

Metaspace:

Usage:
  Non-class:     90.49 MB capacity,    88.92 MB ( 98%) used,     1.28 MB (  1%) free+waste,   299.31 KB ( <1%) overhead. 
      Class:     13.77 MB capacity,    12.87 MB ( 93%) used,   785.66 KB (  6%) free+waste,   131.69 KB ( <1%) overhead. 
       Both:    104.26 MB capacity,   101.80 MB ( 98%) used,     2.04 MB (  2%) free+waste,   431.00 KB ( <1%) overhead. 

Virtual space:
  Non-class space:       92.00 MB reserved,      90.56 MB ( 98%) committed 
      Class space:        1.00 GB reserved,      13.88 MB (  1%) committed 
             Both:        1.09 GB reserved,     104.43 MB (  9%) committed 

Chunk freelists:
   Non-Class:  3.00 KB
       Class:  12.00 KB
        Both:  15.00 KB

MaxMetaspaceSize: 17179869184.00 GB
CompressedClassSpaceSize: 1.00 GB

CodeHeap 'non-profiled nmethods': size=120064Kb used=7272Kb max_used=7272Kb free=112791Kb
 bounds [0x0000027954b30000, 0x0000027955250000, 0x000002795c070000]
CodeHeap 'profiled nmethods': size=120000Kb used=30067Kb max_used=30067Kb free=89933Kb
 bounds [0x000002794d600000, 0x000002794f360000, 0x0000027954b30000]
CodeHeap 'non-nmethods': size=5696Kb used=2343Kb max_used=2386Kb free=3352Kb
 bounds [0x000002794d070000, 0x000002794d2e0000, 0x000002794d600000]
 total_blobs=15536 nmethods=14575 adapters=871
 compilation: enabled
              stopped_count=0, restarted_count=0
 full_count=0

Compilation events (20 events):
Event: 117.254 Thread 0x000002796390d800 14885       3       com.google.common.collect.TransformedIterator::next (14 bytes)
Event: 117.254 Thread 0x000002796390d800 nmethod 14885 0x000002794f357710 code [0x000002794f3578e0, 0x000002794f357b58]
Event: 117.259 Thread 0x000002796390d800 14886       3       org.gradle.internal.snapshot.AbstractIncompleteFileSystemNode::invalidate (65 bytes)
Event: 117.260 Thread 0x000002796390d800 nmethod 14886 0x000002794f357c90 code [0x000002794f357f40, 0x000002794f358d28]
Event: 117.260 Thread 0x000002796390d800 14887       3       org.gradle.internal.snapshot.AbstractIncompleteFileSystemNode$1::<init> (20 bytes)
Event: 117.261 Thread 0x000002796390d800 nmethod 14887 0x000002794f359190 code [0x000002794f359340, 0x000002794f3595b8]
Event: 117.261 Thread 0x000002796390d800 14888       3       org.gradle.internal.snapshot.AbstractListChildMap::invalidate (72 bytes)
Event: 117.263 Thread 0x000002796390d800 nmethod 14888 0x000002794f359690 code [0x000002794f3599a0, 0x000002794f35ad58]
Event: 117.289 Thread 0x0000027963909000 nmethod 14875 0x0000027955245410 code [0x00000279552455e0, 0x0000027955246558]
Event: 117.289 Thread 0x0000027963909000 14879       4       org.gradle.internal.file.DefaultFileHierarchySet$PrefixFileSet::contains (10 bytes)
Event: 117.449 Thread 0x0000027963909000 nmethod 14879 0x0000027955246e10 code [0x00000279552470e0, 0x0000027955248f38]
Event: 117.531 Thread 0x0000027963909000 14889       4       org.gradle.internal.model.CalculatedValueContainer::getValue (35 bytes)
Event: 117.532 Thread 0x0000027963909000 nmethod 14889 0x000002795524a110 code [0x000002795524a2a0, 0x000002795524a318]
Event: 117.532 Thread 0x0000027963909000 14890       4       org.gradle.api.internal.artifacts.transform.AbstractTransformedArtifactSet::visit (97 bytes)
Event: 117.638 Thread 0x000002796390d800 14893       3       java.io.RandomAccessFile::close (42 bytes)
Event: 117.640 Thread 0x000002796390d800 nmethod 14893 0x000002794f35b410 code [0x000002794f35b680, 0x000002794f35c008]
Event: 117.687 Thread 0x000002796390d800 14894       3       java.util.jar.JarFile::getMetaInfEntryNames (10 bytes)
Event: 117.688 Thread 0x000002796390d800 nmethod 14894 0x000002794f35c410 code [0x000002794f35c5e0, 0x000002794f35c768]
Event: 117.688 Thread 0x000002796390d800 14895       3       java.util.zip.ZipFile$1::getMetaInfEntryNames (5 bytes)
Event: 117.688 Thread 0x000002796390d800 nmethod 14895 0x000002794f35c890 code [0x000002794f35ca40, 0x000002794f35cb68]

GC Heap History (20 events):
Event: 23.914 GC heap before
{Heap before GC invocations=21 (full 0):
 garbage-first heap   total 189440K, used 103145K [0x0000000080000000, 0x0000000100000000)
  region size 1024K, 19 young (19456K), 10 survivors (10240K)
 Metaspace       used 88485K, capacity 90647K, committed 90940K, reserved 1128448K
  class space    used 11387K, capacity 12165K, committed 12288K, reserved 1048576K
}
Event: 23.938 GC heap after
{Heap after GC invocations=22 (full 0):
 garbage-first heap   total 189440K, used 98799K [0x0000000080000000, 0x0000000100000000)
  region size 1024K, 7 young (7168K), 7 survivors (7168K)
 Metaspace       used 88485K, capacity 90647K, committed 90940K, reserved 1128448K
  class space    used 11387K, capacity 12165K, committed 12288K, reserved 1048576K
}
Event: 24.928 GC heap before
{Heap before GC invocations=23 (full 0):
 garbage-first heap   total 189440K, used 138735K [0x0000000080000000, 0x0000000100000000)
  region size 1024K, 39 young (39936K), 7 survivors (7168K)
 Metaspace       used 90696K, capacity 92871K, committed 92988K, reserved 1130496K
  class space    used 11629K, capacity 12434K, committed 12544K, reserved 1048576K
}
Event: 24.941 GC heap after
{Heap after GC invocations=24 (full 0):
 garbage-first heap   total 227328K, used 92985K [0x0000000080000000, 0x0000000100000000)
  region size 1024K, 3 young (3072K), 3 survivors (3072K)
 Metaspace       used 90696K, capacity 92871K, committed 92988K, reserved 1130496K
  class space    used 11629K, capacity 12434K, committed 12544K, reserved 1048576K
}
Event: 26.242 GC heap before
{Heap before GC invocations=24 (full 0):
 garbage-first heap   total 227328K, used 147257K [0x0000000080000000, 0x0000000100000000)
  region size 1024K, 57 young (58368K), 3 survivors (3072K)
 Metaspace       used 92671K, capacity 94905K, committed 95036K, reserved 1132544K
  class space    used 11863K, capacity 12686K, committed 12800K, reserved 1048576K
}
Event: 26.256 GC heap after
{Heap after GC invocations=25 (full 0):
 garbage-first heap   total 227328K, used 95609K [0x0000000080000000, 0x0000000100000000)
  region size 1024K, 5 young (5120K), 5 survivors (5120K)
 Metaspace       used 92671K, capacity 94905K, committed 95036K, reserved 1132544K
  class space    used 11863K, capacity 12686K, committed 12800K, reserved 1048576K
}
Event: 27.194 GC heap before
{Heap before GC invocations=25 (full 0):
 garbage-first heap   total 227328K, used 155001K [0x0000000080000000, 0x0000000100000000)
  region size 1024K, 64 young (65536K), 5 survivors (5120K)
 Metaspace       used 94812K, capacity 97022K, committed 97340K, reserved 1134592K
  class space    used 12143K, capacity 12942K, committed 13056K, reserved 1048576K
}
Event: 27.206 GC heap after
{Heap after GC invocations=26 (full 0):
 garbage-first heap   total 227328K, used 97740K [0x0000000080000000, 0x0000000100000000)
  region size 1024K, 6 young (6144K), 6 survivors (6144K)
 Metaspace       used 94812K, capacity 97022K, committed 97340K, reserved 1134592K
  class space    used 12143K, capacity 12942K, committed 13056K, reserved 1048576K
}
Event: 31.626 GC heap before
{Heap before GC invocations=26 (full 0):
 garbage-first heap   total 227328K, used 160204K [0x0000000080000000, 0x0000000100000000)
  region size 1024K, 68 young (69632K), 6 survivors (6144K)
 Metaspace       used 96499K, capacity 98719K, committed 99004K, reserved 1134592K
  class space    used 12317K, capacity 13124K, committed 13184K, reserved 1048576K
}
Event: 31.644 GC heap after
{Heap after GC invocations=27 (full 0):
 garbage-first heap   total 227328K, used 104131K [0x0000000080000000, 0x0000000100000000)
  region size 1024K, 9 young (9216K), 9 survivors (9216K)
 Metaspace       used 96499K, capacity 98719K, committed 99004K, reserved 1134592K
  class space    used 12317K, capacity 13124K, committed 13184K, reserved 1048576K
}
Event: 32.255 GC heap before
{Heap before GC invocations=27 (full 0):
 garbage-first heap   total 227328K, used 165571K [0x0000000080000000, 0x0000000100000000)
  region size 1024K, 70 young (71680K), 9 survivors (9216K)
 Metaspace       used 97177K, capacity 99370K, committed 99644K, reserved 1136640K
  class space    used 12393K, capacity 13190K, committed 13312K, reserved 1048576K
}
Event: 32.275 GC heap after
{Heap after GC invocations=28 (full 0):
 garbage-first heap   total 227328K, used 106094K [0x0000000080000000, 0x0000000100000000)
  region size 1024K, 4 young (4096K), 4 survivors (4096K)
 Metaspace       used 97177K, capacity 99370K, committed 99644K, reserved 1136640K
  class space    used 12393K, capacity 13190K, committed 13312K, reserved 1048576K
}
Event: 33.525 GC heap before
{Heap before GC invocations=28 (full 0):
 garbage-first heap   total 227328K, used 171630K [0x0000000080000000, 0x0000000100000000)
  region size 1024K, 68 young (69632K), 4 survivors (4096K)
 Metaspace       used 99986K, capacity 102233K, committed 102460K, reserved 1138688K
  class space    used 12716K, capacity 13564K, committed 13568K, reserved 1048576K
}
Event: 33.545 GC heap after
{Heap after GC invocations=29 (full 0):
 garbage-first heap   total 227328K, used 109842K [0x0000000080000000, 0x0000000100000000)
  region size 1024K, 8 young (8192K), 8 survivors (8192K)
 Metaspace       used 99986K, capacity 102233K, committed 102460K, reserved 1138688K
  class space    used 12716K, capacity 13564K, committed 13568K, reserved 1048576K
}
Event: 68.159 GC heap before
{Heap before GC invocations=30 (full 0):
 garbage-first heap   total 227328K, used 171282K [0x0000000080000000, 0x0000000100000000)
  region size 1024K, 72 young (73728K), 8 survivors (8192K)
 Metaspace       used 103228K, capacity 105777K, committed 106044K, reserved 1140736K
  class space    used 13127K, capacity 14042K, committed 14080K, reserved 1048576K
}
Event: 68.183 GC heap after
{Heap after GC invocations=31 (full 0):
 garbage-first heap   total 227328K, used 108677K [0x0000000080000000, 0x0000000100000000)
  region size 1024K, 9 young (9216K), 9 survivors (9216K)
 Metaspace       used 103228K, capacity 105777K, committed 106044K, reserved 1140736K
  class space    used 13127K, capacity 14042K, committed 14080K, reserved 1048576K
}
Event: 68.225 GC heap before
{Heap before GC invocations=31 (full 0):
 garbage-first heap   total 227328K, used 110725K [0x0000000080000000, 0x0000000100000000)
  region size 1024K, 11 young (11264K), 9 survivors (9216K)
 Metaspace       used 103258K, capacity 105778K, committed 106044K, reserved 1140736K
  class space    used 13128K, capacity 14042K, committed 14080K, reserved 1048576K
}
Event: 68.251 GC heap after
{Heap after GC invocations=32 (full 0):
 garbage-first heap   total 227328K, used 107055K [0x0000000080000000, 0x0000000100000000)
  region size 1024K, 2 young (2048K), 2 survivors (2048K)
 Metaspace       used 103258K, capacity 105778K, committed 106044K, reserved 1140736K
  class space    used 13128K, capacity 14042K, committed 14080K, reserved 1048576K
}
Event: 115.645 GC heap before
{Heap before GC invocations=32 (full 0):
 garbage-first heap   total 227328K, used 174639K [0x0000000080000000, 0x0000000100000000)
  region size 1024K, 68 young (69632K), 2 survivors (2048K)
 Metaspace       used 103832K, capacity 106416K, committed 106684K, reserved 1142784K
  class space    used 13161K, capacity 14091K, committed 14208K, reserved 1048576K
}
Event: 115.777 GC heap after
{Heap after GC invocations=33 (full 0):
 garbage-first heap   total 227328K, used 109483K [0x0000000080000000, 0x0000000100000000)
  region size 1024K, 4 young (4096K), 4 survivors (4096K)
 Metaspace       used 103832K, capacity 106416K, committed 106684K, reserved 1142784K
  class space    used 13161K, capacity 14091K, committed 14208K, reserved 1048576K
}

Deoptimization events (20 events):
Event: 116.986 Thread 0x000002796c8e3000 Uncommon trap: trap_request=0xffffff4d fr.pc=0x000002795512e620 relative=0x0000000000000100
Event: 116.986 Thread 0x000002796c8e3000 Uncommon trap: reason=unstable_if action=reinterpret pc=0x000002795512e620 method=java.io.ObjectOutputStream$BlockDataOutputStream.writeInt(I)V @ 9 c2
Event: 116.986 Thread 0x000002796c8e3000 DEOPT PACKING pc=0x000002795512e620 sp=0x0000007d26ffa910
Event: 116.987 Thread 0x000002796c8e3000 DEOPT UNPACKING pc=0x000002794d0978af sp=0x0000007d26ffa8a8 mode 2
Event: 117.045 Thread 0x00000279662b0800 Uncommon trap: trap_request=0xffffff4d fr.pc=0x000002795512ae54 relative=0x00000000000014f4
Event: 117.045 Thread 0x00000279662b0800 Uncommon trap: reason=unstable_if action=reinterpret pc=0x000002795512ae54 method=org.gradle.internal.file.DefaultFileHierarchySet$Node.isChildOfOrThis(Ljava/lang/String;I)Z @ 7 c2
Event: 117.045 Thread 0x00000279662b0800 DEOPT PACKING pc=0x000002795512ae54 sp=0x0000007d267feaf0
Event: 117.045 Thread 0x00000279662b0800 DEOPT UNPACKING pc=0x000002794d0978af sp=0x0000007d267fea38 mode 2
Event: 117.046 Thread 0x00000279662b0800 Uncommon trap: trap_request=0xffffff4d fr.pc=0x0000027955012014 relative=0x00000000000005d4
Event: 117.046 Thread 0x00000279662b0800 Uncommon trap: reason=unstable_if action=reinterpret pc=0x0000027955012014 method=org.gradle.internal.file.DefaultFileHierarchySet$Node.isChildOfOrThis(Ljava/lang/String;I)Z @ 7 c2
Event: 117.046 Thread 0x00000279662b0800 DEOPT PACKING pc=0x0000027955012014 sp=0x0000007d267feaa0
Event: 117.046 Thread 0x00000279662b0800 DEOPT UNPACKING pc=0x000002794d0978af sp=0x0000007d267fea28 mode 2
Event: 117.200 Thread 0x00000279662b0800 Uncommon trap: trap_request=0xffffff4d fr.pc=0x000002795503a4f0 relative=0x0000000000000e70
Event: 117.200 Thread 0x00000279662b0800 Uncommon trap: reason=unstable_if action=reinterpret pc=0x000002795503a4f0 method=org.gradle.internal.snapshot.VfsRelativePath.compareToFirstSegment(Ljava/lang/String;Lorg/gradle/internal/snapshot/CaseSensitivity;)I @ 156 c2
Event: 117.200 Thread 0x00000279662b0800 DEOPT PACKING pc=0x000002795503a4f0 sp=0x0000007d267fd2f0
Event: 117.200 Thread 0x00000279662b0800 DEOPT UNPACKING pc=0x000002794d0978af sp=0x0000007d267fd270 mode 2
Event: 117.201 Thread 0x00000279662b0800 Uncommon trap: trap_request=0xffffffde fr.pc=0x00000279551b340c relative=0x000000000000088c
Event: 117.201 Thread 0x00000279662b0800 Uncommon trap: reason=class_check action=maybe_recompile pc=0x00000279551b340c method=org.gradle.internal.snapshot.ChildMap$Entry.handleAncestorDescendantOrExactMatch(Lorg/gradle/internal/snapshot/VfsRelativePath;Lorg/gradle/internal/snapshot/CaseSensitiv
Event: 117.201 Thread 0x00000279662b0800 DEOPT PACKING pc=0x00000279551b340c sp=0x0000007d267fd310
Event: 117.201 Thread 0x00000279662b0800 DEOPT UNPACKING pc=0x000002794d0978af sp=0x0000007d267fd2e0 mode 2

Classes redefined (0 events):
No events

Internal exceptions (20 events):
Event: 67.036 Thread 0x0000027966204800 Implicit null exception at 0x0000027954f4dfdf to 0x0000027954f4eaf4
Event: 67.036 Thread 0x0000027966204800 Implicit null exception at 0x0000027955145012 to 0x000002795514b48c
Event: 67.751 Thread 0x0000027966204800 Exception <a 'sun/nio/fs/WindowsException'{0x000000008aa20500}> (0x000000008aa20500) thrown at [./src/hotspot/share/prims/jni.cpp, line 615]
Event: 68.156 Thread 0x0000027966204800 Exception <a 'sun/nio/fs/WindowsException'{0x0000000089ef98d8}> (0x0000000089ef98d8) thrown at [./src/hotspot/share/prims/jni.cpp, line 615]
Event: 68.207 Thread 0x0000027966204800 Exception <a 'sun/nio/fs/WindowsException'{0x000000008dda2fe0}> (0x000000008dda2fe0) thrown at [./src/hotspot/share/prims/jni.cpp, line 615]
Event: 68.207 Thread 0x0000027966204800 Exception <a 'sun/nio/fs/WindowsException'{0x000000008dda4010}> (0x000000008dda4010) thrown at [./src/hotspot/share/prims/jni.cpp, line 615]
Event: 68.207 Thread 0x0000027966204800 Exception <a 'sun/nio/fs/WindowsException'{0x000000008dda52d0}> (0x000000008dda52d0) thrown at [./src/hotspot/share/prims/jni.cpp, line 615]
Event: 68.208 Thread 0x0000027966204800 Exception <a 'sun/nio/fs/WindowsException'{0x000000008dda6350}> (0x000000008dda6350) thrown at [./src/hotspot/share/prims/jni.cpp, line 615]
Event: 69.494 Thread 0x00000279669b4800 Exception <a 'java/net/SocketException'{0x000000008b079198}: Connection reset by peer: socket write error> (0x000000008b079198) thrown at [./src/hotspot/share/prims/jni.cpp, line 636]
Event: 70.231 Thread 0x000002796c8df000 Exception <a 'java/net/ConnectException'{0x000000008b088ea8}: Connection refused: connect> (0x000000008b088ea8) thrown at [./src/hotspot/share/prims/jni.cpp, line 636]
Event: 71.516 Thread 0x00000279669b4800 Exception <a 'java/net/ConnectException'{0x000000008b07a710}: Connection refused: connect> (0x000000008b07a710) thrown at [./src/hotspot/share/prims/jni.cpp, line 636]
Event: 72.272 Thread 0x000002796c8df000 Exception <a 'java/net/ConnectException'{0x000000008b089688}: Connection refused: connect> (0x000000008b089688) thrown at [./src/hotspot/share/prims/jni.cpp, line 636]
Event: 73.570 Thread 0x00000279669b4800 Exception <a 'java/net/ConnectException'{0x000000008b07bc38}: Connection refused: connect> (0x000000008b07bc38) thrown at [./src/hotspot/share/prims/jni.cpp, line 636]
Event: 74.312 Thread 0x000002796c8df000 Exception <a 'java/net/ConnectException'{0x000000008b089e68}: Connection refused: connect> (0x000000008b089e68) thrown at [./src/hotspot/share/prims/jni.cpp, line 636]
Event: 75.607 Thread 0x00000279669b4800 Exception <a 'java/net/ConnectException'{0x000000008b07d160}: Connection refused: connect> (0x000000008b07d160) thrown at [./src/hotspot/share/prims/jni.cpp, line 636]
Event: 79.891 Thread 0x00000279669b4800 Exception <a 'java/net/ConnectException'{0x000000008af02f48}: Connection refused: connect> (0x000000008af02f48) thrown at [./src/hotspot/share/prims/jni.cpp, line 636]
Event: 81.940 Thread 0x00000279669b4800 Exception <a 'java/net/ConnectException'{0x000000008af04470}: Connection refused: connect> (0x000000008af04470) thrown at [./src/hotspot/share/prims/jni.cpp, line 636]
Event: 83.987 Thread 0x00000279669b4800 Exception <a 'java/net/ConnectException'{0x000000008af05998}: Connection refused: connect> (0x000000008af05998) thrown at [./src/hotspot/share/prims/jni.cpp, line 636]
Event: 84.058 Thread 0x00000279669bc000 Exception <a 'java/lang/InterruptedException'{0x000000008af475c0}> (0x000000008af475c0) thrown at [./src/hotspot/share/runtime/objectMonitor.cpp, line 1635]
Event: 116.980 Thread 0x000002796c8e3000 Exception <a 'java/lang/NoSuchMethodError'{0x000000008bfd1b80}: <clinit>> (0x000000008bfd1b80) thrown at [./src/hotspot/share/prims/jni.cpp, line 1362]

Events (20 events):
Event: 117.151 loading class org/gradle/api/internal/artifacts/ivyservice/resolveengine/oldresult/TransientConfigurationResults
Event: 117.151 loading class org/gradle/api/internal/artifacts/ivyservice/resolveengine/oldresult/TransientConfigurationResults done
Event: 117.151 loading class org/gradle/api/internal/artifacts/ivyservice/resolveengine/oldresult/TransientConfigurationResultsBuilder
Event: 117.151 loading class org/gradle/api/internal/artifacts/ivyservice/resolveengine/oldresult/TransientConfigurationResultsBuilder done
Event: 117.152 loading class org/gradle/internal/serialize/Decoder
Event: 117.152 loading class org/gradle/internal/serialize/Decoder done
Event: 117.152 loading class org/gradle/api/internal/artifacts/ivyservice/resolveengine/oldresult/ResolvedGraphResults
Event: 117.152 loading class org/gradle/api/internal/artifacts/ivyservice/resolveengine/oldresult/ResolvedGraphResults done
Event: 117.152 loading class org/gradle/internal/serialize/Decoder
Event: 117.152 loading class org/gradle/internal/serialize/Decoder done
Event: 117.152 loading class org/gradle/api/internal/artifacts/ivyservice/resolveengine/oldresult/TransientConfigurationResultsBuilder
Event: 117.152 loading class org/gradle/api/internal/artifacts/ivyservice/resolveengine/oldresult/TransientConfigurationResultsBuilder done
Event: 117.156 loading class org/gradle/api/internal/artifacts/DefaultResolvedDependency
Event: 117.156 loading class org/gradle/api/internal/artifacts/DefaultResolvedDependency done
Event: 117.157 loading class org/gradle/api/internal/artifacts/DependencyGraphNodeResult
Event: 117.157 loading class org/gradle/api/internal/artifacts/DependencyGraphNodeResult done
Event: 117.163 loading class org/gradle/api/internal/artifacts/ivyservice/resolveengine/oldresult/DefaultTransientConfigurationResults
Event: 117.163 loading class org/gradle/api/internal/artifacts/ivyservice/resolveengine/oldresult/DefaultTransientConfigurationResults done
Event: 117.259 Executing VM operation: RevokeBias
Event: 117.260 Executing VM operation: RevokeBias done


Dynamic libraries:
0x00007ff728540000 - 0x00007ff72854a000 	E:\Android Studio\jre\bin\java.exe
0x00007ffa1ac30000 - 0x00007ffa1ae25000 	C:\WINDOWS\SYSTEM32\ntdll.dll
0x00007ffa1a5b0000 - 0x00007ffa1a66e000 	C:\WINDOWS\System32\KERNEL32.DLL
0x00007ffa184a0000 - 0x00007ffa18768000 	C:\WINDOWS\System32\KERNELBASE.dll
0x00007ffa18350000 - 0x00007ffa18450000 	C:\WINDOWS\System32\ucrtbase.dll
0x00007ffa10270000 - 0x00007ffa10287000 	E:\Android Studio\jre\bin\VCRUNTIME140.dll
0x00007ffa0cfd0000 - 0x00007ffa0cfe9000 	E:\Android Studio\jre\bin\jli.dll
0x00007ffa1a2f0000 - 0x00007ffa1a491000 	C:\WINDOWS\System32\USER32.dll
0x00007ffa03690000 - 0x00007ffa0392a000 	C:\WINDOWS\WinSxS\amd64_microsoft.windows.common-controls_6595b64144ccf1df_6.0.19041.1110_none_60b5254171f9507e\COMCTL32.dll
0x00007ffa188e0000 - 0x00007ffa18902000 	C:\WINDOWS\System32\win32u.dll
0x00007ffa1a670000 - 0x00007ffa1a69b000 	C:\WINDOWS\System32\GDI32.dll
0x00007ffa1a070000 - 0x00007ffa1a10e000 	C:\WINDOWS\System32\msvcrt.dll
0x00007ffa187d0000 - 0x00007ffa188db000 	C:\WINDOWS\System32\gdi32full.dll
0x00007ffa18a70000 - 0x00007ffa18b0d000 	C:\WINDOWS\System32\msvcp_win.dll
0x00007ffa1a040000 - 0x00007ffa1a070000 	C:\WINDOWS\System32\IMM32.DLL
0x00007ffa0cf30000 - 0x00007ffa0cfcd000 	E:\Android Studio\jre\bin\msvcp140.dll
0x00007ff9a1840000 - 0x00007ff9a230f000 	E:\Android Studio\jre\bin\server\jvm.dll
0x00007ffa1a6a0000 - 0x00007ffa1a74c000 	C:\WINDOWS\System32\ADVAPI32.dll
0x00007ffa18ca0000 - 0x00007ffa18d3b000 	C:\WINDOWS\System32\sechost.dll
0x00007ffa18fd0000 - 0x00007ffa190fa000 	C:\WINDOWS\System32\RPCRT4.dll
0x00007ffa18ef0000 - 0x00007ffa18ef8000 	C:\WINDOWS\System32\PSAPI.DLL
0x00007ffa0f840000 - 0x00007ffa0f84a000 	C:\WINDOWS\SYSTEM32\VERSION.dll
0x00007ff9ff550000 - 0x00007ff9ff559000 	C:\WINDOWS\SYSTEM32\WSOCK32.dll
0x00007ffa028a0000 - 0x00007ffa028c7000 	C:\WINDOWS\SYSTEM32\WINMM.dll
0x00007ffa18f00000 - 0x00007ffa18f6b000 	C:\WINDOWS\System32\WS2_32.dll
0x00007ffa16c20000 - 0x00007ffa16c32000 	C:\WINDOWS\SYSTEM32\kernel.appcore.dll
0x00007ffa11d70000 - 0x00007ffa11d81000 	E:\Android Studio\jre\bin\verify.dll
0x00007ffa168e0000 - 0x00007ffa16ac4000 	C:\WINDOWS\SYSTEM32\DBGHELP.DLL
0x00007ff9fd6c0000 - 0x00007ff9fd6ec000 	C:\WINDOWS\SYSTEM32\dbgcore.DLL
0x00007ffa18b10000 - 0x00007ffa18b93000 	C:\WINDOWS\System32\bcryptPrimitives.dll
0x00007ffa102e0000 - 0x00007ffa10309000 	E:\Android Studio\jre\bin\java.dll
0x00007ffa11830000 - 0x00007ffa1183b000 	E:\Android Studio\jre\bin\jimage.dll
0x00007ffa102c0000 - 0x00007ffa102d8000 	E:\Android Studio\jre\bin\zip.dll
0x00007ffa19100000 - 0x00007ffa1983f000 	C:\WINDOWS\System32\SHELL32.dll
0x00007ffa16080000 - 0x00007ffa16810000 	C:\WINDOWS\SYSTEM32\windows.storage.dll
0x00007ffa1a7b0000 - 0x00007ffa1ab05000 	C:\WINDOWS\System32\combase.dll
0x00007ffa17da0000 - 0x00007ffa17dce000 	C:\WINDOWS\SYSTEM32\Wldp.dll
0x00007ffa1a240000 - 0x00007ffa1a2ed000 	C:\WINDOWS\System32\SHCORE.dll
0x00007ffa18f70000 - 0x00007ffa18fc5000 	C:\WINDOWS\System32\shlwapi.dll
0x00007ffa18290000 - 0x00007ffa182af000 	C:\WINDOWS\SYSTEM32\profapi.dll
0x00007ffa101b0000 - 0x00007ffa101ca000 	E:\Android Studio\jre\bin\net.dll
0x00007ffa04690000 - 0x00007ffa0479c000 	C:\WINDOWS\SYSTEM32\WINHTTP.dll
0x00007ffa17b00000 - 0x00007ffa17b6a000 	C:\WINDOWS\system32\mswsock.dll
0x00007ffa039d0000 - 0x00007ffa039e4000 	E:\Android Studio\jre\bin\nio.dll
0x00007ffa10290000 - 0x00007ffa102b7000 	C:\Users\peto\.gradle\native\8bec1ad78214c89d9ad589b4d07fe93259594b29d510b10fafb7a158f7737e5d\windows-amd64\native-platform.dll
0x00007ff9d95f0000 - 0x00007ff9d972d000 	C:\Users\peto\.gradle\native\53dbd7edfb1c66fb8903c78663c9afc45aea4f116125fa6feffd364cf09443e8\windows-amd64\native-platform-file-events.dll
0x00007ffa11820000 - 0x00007ffa1182a000 	E:\Android Studio\jre\bin\management.dll
0x00007ffa104a0000 - 0x00007ffa104ac000 	E:\Android Studio\jre\bin\management_ext.dll
0x00007ffa17cf0000 - 0x00007ffa17d08000 	C:\WINDOWS\SYSTEM32\CRYPTSP.dll
0x00007ffa17410000 - 0x00007ffa17444000 	C:\WINDOWS\system32\rsaenh.dll
0x00007ffa18ba0000 - 0x00007ffa18bc7000 	C:\WINDOWS\System32\bcrypt.dll
0x00007ffa18250000 - 0x00007ffa1827e000 	C:\WINDOWS\SYSTEM32\USERENV.dll
0x00007ffa17d10000 - 0x00007ffa17d1c000 	C:\WINDOWS\SYSTEM32\CRYPTBASE.dll
0x00007ffa177a0000 - 0x00007ffa177db000 	C:\WINDOWS\SYSTEM32\IPHLPAPI.DLL
0x00007ffa19f40000 - 0x00007ffa19f48000 	C:\WINDOWS\System32\NSI.dll
0x00007ffa0cd10000 - 0x00007ffa0cd27000 	C:\WINDOWS\SYSTEM32\dhcpcsvc6.DLL
0x00007ffa0dc80000 - 0x00007ffa0dc9d000 	C:\WINDOWS\SYSTEM32\dhcpcsvc.DLL
0x00007ffa177e0000 - 0x00007ffa178ab000 	C:\WINDOWS\SYSTEM32\DNSAPI.dll
0x00007ffa0cec0000 - 0x00007ffa0cede000 	C:\Users\peto\AppData\Local\Temp\native-platform193043708410109343dir\native-platform.dll
0x00007ffa132b0000 - 0x00007ffa132b8000 	E:\Android Studio\jre\bin\rmi.dll
0x00007ff9f9550000 - 0x00007ff9f9567000 	C:\WINDOWS\system32\napinsp.dll
0x00007ff9f9450000 - 0x00007ff9f946b000 	C:\WINDOWS\system32\pnrpnsp.dll
0x00007ffa12530000 - 0x00007ffa12545000 	C:\WINDOWS\system32\wshbth.dll
0x00007ffa13170000 - 0x00007ffa1318d000 	C:\WINDOWS\system32\NLAapi.dll
0x00007ff9f83b0000 - 0x00007ff9f83c2000 	C:\WINDOWS\System32\winrnr.dll
0x00007ffa01db0000 - 0x00007ffa01dba000 	C:\Windows\System32\rasadhlp.dll
0x00007ffa027b0000 - 0x00007ffa0282f000 	C:\WINDOWS\System32\fwpuclnt.dll

dbghelp: loaded successfully - version: 4.0.5 - missing functions: none
symbol engine: initialized successfully - sym options: 0x614 - pdb path: .;E:\Android Studio\jre\bin;C:\WINDOWS\SYSTEM32;C:\WINDOWS\WinSxS\amd64_microsoft.windows.common-controls_6595b64144ccf1df_6.0.19041.1110_none_60b5254171f9507e;E:\Android Studio\jre\bin\server;C:\Users\peto\.gradle\native\8bec1ad78214c89d9ad589b4d07fe93259594b29d510b10fafb7a158f7737e5d\windows-amd64;C:\Users\peto\.gradle\native\53dbd7edfb1c66fb8903c78663c9afc45aea4f116125fa6feffd364cf09443e8\windows-amd64;C:\Users\peto\AppData\Local\Temp\native-platform193043708410109343dir

VM Arguments:
jvm_args: --add-opens=java.base/java.util=ALL-UNNAMED --add-opens=java.base/java.lang=ALL-UNNAMED --add-opens=java.base/java.lang.invoke=ALL-UNNAMED --add-opens=java.base/java.util=ALL-UNNAMED --add-opens=java.prefs/java.util.prefs=ALL-UNNAMED --add-opens=java.prefs/java.util.prefs=ALL-UNNAMED --add-opens=java.base/java.nio.charset=ALL-UNNAMED --add-opens=java.base/java.net=ALL-UNNAMED --add-opens=java.base/java.util.concurrent.atomic=ALL-UNNAMED -Xmx2048m -Dfile.encoding=UTF-8 -Duser.country=US -Duser.language=en -Duser.variant 
java_command: org.gradle.launcher.daemon.bootstrap.GradleDaemon 7.0.2
java_class_path (initial): C:\Users\peto\.gradle\wrapper\dists\gradle-7.0.2-bin\857tjihv64xamwrf0h14cai3r\gradle-7.0.2\lib\gradle-launcher-7.0.2.jar
Launcher Type: SUN_STANDARD

[Global flags]
     intx CICompilerCount                          = 3                                         {product} {ergonomic}
     uint ConcGCThreads                            = 1                                         {product} {ergonomic}
     uint G1ConcRefinementThreads                  = 4                                         {product} {ergonomic}
   size_t G1HeapRegionSize                         = 1048576                                   {product} {ergonomic}
    uintx GCDrainStackTargetSize                   = 64                                        {product} {ergonomic}
   size_t InitialHeapSize                          = 134217728                                 {product} {ergonomic}
   size_t MarkStackSize                            = 4194304                                   {product} {ergonomic}
   size_t MaxHeapSize                              = 2147483648                                {product} {command line}
   size_t MaxNewSize                               = 1287651328                                {product} {ergonomic}
   size_t MinHeapDeltaBytes                        = 1048576                                   {product} {ergonomic}
    uintx NonNMethodCodeHeapSize                   = 5830732                                {pd product} {ergonomic}
    uintx NonProfiledCodeHeapSize                  = 122913754                              {pd product} {ergonomic}
    uintx ProfiledCodeHeapSize                     = 122913754                              {pd product} {ergonomic}
    uintx ReservedCodeCacheSize                    = 251658240                              {pd product} {ergonomic}
     bool SegmentedCodeCache                       = true                                      {product} {ergonomic}
     bool UseCompressedClassPointers               = true                                 {lp64_product} {ergonomic}
     bool UseCompressedOops                        = true                                 {lp64_product} {ergonomic}
     bool UseG1GC                                  = true                                      {product} {ergonomic}
     bool UseLargePagesIndividualAllocation        = false                                  {pd product} {ergonomic}

Logging:
Log output configuration:
 #0: stdout all=warning uptime,level,tags
 #1: stderr all=off uptime,level,tags

Environment Variables:
PATH=C:\Python310\Scripts\;C:\Python310\;C:\Program Files\Common Files\Oracle\Java\javapath;C:\Program Files (x86)\VMware\VMware Player\bin\;C:\Program Files (x86)\Intel\iCLS Client\;C:\Program Files\Intel\iCLS Client\;C:\Windows\system32;C:\Windows;C:\Windows\System32\Wbem;C:\Windows\System32\WindowsPowerShell\v1.0\;C:\Program Files (x86)\NVIDIA Corporation\PhysX\Common;C:\Program Files (x86)\Intel\Intel(R) Management Engine Components\DAL;C:\Program Files\Intel\Intel(R) Management Engine Components\DAL;C:\Program Files (x86)\Intel\Intel(R) Management Engine Components\IPT;C:\Program Files\Intel\Intel(R) Management Engine Components\IPT;C:\Program Files\Intel\WiFi\bin\;C:\Program Files\Common Files\Intel\WirelessCommon\;C:\WINDOWS\system32;C:\WINDOWS;C:\WINDOWS\System32\Wbem;C:\WINDOWS\System32\WindowsPowerShell\v1.0\;C:\WINDOWS\System32\OpenSSH\;C:\Program Files (x86)\EAC MW klient\;C:\Program Files\Git\cmd;C:\Program Files\nodejs\;C:\ProgramData\chocolatey\bin;C:\Users\peto\AppData\Local\Programs\Python\Python38\Scripts\;C:\Users\peto\AppData\Local\Programs\Python\Python38\;C:\Users\peto\PycharmProjects\UPB2;C:\MinGW\bin;C:\Users\peto\AppData\Local\gitkraken\bin;C:\Users\peto\AppData\Local\Microsoft\WindowsApps;C:\Users\peto\AppData\Roaming\npm
USERNAME=peto
OS=Windows_NT
PROCESSOR_IDENTIFIER=Intel64 Family 6 Model 142 Stepping 9, GenuineIntel



---------------  S Y S T E M  ---------------

OS: Windows 10 , 64 bit Build 19041 (10.0.19041.1348)
OS uptime: 4 days 20:36 hours

CPU:total 4 (initial active 4) (2 cores per cpu, 2 threads per core) family 6 model 142 stepping 9 microcode 0xb4, cmov, cx8, fxsr, mmx, sse, sse2, sse3, ssse3, sse4.1, sse4.2, popcnt, avx, avx2, aes, clmul, erms, 3dnowpref, lzcnt, ht, tsc, tscinvbit, bmi1, bmi2, adx, fma

Memory: 4k page, system-wide physical 8090M (93M free)
TotalPageFile size 17465M (AvailPageFile size 8M)
current process WorkingSet (physical memory assigned to process): 289M, peak: 413M
current process commit charge ("private bytes"): 518M, peak: 523M

vm_info: OpenJDK 64-Bit Server VM (11.0.10+0-b96-7249189) for windows-amd64 JRE (11.0.10+0-b96-7249189), built on Mar 31 2021 21:44:00 by "builder" with MS VC++ 14.0 (VS2015)

END.
