#
# There is insufficient memory for the Java Runtime Environment to continue.
# Native memory allocation (mmap) failed to map 286261248 bytes for Failed to commit area from 0x0000000091900000 to 0x00000000a2a00000 of length 286261248.
# Possible reasons:
#   The system is out of physical RAM or swap space
#   The process is running with CompressedOops enabled, and the Java Heap may be blocking the growth of the native heap
# Possible solutions:
#   Reduce memory load on the system
#   Increase physical memory or swap space
#   Check if swap backing store is full
#   Decrease Java heap size (-Xmx/-Xms)
#   Decrease number of Java threads
#   Decrease Java thread stack sizes (-Xss)
#   Set larger code cache with -XX:ReservedCodeCacheSize=
#   JVM is running with Unscaled Compressed Oops mode in which the Java heap is
#     placed in the first 4GB address space. The Java Heap base address is the
#     maximum limit for the native heap growth. Please use -XX:HeapBaseMinAddress
#     to set the Java Heap base and to place the Java Heap above 4GB virtual address.
# This output file may be truncated or incomplete.
#
#  Out of Memory Error (./src/hotspot/os/windows/os_windows.cpp:3301), pid=12832, tid=31568
#
# JRE version: OpenJDK Runtime Environment (11.0.10) (build 11.0.10+0-b96-7249189)
# Java VM: OpenJDK 64-Bit Server VM (11.0.10+0-b96-7249189, mixed mode, tiered, compressed oops, g1 gc, windows-amd64)
# No core dump will be written. Minidumps are not enabled by default on client versions of Windows
#

---------------  S U M M A R Y ------------

Command Line: --add-opens=java.base/java.util=ALL-UNNAMED --add-opens=java.base/java.lang=ALL-UNNAMED --add-opens=java.base/java.lang.invoke=ALL-UNNAMED --add-opens=java.base/java.util=ALL-UNNAMED --add-opens=java.prefs/java.util.prefs=ALL-UNNAMED --add-opens=java.prefs/java.util.prefs=ALL-UNNAMED --add-opens=java.base/java.nio.charset=ALL-UNNAMED --add-opens=java.base/java.net=ALL-UNNAMED --add-opens=java.base/java.util.concurrent.atomic=ALL-UNNAMED -Xmx2048m -Dfile.encoding=UTF-8 -Duser.country=US -Duser.language=en -Duser.variant org.gradle.launcher.daemon.bootstrap.GradleDaemon 7.0.2

Host: Intel(R) Core(TM) i7-7500U CPU @ 2.70GHz, 4 cores, 7G,  Windows 10 , 64 bit Build 19041 (10.0.19041.1348)
Time: Wed Nov 24 13:50:35 2021 Central Europe Standard Time elapsed time: 52.846256 seconds (0d 0h 0m 52s)

---------------  T H R E A D  ---------------

Current thread (0x000002417ea7e800):  VMThread "VM Thread" [stack: 0x000000ca58100000,0x000000ca58200000] [id=31568]

Stack: [0x000000ca58100000,0x000000ca58200000]
[error occurred during error reporting (printing stack bounds), id 0xc0000005, EXCEPTION_ACCESS_VIOLATION (0xc0000005) at pc=0x0000024100000f2d]

Native frames: (J=compiled Java code, j=interpreted, Vv=VM code, C=native code)
V  [jvm.dll+0x5ecfaa]
V  [jvm.dll+0x722bd5]
V  [jvm.dll+0x72412d]
V  [jvm.dll+0x724745]
V  [jvm.dll+0x7246fb]
V  [jvm.dll+0x5ec348]
V  [jvm.dll+0x5ecad8]
C  [ntdll.dll+0xa20cf]
C  [ntdll.dll+0x51454]
C  [ntdll.dll+0xa0bfe]
C  0x0000024100000f2d

VM_Operation (0x000000ca5c0fe800): G1CollectForAllocation, mode: safepoint, requested by thread 0x00000241190a7000


---------------  P R O C E S S  ---------------

Threads class SMR info:
_java_thread_list=0x000002411e120610, length=59, elements={
0x0000024177eac800, 0x000002417ea81000, 0x000002417ea82800, 0x000002417f412800,
0x000002417ea9b000, 0x000002417ea9d000, 0x000002417eaa7000, 0x000002417eaaa800,
0x000002417eaae000, 0x000002417f551800, 0x0000024114415000, 0x0000024113c32000,
0x0000024113f4c800, 0x00000241143e6000, 0x0000024113ef0800, 0x0000024114263000,
0x0000024113e17000, 0x00000241138a5800, 0x000002411348a800, 0x00000241142dd800,
0x00000241142d9800, 0x00000241142dd000, 0x00000241142da800, 0x00000241142d8000,
0x00000241142de800, 0x00000241142d9000, 0x00000241142db000, 0x00000241142dc000,
0x0000024114d58000, 0x0000024114d59000, 0x0000024114d54000, 0x0000024114d55800,
0x0000024114d53000, 0x0000024114d5a800, 0x0000024114d5b800, 0x0000024114d5a000,
0x0000024114d5c000, 0x0000024114d56800, 0x0000024114d5e800, 0x0000024114d62000,
0x0000024114d5f800, 0x0000024114d60800, 0x0000024114d61000, 0x0000024114d5d000,
0x00000241190a1000, 0x00000241190a0800, 0x00000241190a7800, 0x00000241190a2000,
0x00000241190a8800, 0x00000241190a2800, 0x00000241190a9800, 0x00000241190ab000,
0x00000241190ab800, 0x00000241190a6000, 0x00000241190ac800, 0x00000241190a5000,
0x00000241190a7000, 0x00000241190ad800, 0x00000241190af000
}

Java Threads: ( => current thread )
  0x0000024177eac800 JavaThread "main" [_thread_blocked, id=25848, stack(0x000000ca57b00000,0x000000ca57c00000)]
  0x000002417ea81000 JavaThread "Reference Handler" daemon [_thread_blocked, id=13064, stack(0x000000ca58200000,0x000000ca58300000)]
  0x000002417ea82800 JavaThread "Finalizer" daemon [_thread_blocked, id=20960, stack(0x000000ca58300000,0x000000ca58400000)]
  0x000002417f412800 JavaThread "Signal Dispatcher" daemon [_thread_blocked, id=7456, stack(0x000000ca58400000,0x000000ca58500000)]
  0x000002417ea9b000 JavaThread "Attach Listener" daemon [_thread_blocked, id=2616, stack(0x000000ca58500000,0x000000ca58600000)]
  0x000002417ea9d000 JavaThread "Service Thread" daemon [_thread_blocked, id=8084, stack(0x000000ca58600000,0x000000ca58700000)]
  0x000002417eaa7000 JavaThread "C2 CompilerThread0" daemon [_thread_in_native, id=11780, stack(0x000000ca58700000,0x000000ca58800000)]
  0x000002417eaaa800 JavaThread "C1 CompilerThread0" daemon [_thread_blocked, id=14440, stack(0x000000ca58800000,0x000000ca58900000)]
  0x000002417eaae000 JavaThread "Sweeper thread" daemon [_thread_blocked, id=13540, stack(0x000000ca58900000,0x000000ca58a00000)]
  0x000002417f551800 JavaThread "Common-Cleaner" daemon [_thread_blocked, id=11552, stack(0x000000ca58a00000,0x000000ca58b00000)]
  0x0000024114415000 JavaThread "Daemon health stats" [_thread_blocked, id=20436, stack(0x000000ca58e00000,0x000000ca58f00000)]
  0x0000024113c32000 JavaThread "Incoming local TCP Connector on port 51254" [_thread_in_native, id=6468, stack(0x000000ca58f00000,0x000000ca59000000)]
  0x0000024113f4c800 JavaThread "Daemon periodic checks" [_thread_blocked, id=4304, stack(0x000000ca59000000,0x000000ca59100000)]
  0x00000241143e6000 JavaThread "Daemon" [_thread_blocked, id=14008, stack(0x000000ca59100000,0x000000ca59200000)]
  0x0000024113ef0800 JavaThread "Handler for socket connection from /127.0.0.1:51254 to /127.0.0.1:51255" [_thread_in_native, id=28092, stack(0x000000ca59200000,0x000000ca59300000)]
  0x0000024114263000 JavaThread "Cancel handler" [_thread_blocked, id=27552, stack(0x000000ca59300000,0x000000ca59400000)]
  0x0000024113e17000 JavaThread "Daemon worker" [_thread_blocked, id=30144, stack(0x000000ca59400000,0x000000ca59500000)]
  0x00000241138a5800 JavaThread "Asynchronous log dispatcher for DefaultDaemonConnection: socket connection from /127.0.0.1:51254 to /127.0.0.1:51255" [_thread_blocked, id=11444, stack(0x000000ca59500000,0x000000ca59600000)]
  0x000002411348a800 JavaThread "Stdin handler" [_thread_blocked, id=1200, stack(0x000000ca59600000,0x000000ca59700000)]
  0x00000241142dd800 JavaThread "Daemon client event forwarder" [_thread_blocked, id=2776, stack(0x000000ca59700000,0x000000ca59800000)]
  0x00000241142d9800 JavaThread "Cache worker for file hash cache (C:\Users\peto\.gradle\caches\7.0.2\fileHashes)" [_thread_blocked, id=9864, stack(0x000000ca59800000,0x000000ca59900000)]
  0x00000241142dd000 JavaThread "File lock request listener" [_thread_in_native, id=14600, stack(0x000000ca59900000,0x000000ca59a00000)]
  0x00000241142da800 JavaThread "Cache worker for journal cache (C:\Users\peto\.gradle\caches\journal-1)" [_thread_blocked, id=14036, stack(0x000000ca59b00000,0x000000ca59c00000)]
  0x00000241142d8000 JavaThread "Cache worker for file hash cache (E:\FinalAssignment\.gradle\7.0.2\fileHashes)" [_thread_blocked, id=31100, stack(0x000000ca59c00000,0x000000ca59d00000)]
  0x00000241142de800 JavaThread "File watcher server" daemon [_thread_blocked, id=7824, stack(0x000000ca59d00000,0x000000ca59e00000)]
  0x00000241142d9000 JavaThread "File watcher consumer" daemon [_thread_blocked, id=28580, stack(0x000000ca59e00000,0x000000ca59f00000)]
  0x00000241142db000 JavaThread "Cache worker for checksums cache (E:\FinalAssignment\.gradle\checksums)" [_thread_blocked, id=26132, stack(0x000000ca59f00000,0x000000ca5a000000)]
  0x00000241142dc000 JavaThread "Cache worker for cache directory md-supplier (C:\Users\peto\.gradle\caches\7.0.2\md-supplier)" [_thread_blocked, id=23808, stack(0x000000ca5a000000,0x000000ca5a100000)]
  0x0000024114d58000 JavaThread "Cache worker for cache directory md-rule (C:\Users\peto\.gradle\caches\7.0.2\md-rule)" [_thread_blocked, id=15580, stack(0x000000ca5a100000,0x000000ca5a200000)]
  0x0000024114d59000 JavaThread "Cache worker for execution history cache (C:\Users\peto\.gradle\caches\7.0.2\executionHistory)" [_thread_blocked, id=28504, stack(0x000000ca5a200000,0x000000ca5a300000)]
  0x0000024114d54000 JavaThread "jar transforms" [_thread_blocked, id=9824, stack(0x000000ca5a300000,0x000000ca5a400000)]
  0x0000024114d55800 JavaThread "jar transforms Thread 2" [_thread_blocked, id=11500, stack(0x000000ca5a400000,0x000000ca5a500000)]
  0x0000024114d53000 JavaThread "Cache worker for file content cache (C:\Users\peto\.gradle\caches\7.0.2\fileContent)" [_thread_blocked, id=9200, stack(0x000000ca5a500000,0x000000ca5a600000)]
  0x0000024114d5a800 JavaThread "Cache worker for dependencies-accessors (E:\FinalAssignment\.gradle\7.0.2\dependencies-accessors)" [_thread_blocked, id=20280, stack(0x000000ca5a600000,0x000000ca5a700000)]
  0x0000024114d5b800 JavaThread "jar transforms Thread 3" [_thread_blocked, id=24460, stack(0x000000ca5a700000,0x000000ca5a800000)]
  0x0000024114d5a000 JavaThread "Cache worker for Build Output Cleanup Cache (E:\FinalAssignment\.gradle\buildOutputCleanup)" [_thread_blocked, id=9476, stack(0x000000ca5a800000,0x000000ca5a900000)]
  0x0000024114d5c000 JavaThread "Build operations" [_thread_blocked, id=29808, stack(0x000000ca5a900000,0x000000ca5aa00000)]
  0x0000024114d56800 JavaThread "Build operations Thread 2" [_thread_blocked, id=26988, stack(0x000000ca5aa00000,0x000000ca5ab00000)]
  0x0000024114d5e800 JavaThread "Build operations Thread 3" [_thread_blocked, id=3844, stack(0x000000ca5ab00000,0x000000ca5ac00000)]
  0x0000024114d62000 JavaThread "Build operations Thread 4" [_thread_blocked, id=3932, stack(0x000000ca5ac00000,0x000000ca5ad00000)]
  0x0000024114d5f800 JavaThread "jar transforms Thread 4" [_thread_blocked, id=14972, stack(0x000000ca5ad00000,0x000000ca5ae00000)]
  0x0000024114d60800 JavaThread "Memory manager" [_thread_blocked, id=15896, stack(0x000000ca5ae00000,0x000000ca5af00000)]
  0x0000024114d61000 JavaThread "build event listener" [_thread_blocked, id=26664, stack(0x000000ca5af00000,0x000000ca5b000000)]
  0x0000024114d5d000 JavaThread "build event listener" [_thread_blocked, id=16284, stack(0x000000ca5b000000,0x000000ca5b100000)]
  0x00000241190a1000 JavaThread "Execution worker for ':'" [_thread_blocked, id=1492, stack(0x000000ca5b100000,0x000000ca5b200000)]
  0x00000241190a0800 JavaThread "Execution worker for ':' Thread 2" [_thread_blocked, id=12752, stack(0x000000ca5b200000,0x000000ca5b300000)]
  0x00000241190a7800 JavaThread "Execution worker for ':' Thread 3" [_thread_blocked, id=29640, stack(0x000000ca5b300000,0x000000ca5b400000)]
  0x00000241190a2000 JavaThread "Cache worker for execution history cache (E:\FinalAssignment\.gradle\7.0.2\executionHistory)" [_thread_blocked, id=27836, stack(0x000000ca5b400000,0x000000ca5b500000)]
  0x00000241190a8800 JavaThread "WorkerExecutor Queue" [_thread_blocked, id=11540, stack(0x000000ca57800000,0x000000ca57900000)]
  0x00000241190a2800 JavaThread "WorkerExecutor Queue Thread 2" [_thread_blocked, id=15632, stack(0x000000ca5b700000,0x000000ca5b800000)]
  0x00000241190a9800 JavaThread "WorkerExecutor Queue Thread 3" [_thread_blocked, id=2924, stack(0x000000ca5b800000,0x000000ca5b900000)]
  0x00000241190ab000 JavaThread "pool-3-thread-1" [_thread_blocked, id=18520, stack(0x000000ca5bc00000,0x000000ca5bd00000)]
  0x00000241190ab800 JavaThread "stderr" [_thread_in_native, id=9612, stack(0x000000ca5bd00000,0x000000ca5be00000)]
  0x00000241190a6000 JavaThread "stdout" [_thread_in_native, id=28656, stack(0x000000ca5be00000,0x000000ca5bf00000)]
  0x00000241190ac800 JavaThread "WorkerExecutor Queue Thread 5" [_thread_blocked, id=8768, stack(0x000000ca5bf00000,0x000000ca5c000000)]
  0x00000241190a5000 JavaThread "ForkJoinPool-1-worker-3" daemon [_thread_blocked, id=10168, stack(0x000000ca5b900000,0x000000ca5ba00000)]
  0x00000241190a7000 JavaThread "ForkJoinPool-1-worker-5" daemon [_thread_blocked, id=13036, stack(0x000000ca5c000000,0x000000ca5c100000)]
  0x00000241190ad800 JavaThread "ForkJoinPool-1-worker-7" daemon [_thread_blocked, id=11368, stack(0x000000ca5c100000,0x000000ca5c200000)]
  0x00000241190af000 JavaThread "ForkJoinPool-1-worker-1" daemon [_thread_blocked, id=25508, stack(0x000000ca5c200000,0x000000ca5c300000)]

Other Threads:
=>0x000002417ea7e800 VMThread "VM Thread" [stack: 0x000000ca58100000,0x000000ca58200000] [id=31568]
  0x000002417f58b800 WatcherThread [stack: 0x000000ca58b00000,0x000000ca58c00000] [id=25996]
  0x0000024177ec5000 GCTaskThread "GC Thread#0" [stack: 0x000000ca57c00000,0x000000ca57d00000] [id=3744]
  0x000002417fa23000 GCTaskThread "GC Thread#1" [stack: 0x000000ca58c00000,0x000000ca58d00000] [id=10576]
  0x000002417fa24000 GCTaskThread "GC Thread#2" [stack: 0x000000ca58d00000,0x000000ca58e00000] [id=16716]
  0x00000241142eb000 GCTaskThread "GC Thread#3" [stack: 0x000000ca59a00000,0x000000ca59b00000] [id=21928]
  0x0000024177ef7800 ConcurrentGCThread "G1 Main Marker" [stack: 0x000000ca57d00000,0x000000ca57e00000] [id=26040]
  0x0000024177ef9000 ConcurrentGCThread "G1 Conc#0" [stack: 0x000000ca57e00000,0x000000ca57f00000] [id=25532]
  0x0000024177f85800 ConcurrentGCThread "G1 Refine#0" [stack: 0x000000ca57f00000,0x000000ca58000000] [id=21888]
  0x0000024114861000 ConcurrentGCThread "G1 Refine#1" [stack: 0x000000ca5b600000,0x000000ca5b700000] [id=28104]
  0x0000024177f86800 ConcurrentGCThread "G1 Young RemSet Sampling" [stack: 0x000000ca58000000,0x000000ca58100000] [id=25764]

Threads with active compile tasks:
C2 CompilerThread0  52892 21952       4       com.android.tools.r8.dex.j::a (1038 bytes)

VM state:at safepoint (normal execution)

VM Mutex/Monitor currently owned by a thread:  ([mutex/lock_event])
[0x0000024177eabc40] Threads_lock - owner thread: 0x000002417ea7e800
[0x0000024177eaae30] Heap_lock - owner thread: 0x00000241190a7000

Heap address: 0x0000000080000000, size: 2048 MB, Compressed Oops mode: 32-bit
Narrow klass base: 0x0000000000000000, Narrow klass shift: 3
Compressed class space size: 1073741824 Address: 0x0000000100000000

Heap:
 garbage-first heap   total 567296K, used 212480K [0x0000000080000000, 0x0000000100000000)
  region size 1024K, 6 young (6144K), 6 survivors (6144K)
 Metaspace       used 129076K, capacity 132021K, committed 132464K, reserved 1165312K
  class space    used 16069K, capacity 17179K, committed 17408K, reserved 1048576K
Heap Regions: E=young(eden), S=young(survivor), O=old, HS=humongous(starts), HC=humongous(continues), CS=collection set, F=free, A=archive, TAMS=top-at-mark-start (previous, next)
|   0|0x0000000080000000, 0x0000000080100000, 0x0000000080100000|100%| O|  |TAMS 0x0000000080100000, 0x0000000080000000| Untracked 
|   1|0x0000000080100000, 0x0000000080200000, 0x0000000080200000|100%| O|  |TAMS 0x0000000080200000, 0x0000000080100000| Untracked 
|   2|0x0000000080200000, 0x0000000080300000, 0x0000000080300000|100%| O|  |TAMS 0x0000000080300000, 0x0000000080200000| Untracked 
|   3|0x0000000080300000, 0x0000000080400000, 0x0000000080400000|100%|HS|  |TAMS 0x0000000080400000, 0x0000000080300000| Complete 
|   4|0x0000000080400000, 0x0000000080500000, 0x0000000080500000|100%|HC|  |TAMS 0x0000000080500000, 0x0000000080400000| Complete 
|   5|0x0000000080500000, 0x0000000080600000, 0x0000000080600000|100%|HC|  |TAMS 0x0000000080600000, 0x0000000080500000| Complete 
|   6|0x0000000080600000, 0x0000000080700000, 0x0000000080700000|100%| O|  |TAMS 0x0000000080700000, 0x0000000080600000| Untracked 
|   7|0x0000000080700000, 0x0000000080800000, 0x0000000080800000|100%| O|  |TAMS 0x0000000080800000, 0x0000000080700000| Untracked 
|   8|0x0000000080800000, 0x0000000080900000, 0x0000000080900000|100%| O|  |TAMS 0x0000000080900000, 0x0000000080800000| Untracked 
|   9|0x0000000080900000, 0x0000000080a00000, 0x0000000080a00000|100%| O|  |TAMS 0x0000000080a00000, 0x0000000080900000| Untracked 
|  10|0x0000000080a00000, 0x0000000080b00000, 0x0000000080b00000|100%| O|  |TAMS 0x0000000080b00000, 0x0000000080a00000| Untracked 
|  11|0x0000000080b00000, 0x0000000080c00000, 0x0000000080c00000|100%| O|  |TAMS 0x0000000080c00000, 0x0000000080b00000| Untracked 
|  12|0x0000000080c00000, 0x0000000080d00000, 0x0000000080d00000|100%| O|  |TAMS 0x0000000080d00000, 0x0000000080c00000| Untracked 
|  13|0x0000000080d00000, 0x0000000080e00000, 0x0000000080e00000|100%| O|  |TAMS 0x0000000080e00000, 0x0000000080d00000| Untracked 
|  14|0x0000000080e00000, 0x0000000080f00000, 0x0000000080f00000|100%| O|  |TAMS 0x0000000080f00000, 0x0000000080e00000| Untracked 
|  15|0x0000000080f00000, 0x0000000081000000, 0x0000000081000000|100%| O|  |TAMS 0x0000000081000000, 0x0000000080f00000| Untracked 
|  16|0x0000000081000000, 0x0000000081100000, 0x0000000081100000|100%| O|  |TAMS 0x0000000081100000, 0x0000000081000000| Untracked 
|  17|0x0000000081100000, 0x0000000081200000, 0x0000000081200000|100%|HS|  |TAMS 0x0000000081200000, 0x0000000081100000| Complete 
|  18|0x0000000081200000, 0x0000000081300000, 0x0000000081300000|100%| O|  |TAMS 0x0000000081300000, 0x0000000081200000| Untracked 
|  19|0x0000000081300000, 0x0000000081400000, 0x0000000081400000|100%| O|  |TAMS 0x0000000081400000, 0x0000000081300000| Untracked 
|  20|0x0000000081400000, 0x0000000081500000, 0x0000000081500000|100%| O|  |TAMS 0x0000000081500000, 0x0000000081400000| Untracked 
|  21|0x0000000081500000, 0x0000000081600000, 0x0000000081600000|100%| O|  |TAMS 0x0000000081600000, 0x0000000081500000| Untracked 
|  22|0x0000000081600000, 0x0000000081700000, 0x0000000081700000|100%| O|  |TAMS 0x0000000081700000, 0x0000000081600000| Untracked 
|  23|0x0000000081700000, 0x0000000081800000, 0x0000000081800000|100%| O|  |TAMS 0x0000000081800000, 0x0000000081700000| Untracked 
|  24|0x0000000081800000, 0x0000000081900000, 0x0000000081900000|100%| O|  |TAMS 0x0000000081900000, 0x0000000081800000| Untracked 
|  25|0x0000000081900000, 0x0000000081a00000, 0x0000000081a00000|100%| O|  |TAMS 0x0000000081a00000, 0x0000000081900000| Untracked 
|  26|0x0000000081a00000, 0x0000000081b00000, 0x0000000081b00000|100%| O|  |TAMS 0x0000000081b00000, 0x0000000081a00000| Untracked 
|  27|0x0000000081b00000, 0x0000000081c00000, 0x0000000081c00000|100%|HS|  |TAMS 0x0000000081c00000, 0x0000000081b00000| Complete 
|  28|0x0000000081c00000, 0x0000000081d00000, 0x0000000081d00000|100%|HS|  |TAMS 0x0000000081d00000, 0x0000000081c00000| Complete 
|  29|0x0000000081d00000, 0x0000000081e00000, 0x0000000081e00000|100%|HS|  |TAMS 0x0000000081e00000, 0x0000000081d00000| Complete 
|  30|0x0000000081e00000, 0x0000000081f00000, 0x0000000081f00000|100%|HC|  |TAMS 0x0000000081f00000, 0x0000000081e00000| Complete 
|  31|0x0000000081f00000, 0x0000000082000000, 0x0000000082000000|100%|HC|  |TAMS 0x0000000082000000, 0x0000000081f00000| Complete 
|  32|0x0000000082000000, 0x0000000082100000, 0x0000000082100000|100%|HS|  |TAMS 0x0000000082100000, 0x0000000082000000| Complete 
|  33|0x0000000082100000, 0x0000000082200000, 0x0000000082200000|100%|HC|  |TAMS 0x0000000082200000, 0x0000000082100000| Complete 
|  34|0x0000000082200000, 0x0000000082300000, 0x0000000082300000|100%| O|  |TAMS 0x0000000082300000, 0x0000000082200000| Untracked 
|  35|0x0000000082300000, 0x0000000082400000, 0x0000000082400000|100%| O|  |TAMS 0x0000000082400000, 0x0000000082300000| Untracked 
|  36|0x0000000082400000, 0x0000000082500000, 0x0000000082500000|100%| O|  |TAMS 0x0000000082500000, 0x0000000082400000| Untracked 
|  37|0x0000000082500000, 0x0000000082600000, 0x0000000082600000|100%| O|  |TAMS 0x0000000082600000, 0x0000000082500000| Untracked 
|  38|0x0000000082600000, 0x0000000082700000, 0x0000000082700000|100%| O|  |TAMS 0x0000000082700000, 0x0000000082600000| Untracked 
|  39|0x0000000082700000, 0x0000000082800000, 0x0000000082800000|100%| O|  |TAMS 0x0000000082800000, 0x0000000082700000| Untracked 
|  40|0x0000000082800000, 0x0000000082900000, 0x0000000082900000|100%| O|  |TAMS 0x0000000082900000, 0x0000000082800000| Untracked 
|  41|0x0000000082900000, 0x0000000082a00000, 0x0000000082a00000|100%| O|  |TAMS 0x0000000082a00000, 0x0000000082900000| Untracked 
|  42|0x0000000082a00000, 0x0000000082b00000, 0x0000000082b00000|100%| O|  |TAMS 0x0000000082b00000, 0x0000000082a00000| Untracked 
|  43|0x0000000082b00000, 0x0000000082c00000, 0x0000000082c00000|100%| O|  |TAMS 0x0000000082c00000, 0x0000000082b00000| Untracked 
|  44|0x0000000082c00000, 0x0000000082d00000, 0x0000000082d00000|100%| O|  |TAMS 0x0000000082d00000, 0x0000000082c00000| Untracked 
|  45|0x0000000082d00000, 0x0000000082e00000, 0x0000000082e00000|100%| O|  |TAMS 0x0000000082e00000, 0x0000000082d00000| Untracked 
|  46|0x0000000082e00000, 0x0000000082f00000, 0x0000000082f00000|100%| O|  |TAMS 0x0000000082f00000, 0x0000000082e00000| Untracked 
|  47|0x0000000082f00000, 0x0000000083000000, 0x0000000083000000|100%| O|  |TAMS 0x0000000083000000, 0x0000000082f00000| Untracked 
|  48|0x0000000083000000, 0x0000000083100000, 0x0000000083100000|100%| O|  |TAMS 0x0000000083100000, 0x0000000083000000| Untracked 
|  49|0x0000000083100000, 0x0000000083200000, 0x0000000083200000|100%| O|  |TAMS 0x0000000083200000, 0x0000000083100000| Untracked 
|  50|0x0000000083200000, 0x0000000083300000, 0x0000000083300000|100%| O|  |TAMS 0x0000000083300000, 0x0000000083200000| Untracked 
|  51|0x0000000083300000, 0x0000000083400000, 0x0000000083400000|100%| O|  |TAMS 0x0000000083400000, 0x0000000083300000| Untracked 
|  52|0x0000000083400000, 0x0000000083500000, 0x0000000083500000|100%| O|  |TAMS 0x0000000083500000, 0x0000000083400000| Untracked 
|  53|0x0000000083500000, 0x0000000083600000, 0x0000000083600000|100%| O|  |TAMS 0x0000000083600000, 0x0000000083500000| Untracked 
|  54|0x0000000083600000, 0x0000000083700000, 0x0000000083700000|100%| O|  |TAMS 0x0000000083700000, 0x0000000083600000| Untracked 
|  55|0x0000000083700000, 0x0000000083800000, 0x0000000083800000|100%| O|  |TAMS 0x0000000083800000, 0x0000000083700000| Untracked 
|  56|0x0000000083800000, 0x0000000083900000, 0x0000000083900000|100%| O|  |TAMS 0x0000000083900000, 0x0000000083800000| Untracked 
|  57|0x0000000083900000, 0x0000000083a00000, 0x0000000083a00000|100%| O|  |TAMS 0x0000000083a00000, 0x0000000083900000| Untracked 
|  58|0x0000000083a00000, 0x0000000083b00000, 0x0000000083b00000|100%| O|  |TAMS 0x0000000083b00000, 0x0000000083a00000| Untracked 
|  59|0x0000000083b00000, 0x0000000083c00000, 0x0000000083c00000|100%| O|  |TAMS 0x0000000083c00000, 0x0000000083b00000| Untracked 
|  60|0x0000000083c00000, 0x0000000083d00000, 0x0000000083d00000|100%| O|  |TAMS 0x0000000083d00000, 0x0000000083c00000| Untracked 
|  61|0x0000000083d00000, 0x0000000083e00000, 0x0000000083e00000|100%| O|  |TAMS 0x0000000083e00000, 0x0000000083d00000| Untracked 
|  62|0x0000000083e00000, 0x0000000083f00000, 0x0000000083f00000|100%| O|  |TAMS 0x0000000083f00000, 0x0000000083e00000| Untracked 
|  63|0x0000000083f00000, 0x0000000084000000, 0x0000000084000000|100%| O|  |TAMS 0x0000000084000000, 0x0000000083f00000| Untracked 
|  64|0x0000000084000000, 0x0000000084100000, 0x0000000084100000|100%| O|  |TAMS 0x0000000084100000, 0x0000000084000000| Untracked 
|  65|0x0000000084100000, 0x0000000084200000, 0x0000000084200000|100%| O|  |TAMS 0x0000000084200000, 0x0000000084100000| Untracked 
|  66|0x0000000084200000, 0x0000000084300000, 0x0000000084300000|100%| O|  |TAMS 0x0000000084300000, 0x0000000084200000| Untracked 
|  67|0x0000000084300000, 0x0000000084400000, 0x0000000084400000|100%| O|  |TAMS 0x0000000084400000, 0x0000000084300000| Untracked 
|  68|0x0000000084400000, 0x0000000084500000, 0x0000000084500000|100%| O|  |TAMS 0x0000000084500000, 0x0000000084400000| Untracked 
|  69|0x0000000084500000, 0x0000000084600000, 0x0000000084600000|100%| O|  |TAMS 0x0000000084600000, 0x0000000084500000| Untracked 
|  70|0x0000000084600000, 0x0000000084700000, 0x0000000084700000|100%| O|  |TAMS 0x0000000084700000, 0x0000000084600000| Untracked 
|  71|0x0000000084700000, 0x0000000084800000, 0x0000000084800000|100%| O|  |TAMS 0x0000000084800000, 0x0000000084700000| Untracked 
|  72|0x0000000084800000, 0x0000000084900000, 0x0000000084900000|100%| O|  |TAMS 0x0000000084900000, 0x0000000084800000| Untracked 
|  73|0x0000000084900000, 0x0000000084a00000, 0x0000000084a00000|100%| O|  |TAMS 0x0000000084a00000, 0x0000000084900000| Untracked 
|  74|0x0000000084a00000, 0x0000000084b00000, 0x0000000084b00000|100%| O|  |TAMS 0x0000000084b00000, 0x0000000084a00000| Untracked 
|  75|0x0000000084b00000, 0x0000000084c00000, 0x0000000084c00000|100%| O|  |TAMS 0x0000000084c00000, 0x0000000084b00000| Untracked 
|  76|0x0000000084c00000, 0x0000000084d00000, 0x0000000084d00000|100%| O|  |TAMS 0x0000000084d00000, 0x0000000084c00000| Untracked 
|  77|0x0000000084d00000, 0x0000000084e00000, 0x0000000084e00000|100%| O|  |TAMS 0x0000000084e00000, 0x0000000084d00000| Untracked 
|  78|0x0000000084e00000, 0x0000000084f00000, 0x0000000084f00000|100%| O|  |TAMS 0x0000000084f00000, 0x0000000084e00000| Untracked 
|  79|0x0000000084f00000, 0x0000000085000000, 0x0000000085000000|100%| O|  |TAMS 0x0000000085000000, 0x0000000084f00000| Untracked 
|  80|0x0000000085000000, 0x0000000085100000, 0x0000000085100000|100%| O|  |TAMS 0x0000000085100000, 0x0000000085000000| Untracked 
|  81|0x0000000085100000, 0x0000000085200000, 0x0000000085200000|100%| O|  |TAMS 0x0000000085200000, 0x0000000085100000| Untracked 
|  82|0x0000000085200000, 0x0000000085300000, 0x0000000085300000|100%| O|  |TAMS 0x0000000085300000, 0x0000000085200000| Untracked 
|  83|0x0000000085300000, 0x0000000085400000, 0x0000000085400000|100%|HS|  |TAMS 0x0000000085400000, 0x0000000085300000| Complete 
|  84|0x0000000085400000, 0x0000000085500000, 0x0000000085500000|100%| O|  |TAMS 0x0000000085500000, 0x0000000085400000| Untracked 
|  85|0x0000000085500000, 0x0000000085600000, 0x0000000085600000|100%| O|  |TAMS 0x0000000085600000, 0x0000000085500000| Untracked 
|  86|0x0000000085600000, 0x0000000085700000, 0x0000000085700000|100%| O|  |TAMS 0x0000000085700000, 0x0000000085600000| Untracked 
|  87|0x0000000085700000, 0x0000000085800000, 0x0000000085800000|100%| O|  |TAMS 0x0000000085800000, 0x0000000085700000| Untracked 
|  88|0x0000000085800000, 0x0000000085900000, 0x0000000085900000|100%| O|  |TAMS 0x0000000085900000, 0x0000000085800000| Untracked 
|  89|0x0000000085900000, 0x0000000085a00000, 0x0000000085a00000|100%| O|  |TAMS 0x0000000085a00000, 0x0000000085900000| Untracked 
|  90|0x0000000085a00000, 0x0000000085b00000, 0x0000000085b00000|100%| O|  |TAMS 0x0000000085b00000, 0x0000000085a00000| Untracked 
|  91|0x0000000085b00000, 0x0000000085c00000, 0x0000000085c00000|100%| O|  |TAMS 0x0000000085c00000, 0x0000000085b00000| Untracked 
|  92|0x0000000085c00000, 0x0000000085d00000, 0x0000000085d00000|100%|HS|  |TAMS 0x0000000085d00000, 0x0000000085c00000| Complete 
|  93|0x0000000085d00000, 0x0000000085e00000, 0x0000000085e00000|100%| O|  |TAMS 0x0000000085e00000, 0x0000000085d00000| Untracked 
|  94|0x0000000085e00000, 0x0000000085f00000, 0x0000000085f00000|100%| O|  |TAMS 0x0000000085f00000, 0x0000000085e00000| Untracked 
|  95|0x0000000085f00000, 0x0000000086000000, 0x0000000086000000|100%| O|  |TAMS 0x0000000086000000, 0x0000000085f00000| Untracked 
|  96|0x0000000086000000, 0x0000000086100000, 0x0000000086100000|100%| O|  |TAMS 0x0000000086100000, 0x0000000086000000| Untracked 
|  97|0x0000000086100000, 0x0000000086200000, 0x0000000086200000|100%| O|  |TAMS 0x0000000086200000, 0x0000000086100000| Untracked 
|  98|0x0000000086200000, 0x0000000086300000, 0x0000000086300000|100%| O|  |TAMS 0x0000000086300000, 0x0000000086200000| Untracked 
|  99|0x0000000086300000, 0x0000000086400000, 0x0000000086400000|100%| O|  |TAMS 0x0000000086400000, 0x0000000086300000| Untracked 
| 100|0x0000000086400000, 0x0000000086500000, 0x0000000086500000|100%| O|  |TAMS 0x0000000086500000, 0x0000000086400000| Untracked 
| 101|0x0000000086500000, 0x0000000086600000, 0x0000000086600000|100%| O|  |TAMS 0x0000000086600000, 0x0000000086500000| Untracked 
| 102|0x0000000086600000, 0x0000000086700000, 0x0000000086700000|100%| O|  |TAMS 0x0000000086700000, 0x0000000086600000| Untracked 
| 103|0x0000000086700000, 0x0000000086800000, 0x0000000086800000|100%|HS|  |TAMS 0x0000000086700000, 0x0000000086700000| Complete 
| 104|0x0000000086800000, 0x0000000086900000, 0x0000000086900000|100%|HC|  |TAMS 0x0000000086800000, 0x0000000086800000| Complete 
| 105|0x0000000086900000, 0x0000000086a00000, 0x0000000086a00000|100%| O|  |TAMS 0x0000000086900000, 0x0000000086900000| Untracked 
| 106|0x0000000086a00000, 0x0000000086b00000, 0x0000000086b00000|100%| O|  |TAMS 0x0000000086b00000, 0x0000000086a00000| Untracked 
| 107|0x0000000086b00000, 0x0000000086c00000, 0x0000000086c00000|100%| O|  |TAMS 0x0000000086c00000, 0x0000000086b00000| Untracked 
| 108|0x0000000086c00000, 0x0000000086d00000, 0x0000000086d00000|100%| O|  |TAMS 0x0000000086d00000, 0x0000000086c00000| Untracked 
| 109|0x0000000086d00000, 0x0000000086e00000, 0x0000000086e00000|100%| O|  |TAMS 0x0000000086e00000, 0x0000000086d00000| Untracked 
| 110|0x0000000086e00000, 0x0000000086f00000, 0x0000000086f00000|100%| O|  |TAMS 0x0000000086f00000, 0x0000000086e00000| Untracked 
| 111|0x0000000086f00000, 0x0000000087000000, 0x0000000087000000|100%| O|  |TAMS 0x0000000087000000, 0x0000000086f00000| Untracked 
| 112|0x0000000087000000, 0x0000000087100000, 0x0000000087100000|100%| O|  |TAMS 0x0000000087088800, 0x0000000087000000| Untracked 
| 113|0x0000000087100000, 0x0000000087200000, 0x0000000087200000|100%|HS|  |TAMS 0x0000000087200000, 0x0000000087100000| Complete 
| 114|0x0000000087200000, 0x0000000087300000, 0x0000000087300000|100%|HC|  |TAMS 0x0000000087300000, 0x0000000087200000| Complete 
| 115|0x0000000087300000, 0x0000000087400000, 0x0000000087400000|100%|HC|  |TAMS 0x0000000087400000, 0x0000000087300000| Complete 
| 116|0x0000000087400000, 0x0000000087500000, 0x0000000087500000|100%|HC|  |TAMS 0x0000000087500000, 0x0000000087400000| Complete 
| 117|0x0000000087500000, 0x0000000087600000, 0x0000000087600000|100%|HC|  |TAMS 0x0000000087600000, 0x0000000087500000| Complete 
| 118|0x0000000087600000, 0x0000000087700000, 0x0000000087700000|100%|HS|  |TAMS 0x0000000087700000, 0x0000000087600000| Complete 
| 119|0x0000000087700000, 0x0000000087800000, 0x0000000087800000|100%|HC|  |TAMS 0x0000000087800000, 0x0000000087700000| Complete 
| 120|0x0000000087800000, 0x0000000087900000, 0x0000000087900000|100%|HS|  |TAMS 0x0000000087900000, 0x0000000087800000| Complete 
| 121|0x0000000087900000, 0x0000000087a00000, 0x0000000087a00000|100%|HC|  |TAMS 0x0000000087a00000, 0x0000000087900000| Complete 
| 122|0x0000000087a00000, 0x0000000087b00000, 0x0000000087b00000|100%|HC|  |TAMS 0x0000000087b00000, 0x0000000087a00000| Complete 
| 123|0x0000000087b00000, 0x0000000087c00000, 0x0000000087c00000|100%|HS|  |TAMS 0x0000000087c00000, 0x0000000087b00000| Complete 
| 124|0x0000000087c00000, 0x0000000087d00000, 0x0000000087d00000|100%| O|  |TAMS 0x0000000087d00000, 0x0000000087c00000| Untracked 
| 125|0x0000000087d00000, 0x0000000087e00000, 0x0000000087e00000|100%|HS|  |TAMS 0x0000000087e00000, 0x0000000087d00000| Complete 
| 126|0x0000000087e00000, 0x0000000087f00000, 0x0000000087f00000|100%|HC|  |TAMS 0x0000000087f00000, 0x0000000087e00000| Complete 
| 127|0x0000000087f00000, 0x0000000088000000, 0x0000000088000000|100%|HS|  |TAMS 0x0000000088000000, 0x0000000087f00000| Complete 
| 128|0x0000000088000000, 0x0000000088100000, 0x0000000088100000|100%|HC|  |TAMS 0x0000000088100000, 0x0000000088000000| Complete 
| 129|0x0000000088100000, 0x0000000088200000, 0x0000000088200000|100%|HC|  |TAMS 0x0000000088200000, 0x0000000088100000| Complete 
| 130|0x0000000088200000, 0x0000000088300000, 0x0000000088300000|100%|HS|  |TAMS 0x0000000088200000, 0x0000000088200000| Complete 
| 131|0x0000000088300000, 0x0000000088400000, 0x0000000088400000|100%|HC|  |TAMS 0x0000000088300000, 0x0000000088300000| Complete 
| 132|0x0000000088400000, 0x0000000088500000, 0x0000000088500000|100%| O|  |TAMS 0x0000000088400000, 0x0000000088400000| Untracked 
| 133|0x0000000088500000, 0x0000000088600000, 0x0000000088600000|100%| O|  |TAMS 0x0000000088500000, 0x0000000088500000| Untracked 
| 134|0x0000000088600000, 0x0000000088700000, 0x0000000088700000|100%| O|  |TAMS 0x0000000088600000, 0x0000000088600000| Untracked 
| 135|0x0000000088700000, 0x0000000088800000, 0x0000000088800000|100%|HS|  |TAMS 0x0000000088800000, 0x0000000088700000| Complete 
| 136|0x0000000088800000, 0x0000000088900000, 0x0000000088900000|100%|HC|  |TAMS 0x0000000088900000, 0x0000000088800000| Complete 
| 137|0x0000000088900000, 0x0000000088a00000, 0x0000000088a00000|100%|HC|  |TAMS 0x0000000088a00000, 0x0000000088900000| Complete 
| 138|0x0000000088a00000, 0x0000000088b00000, 0x0000000088b00000|100%|HC|  |TAMS 0x0000000088b00000, 0x0000000088a00000| Complete 
| 139|0x0000000088b00000, 0x0000000088c00000, 0x0000000088c00000|100%|HC|  |TAMS 0x0000000088c00000, 0x0000000088b00000| Complete 
| 140|0x0000000088c00000, 0x0000000088d00000, 0x0000000088d00000|100%| O|  |TAMS 0x0000000088c00000, 0x0000000088c00000| Untracked 
| 141|0x0000000088d00000, 0x0000000088e00000, 0x0000000088e00000|100%| O|  |TAMS 0x0000000088d00000, 0x0000000088d00000| Untracked 
| 142|0x0000000088e00000, 0x0000000088f00000, 0x0000000088f00000|100%|HS|  |TAMS 0x0000000088e00000, 0x0000000088e00000| Complete 
| 143|0x0000000088f00000, 0x0000000089000000, 0x0000000089000000|100%|HC|  |TAMS 0x0000000088f00000, 0x0000000088f00000| Complete 
| 144|0x0000000089000000, 0x0000000089100000, 0x0000000089100000|100%|HC|  |TAMS 0x0000000089000000, 0x0000000089000000| Complete 
| 145|0x0000000089100000, 0x0000000089200000, 0x0000000089200000|100%| O|  |TAMS 0x0000000089100000, 0x0000000089100000| Untracked 
| 146|0x0000000089200000, 0x0000000089300000, 0x0000000089300000|100%| O|  |TAMS 0x0000000089200000, 0x0000000089200000| Untracked 
| 147|0x0000000089300000, 0x0000000089400000, 0x0000000089400000|100%|HS|  |TAMS 0x0000000089300000, 0x0000000089300000| Complete 
| 148|0x0000000089400000, 0x0000000089500000, 0x0000000089500000|100%|HC|  |TAMS 0x0000000089400000, 0x0000000089400000| Complete 
| 149|0x0000000089500000, 0x0000000089600000, 0x0000000089600000|100%| O|  |TAMS 0x0000000089500000, 0x0000000089500000| Untracked 
| 150|0x0000000089600000, 0x0000000089700000, 0x0000000089700000|100%| O|  |TAMS 0x0000000089600000, 0x0000000089600000| Untracked 
| 151|0x0000000089700000, 0x0000000089800000, 0x0000000089800000|100%| O|  |TAMS 0x0000000089700000, 0x0000000089700000| Untracked 
| 152|0x0000000089800000, 0x0000000089900000, 0x0000000089900000|100%|HS|  |TAMS 0x0000000089800000, 0x0000000089800000| Complete 
| 153|0x0000000089900000, 0x0000000089a00000, 0x0000000089a00000|100%|HC|  |TAMS 0x0000000089900000, 0x0000000089900000| Complete 
| 154|0x0000000089a00000, 0x0000000089b00000, 0x0000000089b00000|100%|HC|  |TAMS 0x0000000089a00000, 0x0000000089a00000| Complete 
| 155|0x0000000089b00000, 0x0000000089c00000, 0x0000000089c00000|100%| O|  |TAMS 0x0000000089b00000, 0x0000000089b00000| Untracked 
| 156|0x0000000089c00000, 0x0000000089d00000, 0x0000000089d00000|100%|HS|  |TAMS 0x0000000089c00000, 0x0000000089c00000| Complete 
| 157|0x0000000089d00000, 0x0000000089e00000, 0x0000000089e00000|100%| O|  |TAMS 0x0000000089d00000, 0x0000000089d00000| Untracked 
| 158|0x0000000089e00000, 0x0000000089f00000, 0x0000000089f00000|100%|HS|  |TAMS 0x0000000089e00000, 0x0000000089e00000| Complete 
| 159|0x0000000089f00000, 0x000000008a000000, 0x000000008a000000|100%| O|  |TAMS 0x0000000089f00000, 0x0000000089f00000| Untracked 
| 160|0x000000008a000000, 0x000000008a100000, 0x000000008a100000|100%|HS|  |TAMS 0x000000008a000000, 0x000000008a000000| Complete 
| 161|0x000000008a100000, 0x000000008a200000, 0x000000008a200000|100%|HS|  |TAMS 0x000000008a100000, 0x000000008a100000| Complete 
| 162|0x000000008a200000, 0x000000008a300000, 0x000000008a300000|100%|HS|  |TAMS 0x000000008a200000, 0x000000008a200000| Complete 
| 163|0x000000008a300000, 0x000000008a400000, 0x000000008a400000|100%| O|  |TAMS 0x000000008a300000, 0x000000008a300000| Untracked 
| 164|0x000000008a400000, 0x000000008a500000, 0x000000008a500000|100%| O|  |TAMS 0x000000008a400000, 0x000000008a400000| Untracked 
| 165|0x000000008a500000, 0x000000008a600000, 0x000000008a600000|100%| O|  |TAMS 0x000000008a500000, 0x000000008a500000| Untracked 
| 166|0x000000008a600000, 0x000000008a700000, 0x000000008a700000|100%| O|  |TAMS 0x000000008a600000, 0x000000008a600000| Untracked 
| 167|0x000000008a700000, 0x000000008a800000, 0x000000008a800000|100%| O|  |TAMS 0x000000008a700000, 0x000000008a700000| Untracked 
| 168|0x000000008a800000, 0x000000008a900000, 0x000000008a900000|100%| O|  |TAMS 0x000000008a800000, 0x000000008a800000| Untracked 
| 169|0x000000008a900000, 0x000000008aa00000, 0x000000008aa00000|100%| O|  |TAMS 0x000000008a900000, 0x000000008a900000| Untracked 
| 170|0x000000008aa00000, 0x000000008ab00000, 0x000000008ab00000|100%| O|  |TAMS 0x000000008aa00000, 0x000000008aa00000| Untracked 
| 171|0x000000008ab00000, 0x000000008ac00000, 0x000000008ac00000|100%| O|  |TAMS 0x000000008ab00000, 0x000000008ab00000| Untracked 
| 172|0x000000008ac00000, 0x000000008ad00000, 0x000000008ad00000|100%| O|  |TAMS 0x000000008ac00000, 0x000000008ac00000| Untracked 
| 173|0x000000008ad00000, 0x000000008ae00000, 0x000000008ae00000|100%|HS|  |TAMS 0x000000008ad00000, 0x000000008ad00000| Complete 
| 174|0x000000008ae00000, 0x000000008af00000, 0x000000008af00000|100%|HC|  |TAMS 0x000000008ae00000, 0x000000008ae00000| Complete 
| 175|0x000000008af00000, 0x000000008b000000, 0x000000008b000000|100%| O|  |TAMS 0x000000008af00000, 0x000000008af00000| Untracked 
| 176|0x000000008b000000, 0x000000008b100000, 0x000000008b100000|100%| O|  |TAMS 0x000000008b000000, 0x000000008b000000| Untracked 
| 177|0x000000008b100000, 0x000000008b200000, 0x000000008b200000|100%| O|  |TAMS 0x000000008b100000, 0x000000008b100000| Untracked 
| 178|0x000000008b200000, 0x000000008b300000, 0x000000008b300000|100%| O|  |TAMS 0x000000008b200000, 0x000000008b200000| Untracked 
| 179|0x000000008b300000, 0x000000008b400000, 0x000000008b400000|100%| O|  |TAMS 0x000000008b300000, 0x000000008b300000| Untracked 
| 180|0x000000008b400000, 0x000000008b500000, 0x000000008b500000|100%| O|  |TAMS 0x000000008b400000, 0x000000008b400000| Untracked 
| 181|0x000000008b500000, 0x000000008b600000, 0x000000008b600000|100%| O|  |TAMS 0x000000008b500000, 0x000000008b500000| Untracked 
| 182|0x000000008b600000, 0x000000008b700000, 0x000000008b700000|100%| O|  |TAMS 0x000000008b600000, 0x000000008b600000| Untracked 
| 183|0x000000008b700000, 0x000000008b800000, 0x000000008b800000|100%| O|  |TAMS 0x000000008b700000, 0x000000008b700000| Untracked 
| 184|0x000000008b800000, 0x000000008b900000, 0x000000008b900000|100%| O|  |TAMS 0x000000008b800000, 0x000000008b800000| Untracked 
| 185|0x000000008b900000, 0x000000008ba00000, 0x000000008ba00000|100%| O|  |TAMS 0x000000008b900000, 0x000000008b900000| Untracked 
| 186|0x000000008ba00000, 0x000000008bb00000, 0x000000008bb00000|100%| O|  |TAMS 0x000000008ba00000, 0x000000008ba00000| Untracked 
| 187|0x000000008bb00000, 0x000000008bb80000, 0x000000008bc00000| 50%| O|  |TAMS 0x000000008bb00000, 0x000000008bb00000| Untracked 
| 188|0x000000008bc00000, 0x000000008bc00000, 0x000000008bd00000|  0%| F|  |TAMS 0x000000008bc00000, 0x000000008bc00000| Untracked 
| 189|0x000000008bd00000, 0x000000008bd00000, 0x000000008be00000|  0%| F|  |TAMS 0x000000008bd00000, 0x000000008bd00000| Untracked 
| 190|0x000000008be00000, 0x000000008be00000, 0x000000008bf00000|  0%| F|  |TAMS 0x000000008be00000, 0x000000008be00000| Untracked 
| 191|0x000000008bf00000, 0x000000008bf00000, 0x000000008c000000|  0%| F|  |TAMS 0x000000008bf00000, 0x000000008bf00000| Untracked 
| 192|0x000000008c000000, 0x000000008c000000, 0x000000008c100000|  0%| F|  |TAMS 0x000000008c000000, 0x000000008c000000| Untracked 
| 193|0x000000008c100000, 0x000000008c100000, 0x000000008c200000|  0%| F|  |TAMS 0x000000008c100000, 0x000000008c100000| Untracked 
| 194|0x000000008c200000, 0x000000008c200000, 0x000000008c300000|  0%| F|  |TAMS 0x000000008c200000, 0x000000008c200000| Untracked 
| 195|0x000000008c300000, 0x000000008c300000, 0x000000008c400000|  0%| F|  |TAMS 0x000000008c300000, 0x000000008c300000| Untracked 
| 196|0x000000008c400000, 0x000000008c400000, 0x000000008c500000|  0%| F|  |TAMS 0x000000008c400000, 0x000000008c400000| Untracked 
| 197|0x000000008c500000, 0x000000008c500000, 0x000000008c600000|  0%| F|  |TAMS 0x000000008c500000, 0x000000008c500000| Untracked 
| 198|0x000000008c600000, 0x000000008c600000, 0x000000008c700000|  0%| F|  |TAMS 0x000000008c600000, 0x000000008c600000| Untracked 
| 199|0x000000008c700000, 0x000000008c700000, 0x000000008c800000|  0%| F|  |TAMS 0x000000008c700000, 0x000000008c700000| Untracked 
| 200|0x000000008c800000, 0x000000008c800000, 0x000000008c900000|  0%| F|  |TAMS 0x000000008c800000, 0x000000008c800000| Untracked 
| 201|0x000000008c900000, 0x000000008c900000, 0x000000008ca00000|  0%| F|  |TAMS 0x000000008c900000, 0x000000008c900000| Untracked 
| 202|0x000000008ca00000, 0x000000008ca00000, 0x000000008cb00000|  0%| F|  |TAMS 0x000000008ca00000, 0x000000008ca00000| Untracked 
| 203|0x000000008cb00000, 0x000000008cb00000, 0x000000008cc00000|  0%| F|  |TAMS 0x000000008cb00000, 0x000000008cb00000| Untracked 
| 204|0x000000008cc00000, 0x000000008cc00000, 0x000000008cd00000|  0%| F|  |TAMS 0x000000008cc00000, 0x000000008cc00000| Untracked 
| 205|0x000000008cd00000, 0x000000008cd00000, 0x000000008ce00000|  0%| F|  |TAMS 0x000000008cd00000, 0x000000008cd00000| Untracked 
| 206|0x000000008ce00000, 0x000000008ce00000, 0x000000008cf00000|  0%| F|  |TAMS 0x000000008ce00000, 0x000000008ce00000| Untracked 
| 207|0x000000008cf00000, 0x000000008cf00000, 0x000000008d000000|  0%| F|  |TAMS 0x000000008cf00000, 0x000000008cf00000| Untracked 
| 208|0x000000008d000000, 0x000000008d000000, 0x000000008d100000|  0%| F|  |TAMS 0x000000008d000000, 0x000000008d000000| Untracked 
| 209|0x000000008d100000, 0x000000008d100000, 0x000000008d200000|  0%| F|  |TAMS 0x000000008d100000, 0x000000008d100000| Untracked 
| 210|0x000000008d200000, 0x000000008d200000, 0x000000008d300000|  0%| F|  |TAMS 0x000000008d200000, 0x000000008d200000| Untracked 
| 211|0x000000008d300000, 0x000000008d300000, 0x000000008d400000|  0%| F|  |TAMS 0x000000008d300000, 0x000000008d300000| Untracked 
| 212|0x000000008d400000, 0x000000008d400000, 0x000000008d500000|  0%| F|  |TAMS 0x000000008d400000, 0x000000008d400000| Untracked 
| 213|0x000000008d500000, 0x000000008d500000, 0x000000008d600000|  0%| F|  |TAMS 0x000000008d500000, 0x000000008d500000| Untracked 
| 214|0x000000008d600000, 0x000000008d700000, 0x000000008d700000|100%| S|CS|TAMS 0x000000008d600000, 0x000000008d600000| Complete 
| 215|0x000000008d700000, 0x000000008d800000, 0x000000008d800000|100%| S|CS|TAMS 0x000000008d700000, 0x000000008d700000| Complete 
| 216|0x000000008d800000, 0x000000008d900000, 0x000000008d900000|100%| S|CS|TAMS 0x000000008d800000, 0x000000008d800000| Complete 
| 217|0x000000008d900000, 0x000000008da00000, 0x000000008da00000|100%| S|CS|TAMS 0x000000008d900000, 0x000000008d900000| Complete 
| 218|0x000000008da00000, 0x000000008db00000, 0x000000008db00000|100%| S|CS|TAMS 0x000000008da00000, 0x000000008da00000| Complete 
| 219|0x000000008db00000, 0x000000008dc00000, 0x000000008dc00000|100%| S|CS|TAMS 0x000000008db00000, 0x000000008db00000| Complete 
| 220|0x000000008dc00000, 0x000000008dc00000, 0x000000008dd00000|  0%| F|  |TAMS 0x000000008dc00000, 0x000000008dc00000| Untracked 
| 221|0x000000008dd00000, 0x000000008dd00000, 0x000000008de00000|  0%| F|  |TAMS 0x000000008dd00000, 0x000000008dd00000| Untracked 
| 222|0x000000008de00000, 0x000000008de00000, 0x000000008df00000|  0%| F|  |TAMS 0x000000008de00000, 0x000000008de00000| Untracked 
| 223|0x000000008df00000, 0x000000008df00000, 0x000000008e000000|  0%| F|  |TAMS 0x000000008df00000, 0x000000008df00000| Untracked 
| 224|0x000000008e000000, 0x000000008e000000, 0x000000008e100000|  0%| F|  |TAMS 0x000000008e000000, 0x000000008e000000| Untracked 
| 225|0x000000008e100000, 0x000000008e100000, 0x000000008e200000|  0%| F|  |TAMS 0x000000008e100000, 0x000000008e100000| Untracked 
| 226|0x000000008e200000, 0x000000008e200000, 0x000000008e300000|  0%| F|  |TAMS 0x000000008e200000, 0x000000008e200000| Untracked 
| 227|0x000000008e300000, 0x000000008e300000, 0x000000008e400000|  0%| F|  |TAMS 0x000000008e300000, 0x000000008e300000| Untracked 
| 228|0x000000008e400000, 0x000000008e400000, 0x000000008e500000|  0%| F|  |TAMS 0x000000008e400000, 0x000000008e400000| Untracked 
| 229|0x000000008e500000, 0x000000008e500000, 0x000000008e600000|  0%| F|  |TAMS 0x000000008e500000, 0x000000008e500000| Untracked 
| 230|0x000000008e600000, 0x000000008e600000, 0x000000008e700000|  0%| F|  |TAMS 0x000000008e600000, 0x000000008e600000| Untracked 
| 231|0x000000008e700000, 0x000000008e700000, 0x000000008e800000|  0%| F|  |TAMS 0x000000008e700000, 0x000000008e700000| Untracked 
| 232|0x000000008e800000, 0x000000008e800000, 0x000000008e900000|  0%| F|  |TAMS 0x000000008e800000, 0x000000008e800000| Untracked 
| 233|0x000000008e900000, 0x000000008e900000, 0x000000008ea00000|  0%| F|  |TAMS 0x000000008e900000, 0x000000008e900000| Untracked 
| 234|0x000000008ea00000, 0x000000008ea00000, 0x000000008eb00000|  0%| F|  |TAMS 0x000000008ea00000, 0x000000008ea00000| Untracked 
| 235|0x000000008eb00000, 0x000000008eb00000, 0x000000008ec00000|  0%| F|  |TAMS 0x000000008eb00000, 0x000000008eb00000| Untracked 
| 236|0x000000008ec00000, 0x000000008ec00000, 0x000000008ed00000|  0%| F|  |TAMS 0x000000008ec00000, 0x000000008ec00000| Untracked 
| 237|0x000000008ed00000, 0x000000008ed00000, 0x000000008ee00000|  0%| F|  |TAMS 0x000000008ed00000, 0x000000008ed00000| Untracked 
| 238|0x000000008ee00000, 0x000000008ee00000, 0x000000008ef00000|  0%| F|  |TAMS 0x000000008ee00000, 0x000000008ee00000| Untracked 
| 239|0x000000008ef00000, 0x000000008ef00000, 0x000000008f000000|  0%| F|  |TAMS 0x000000008ef00000, 0x000000008ef00000| Untracked 
| 240|0x000000008f000000, 0x000000008f000000, 0x000000008f100000|  0%| F|  |TAMS 0x000000008f000000, 0x000000008f000000| Untracked 
| 241|0x000000008f100000, 0x000000008f100000, 0x000000008f200000|  0%| F|  |TAMS 0x000000008f100000, 0x000000008f100000| Untracked 
| 242|0x000000008f200000, 0x000000008f200000, 0x000000008f300000|  0%| F|  |TAMS 0x000000008f200000, 0x000000008f200000| Untracked 
| 243|0x000000008f300000, 0x000000008f300000, 0x000000008f400000|  0%| F|  |TAMS 0x000000008f300000, 0x000000008f300000| Untracked 
| 244|0x000000008f400000, 0x000000008f400000, 0x000000008f500000|  0%| F|  |TAMS 0x000000008f400000, 0x000000008f400000| Untracked 
| 245|0x000000008f500000, 0x000000008f500000, 0x000000008f600000|  0%| F|  |TAMS 0x000000008f500000, 0x000000008f500000| Untracked 
| 246|0x000000008f600000, 0x000000008f600000, 0x000000008f700000|  0%| F|  |TAMS 0x000000008f600000, 0x000000008f600000| Untracked 
| 247|0x000000008f700000, 0x000000008f700000, 0x000000008f800000|  0%| F|  |TAMS 0x000000008f700000, 0x000000008f700000| Untracked 
| 248|0x000000008f800000, 0x000000008f800000, 0x000000008f900000|  0%| F|  |TAMS 0x000000008f800000, 0x000000008f800000| Untracked 
| 249|0x000000008f900000, 0x000000008f900000, 0x000000008fa00000|  0%| F|  |TAMS 0x000000008f900000, 0x000000008f900000| Untracked 
| 250|0x000000008fa00000, 0x000000008fa00000, 0x000000008fb00000|  0%| F|  |TAMS 0x000000008fa00000, 0x000000008fa00000| Untracked 
| 251|0x000000008fb00000, 0x000000008fb00000, 0x000000008fc00000|  0%| F|  |TAMS 0x000000008fb00000, 0x000000008fb00000| Untracked 
| 252|0x000000008fc00000, 0x000000008fc00000, 0x000000008fd00000|  0%| F|  |TAMS 0x000000008fc00000, 0x000000008fc00000| Untracked 
| 253|0x000000008fd00000, 0x000000008fd00000, 0x000000008fe00000|  0%| F|  |TAMS 0x000000008fd00000, 0x000000008fd00000| Untracked 
| 254|0x000000008fe00000, 0x000000008fe00000, 0x000000008ff00000|  0%| F|  |TAMS 0x000000008fe00000, 0x000000008fe00000| Untracked 
| 255|0x000000008ff00000, 0x000000008ff00000, 0x0000000090000000|  0%| F|  |TAMS 0x000000008ff00000, 0x000000008ff00000| Untracked 
| 256|0x0000000090000000, 0x0000000090000000, 0x0000000090100000|  0%| F|  |TAMS 0x0000000090000000, 0x0000000090000000| Untracked 
| 257|0x0000000090100000, 0x0000000090100000, 0x0000000090200000|  0%| F|  |TAMS 0x0000000090100000, 0x0000000090100000| Untracked 
| 258|0x0000000090200000, 0x0000000090200000, 0x0000000090300000|  0%| F|  |TAMS 0x0000000090200000, 0x0000000090200000| Untracked 
| 259|0x0000000090300000, 0x0000000090300000, 0x0000000090400000|  0%| F|  |TAMS 0x0000000090300000, 0x0000000090300000| Untracked 
| 260|0x0000000090400000, 0x0000000090400000, 0x0000000090500000|  0%| F|  |TAMS 0x0000000090400000, 0x0000000090400000| Untracked 
| 261|0x0000000090500000, 0x0000000090500000, 0x0000000090600000|  0%| F|  |TAMS 0x0000000090500000, 0x0000000090500000| Untracked 
| 262|0x0000000090600000, 0x0000000090600000, 0x0000000090700000|  0%| F|  |TAMS 0x0000000090600000, 0x0000000090600000| Untracked 
| 263|0x0000000090700000, 0x0000000090700000, 0x0000000090800000|  0%| F|  |TAMS 0x0000000090700000, 0x0000000090700000| Untracked 
| 264|0x0000000090800000, 0x0000000090800000, 0x0000000090900000|  0%| F|  |TAMS 0x0000000090800000, 0x0000000090800000| Untracked 
| 265|0x0000000090900000, 0x0000000090900000, 0x0000000090a00000|  0%| F|  |TAMS 0x0000000090900000, 0x0000000090900000| Untracked 
| 266|0x0000000090a00000, 0x0000000090a00000, 0x0000000090b00000|  0%| F|  |TAMS 0x0000000090a00000, 0x0000000090a00000| Untracked 
| 267|0x0000000090b00000, 0x0000000090c00000, 0x0000000090c00000|100%| O|  |TAMS 0x0000000090b00000, 0x0000000090b00000| Untracked 
| 268|0x0000000090c00000, 0x0000000090d00000, 0x0000000090d00000|100%| O|  |TAMS 0x0000000090c00000, 0x0000000090c00000| Untracked 
| 269|0x0000000090d00000, 0x0000000090e00000, 0x0000000090e00000|100%| O|  |TAMS 0x0000000090d00000, 0x0000000090d00000| Untracked 
| 270|0x0000000090e00000, 0x0000000090f00000, 0x0000000090f00000|100%| O|  |TAMS 0x0000000090e00000, 0x0000000090e00000| Untracked 
| 271|0x0000000090f00000, 0x0000000091000000, 0x0000000091000000|100%| O|  |TAMS 0x0000000090f00000, 0x0000000090f00000| Untracked 
| 272|0x0000000091000000, 0x0000000091100000, 0x0000000091100000|100%| O|  |TAMS 0x0000000091000000, 0x0000000091000000| Untracked 
| 273|0x0000000091100000, 0x0000000091200000, 0x0000000091200000|100%| O|  |TAMS 0x0000000091100000, 0x0000000091100000| Untracked 
| 274|0x0000000091200000, 0x0000000091300000, 0x0000000091300000|100%| O|  |TAMS 0x0000000091200000, 0x0000000091200000| Untracked 
| 275|0x0000000091300000, 0x0000000091400000, 0x0000000091400000|100%| O|  |TAMS 0x0000000091300000, 0x0000000091300000| Untracked 
| 276|0x0000000091400000, 0x0000000091500000, 0x0000000091500000|100%| O|  |TAMS 0x0000000091400000, 0x0000000091400000| Untracked 
| 277|0x0000000091500000, 0x0000000091600000, 0x0000000091600000|100%| O|  |TAMS 0x0000000091500000, 0x0000000091500000| Untracked 
| 278|0x0000000091600000, 0x0000000091700000, 0x0000000091700000|100%| O|  |TAMS 0x0000000091600000, 0x0000000091600000| Untracked 
| 279|0x0000000091700000, 0x0000000091800000, 0x0000000091800000|100%| O|  |TAMS 0x0000000091700000, 0x0000000091700000| Untracked 
| 280|0x0000000091800000, 0x0000000091900000, 0x0000000091900000|100%| O|  |TAMS 0x0000000091800000, 0x0000000091800000| Untracked 

Card table byte_map: [0x000002417bda0000,0x000002417c1a0000] _byte_map_base: 0x000002417b9a0000

Marking Bits (Prev, Next): (CMBitMap*) 0x0000024177eeee58, (CMBitMap*) 0x0000024177eeee90
 Prev Bits: [0x000002417c5a0000, 0x000002417e5a0000)
 Next Bits: [0x000002410f000000, 0x0000024111000000)

Polling page: 0x0000024177690000

Metaspace:

Usage:
  Non-class:    112.15 MB capacity,   110.36 MB ( 98%) used,     1.42 MB (  1%) free+waste,   385.13 KB ( <1%) overhead. 
      Class:     16.78 MB capacity,    15.69 MB ( 94%) used,   946.47 KB (  6%) free+waste,   163.25 KB ( <1%) overhead. 
       Both:    128.93 MB capacity,   126.05 MB ( 98%) used,     2.34 MB (  2%) free+waste,   548.38 KB ( <1%) overhead. 

Virtual space:
  Non-class space:      114.00 MB reserved,     112.36 MB ( 99%) committed 
      Class space:        1.00 GB reserved,      17.00 MB (  2%) committed 
             Both:        1.11 GB reserved,     129.36 MB ( 11%) committed 

Chunk freelists:
   Non-Class:  86.00 KB
       Class:  165.00 KB
        Both:  251.00 KB

MaxMetaspaceSize: 17179869184.00 GB
CompressedClassSpaceSize: 1.00 GB

CodeHeap 'non-profiled nmethods': size=120064Kb used=9462Kb max_used=9832Kb free=110601Kb
 bounds [0x0000024107ac0000, 0x0000024108460000, 0x000002410f000000]
CodeHeap 'profiled nmethods': size=120000Kb used=46522Kb max_used=47207Kb free=73477Kb
 bounds [0x0000024100590000, 0x0000024103470000, 0x0000024107ac0000]
CodeHeap 'non-nmethods': size=5696Kb used=2363Kb max_used=2410Kb free=3332Kb
 bounds [0x0000024100000000, 0x0000024100270000, 0x0000024100590000]
 total_blobs=21535 nmethods=20547 adapters=898
 compilation: enabled
              stopped_count=0, restarted_count=0
 full_count=0

Compilation events (20 events):
Event: 52.671 Thread 0x000002417eaaa800 21979       2       com.android.tools.r8.dex.j::i (798 bytes)
Event: 52.673 Thread 0x000002417eaaa800 nmethod 21979 0x00000241006e7010 code [0x00000241006e7420, 0x00000241006e8978]
Event: 52.694 Thread 0x000002417eaaa800 21980 %     3       com.android.tools.r8.dex.j::b @ 39 (237 bytes)
Event: 52.697 Thread 0x000002417eaaa800 nmethod 21980% 0x0000024100703210 code [0x0000024100703680, 0x0000024100705a88]
Event: 52.697 Thread 0x000002417eaaa800 21981       3       com.android.tools.r8.dex.j::b (237 bytes)
Event: 52.700 Thread 0x000002417eaaa800 nmethod 21981 0x000002410075a010 code [0x000002410075a460, 0x000002410075c768]
Event: 52.701 Thread 0x000002417eaaa800 21982       2       com.android.tools.r8.code.h::<init> (7 bytes)
Event: 52.701 Thread 0x000002417eaaa800 nmethod 21982 0x00000241006e2590 code [0x00000241006e2760, 0x00000241006e2998]
Event: 52.704 Thread 0x000002417eaaa800 21983       2       com.android.tools.r8.code.S2::<init> (58 bytes)
Event: 52.705 Thread 0x000002417eaaa800 nmethod 21983 0x00000241006f0290 code [0x00000241006f04a0, 0x00000241006f0a28]
Event: 52.708 Thread 0x000002417eaaa800 21984       2       com.android.tools.r8.dex.j$$Lambda$1871/0x0000000100f87c40::get (8 bytes)
Event: 52.708 Thread 0x000002417eaaa800 nmethod 21984 0x00000241006e2190 code [0x00000241006e2340, 0x00000241006e2468]
Event: 52.715 Thread 0x000002417eaaa800 21985       1       com.android.tools.r8.internal.mu::size (5 bytes)
Event: 52.715 Thread 0x000002417eaaa800 nmethod 21985 0x0000024107ba2e90 code [0x0000024107ba3040, 0x0000024107ba30f8]
Event: 52.723 Thread 0x000002417eaaa800 21987       2       com.android.tools.r8.graph.E$b$a::hashCode (16 bytes)
Event: 52.724 Thread 0x000002417eaaa800 nmethod 21987 0x00000241006e1d90 code [0x00000241006e1f40, 0x00000241006e2068]
Event: 52.729 Thread 0x000002417eaaa800 21988       3       com.android.tools.r8.dex.j::h (41 bytes)
Event: 52.729 Thread 0x000002417eaaa800 nmethod 21988 0x00000241006e6610 code [0x00000241006e6800, 0x00000241006e6c98]
Event: 52.766 Thread 0x000002417eaaa800 21989       2       com.android.tools.r8.graph.f0$d::I (2 bytes)
Event: 52.766 Thread 0x000002417eaaa800 nmethod 21989 0x00000241006e1a10 code [0x00000241006e1bc0, 0x00000241006e1cb8]

GC Heap History (20 events):
Event: 47.320 GC heap after
{Heap after GC invocations=64 (full 0):
 garbage-first heap   total 227328K, used 116440K [0x0000000080000000, 0x0000000100000000)
  region size 1024K, 4 young (4096K), 4 survivors (4096K)
 Metaspace       used 126359K, capacity 129254K, committed 129904K, reserved 1163264K
  class space    used 15765K, capacity 16868K, committed 17152K, reserved 1048576K
}
Event: 47.353 GC heap before
{Heap before GC invocations=64 (full 0):
 garbage-first heap   total 227328K, used 123608K [0x0000000080000000, 0x0000000100000000)
  region size 1024K, 11 young (11264K), 4 survivors (4096K)
 Metaspace       used 126361K, capacity 129254K, committed 129904K, reserved 1163264K
  class space    used 15765K, capacity 16868K, committed 17152K, reserved 1048576K
}
Event: 47.369 GC heap after
{Heap after GC invocations=65 (full 0):
 garbage-first heap   total 227328K, used 115349K [0x0000000080000000, 0x0000000100000000)
  region size 1024K, 2 young (2048K), 2 survivors (2048K)
 Metaspace       used 126361K, capacity 129254K, committed 129904K, reserved 1163264K
  class space    used 15765K, capacity 16868K, committed 17152K, reserved 1048576K
}
Event: 48.148 GC heap before
{Heap before GC invocations=65 (full 0):
 garbage-first heap   total 227328K, used 180885K [0x0000000080000000, 0x0000000100000000)
  region size 1024K, 66 young (67584K), 2 survivors (2048K)
 Metaspace       used 126464K, capacity 129356K, committed 129904K, reserved 1163264K
  class space    used 15768K, capacity 16873K, committed 17152K, reserved 1048576K
}
Event: 48.152 GC heap after
{Heap after GC invocations=66 (full 0):
 garbage-first heap   total 227328K, used 114785K [0x0000000080000000, 0x0000000100000000)
  region size 1024K, 1 young (1024K), 1 survivors (1024K)
 Metaspace       used 126464K, capacity 129356K, committed 129904K, reserved 1163264K
  class space    used 15768K, capacity 16873K, committed 17152K, reserved 1048576K
}
Event: 48.607 GC heap before
{Heap before GC invocations=66 (full 0):
 garbage-first heap   total 227328K, used 183393K [0x0000000080000000, 0x0000000100000000)
  region size 1024K, 68 young (69632K), 1 survivors (1024K)
 Metaspace       used 126487K, capacity 129379K, committed 129904K, reserved 1163264K
  class space    used 15773K, capacity 16881K, committed 17152K, reserved 1048576K
}
Event: 48.610 GC heap after
{Heap after GC invocations=67 (full 0):
 garbage-first heap   total 227328K, used 114948K [0x0000000080000000, 0x0000000100000000)
  region size 1024K, 1 young (1024K), 1 survivors (1024K)
 Metaspace       used 126487K, capacity 129379K, committed 129904K, reserved 1163264K
  class space    used 15773K, capacity 16881K, committed 17152K, reserved 1048576K
}
Event: 49.041 GC heap before
{Heap before GC invocations=67 (full 0):
 garbage-first heap   total 227328K, used 185604K [0x0000000080000000, 0x0000000100000000)
  region size 1024K, 70 young (71680K), 1 survivors (1024K)
 Metaspace       used 126979K, capacity 129895K, committed 130416K, reserved 1163264K
  class space    used 15832K, capacity 16946K, committed 17152K, reserved 1048576K
}
Event: 49.049 GC heap after
{Heap after GC invocations=68 (full 0):
 garbage-first heap   total 227328K, used 119029K [0x0000000080000000, 0x0000000100000000)
  region size 1024K, 5 young (5120K), 5 survivors (5120K)
 Metaspace       used 126979K, capacity 129895K, committed 130416K, reserved 1163264K
  class space    used 15832K, capacity 16946K, committed 17152K, reserved 1048576K
}
Event: 49.402 GC heap before
{Heap before GC invocations=68 (full 0):
 garbage-first heap   total 227328K, used 187637K [0x0000000080000000, 0x0000000100000000)
  region size 1024K, 72 young (73728K), 5 survivors (5120K)
 Metaspace       used 127286K, capacity 130281K, committed 130800K, reserved 1163264K
  class space    used 15851K, capacity 16983K, committed 17280K, reserved 1048576K
}
Event: 49.413 GC heap after
{Heap after GC invocations=69 (full 0):
 garbage-first heap   total 273408K, used 119090K [0x0000000080000000, 0x0000000100000000)
  region size 1024K, 5 young (5120K), 5 survivors (5120K)
 Metaspace       used 127286K, capacity 130281K, committed 130800K, reserved 1163264K
  class space    used 15851K, capacity 16983K, committed 17280K, reserved 1048576K
}
Event: 49.799 GC heap before
{Heap before GC invocations=69 (full 0):
 garbage-first heap   total 273408K, used 204082K [0x0000000080000000, 0x0000000100000000)
  region size 1024K, 89 young (91136K), 5 survivors (5120K)
 Metaspace       used 127357K, capacity 130363K, committed 131056K, reserved 1163264K
  class space    used 15853K, capacity 16985K, committed 17280K, reserved 1048576K
}
Event: 49.806 GC heap after
{Heap after GC invocations=70 (full 0):
 garbage-first heap   total 273408K, used 118526K [0x0000000080000000, 0x0000000100000000)
  region size 1024K, 5 young (5120K), 5 survivors (5120K)
 Metaspace       used 127357K, capacity 130363K, committed 131056K, reserved 1163264K
  class space    used 15853K, capacity 16985K, committed 17280K, reserved 1048576K
}
Event: 51.120 GC heap before
{Heap before GC invocations=70 (full 0):
 garbage-first heap   total 273408K, used 212734K [0x0000000080000000, 0x0000000100000000)
  region size 1024K, 69 young (70656K), 5 survivors (5120K)
 Metaspace       used 128379K, capacity 131239K, committed 131568K, reserved 1163264K
  class space    used 15981K, capacity 17094K, committed 17280K, reserved 1048576K
}
Event: 51.139 GC heap after
{Heap after GC invocations=71 (full 0):
 garbage-first heap   total 273408K, used 149626K [0x0000000080000000, 0x0000000100000000)
  region size 1024K, 10 young (10240K), 10 survivors (10240K)
 Metaspace       used 128379K, capacity 131239K, committed 131568K, reserved 1163264K
  class space    used 15981K, capacity 17094K, committed 17280K, reserved 1048576K
}
Event: 51.860 GC heap before
{Heap before GC invocations=72 (full 0):
 garbage-first heap   total 273408K, used 249978K [0x0000000080000000, 0x0000000100000000)
  region size 1024K, 83 young (84992K), 10 survivors (10240K)
 Metaspace       used 128484K, capacity 131378K, committed 131824K, reserved 1163264K
  class space    used 15988K, capacity 17097K, committed 17280K, reserved 1048576K
}
Event: 51.984 GC heap after
{Heap after GC invocations=73 (full 0):
 garbage-first heap   total 287744K, used 188596K [0x0000000080000000, 0x0000000100000000)
  region size 1024K, 11 young (11264K), 11 survivors (11264K)
 Metaspace       used 128484K, capacity 131378K, committed 131824K, reserved 1163264K
  class space    used 15988K, capacity 17097K, committed 17280K, reserved 1048576K
}
Event: 52.012 GC heap before
{Heap before GC invocations=73 (full 0):
 garbage-first heap   total 287744K, used 190644K [0x0000000080000000, 0x0000000100000000)
  region size 1024K, 14 young (14336K), 11 survivors (11264K)
 Metaspace       used 128484K, capacity 131378K, committed 131824K, reserved 1163264K
  class space    used 15988K, capacity 17097K, committed 17280K, reserved 1048576K
}
Event: 52.079 GC heap after
{Heap after GC invocations=74 (full 0):
 garbage-first heap   total 287744K, used 188275K [0x0000000080000000, 0x0000000100000000)
  region size 1024K, 2 young (2048K), 2 survivors (2048K)
 Metaspace       used 128484K, capacity 131378K, committed 131824K, reserved 1163264K
  class space    used 15988K, capacity 17097K, committed 17280K, reserved 1048576K
}
Event: 52.784 GC heap before
{Heap before GC invocations=74 (full 0):
 garbage-first heap   total 287744K, used 237427K [0x0000000080000000, 0x0000000100000000)
  region size 1024K, 47 young (48128K), 2 survivors (2048K)
 Metaspace       used 129076K, capacity 132021K, committed 132464K, reserved 1165312K
  class space    used 16069K, capacity 17179K, committed 17408K, reserved 1048576K
}

Deoptimization events (20 events):
Event: 52.190 Thread 0x0000024114d62000 DEOPT PACKING pc=0x0000024107b3a894 sp=0x000000ca5acfaf10
Event: 52.197 Thread 0x0000024114d62000 DEOPT UNPACKING pc=0x00000241000278af sp=0x000000ca5acfaec0 mode 2
Event: 52.413 Thread 0x00000241190ad800 DEOPT PACKING pc=0x0000024102dcf47e sp=0x000000ca5c1fe870
Event: 52.415 Thread 0x00000241190ad800 DEOPT UNPACKING pc=0x00000241000276ce sp=0x000000ca5c1fddf0 mode 0
Event: 52.467 Thread 0x00000241190a7000 DEOPT PACKING pc=0x00000241009d0c60 sp=0x000000ca5c0fed00
Event: 52.468 Thread 0x00000241190a7000 DEOPT UNPACKING pc=0x00000241000276ce sp=0x000000ca5c0fe328 mode 0
Event: 52.482 Thread 0x00000241190ad800 DEOPT PACKING pc=0x00000241009d0c60 sp=0x000000ca5c1fed00
Event: 52.482 Thread 0x00000241190ad800 DEOPT UNPACKING pc=0x00000241000276ce sp=0x000000ca5c1fe328 mode 0
Event: 52.491 Thread 0x00000241190ad800 DEOPT PACKING pc=0x00000241009d0c60 sp=0x000000ca5c1fed00
Event: 52.491 Thread 0x00000241190ad800 DEOPT UNPACKING pc=0x00000241000276ce sp=0x000000ca5c1fe328 mode 0
Event: 52.520 Thread 0x00000241190af000 DEOPT PACKING pc=0x00000241033d34c6 sp=0x000000ca5c2fe380
Event: 52.520 Thread 0x00000241190af000 DEOPT UNPACKING pc=0x00000241000276ce sp=0x000000ca5c2fdfc0 mode 0
Event: 52.548 Thread 0x00000241190af000 DEOPT PACKING pc=0x00000241033d34c6 sp=0x000000ca5c2fe360
Event: 52.548 Thread 0x00000241190af000 DEOPT UNPACKING pc=0x00000241000276ce sp=0x000000ca5c2fdfa0 mode 0
Event: 52.670 Thread 0x00000241190af000 Uncommon trap: trap_request=0xffffff4d fr.pc=0x0000024107bd2edc relative=0x000000000000195c
Event: 52.670 Thread 0x00000241190af000 Uncommon trap: reason=unstable_if action=reinterpret pc=0x0000024107bd2edc method=com.android.tools.r8.dex.j.i()Lcom/android/tools/r8/graph/f0; @ 27 c2
Event: 52.670 Thread 0x00000241190af000 DEOPT PACKING pc=0x0000024107bd2edc sp=0x000000ca5c2feb10
Event: 52.670 Thread 0x00000241190af000 DEOPT UNPACKING pc=0x00000241000278af sp=0x000000ca5c2feb08 mode 2
Event: 52.699 Thread 0x00000241190ad800 DEOPT PACKING pc=0x000002410067b50a sp=0x000000ca5c1fe9b0
Event: 52.699 Thread 0x00000241190ad800 DEOPT UNPACKING pc=0x00000241000276ce sp=0x000000ca5c1fdf28 mode 0

Classes redefined (0 events):
No events

Internal exceptions (20 events):
Event: 50.454 Thread 0x0000024114d5c000 Exception <a 'sun/nio/fs/WindowsException'{0x000000008e17c828}> (0x000000008e17c828) thrown at [./src/hotspot/share/prims/jni.cpp, line 615]
Event: 50.607 Thread 0x00000241190a8800 Exception <a 'sun/nio/fs/WindowsException'{0x000000008d3accf8}> (0x000000008d3accf8) thrown at [./src/hotspot/share/prims/jni.cpp, line 615]
Event: 50.650 Thread 0x0000024114d56800 Exception <a 'sun/nio/fs/WindowsException'{0x000000008d7c14d0}> (0x000000008d7c14d0) thrown at [./src/hotspot/share/prims/jni.cpp, line 615]
Event: 50.651 Thread 0x0000024114d5c000 Exception <a 'sun/nio/fs/WindowsException'{0x000000008d6396e0}> (0x000000008d6396e0) thrown at [./src/hotspot/share/prims/jni.cpp, line 615]
Event: 50.661 Thread 0x0000024114d5e800 Exception <a 'sun/nio/fs/WindowsException'{0x000000008d2d6d10}> (0x000000008d2d6d10) thrown at [./src/hotspot/share/prims/jni.cpp, line 615]
Event: 50.793 Thread 0x0000024114d56800 Exception <a 'sun/nio/fs/WindowsException'{0x000000008d1898a8}> (0x000000008d1898a8) thrown at [./src/hotspot/share/prims/jni.cpp, line 615]
Event: 50.876 Thread 0x0000024114d5e800 Exception <a 'sun/nio/fs/WindowsException'{0x000000008d062390}> (0x000000008d062390) thrown at [./src/hotspot/share/prims/jni.cpp, line 615]
Event: 50.948 Thread 0x0000024114d5c000 Exception <a 'sun/nio/fs/WindowsException'{0x000000008d137ea8}> (0x000000008d137ea8) thrown at [./src/hotspot/share/prims/jni.cpp, line 615]
Event: 50.983 Thread 0x0000024114d56800 Exception <a 'sun/nio/fs/WindowsException'{0x000000008cd32a58}> (0x000000008cd32a58) thrown at [./src/hotspot/share/prims/jni.cpp, line 615]
Event: 51.105 Thread 0x0000024114d5e800 Exception <a 'sun/nio/fs/WindowsException'{0x000000008cc8c590}> (0x000000008cc8c590) thrown at [./src/hotspot/share/prims/jni.cpp, line 615]
Event: 51.288 Thread 0x0000024114d5c000 Exception <a 'sun/nio/fs/WindowsException'{0x0000000090ae2978}> (0x0000000090ae2978) thrown at [./src/hotspot/share/prims/jni.cpp, line 615]
Event: 51.325 Thread 0x0000024114d5e800 Exception <a 'sun/nio/fs/WindowsException'{0x0000000090a48be0}> (0x0000000090a48be0) thrown at [./src/hotspot/share/prims/jni.cpp, line 615]
Event: 51.505 Thread 0x0000024114d5c000 Exception <a 'sun/nio/fs/WindowsException'{0x000000008fccf618}> (0x000000008fccf618) thrown at [./src/hotspot/share/prims/jni.cpp, line 615]
Event: 51.524 Thread 0x0000024114d5e800 Exception <a 'sun/nio/fs/WindowsException'{0x000000008e74b7e8}> (0x000000008e74b7e8) thrown at [./src/hotspot/share/prims/jni.cpp, line 615]
Event: 51.710 Thread 0x0000024114d56800 Exception <a 'sun/nio/fs/WindowsException'{0x000000008d745798}> (0x000000008d745798) thrown at [./src/hotspot/share/prims/jni.cpp, line 615]
Event: 51.717 Thread 0x0000024114d5e800 Exception <a 'sun/nio/fs/WindowsException'{0x000000008d897810}> (0x000000008d897810) thrown at [./src/hotspot/share/prims/jni.cpp, line 615]
Event: 51.836 Thread 0x0000024114d5c000 Exception <a 'sun/nio/fs/WindowsException'{0x000000008e5d2b40}> (0x000000008e5d2b40) thrown at [./src/hotspot/share/prims/jni.cpp, line 615]
Event: 52.177 Thread 0x0000024114d62000 Exception <a 'sun/nio/fs/WindowsException'{0x00000000903cb758}> (0x00000000903cb758) thrown at [./src/hotspot/share/prims/jni.cpp, line 615]
Event: 52.180 Thread 0x0000024114d5e800 Exception <a 'sun/nio/fs/WindowsException'{0x00000000904e9728}> (0x00000000904e9728) thrown at [./src/hotspot/share/prims/jni.cpp, line 615]
Event: 52.201 Thread 0x0000024113e17000 Exception <a 'sun/nio/fs/WindowsException'{0x000000008fd22388}> (0x000000008fd22388) thrown at [./src/hotspot/share/prims/jni.cpp, line 615]

Events (20 events):
Event: 52.412 loading class com/android/build/gradle/internal/dependency/ArtifactCollectionWithExtraArtifact$ExtraComponentIdentifierImpl done
Event: 52.412 loading class com/android/build/gradle/internal/dependency/ArtifactCollectionWithExtraArtifact$ExtraComponentIdentifier
Event: 52.412 loading class com/android/build/gradle/internal/dependency/ArtifactCollectionWithExtraArtifact$ExtraComponentIdentifier done
Event: 52.421 loading class com/android/build/gradle/api/TestedComponentIdentifier
Event: 52.421 loading class com/android/build/gradle/api/TestedComponentIdentifier done
Event: 52.437 loading class org/jetbrains/kotlin/gradle/internal/DefaultsOnly
Event: 52.437 loading class org/jetbrains/kotlin/gradle/internal/DefaultsOnly done
Event: 52.438 loading class org/jetbrains/kotlin/gradle/internal/CompilerArgumentsConfigurationFlag
Event: 52.438 loading class org/jetbrains/kotlin/gradle/internal/CompilerArgumentsConfigurationFlag done
Event: 52.487 loading class org/jetbrains/kotlin/incremental/IncrementalJvmCompilerRunnerKt
Event: 52.487 loading class org/jetbrains/kotlin/incremental/IncrementalJvmCompilerRunnerKt done
Event: 52.497 loading class org/jetbrains/kotlin/incremental/IncrementalJvmCompilerRunnerKt$classpathAsList$2
Event: 52.497 loading class org/jetbrains/kotlin/incremental/IncrementalJvmCompilerRunnerKt$classpathAsList$2 done
Event: 52.540 loading class org/jetbrains/kotlin/gradle/dsl/OptionsUtilKt
Event: 52.540 loading class org/jetbrains/kotlin/gradle/dsl/OptionsUtilKt done
Event: 52.563 loading class org/jetbrains/kotlin/gradle/internal/SubpluginUtilsKt$withWrappedKaptOptions$1
Event: 52.563 loading class org/jetbrains/kotlin/gradle/internal/SubpluginUtilsKt$withWrappedKaptOptions$1 done
Event: 52.633 loading class com/android/tools/r8/graph/f0$a
Event: 52.633 loading class com/android/tools/r8/graph/f0$a done
Event: 52.776 Executing VM operation: G1CollectForAllocation


Dynamic libraries:
0x00007ff7a5d00000 - 0x00007ff7a5d0a000 	E:\Android Studio\jre\bin\java.exe
0x00007ffa1ac30000 - 0x00007ffa1ae25000 	C:\WINDOWS\SYSTEM32\ntdll.dll
0x00007ffa1a5b0000 - 0x00007ffa1a66e000 	C:\WINDOWS\System32\KERNEL32.DLL
0x00007ffa184a0000 - 0x00007ffa18768000 	C:\WINDOWS\System32\KERNELBASE.dll
0x00007ffa18350000 - 0x00007ffa18450000 	C:\WINDOWS\System32\ucrtbase.dll
0x00007ffa09660000 - 0x00007ffa09677000 	E:\Android Studio\jre\bin\VCRUNTIME140.dll
0x00007ffa104e0000 - 0x00007ffa104f9000 	E:\Android Studio\jre\bin\jli.dll
0x00007ffa1a2f0000 - 0x00007ffa1a491000 	C:\WINDOWS\System32\USER32.dll
0x00007ffa188e0000 - 0x00007ffa18902000 	C:\WINDOWS\System32\win32u.dll
0x00007ffa03690000 - 0x00007ffa0392a000 	C:\WINDOWS\WinSxS\amd64_microsoft.windows.common-controls_6595b64144ccf1df_6.0.19041.1110_none_60b5254171f9507e\COMCTL32.dll
0x00007ffa1a070000 - 0x00007ffa1a10e000 	C:\WINDOWS\System32\msvcrt.dll
0x00007ffa1a670000 - 0x00007ffa1a69b000 	C:\WINDOWS\System32\GDI32.dll
0x00007ffa187d0000 - 0x00007ffa188db000 	C:\WINDOWS\System32\gdi32full.dll
0x00007ffa18a70000 - 0x00007ffa18b0d000 	C:\WINDOWS\System32\msvcp_win.dll
0x00007ffa1a040000 - 0x00007ffa1a070000 	C:\WINDOWS\System32\IMM32.DLL
0x00007ff9d9ec0000 - 0x00007ff9d9f5d000 	E:\Android Studio\jre\bin\msvcp140.dll
0x00007ff9cb950000 - 0x00007ff9cc41f000 	E:\Android Studio\jre\bin\server\jvm.dll
0x00007ffa1a6a0000 - 0x00007ffa1a74c000 	C:\WINDOWS\System32\ADVAPI32.dll
0x00007ffa18ca0000 - 0x00007ffa18d3b000 	C:\WINDOWS\System32\sechost.dll
0x00007ffa18fd0000 - 0x00007ffa190fa000 	C:\WINDOWS\System32\RPCRT4.dll
0x00007ffa18ef0000 - 0x00007ffa18ef8000 	C:\WINDOWS\System32\PSAPI.DLL
0x00007ff9ff550000 - 0x00007ff9ff559000 	C:\WINDOWS\SYSTEM32\WSOCK32.dll
0x00007ffa028a0000 - 0x00007ffa028c7000 	C:\WINDOWS\SYSTEM32\WINMM.dll
0x00007ffa18f00000 - 0x00007ffa18f6b000 	C:\WINDOWS\System32\WS2_32.dll
0x00007ffa0f840000 - 0x00007ffa0f84a000 	C:\WINDOWS\SYSTEM32\VERSION.dll
0x00007ffa16c20000 - 0x00007ffa16c32000 	C:\WINDOWS\SYSTEM32\kernel.appcore.dll
0x00007ffa10500000 - 0x00007ffa10511000 	E:\Android Studio\jre\bin\verify.dll
0x00007ffa168e0000 - 0x00007ffa16ac4000 	C:\WINDOWS\SYSTEM32\DBGHELP.DLL
0x00007ff9fd6c0000 - 0x00007ff9fd6ec000 	C:\WINDOWS\SYSTEM32\dbgcore.DLL
0x00007ffa18b10000 - 0x00007ffa18b93000 	C:\WINDOWS\System32\bcryptPrimitives.dll
0x00007ffa0cfc0000 - 0x00007ffa0cfe9000 	E:\Android Studio\jre\bin\java.dll
0x00007ffa12550000 - 0x00007ffa1255b000 	E:\Android Studio\jre\bin\jimage.dll
0x00007ffa103e0000 - 0x00007ffa103f8000 	E:\Android Studio\jre\bin\zip.dll
0x00007ffa19100000 - 0x00007ffa1983f000 	C:\WINDOWS\System32\SHELL32.dll
0x00007ffa16080000 - 0x00007ffa16810000 	C:\WINDOWS\SYSTEM32\windows.storage.dll
0x00007ffa1a7b0000 - 0x00007ffa1ab05000 	C:\WINDOWS\System32\combase.dll
0x00007ffa17da0000 - 0x00007ffa17dce000 	C:\WINDOWS\SYSTEM32\Wldp.dll
0x00007ffa1a240000 - 0x00007ffa1a2ed000 	C:\WINDOWS\System32\SHCORE.dll
0x00007ffa18f70000 - 0x00007ffa18fc5000 	C:\WINDOWS\System32\shlwapi.dll
0x00007ffa18290000 - 0x00007ffa182af000 	C:\WINDOWS\SYSTEM32\profapi.dll
0x00007ffa0cfa0000 - 0x00007ffa0cfba000 	E:\Android Studio\jre\bin\net.dll
0x00007ffa04690000 - 0x00007ffa0479c000 	C:\WINDOWS\SYSTEM32\WINHTTP.dll
0x00007ffa17b00000 - 0x00007ffa17b6a000 	C:\WINDOWS\system32\mswsock.dll
0x00007ffa0cf80000 - 0x00007ffa0cf94000 	E:\Android Studio\jre\bin\nio.dll
0x00007ffa002b0000 - 0x00007ffa002d7000 	C:\Users\peto\.gradle\native\8bec1ad78214c89d9ad589b4d07fe93259594b29d510b10fafb7a158f7737e5d\windows-amd64\native-platform.dll
0x00007ff9d69e0000 - 0x00007ff9d6b1d000 	C:\Users\peto\.gradle\native\53dbd7edfb1c66fb8903c78663c9afc45aea4f116125fa6feffd364cf09443e8\windows-amd64\native-platform-file-events.dll
0x00007ffa120a0000 - 0x00007ffa120aa000 	E:\Android Studio\jre\bin\management.dll
0x00007ffa12080000 - 0x00007ffa1208c000 	E:\Android Studio\jre\bin\management_ext.dll
0x00007ffa17cf0000 - 0x00007ffa17d08000 	C:\WINDOWS\SYSTEM32\CRYPTSP.dll
0x00007ffa17410000 - 0x00007ffa17444000 	C:\WINDOWS\system32\rsaenh.dll
0x00007ffa18ba0000 - 0x00007ffa18bc7000 	C:\WINDOWS\System32\bcrypt.dll
0x00007ffa18250000 - 0x00007ffa1827e000 	C:\WINDOWS\SYSTEM32\USERENV.dll
0x00007ffa17d10000 - 0x00007ffa17d1c000 	C:\WINDOWS\SYSTEM32\CRYPTBASE.dll
0x00007ffa177a0000 - 0x00007ffa177db000 	C:\WINDOWS\SYSTEM32\IPHLPAPI.DLL
0x00007ffa19f40000 - 0x00007ffa19f48000 	C:\WINDOWS\System32\NSI.dll
0x00007ffa0cd10000 - 0x00007ffa0cd27000 	C:\WINDOWS\SYSTEM32\dhcpcsvc6.DLL
0x00007ffa0dc80000 - 0x00007ffa0dc9d000 	C:\WINDOWS\SYSTEM32\dhcpcsvc.DLL
0x00007ffa177e0000 - 0x00007ffa178ab000 	C:\WINDOWS\SYSTEM32\DNSAPI.dll
0x00007ffa05ca0000 - 0x00007ffa05cc7000 	E:\Android Studio\jre\bin\sunec.dll
0x00007ffa01db0000 - 0x00007ffa01dba000 	C:\Windows\System32\rasadhlp.dll
0x00007ffa027b0000 - 0x00007ffa0282f000 	C:\WINDOWS\System32\fwpuclnt.dll
0x00007ffa171c0000 - 0x00007ffa171f3000 	C:\WINDOWS\SYSTEM32\ntmarta.dll

dbghelp: loaded successfully - version: 4.0.5 - missing functions: none
symbol engine: initialized successfully - sym options: 0x614 - pdb path: .;E:\Android Studio\jre\bin;C:\WINDOWS\SYSTEM32;C:\WINDOWS\WinSxS\amd64_microsoft.windows.common-controls_6595b64144ccf1df_6.0.19041.1110_none_60b5254171f9507e;E:\Android Studio\jre\bin\server;C:\Users\peto\.gradle\native\8bec1ad78214c89d9ad589b4d07fe93259594b29d510b10fafb7a158f7737e5d\windows-amd64;C:\Users\peto\.gradle\native\53dbd7edfb1c66fb8903c78663c9afc45aea4f116125fa6feffd364cf09443e8\windows-amd64

VM Arguments:
jvm_args: --add-opens=java.base/java.util=ALL-UNNAMED --add-opens=java.base/java.lang=ALL-UNNAMED --add-opens=java.base/java.lang.invoke=ALL-UNNAMED --add-opens=java.base/java.util=ALL-UNNAMED --add-opens=java.prefs/java.util.prefs=ALL-UNNAMED --add-opens=java.prefs/java.util.prefs=ALL-UNNAMED --add-opens=java.base/java.nio.charset=ALL-UNNAMED --add-opens=java.base/java.net=ALL-UNNAMED --add-opens=java.base/java.util.concurrent.atomic=ALL-UNNAMED -Xmx2048m -Dfile.encoding=UTF-8 -Duser.country=US -Duser.language=en -Duser.variant 
java_command: org.gradle.launcher.daemon.bootstrap.GradleDaemon 7.0.2
java_class_path (initial): C:\Users\peto\.gradle\wrapper\dists\gradle-7.0.2-bin\857tjihv64xamwrf0h14cai3r\gradle-7.0.2\lib\gradle-launcher-7.0.2.jar
Launcher Type: SUN_STANDARD

[Global flags]
     intx CICompilerCount                          = 3                                         {product} {ergonomic}
     uint ConcGCThreads                            = 1                                         {product} {ergonomic}
     uint G1ConcRefinementThreads                  = 4                                         {product} {ergonomic}
   size_t G1HeapRegionSize                         = 1048576                                   {product} {ergonomic}
    uintx GCDrainStackTargetSize                   = 64                                        {product} {ergonomic}
   size_t InitialHeapSize                          = 134217728                                 {product} {ergonomic}
   size_t MarkStackSize                            = 4194304                                   {product} {ergonomic}
   size_t MaxHeapSize                              = 2147483648                                {product} {command line}
   size_t MaxNewSize                               = 1287651328                                {product} {ergonomic}
   size_t MinHeapDeltaBytes                        = 1048576                                   {product} {ergonomic}
    uintx NonNMethodCodeHeapSize                   = 5830732                                {pd product} {ergonomic}
    uintx NonProfiledCodeHeapSize                  = 122913754                              {pd product} {ergonomic}
    uintx ProfiledCodeHeapSize                     = 122913754                              {pd product} {ergonomic}
    uintx ReservedCodeCacheSize                    = 251658240                              {pd product} {ergonomic}
     bool SegmentedCodeCache                       = true                                      {product} {ergonomic}
     bool UseCompressedClassPointers               = true                                 {lp64_product} {ergonomic}
     bool UseCompressedOops                        = true                                 {lp64_product} {ergonomic}
     bool UseG1GC                                  = true                                      {product} {ergonomic}
     bool UseLargePagesIndividualAllocation        = false                                  {pd product} {ergonomic}

Logging:
Log output configuration:
 #0: stdout all=warning uptime,level,tags
 #1: stderr all=off uptime,level,tags

Environment Variables:
PATH=C:\Python310\Scripts\;C:\Python310\;C:\Program Files\Common Files\Oracle\Java\javapath;C:\Program Files (x86)\VMware\VMware Player\bin\;C:\Program Files (x86)\Intel\iCLS Client\;C:\Program Files\Intel\iCLS Client\;C:\Windows\system32;C:\Windows;C:\Windows\System32\Wbem;C:\Windows\System32\WindowsPowerShell\v1.0\;C:\Program Files (x86)\NVIDIA Corporation\PhysX\Common;C:\Program Files (x86)\Intel\Intel(R) Management Engine Components\DAL;C:\Program Files\Intel\Intel(R) Management Engine Components\DAL;C:\Program Files (x86)\Intel\Intel(R) Management Engine Components\IPT;C:\Program Files\Intel\Intel(R) Management Engine Components\IPT;C:\Program Files\Intel\WiFi\bin\;C:\Program Files\Common Files\Intel\WirelessCommon\;C:\WINDOWS\system32;C:\WINDOWS;C:\WINDOWS\System32\Wbem;C:\WINDOWS\System32\WindowsPowerShell\v1.0\;C:\WINDOWS\System32\OpenSSH\;C:\Program Files (x86)\EAC MW klient\;C:\Program Files\Git\cmd;C:\Program Files\nodejs\;C:\ProgramData\chocolatey\bin;C:\Users\peto\AppData\Local\Programs\Python\Python38\Scripts\;C:\Users\peto\AppData\Local\Programs\Python\Python38\;C:\Users\peto\PycharmProjects\UPB2;C:\MinGW\bin;C:\Users\peto\AppData\Local\gitkraken\bin;C:\Users\peto\AppData\Local\Microsoft\WindowsApps;C:\Users\peto\AppData\Roaming\npm
USERNAME=peto
OS=Windows_NT
PROCESSOR_IDENTIFIER=Intel64 Family 6 Model 142 Stepping 9, GenuineIntel



---------------  S Y S T E M  ---------------

OS: Windows 10 , 64 bit Build 19041 (10.0.19041.1348)
OS uptime: 6 days 15:47 hours

CPU:total 4 (initial active 4) (2 cores per cpu, 2 threads per core) family 6 model 142 stepping 9 microcode 0xb4, cmov, cx8, fxsr, mmx, sse, sse2, sse3, ssse3, sse4.1, sse4.2, popcnt, avx, avx2, aes, clmul, erms, 3dnowpref, lzcnt, ht, tsc, tscinvbit, bmi1, bmi2, adx, fma

Memory: 4k page, system-wide physical 8090M (365M free)
TotalPageFile size 17465M (AvailPageFile size 220M)
current process WorkingSet (physical memory assigned to process): 409M, peak: 481M
current process commit charge ("private bytes"): 646M, peak: 917M

vm_info: OpenJDK 64-Bit Server VM (11.0.10+0-b96-7249189) for windows-amd64 JRE (11.0.10+0-b96-7249189), built on Mar 31 2021 21:44:00 by "builder" with MS VC++ 14.0 (VS2015)

END.
