#
# There is insufficient memory for the Java Runtime Environment to continue.
# Native memory allocation (malloc) failed to allocate 131088 bytes for Chunk::new
# Possible reasons:
#   The system is out of physical RAM or swap space
#   The process is running with CompressedOops enabled, and the Java Heap may be blocking the growth of the native heap
# Possible solutions:
#   Reduce memory load on the system
#   Increase physical memory or swap space
#   Check if swap backing store is full
#   Decrease Java heap size (-Xmx/-Xms)
#   Decrease number of Java threads
#   Decrease Java thread stack sizes (-Xss)
#   Set larger code cache with -XX:ReservedCodeCacheSize=
#   JVM is running with Unscaled Compressed Oops mode in which the Java heap is
#     placed in the first 4GB address space. The Java Heap base address is the
#     maximum limit for the native heap growth. Please use -XX:HeapBaseMinAddress
#     to set the Java Heap base and to place the Java Heap above 4GB virtual address.
# This output file may be truncated or incomplete.
#
#  Out of Memory Error (./src/hotspot/share/memory/arena.cpp:197), pid=952, tid=29852
#
# JRE version: OpenJDK Runtime Environment (11.0.10) (build 11.0.10+0-b96-7249189)
# Java VM: OpenJDK 64-Bit Server VM (11.0.10+0-b96-7249189, mixed mode, tiered, compressed oops, g1 gc, windows-amd64)
# No core dump will be written. Minidumps are not enabled by default on client versions of Windows
#

---------------  S U M M A R Y ------------

Command Line: org.jetbrains.kotlin.cli.jvm.K2JVMCompiler @E:\FinalAssignment\app\build\20211122_15462697692904272750.compiler.options

Host: Intel(R) Core(TM) i7-7500U CPU @ 2.70GHz, 4 cores, 7G,  Windows 10 , 64 bit Build 19041 (10.0.19041.1348)
Time: Mon Nov 22 18:39:12 2021 Central Europe Standard Time elapsed time: 2.189927 seconds (0d 0h 0m 2s)

---------------  T H R E A D  ---------------

Current thread (0x000001fa7d019000):  JavaThread "C2 CompilerThread0" daemon [_thread_in_native, id=29852, stack(0x00000057aa900000,0x00000057aaa00000)]


Current CompileTask:
C2:   2190 2110   !   4       jdk.internal.loader.BuiltinClassLoader::loadClassOrNull (143 bytes)

Stack: [0x00000057aa900000,0x00000057aaa00000]
Native frames: (J=compiled Java code, j=interpreted, Vv=VM code, C=native code)
V  [jvm.dll+0x5ecfaa]
V  [jvm.dll+0x722bd5]
V  [jvm.dll+0x72412d]
V  [jvm.dll+0x7247e3]
V  [jvm.dll+0x242928]
V  [jvm.dll+0xbc4fc]
V  [jvm.dll+0xbca0c]
V  [jvm.dll+0xbc608]
V  [jvm.dll+0x5cc470]
V  [jvm.dll+0x204443]
V  [jvm.dll+0x1fc692]
V  [jvm.dll+0x1fa77f]
V  [jvm.dll+0x18354c]
V  [jvm.dll+0x208ee7]
V  [jvm.dll+0x207731]
V  [jvm.dll+0x6eb1cf]
V  [jvm.dll+0x6e3d45]
V  [jvm.dll+0x5ebe96]
C  [ucrtbase.dll+0x21bb2]
C  [KERNEL32.DLL+0x17034]
C  [ntdll.dll+0x52651]


---------------  P R O C E S S  ---------------

Threads class SMR info:
_java_thread_list=0x000001fa7dabc7a0, length=10, elements={
0x000001fa634dc000, 0x000001fa7cff7800, 0x000001fa7cff8800, 0x000001fa7d010800,
0x000001fa7d014800, 0x000001fa7d016000, 0x000001fa7d019000, 0x000001fa7d020800,
0x000001fa7d035800, 0x000001fa7dac9800
}

Java Threads: ( => current thread )
  0x000001fa634dc000 JavaThread "main" [_thread_in_Java, id=8320, stack(0x00000057a9d00000,0x00000057a9e00000)]
  0x000001fa7cff7800 JavaThread "Reference Handler" daemon [_thread_blocked, id=9612, stack(0x00000057aa400000,0x00000057aa500000)]
  0x000001fa7cff8800 JavaThread "Finalizer" daemon [_thread_blocked, id=3016, stack(0x00000057aa500000,0x00000057aa600000)]
  0x000001fa7d010800 JavaThread "Signal Dispatcher" daemon [_thread_blocked, id=14676, stack(0x00000057aa600000,0x00000057aa700000)]
  0x000001fa7d014800 JavaThread "Attach Listener" daemon [_thread_blocked, id=23044, stack(0x00000057aa700000,0x00000057aa800000)]
  0x000001fa7d016000 JavaThread "Service Thread" daemon [_thread_blocked, id=29940, stack(0x00000057aa800000,0x00000057aa900000)]
=>0x000001fa7d019000 JavaThread "C2 CompilerThread0" daemon [_thread_in_native, id=29852, stack(0x00000057aa900000,0x00000057aaa00000)]
  0x000001fa7d020800 JavaThread "C1 CompilerThread0" daemon [_thread_blocked, id=17868, stack(0x00000057aaa00000,0x00000057aab00000)]
  0x000001fa7d035800 JavaThread "Sweeper thread" daemon [_thread_blocked, id=18248, stack(0x00000057aab00000,0x00000057aac00000)]
  0x000001fa7dac9800 JavaThread "Common-Cleaner" daemon [_thread_blocked, id=16396, stack(0x00000057aad00000,0x00000057aae00000)]

Other Threads:
  0x000001fa7cfd1800 VMThread "VM Thread" [stack: 0x00000057aa300000,0x00000057aa400000] [id=9496]
  0x000001fa7dac5000 WatcherThread [stack: 0x00000057aac00000,0x00000057aad00000] [id=6672]
  0x000001fa634f3800 GCTaskThread "GC Thread#0" [stack: 0x00000057a9e00000,0x00000057a9f00000] [id=7280]
  0x000001fa7de81800 GCTaskThread "GC Thread#1" [stack: 0x00000057aae00000,0x00000057aaf00000] [id=16300]
  0x000001fa7dee2800 GCTaskThread "GC Thread#2" [stack: 0x00000057aaf00000,0x00000057ab000000] [id=17088]
  0x000001fa63525000 ConcurrentGCThread "G1 Main Marker" [stack: 0x00000057a9f00000,0x00000057aa000000] [id=9588]
  0x000001fa63526800 ConcurrentGCThread "G1 Conc#0" [stack: 0x00000057aa000000,0x00000057aa100000] [id=24344]
  0x000001fa635b5800 ConcurrentGCThread "G1 Refine#0" [stack: 0x00000057aa100000,0x00000057aa200000] [id=11252]
  0x000001fa635b8000 ConcurrentGCThread "G1 Young RemSet Sampling" [stack: 0x00000057aa200000,0x00000057aa300000] [id=19392]

Threads with active compile tasks:
C2 CompilerThread0   2206 2110   !   4       jdk.internal.loader.BuiltinClassLoader::loadClassOrNull (143 bytes)

VM state:not at safepoint (normal execution)

VM Mutex/Monitor currently owned by a thread: None

Heap address: 0x0000000081800000, size: 2024 MB, Compressed Oops mode: 32-bit
Narrow klass base: 0x0000000000000000, Narrow klass shift: 3
Compressed class space size: 1073741824 Address: 0x0000000100000000

Heap:
 garbage-first heap   total 131072K, used 41984K [0x0000000081800000, 0x0000000100000000)
  region size 1024K, 36 young (36864K), 6 survivors (6144K)
 Metaspace       used 29932K, capacity 30410K, committed 30512K, reserved 1077248K
  class space    used 3498K, capacity 3712K, committed 3712K, reserved 1048576K
Heap Regions: E=young(eden), S=young(survivor), O=old, HS=humongous(starts), HC=humongous(continues), CS=collection set, F=free, A=archive, TAMS=top-at-mark-start (previous, next)
|   0|0x0000000081800000, 0x0000000081900000, 0x0000000081900000|100%|HS|  |TAMS 0x0000000081900000, 0x0000000081800000| Complete 
|   1|0x0000000081900000, 0x0000000081a00000, 0x0000000081a00000|100%|HC|  |TAMS 0x0000000081a00000, 0x0000000081900000| Complete 
|   2|0x0000000081a00000, 0x0000000081b00000, 0x0000000081b00000|100%|HC|  |TAMS 0x0000000081b00000, 0x0000000081a00000| Complete 
|   3|0x0000000081b00000, 0x0000000081b00000, 0x0000000081c00000|  0%| F|  |TAMS 0x0000000081b00000, 0x0000000081b00000| Untracked 
|   4|0x0000000081c00000, 0x0000000081c43c00, 0x0000000081d00000| 26%| O|  |TAMS 0x0000000081c43c00, 0x0000000081c00000| Untracked 
|   5|0x0000000081d00000, 0x0000000081e00000, 0x0000000081e00000|100%|HS|  |TAMS 0x0000000081d00000, 0x0000000081d00000| Complete 
|   6|0x0000000081e00000, 0x0000000081f00000, 0x0000000081f00000|100%|HC|  |TAMS 0x0000000081e00000, 0x0000000081e00000| Complete 
|   7|0x0000000081f00000, 0x0000000082000000, 0x0000000082000000|100%|HC|  |TAMS 0x0000000081f00000, 0x0000000081f00000| Complete 
|   8|0x0000000082000000, 0x0000000082000000, 0x0000000082100000|  0%| F|  |TAMS 0x0000000082000000, 0x0000000082000000| Untracked 
|   9|0x0000000082100000, 0x0000000082100000, 0x0000000082200000|  0%| F|  |TAMS 0x0000000082100000, 0x0000000082100000| Untracked 
|  10|0x0000000082200000, 0x0000000082200000, 0x0000000082300000|  0%| F|  |TAMS 0x0000000082200000, 0x0000000082200000| Untracked 
|  11|0x0000000082300000, 0x0000000082300000, 0x0000000082400000|  0%| F|  |TAMS 0x0000000082300000, 0x0000000082300000| Untracked 
|  12|0x0000000082400000, 0x0000000082400000, 0x0000000082500000|  0%| F|  |TAMS 0x0000000082400000, 0x0000000082400000| Untracked 
|  13|0x0000000082500000, 0x0000000082500000, 0x0000000082600000|  0%| F|  |TAMS 0x0000000082500000, 0x0000000082500000| Untracked 
|  14|0x0000000082600000, 0x0000000082600000, 0x0000000082700000|  0%| F|  |TAMS 0x0000000082600000, 0x0000000082600000| Untracked 
|  15|0x0000000082700000, 0x0000000082700000, 0x0000000082800000|  0%| F|  |TAMS 0x0000000082700000, 0x0000000082700000| Untracked 
|  16|0x0000000082800000, 0x0000000082800000, 0x0000000082900000|  0%| F|  |TAMS 0x0000000082800000, 0x0000000082800000| Untracked 
|  17|0x0000000082900000, 0x0000000082900000, 0x0000000082a00000|  0%| F|  |TAMS 0x0000000082900000, 0x0000000082900000| Untracked 
|  18|0x0000000082a00000, 0x0000000082a00000, 0x0000000082b00000|  0%| F|  |TAMS 0x0000000082a00000, 0x0000000082a00000| Untracked 
|  19|0x0000000082b00000, 0x0000000082b00000, 0x0000000082c00000|  0%| F|  |TAMS 0x0000000082b00000, 0x0000000082b00000| Untracked 
|  20|0x0000000082c00000, 0x0000000082c00000, 0x0000000082d00000|  0%| F|  |TAMS 0x0000000082c00000, 0x0000000082c00000| Untracked 
|  21|0x0000000082d00000, 0x0000000082d00000, 0x0000000082e00000|  0%| F|  |TAMS 0x0000000082d00000, 0x0000000082d00000| Untracked 
|  22|0x0000000082e00000, 0x0000000082e00000, 0x0000000082f00000|  0%| F|  |TAMS 0x0000000082e00000, 0x0000000082e00000| Untracked 
|  23|0x0000000082f00000, 0x0000000082f00000, 0x0000000083000000|  0%| F|  |TAMS 0x0000000082f00000, 0x0000000082f00000| Untracked 
|  24|0x0000000083000000, 0x0000000083000000, 0x0000000083100000|  0%| F|  |TAMS 0x0000000083000000, 0x0000000083000000| Untracked 
|  25|0x0000000083100000, 0x0000000083100000, 0x0000000083200000|  0%| F|  |TAMS 0x0000000083100000, 0x0000000083100000| Untracked 
|  26|0x0000000083200000, 0x0000000083200000, 0x0000000083300000|  0%| F|  |TAMS 0x0000000083200000, 0x0000000083200000| Untracked 
|  27|0x0000000083300000, 0x0000000083300000, 0x0000000083400000|  0%| F|  |TAMS 0x0000000083300000, 0x0000000083300000| Untracked 
|  28|0x0000000083400000, 0x0000000083400000, 0x0000000083500000|  0%| F|  |TAMS 0x0000000083400000, 0x0000000083400000| Untracked 
|  29|0x0000000083500000, 0x0000000083500000, 0x0000000083600000|  0%| F|  |TAMS 0x0000000083500000, 0x0000000083500000| Untracked 
|  30|0x0000000083600000, 0x0000000083600000, 0x0000000083700000|  0%| F|  |TAMS 0x0000000083600000, 0x0000000083600000| Untracked 
|  31|0x0000000083700000, 0x0000000083700000, 0x0000000083800000|  0%| F|  |TAMS 0x0000000083700000, 0x0000000083700000| Untracked 
|  32|0x0000000083800000, 0x0000000083800000, 0x0000000083900000|  0%| F|  |TAMS 0x0000000083800000, 0x0000000083800000| Untracked 
|  33|0x0000000083900000, 0x0000000083900000, 0x0000000083a00000|  0%| F|  |TAMS 0x0000000083900000, 0x0000000083900000| Untracked 
|  34|0x0000000083a00000, 0x0000000083a00000, 0x0000000083b00000|  0%| F|  |TAMS 0x0000000083a00000, 0x0000000083a00000| Untracked 
|  35|0x0000000083b00000, 0x0000000083b00000, 0x0000000083c00000|  0%| F|  |TAMS 0x0000000083b00000, 0x0000000083b00000| Untracked 
|  36|0x0000000083c00000, 0x0000000083c00000, 0x0000000083d00000|  0%| F|  |TAMS 0x0000000083c00000, 0x0000000083c00000| Untracked 
|  37|0x0000000083d00000, 0x0000000083d00000, 0x0000000083e00000|  0%| F|  |TAMS 0x0000000083d00000, 0x0000000083d00000| Untracked 
|  38|0x0000000083e00000, 0x0000000083e00000, 0x0000000083f00000|  0%| F|  |TAMS 0x0000000083e00000, 0x0000000083e00000| Untracked 
|  39|0x0000000083f00000, 0x0000000083f00000, 0x0000000084000000|  0%| F|  |TAMS 0x0000000083f00000, 0x0000000083f00000| Untracked 
|  40|0x0000000084000000, 0x0000000084000000, 0x0000000084100000|  0%| F|  |TAMS 0x0000000084000000, 0x0000000084000000| Untracked 
|  41|0x0000000084100000, 0x0000000084100000, 0x0000000084200000|  0%| F|  |TAMS 0x0000000084100000, 0x0000000084100000| Untracked 
|  42|0x0000000084200000, 0x0000000084200000, 0x0000000084300000|  0%| F|  |TAMS 0x0000000084200000, 0x0000000084200000| Untracked 
|  43|0x0000000084300000, 0x0000000084300000, 0x0000000084400000|  0%| F|  |TAMS 0x0000000084300000, 0x0000000084300000| Untracked 
|  44|0x0000000084400000, 0x0000000084400000, 0x0000000084500000|  0%| F|  |TAMS 0x0000000084400000, 0x0000000084400000| Untracked 
|  45|0x0000000084500000, 0x0000000084500000, 0x0000000084600000|  0%| F|  |TAMS 0x0000000084500000, 0x0000000084500000| Untracked 
|  46|0x0000000084600000, 0x0000000084600000, 0x0000000084700000|  0%| F|  |TAMS 0x0000000084600000, 0x0000000084600000| Untracked 
|  47|0x0000000084700000, 0x0000000084700000, 0x0000000084800000|  0%| F|  |TAMS 0x0000000084700000, 0x0000000084700000| Untracked 
|  48|0x0000000084800000, 0x0000000084800000, 0x0000000084900000|  0%| F|  |TAMS 0x0000000084800000, 0x0000000084800000| Untracked 
|  49|0x0000000084900000, 0x0000000084900000, 0x0000000084a00000|  0%| F|  |TAMS 0x0000000084900000, 0x0000000084900000| Untracked 
|  50|0x0000000084a00000, 0x0000000084a00000, 0x0000000084b00000|  0%| F|  |TAMS 0x0000000084a00000, 0x0000000084a00000| Untracked 
|  51|0x0000000084b00000, 0x0000000084b00000, 0x0000000084c00000|  0%| F|  |TAMS 0x0000000084b00000, 0x0000000084b00000| Untracked 
|  52|0x0000000084c00000, 0x0000000084c00000, 0x0000000084d00000|  0%| F|  |TAMS 0x0000000084c00000, 0x0000000084c00000| Untracked 
|  53|0x0000000084d00000, 0x0000000084d00000, 0x0000000084e00000|  0%| F|  |TAMS 0x0000000084d00000, 0x0000000084d00000| Untracked 
|  54|0x0000000084e00000, 0x0000000084e00000, 0x0000000084f00000|  0%| F|  |TAMS 0x0000000084e00000, 0x0000000084e00000| Untracked 
|  55|0x0000000084f00000, 0x0000000084f00000, 0x0000000085000000|  0%| F|  |TAMS 0x0000000084f00000, 0x0000000084f00000| Untracked 
|  56|0x0000000085000000, 0x0000000085000000, 0x0000000085100000|  0%| F|  |TAMS 0x0000000085000000, 0x0000000085000000| Untracked 
|  57|0x0000000085100000, 0x0000000085100000, 0x0000000085200000|  0%| F|  |TAMS 0x0000000085100000, 0x0000000085100000| Untracked 
|  58|0x0000000085200000, 0x0000000085200000, 0x0000000085300000|  0%| F|  |TAMS 0x0000000085200000, 0x0000000085200000| Untracked 
|  59|0x0000000085300000, 0x0000000085300000, 0x0000000085400000|  0%| F|  |TAMS 0x0000000085300000, 0x0000000085300000| Untracked 
|  60|0x0000000085400000, 0x0000000085400000, 0x0000000085500000|  0%| F|  |TAMS 0x0000000085400000, 0x0000000085400000| Untracked 
|  61|0x0000000085500000, 0x0000000085500000, 0x0000000085600000|  0%| F|  |TAMS 0x0000000085500000, 0x0000000085500000| Untracked 
|  62|0x0000000085600000, 0x0000000085600000, 0x0000000085700000|  0%| F|  |TAMS 0x0000000085600000, 0x0000000085600000| Untracked 
|  63|0x0000000085700000, 0x0000000085700000, 0x0000000085800000|  0%| F|  |TAMS 0x0000000085700000, 0x0000000085700000| Untracked 
|  64|0x0000000085800000, 0x0000000085800000, 0x0000000085900000|  0%| F|  |TAMS 0x0000000085800000, 0x0000000085800000| Untracked 
|  65|0x0000000085900000, 0x0000000085900000, 0x0000000085a00000|  0%| F|  |TAMS 0x0000000085900000, 0x0000000085900000| Untracked 
|  66|0x0000000085a00000, 0x0000000085a00000, 0x0000000085b00000|  0%| F|  |TAMS 0x0000000085a00000, 0x0000000085a00000| Untracked 
|  67|0x0000000085b00000, 0x0000000085b00000, 0x0000000085c00000|  0%| F|  |TAMS 0x0000000085b00000, 0x0000000085b00000| Untracked 
|  68|0x0000000085c00000, 0x0000000085c00000, 0x0000000085d00000|  0%| F|  |TAMS 0x0000000085c00000, 0x0000000085c00000| Untracked 
|  69|0x0000000085d00000, 0x0000000085d00000, 0x0000000085e00000|  0%| F|  |TAMS 0x0000000085d00000, 0x0000000085d00000| Untracked 
|  70|0x0000000085e00000, 0x0000000085e00000, 0x0000000085f00000|  0%| F|  |TAMS 0x0000000085e00000, 0x0000000085e00000| Untracked 
|  71|0x0000000085f00000, 0x0000000085f00000, 0x0000000086000000|  0%| F|  |TAMS 0x0000000085f00000, 0x0000000085f00000| Untracked 
|  72|0x0000000086000000, 0x0000000086000000, 0x0000000086100000|  0%| F|  |TAMS 0x0000000086000000, 0x0000000086000000| Untracked 
|  73|0x0000000086100000, 0x0000000086100000, 0x0000000086200000|  0%| F|  |TAMS 0x0000000086100000, 0x0000000086100000| Untracked 
|  74|0x0000000086200000, 0x0000000086200000, 0x0000000086300000|  0%| F|  |TAMS 0x0000000086200000, 0x0000000086200000| Untracked 
|  75|0x0000000086300000, 0x0000000086300000, 0x0000000086400000|  0%| F|  |TAMS 0x0000000086300000, 0x0000000086300000| Untracked 
|  76|0x0000000086400000, 0x00000000864bc690, 0x0000000086500000| 73%| S|CS|TAMS 0x0000000086400000, 0x0000000086400000| Complete 
|  77|0x0000000086500000, 0x0000000086600000, 0x0000000086600000|100%| S|CS|TAMS 0x0000000086500000, 0x0000000086500000| Complete 
|  78|0x0000000086600000, 0x0000000086700000, 0x0000000086700000|100%| S|CS|TAMS 0x0000000086600000, 0x0000000086600000| Complete 
|  79|0x0000000086700000, 0x0000000086800000, 0x0000000086800000|100%| S|CS|TAMS 0x0000000086700000, 0x0000000086700000| Complete 
|  80|0x0000000086800000, 0x0000000086900000, 0x0000000086900000|100%| S|CS|TAMS 0x0000000086800000, 0x0000000086800000| Complete 
|  81|0x0000000086900000, 0x0000000086a00000, 0x0000000086a00000|100%| S|CS|TAMS 0x0000000086900000, 0x0000000086900000| Complete 
|  82|0x0000000086a00000, 0x0000000086a00000, 0x0000000086b00000|  0%| F|  |TAMS 0x0000000086a00000, 0x0000000086a00000| Untracked 
|  83|0x0000000086b00000, 0x0000000086b00000, 0x0000000086c00000|  0%| F|  |TAMS 0x0000000086b00000, 0x0000000086b00000| Untracked 
|  84|0x0000000086c00000, 0x0000000086c00000, 0x0000000086d00000|  0%| F|  |TAMS 0x0000000086c00000, 0x0000000086c00000| Untracked 
|  85|0x0000000086d00000, 0x0000000086d00000, 0x0000000086e00000|  0%| F|  |TAMS 0x0000000086d00000, 0x0000000086d00000| Untracked 
|  86|0x0000000086e00000, 0x0000000086e00000, 0x0000000086f00000|  0%| F|  |TAMS 0x0000000086e00000, 0x0000000086e00000| Untracked 
|  87|0x0000000086f00000, 0x0000000086f00000, 0x0000000087000000|  0%| F|  |TAMS 0x0000000086f00000, 0x0000000086f00000| Untracked 
|  88|0x0000000087000000, 0x0000000087000000, 0x0000000087100000|  0%| F|  |TAMS 0x0000000087000000, 0x0000000087000000| Untracked 
|  89|0x0000000087100000, 0x0000000087100000, 0x0000000087200000|  0%| F|  |TAMS 0x0000000087100000, 0x0000000087100000| Untracked 
|  90|0x0000000087200000, 0x0000000087200000, 0x0000000087300000|  0%| F|  |TAMS 0x0000000087200000, 0x0000000087200000| Untracked 
|  91|0x0000000087300000, 0x0000000087300000, 0x0000000087400000|  0%| F|  |TAMS 0x0000000087300000, 0x0000000087300000| Untracked 
|  92|0x0000000087400000, 0x0000000087400000, 0x0000000087500000|  0%| F|  |TAMS 0x0000000087400000, 0x0000000087400000| Untracked 
|  93|0x0000000087500000, 0x0000000087500000, 0x0000000087600000|  0%| F|  |TAMS 0x0000000087500000, 0x0000000087500000| Untracked 
|  94|0x0000000087600000, 0x0000000087600000, 0x0000000087700000|  0%| F|  |TAMS 0x0000000087600000, 0x0000000087600000| Untracked 
|  95|0x0000000087700000, 0x0000000087700000, 0x0000000087800000|  0%| F|  |TAMS 0x0000000087700000, 0x0000000087700000| Untracked 
|  96|0x0000000087800000, 0x0000000087800000, 0x0000000087900000|  0%| F|  |TAMS 0x0000000087800000, 0x0000000087800000| Untracked 
|  97|0x0000000087900000, 0x0000000087900000, 0x0000000087a00000|  0%| F|  |TAMS 0x0000000087900000, 0x0000000087900000| Untracked 
|  98|0x0000000087a00000, 0x0000000087a80c10, 0x0000000087b00000| 50%| E|  |TAMS 0x0000000087a00000, 0x0000000087a00000| Complete 
|  99|0x0000000087b00000, 0x0000000087c00000, 0x0000000087c00000|100%| E|CS|TAMS 0x0000000087b00000, 0x0000000087b00000| Complete 
| 100|0x0000000087c00000, 0x0000000087d00000, 0x0000000087d00000|100%| E|CS|TAMS 0x0000000087c00000, 0x0000000087c00000| Complete 
| 101|0x0000000087d00000, 0x0000000087e00000, 0x0000000087e00000|100%| E|CS|TAMS 0x0000000087d00000, 0x0000000087d00000| Complete 
| 102|0x0000000087e00000, 0x0000000087f00000, 0x0000000087f00000|100%| E|CS|TAMS 0x0000000087e00000, 0x0000000087e00000| Complete 
| 103|0x0000000087f00000, 0x0000000088000000, 0x0000000088000000|100%| E|CS|TAMS 0x0000000087f00000, 0x0000000087f00000| Complete 
| 104|0x0000000088000000, 0x0000000088100000, 0x0000000088100000|100%| E|CS|TAMS 0x0000000088000000, 0x0000000088000000| Complete 
| 105|0x0000000088100000, 0x0000000088200000, 0x0000000088200000|100%| E|CS|TAMS 0x0000000088100000, 0x0000000088100000| Complete 
| 106|0x0000000088200000, 0x0000000088300000, 0x0000000088300000|100%| E|CS|TAMS 0x0000000088200000, 0x0000000088200000| Complete 
| 107|0x0000000088300000, 0x0000000088400000, 0x0000000088400000|100%| E|CS|TAMS 0x0000000088300000, 0x0000000088300000| Complete 
| 108|0x0000000088400000, 0x0000000088500000, 0x0000000088500000|100%| E|CS|TAMS 0x0000000088400000, 0x0000000088400000| Complete 
| 109|0x0000000088500000, 0x0000000088600000, 0x0000000088600000|100%| E|CS|TAMS 0x0000000088500000, 0x0000000088500000| Complete 
| 110|0x0000000088600000, 0x0000000088700000, 0x0000000088700000|100%| E|CS|TAMS 0x0000000088600000, 0x0000000088600000| Complete 
| 111|0x0000000088700000, 0x0000000088800000, 0x0000000088800000|100%| E|CS|TAMS 0x0000000088700000, 0x0000000088700000| Complete 
| 112|0x0000000088800000, 0x0000000088900000, 0x0000000088900000|100%| E|CS|TAMS 0x0000000088800000, 0x0000000088800000| Complete 
| 113|0x0000000088900000, 0x0000000088a00000, 0x0000000088a00000|100%| E|CS|TAMS 0x0000000088900000, 0x0000000088900000| Complete 
| 114|0x0000000088a00000, 0x0000000088b00000, 0x0000000088b00000|100%| E|CS|TAMS 0x0000000088a00000, 0x0000000088a00000| Complete 
| 115|0x0000000088b00000, 0x0000000088c00000, 0x0000000088c00000|100%| E|CS|TAMS 0x0000000088b00000, 0x0000000088b00000| Complete 
| 116|0x0000000088c00000, 0x0000000088d00000, 0x0000000088d00000|100%| E|CS|TAMS 0x0000000088c00000, 0x0000000088c00000| Complete 
| 117|0x0000000088d00000, 0x0000000088e00000, 0x0000000088e00000|100%| E|CS|TAMS 0x0000000088d00000, 0x0000000088d00000| Complete 
| 118|0x0000000088e00000, 0x0000000088f00000, 0x0000000088f00000|100%| E|CS|TAMS 0x0000000088e00000, 0x0000000088e00000| Complete 
| 119|0x0000000088f00000, 0x0000000089000000, 0x0000000089000000|100%| E|CS|TAMS 0x0000000088f00000, 0x0000000088f00000| Complete 
| 120|0x0000000089000000, 0x0000000089100000, 0x0000000089100000|100%| E|CS|TAMS 0x0000000089000000, 0x0000000089000000| Complete 
| 121|0x0000000089100000, 0x0000000089200000, 0x0000000089200000|100%| E|CS|TAMS 0x0000000089100000, 0x0000000089100000| Complete 
| 122|0x0000000089200000, 0x0000000089300000, 0x0000000089300000|100%| E|CS|TAMS 0x0000000089200000, 0x0000000089200000| Complete 
| 123|0x0000000089300000, 0x0000000089400000, 0x0000000089400000|100%| E|CS|TAMS 0x0000000089300000, 0x0000000089300000| Complete 
| 124|0x0000000089400000, 0x0000000089500000, 0x0000000089500000|100%| E|CS|TAMS 0x0000000089400000, 0x0000000089400000| Complete 
| 125|0x0000000089500000, 0x0000000089600000, 0x0000000089600000|100%| E|CS|TAMS 0x0000000089500000, 0x0000000089500000| Complete 
| 126|0x0000000089600000, 0x0000000089700000, 0x0000000089700000|100%| E|CS|TAMS 0x0000000089600000, 0x0000000089600000| Complete 
| 127|0x0000000089700000, 0x0000000089800000, 0x0000000089800000|100%| E|CS|TAMS 0x0000000089700000, 0x0000000089700000| Complete 

Card table byte_map: [0x000001fa763d0000,0x000001fa767d0000] _byte_map_base: 0x000001fa75fc4000

Marking Bits (Prev, Next): (CMBitMap*) 0x000001fa6351c2f0, (CMBitMap*) 0x000001fa6351c2b8
 Prev Bits: [0x000001fa78b70000, 0x000001fa7ab10000)
 Next Bits: [0x000001fa76bd0000, 0x000001fa78b70000)

Polling page: 0x000001fa613c0000

Metaspace:

Usage:
  Non-class:     26.13 MB capacity,    25.83 MB ( 99%) used,   261.09 KB ( <1%) free+waste,    47.19 KB ( <1%) overhead. 
      Class:      3.63 MB capacity,     3.43 MB ( 95%) used,   174.49 KB (  5%) free+waste,    23.00 KB ( <1%) overhead. 
       Both:     29.76 MB capacity,    29.27 MB ( 98%) used,   435.58 KB (  1%) free+waste,    70.19 KB ( <1%) overhead. 

Virtual space:
  Non-class space:       28.00 MB reserved,      26.17 MB ( 93%) committed 
      Class space:        1.00 GB reserved,       3.63 MB ( <1%) committed 
             Both:        1.03 GB reserved,      29.80 MB (  3%) committed 

Chunk freelists:
   Non-Class:  38.00 KB
       Class:  0 bytes
        Both:  38.00 KB

MaxMetaspaceSize: 17179869184.00 GB
CompressedClassSpaceSize: 1.00 GB

CodeHeap 'non-profiled nmethods': size=120064Kb used=681Kb max_used=681Kb free=119382Kb
 bounds [0x000001fa6ea90000, 0x000001fa6ed00000, 0x000001fa75fd0000]
CodeHeap 'profiled nmethods': size=120000Kb used=3938Kb max_used=3938Kb free=116061Kb
 bounds [0x000001fa67560000, 0x000001fa67940000, 0x000001fa6ea90000]
CodeHeap 'non-nmethods': size=5696Kb used=1161Kb max_used=1176Kb free=4534Kb
 bounds [0x000001fa66fd0000, 0x000001fa67240000, 0x000001fa67560000]
 total_blobs=2621 nmethods=2113 adapters=420
 compilation: enabled
              stopped_count=0, restarted_count=0
 full_count=0

Compilation events (20 events):
Event: 2.085 Thread 0x000001fa7d019000 nmethod 2098 0x000001fa6eb39610 code [0x000001fa6eb397a0, 0x000001fa6eb39858]
Event: 2.085 Thread 0x000001fa7d020800 2100       3       java.lang.Package::<init> (47 bytes)
Event: 2.086 Thread 0x000001fa7d020800 nmethod 2100 0x000001fa67933e10 code [0x000001fa67934000, 0x000001fa67934448]
Event: 2.086 Thread 0x000001fa7d020800 2101       3       java.lang.Package$VersionInfo::getInstance (53 bytes)
Event: 2.086 Thread 0x000001fa7d020800 nmethod 2101 0x000001fa67934690 code [0x000001fa67934860, 0x000001fa67934c08]
Event: 2.107 Thread 0x000001fa7d020800 2104       3       java.lang.invoke.MethodHandleNatives::isCallerSensitive (29 bytes)
Event: 2.108 Thread 0x000001fa7d020800 nmethod 2104 0x000001fa67934d10 code [0x000001fa67934f00, 0x000001fa67935468]
Event: 2.108 Thread 0x000001fa7d020800 2105       3       java.lang.invoke.MethodHandleNatives::canBeCalledVirtual (93 bytes)
Event: 2.109 Thread 0x000001fa7d020800 nmethod 2105 0x000001fa67935610 code [0x000001fa67935820, 0x000001fa67935d98]
Event: 2.114 Thread 0x000001fa7d020800 2106       3       java.lang.invoke.DirectMethodHandle::<init> (141 bytes)
Event: 2.115 Thread 0x000001fa7d020800 nmethod 2106 0x000001fa67935f90 code [0x000001fa67936280, 0x000001fa67937348]
Event: 2.131 Thread 0x000001fa7d020800 2108       3       java.lang.reflect.Modifier::isVolatile (13 bytes)
Event: 2.131 Thread 0x000001fa7d020800 nmethod 2108 0x000001fa67937890 code [0x000001fa67937a40, 0x000001fa67937b78]
Event: 2.131 Thread 0x000001fa7d020800 2109       3       java.lang.invoke.LambdaForm::forceInterpretation (14 bytes)
Event: 2.132 Thread 0x000001fa7d020800 nmethod 2109 0x000001fa67937c10 code [0x000001fa67937dc0, 0x000001fa67937f18]
Event: 2.148 Thread 0x000001fa7d019000 2110   !   4       jdk.internal.loader.BuiltinClassLoader::loadClassOrNull (143 bytes)
Event: 2.184 Thread 0x000001fa7d020800 2112       3       jdk.internal.reflect.ReflectionFactory::getExecutableSharedParameterTypes (10 bytes)
Event: 2.185 Thread 0x000001fa7d020800 nmethod 2112 0x000001fa67937f90 code [0x000001fa67938180, 0x000001fa67938508]
Event: 2.185 Thread 0x000001fa7d020800 2113       3       java.lang.reflect.ReflectAccess::getExecutableSharedParameterTypes (5 bytes)
Event: 2.185 Thread 0x000001fa7d020800 nmethod 2113 0x000001fa67938690 code [0x000001fa67938840, 0x000001fa67938a08]

GC Heap History (4 events):
Event: 0.469 GC heap before
{Heap before GC invocations=0 (full 0):
 garbage-first heap   total 131072K, used 17408K [0x0000000081800000, 0x0000000100000000)
  region size 1024K, 14 young (14336K), 0 survivors (0K)
 Metaspace       used 9777K, capacity 9871K, committed 10112K, reserved 1058816K
  class space    used 839K, capacity 884K, committed 896K, reserved 1048576K
}
Event: 0.472 GC heap after
{Heap after GC invocations=1 (full 0):
 garbage-first heap   total 131072K, used 5391K [0x0000000081800000, 0x0000000100000000)
  region size 1024K, 2 young (2048K), 2 survivors (2048K)
 Metaspace       used 9777K, capacity 9871K, committed 10112K, reserved 1058816K
  class space    used 839K, capacity 884K, committed 896K, reserved 1048576K
}
Event: 1.487 GC heap before
{Heap before GC invocations=1 (full 0):
 garbage-first heap   total 131072K, used 49423K [0x0000000081800000, 0x0000000100000000)
  region size 1024K, 46 young (47104K), 2 survivors (2048K)
 Metaspace       used 20880K, capacity 21142K, committed 21296K, reserved 1069056K
  class space    used 2259K, capacity 2347K, committed 2432K, reserved 1048576K
}
Event: 1.502 GC heap after
{Heap after GC invocations=2 (full 0):
 garbage-first heap   total 131072K, used 9216K [0x0000000081800000, 0x0000000100000000)
  region size 1024K, 6 young (6144K), 6 survivors (6144K)
 Metaspace       used 20880K, capacity 21142K, committed 21296K, reserved 1069056K
  class space    used 2259K, capacity 2347K, committed 2432K, reserved 1048576K
}

Deoptimization events (20 events):
Event: 1.816 Thread 0x000001fa634dc000 DEOPT PACKING pc=0x000001fa678d54cf sp=0x00000057a9dfe7b0
Event: 1.816 Thread 0x000001fa634dc000 DEOPT UNPACKING pc=0x000001fa66ff76ce sp=0x00000057a9dfdc88 mode 0
Event: 1.865 Thread 0x000001fa634dc000 Uncommon trap: trap_request=0xffffff6e fr.pc=0x000001fa6eb15470 relative=0x0000000000001330
Event: 1.865 Thread 0x000001fa634dc000 Uncommon trap: reason=speculate_class_check action=maybe_recompile pc=0x000001fa6eb15470 method=java.util.zip.InflaterInputStream.read([BII)I @ 100 c2
Event: 1.865 Thread 0x000001fa634dc000 DEOPT PACKING pc=0x000001fa6eb15470 sp=0x00000057a9dfe880
Event: 1.865 Thread 0x000001fa634dc000 DEOPT UNPACKING pc=0x000001fa66ff78af sp=0x00000057a9dfe8e0 mode 2
Event: 1.886 Thread 0x000001fa634dc000 Uncommon trap: trap_request=0xffffffcc fr.pc=0x000001fa6eb2eaf4 relative=0x00000000000001b4
Event: 1.886 Thread 0x000001fa634dc000 Uncommon trap: reason=intrinsic_or_type_checked_inlining action=make_not_entrant pc=0x000001fa6eb2eaf4 method=java.util.Arrays.copyOf([Ljava/lang/Object;ILjava/lang/Class;)[Ljava/lang/Object; @ 35 c2
Event: 1.886 Thread 0x000001fa634dc000 DEOPT PACKING pc=0x000001fa6eb2eaf4 sp=0x00000057a9dfc3f0
Event: 1.886 Thread 0x000001fa634dc000 DEOPT UNPACKING pc=0x000001fa66ff78af sp=0x00000057a9dfc398 mode 2
Event: 1.929 Thread 0x000001fa634dc000 Uncommon trap: trap_request=0xffffff4d fr.pc=0x000001fa6eb11968 relative=0x00000000000005a8
Event: 1.929 Thread 0x000001fa634dc000 Uncommon trap: reason=unstable_if action=reinterpret pc=0x000001fa6eb11968 method=java.lang.Integer.getChars(II[B)I @ 25 c2
Event: 1.929 Thread 0x000001fa634dc000 DEOPT PACKING pc=0x000001fa6eb11968 sp=0x00000057a9dfe950
Event: 1.929 Thread 0x000001fa634dc000 DEOPT UNPACKING pc=0x000001fa66ff78af sp=0x00000057a9dfe840 mode 2
Event: 2.032 Thread 0x000001fa634dc000 Uncommon trap: trap_request=0xffffff4d fr.pc=0x000001fa6eb098a4 relative=0x0000000000000184
Event: 2.032 Thread 0x000001fa634dc000 Uncommon trap: reason=unstable_if action=reinterpret pc=0x000001fa6eb098a4 method=java.lang.String.startsWith(Ljava/lang/String;I)Z @ 1 c2
Event: 2.032 Thread 0x000001fa634dc000 DEOPT PACKING pc=0x000001fa6eb098a4 sp=0x00000057a9dfe1d0
Event: 2.032 Thread 0x000001fa634dc000 DEOPT UNPACKING pc=0x000001fa66ff78af sp=0x00000057a9dfe140 mode 2
Event: 2.050 Thread 0x000001fa634dc000 DEOPT PACKING pc=0x000001fa678e1f76 sp=0x00000057a9dfdcd0
Event: 2.050 Thread 0x000001fa634dc000 DEOPT UNPACKING pc=0x000001fa66ff76ce sp=0x00000057a9dfd1f0 mode 0

Classes redefined (0 events):
No events

Internal exceptions (20 events):
Event: 1.039 Thread 0x000001fa634dc000 Exception <a 'java/lang/NoSuchMethodError'{0x000000008785db68}: 'long java.lang.invoke.Invokers$Holder.invoke_MT(java.lang.Object, java.lang.Object, java.lang.Object, java.lang.Object)'> (0x000000008785db68) thrown at [./src/hotspot/share/interpreter/linkResolver.cpp, line 773]
Event: 1.039 Thread 0x000001fa634dc000 Exception <a 'java/lang/NoSuchMethodError'{0x00000000878611e8}: 'long java.lang.invoke.DelegatingMethodHandle$Holder.reinvoke_L(java.lang.Object, java.lang.Object, java.lang.Object)'> (0x00000000878611e8) thrown at [./src/hotspot/share/interpreter/linkResolver.cpp, line 773]
Event: 1.041 Thread 0x000001fa634dc000 Exception <a 'java/lang/NoSuchMethodError'{0x000000008786aea8}: 'int java.lang.invoke.DirectMethodHandle$Holder.invokeSpecial(java.lang.Object, java.lang.Object, java.lang.Object, java.lang.Object)'> (0x000000008786aea8) thrown at [./src/hotspot/share/interpreter/linkResolver.cpp, line 773]
Event: 1.044 Thread 0x000001fa634dc000 Exception <a 'java/lang/NoSuchMethodError'{0x0000000087879c88}: 'int java.lang.invoke.DelegatingMethodHandle$Holder.reinvoke_L(java.lang.Object, java.lang.Object, java.lang.Object, long, int)'> (0x0000000087879c88) thrown at [./src/hotspot/share/interpreter/linkResolver.cpp, line 773]
Event: 1.163 Thread 0x000001fa634dc000 Exception <a 'java/lang/NoSuchMethodError'{0x00000000874dee20}: 'int java.lang.invoke.DirectMethodHandle$Holder.invokeSpecialIFC(java.lang.Object, java.lang.Object, int)'> (0x00000000874dee20) thrown at [./src/hotspot/share/interpreter/linkResolver.cpp, line 773]
Event: 1.512 Thread 0x000001fa634dc000 Exception <a 'java/lang/NoSuchMethodError'{0x00000000897330d8}: 'java.lang.Object java.lang.invoke.DirectMethodHandle$Holder.invokeStaticInit(java.lang.Object, int)'> (0x00000000897330d8) thrown at [./src/hotspot/share/interpreter/linkResolver.cpp, line 773]
Event: 1.545 Thread 0x000001fa634dc000 Exception <a 'java/lang/NoSuchMethodError'{0x00000000896f33c0}: 'long java.lang.invoke.DirectMethodHandle$Holder.invokeStatic(java.lang.Object)'> (0x00000000896f33c0) thrown at [./src/hotspot/share/interpreter/linkResolver.cpp, line 773]
Event: 1.545 Thread 0x000001fa634dc000 Exception <a 'java/lang/NoSuchMethodError'{0x00000000896f6218}: 'long java.lang.invoke.DirectMethodHandle$Holder.invokeStaticInit(java.lang.Object)'> (0x00000000896f6218) thrown at [./src/hotspot/share/interpreter/linkResolver.cpp, line 773]
Event: 1.623 Thread 0x000001fa634dc000 Exception <a 'java/lang/NoSuchMethodError'{0x00000000892ecbf0}: 'int java.lang.invoke.DirectMethodHandle$Holder.invokeStaticInit(java.lang.Object, java.lang.Object, java.lang.Object)'> (0x00000000892ecbf0) thrown at [./src/hotspot/share/interpreter/linkResolver.cpp, line 773]
Event: 1.629 Thread 0x000001fa634dc000 Exception <a 'java/lang/NoSuchMethodError'{0x0000000089118958}: 'int java.lang.invoke.DirectMethodHandle$Holder.invokeStaticInit(java.lang.Object, java.lang.Object)'> (0x0000000089118958) thrown at [./src/hotspot/share/interpreter/linkResolver.cpp, line 773]
Event: 1.691 Thread 0x000001fa634dc000 Exception <a 'java/lang/NoSuchMethodError'{0x0000000088f27778}: 'void java.lang.invoke.DirectMethodHandle$Holder.invokeSpecial(java.lang.Object, java.lang.Object)'> (0x0000000088f27778) thrown at [./src/hotspot/share/interpreter/linkResolver.cpp, line 773]
Event: 1.881 Thread 0x000001fa634dc000 Exception <a 'java/lang/NoSuchMethodError'{0x0000000088751450}: 'java.lang.Object java.lang.invoke.DirectMethodHandle$Holder.invokeStatic(java.lang.Object, java.lang.Object, java.lang.Object, java.lang.Object, java.lang.Object, java.lang.Object, java.lang.Object, java.lang.Object, java.lang.Object, java.lang.Object, java.lang.Object, java.lang.Object, java.lang.Object, java.lang.Object, java.lang.Object)'> (0x0000000088751450) thrown at [./src/hotspot/share/interpreter/linkResolver.cpp, line 773]
Event: 1.882 Thread 0x000001fa634dc000 Exception <a 'java/lang/NoSuchMethodError'{0x000000008875f458}: 'java.lang.Object java.lang.invoke.DirectMethodHandle$Holder.invokeStatic(java.lang.Object, java.lang.Object, java.lang.Object, java.lang.Object, java.lang.Object, java.lang.Object, java.lang.Object, java.lang.Object, java.lang.Object, java.lang.Object, java.lang.Object, java.lang.Object, java.lang.Object, java.lang.Object, java.lang.Object, java.lang.Object)'> (0x000000008875f458) thrown at [./src/hotspot/share/interpreter/linkResolver.cpp, l
Event: 1.883 Thread 0x000001fa634dc000 Exception <a 'java/lang/NoSuchMethodError'{0x000000008876d370}: 'java.lang.Object java.lang.invoke.DirectMethodHandle$Holder.invokeSpecial(java.lang.Object, java.lang.Object, int, int, java.lang.Object, java.lang.Object, java.lang.Object)'> (0x000000008876d370) thrown at [./src/hotspot/share/interpreter/linkResolver.cpp, line 773]
Event: 1.883 Thread 0x000001fa634dc000 Exception <a 'java/lang/NoSuchMethodError'{0x0000000088770ba8}: 'java.lang.Object java.lang.invoke.DelegatingMethodHandle$Holder.reinvoke_L(java.lang.Object, int, int, java.lang.Object, java.lang.Object, java.lang.Object)'> (0x0000000088770ba8) thrown at [./src/hotspot/share/interpreter/linkResolver.cpp, line 773]
Event: 1.884 Thread 0x000001fa634dc000 Exception <a 'java/lang/NoSuchMethodError'{0x0000000088774f30}: 'java.lang.Object java.lang.invoke.DirectMethodHandle$Holder.invokeStatic(java.lang.Object, java.lang.Object, java.lang.Object, java.lang.Object, int)'> (0x0000000088774f30) thrown at [./src/hotspot/share/interpreter/linkResolver.cpp, line 773]
Event: 1.931 Thread 0x000001fa634dc000 Exception <a 'java/lang/NoSuchMethodError'{0x00000000886999f8}: 'void java.lang.invoke.DirectMethodHandle$Holder.invokeStatic(java.lang.Object, java.lang.Object, java.lang.Object, java.lang.Object)'> (0x00000000886999f8) thrown at [./src/hotspot/share/interpreter/linkResolver.cpp, line 773]
Event: 2.010 Thread 0x000001fa634dc000 Exception <a 'java/lang/NoSuchMethodError'{0x0000000088270e00}: 'void java.lang.invoke.DirectMethodHandle$Holder.invokeStaticInit(java.lang.Object, java.lang.Object)'> (0x0000000088270e00) thrown at [./src/hotspot/share/interpreter/linkResolver.cpp, line 773]
Event: 2.104 Thread 0x000001fa634dc000 Exception <a 'java/lang/NoSuchMethodError'{0x0000000087d0ae48}: 'void java.lang.invoke.DirectMethodHandle$Holder.invokeVirtual(java.lang.Object, java.lang.Object)'> (0x0000000087d0ae48) thrown at [./src/hotspot/share/interpreter/linkResolver.cpp, line 773]
Event: 2.115 Thread 0x000001fa634dc000 Exception <a 'java/lang/NoSuchMethodError'{0x0000000087d86e70}: 'int java.lang.invoke.DirectMethodHandle$Holder.invokeVirtual(java.lang.Object, java.lang.Object)'> (0x0000000087d86e70) thrown at [./src/hotspot/share/interpreter/linkResolver.cpp, line 773]

Events (20 events):
Event: 2.177 loading class org/jetbrains/kotlin/psi/KtObjectDeclaration
Event: 2.177 loading class org/jetbrains/kotlin/psi/KtObjectDeclaration done
Event: 2.179 loading class org/jetbrains/kotlin/psi/stubs/KotlinPlaceHolderStub
Event: 2.179 loading class org/jetbrains/kotlin/psi/stubs/KotlinPlaceHolderStub done
Event: 2.179 loading class org/jetbrains/kotlin/psi/KtClassInitializer
Event: 2.179 loading class org/jetbrains/kotlin/psi/KtClassInitializer done
Event: 2.180 loading class org/jetbrains/kotlin/psi/KtAnonymousInitializer
Event: 2.180 loading class org/jetbrains/kotlin/psi/KtAnonymousInitializer done
Event: 2.181 loading class org/jetbrains/kotlin/psi/KtSecondaryConstructor
Event: 2.181 loading class org/jetbrains/kotlin/psi/KtSecondaryConstructor done
Event: 2.182 loading class org/jetbrains/kotlin/psi/KtConstructor
Event: 2.182 loading class org/jetbrains/kotlin/psi/KtConstructor done
Event: 2.184 loading class org/jetbrains/kotlin/psi/KtPrimaryConstructor
Event: 2.184 loading class org/jetbrains/kotlin/psi/KtPrimaryConstructor done
Event: 2.186 loading class org/jetbrains/kotlin/psi/stubs/elements/KtParameterElementType
Event: 2.186 loading class org/jetbrains/kotlin/psi/stubs/elements/KtParameterElementType done
Event: 2.187 loading class org/jetbrains/kotlin/psi/stubs/KotlinParameterStub
Event: 2.187 loading class org/jetbrains/kotlin/psi/stubs/KotlinParameterStub done
Event: 2.187 loading class org/jetbrains/kotlin/psi/KtParameter
Event: 2.187 loading class org/jetbrains/kotlin/psi/KtParameter done


Dynamic libraries:
0x00007ff728540000 - 0x00007ff72854a000 	E:\Android Studio\jre\bin\java.exe
0x00007ffa1ac30000 - 0x00007ffa1ae25000 	C:\WINDOWS\SYSTEM32\ntdll.dll
0x00007ffa1a5b0000 - 0x00007ffa1a66e000 	C:\WINDOWS\System32\KERNEL32.DLL
0x00007ffa184a0000 - 0x00007ffa18768000 	C:\WINDOWS\System32\KERNELBASE.dll
0x00007ffa18350000 - 0x00007ffa18450000 	C:\WINDOWS\System32\ucrtbase.dll
0x00007ffa10270000 - 0x00007ffa10287000 	E:\Android Studio\jre\bin\VCRUNTIME140.dll
0x00007ffa0cfd0000 - 0x00007ffa0cfe9000 	E:\Android Studio\jre\bin\jli.dll
0x00007ffa1a2f0000 - 0x00007ffa1a491000 	C:\WINDOWS\System32\USER32.dll
0x00007ffa03690000 - 0x00007ffa0392a000 	C:\WINDOWS\WinSxS\amd64_microsoft.windows.common-controls_6595b64144ccf1df_6.0.19041.1110_none_60b5254171f9507e\COMCTL32.dll
0x00007ffa188e0000 - 0x00007ffa18902000 	C:\WINDOWS\System32\win32u.dll
0x00007ffa1a070000 - 0x00007ffa1a10e000 	C:\WINDOWS\System32\msvcrt.dll
0x00007ffa1a670000 - 0x00007ffa1a69b000 	C:\WINDOWS\System32\GDI32.dll
0x00007ffa187d0000 - 0x00007ffa188db000 	C:\WINDOWS\System32\gdi32full.dll
0x00007ffa18a70000 - 0x00007ffa18b0d000 	C:\WINDOWS\System32\msvcp_win.dll
0x00007ffa1a040000 - 0x00007ffa1a070000 	C:\WINDOWS\System32\IMM32.DLL
0x00007ffa0cf30000 - 0x00007ffa0cfcd000 	E:\Android Studio\jre\bin\msvcp140.dll
0x00007ff9a1840000 - 0x00007ff9a230f000 	E:\Android Studio\jre\bin\server\jvm.dll
0x00007ffa1a6a0000 - 0x00007ffa1a74c000 	C:\WINDOWS\System32\ADVAPI32.dll
0x00007ffa18ca0000 - 0x00007ffa18d3b000 	C:\WINDOWS\System32\sechost.dll
0x00007ffa18fd0000 - 0x00007ffa190fa000 	C:\WINDOWS\System32\RPCRT4.dll
0x00007ffa18ef0000 - 0x00007ffa18ef8000 	C:\WINDOWS\System32\PSAPI.DLL
0x00007ff9ff550000 - 0x00007ff9ff559000 	C:\WINDOWS\SYSTEM32\WSOCK32.dll
0x00007ffa028a0000 - 0x00007ffa028c7000 	C:\WINDOWS\SYSTEM32\WINMM.dll
0x00007ffa0f840000 - 0x00007ffa0f84a000 	C:\WINDOWS\SYSTEM32\VERSION.dll
0x00007ffa18f00000 - 0x00007ffa18f6b000 	C:\WINDOWS\System32\WS2_32.dll
0x00007ffa16c20000 - 0x00007ffa16c32000 	C:\WINDOWS\SYSTEM32\kernel.appcore.dll
0x00007ffa11d70000 - 0x00007ffa11d81000 	E:\Android Studio\jre\bin\verify.dll
0x00007ffa168e0000 - 0x00007ffa16ac4000 	C:\WINDOWS\SYSTEM32\DBGHELP.DLL
0x00007ff9fd6c0000 - 0x00007ff9fd6ec000 	C:\WINDOWS\SYSTEM32\dbgcore.DLL
0x00007ffa18b10000 - 0x00007ffa18b93000 	C:\WINDOWS\System32\bcryptPrimitives.dll
0x00007ffa102e0000 - 0x00007ffa10309000 	E:\Android Studio\jre\bin\java.dll
0x00007ffa11830000 - 0x00007ffa1183b000 	E:\Android Studio\jre\bin\jimage.dll
0x00007ffa102c0000 - 0x00007ffa102d8000 	E:\Android Studio\jre\bin\zip.dll
0x00007ffa19100000 - 0x00007ffa1983f000 	C:\WINDOWS\System32\SHELL32.dll
0x00007ffa16080000 - 0x00007ffa16810000 	C:\WINDOWS\SYSTEM32\windows.storage.dll
0x00007ffa1a7b0000 - 0x00007ffa1ab05000 	C:\WINDOWS\System32\combase.dll
0x00007ffa17da0000 - 0x00007ffa17dce000 	C:\WINDOWS\SYSTEM32\Wldp.dll
0x00007ffa1a240000 - 0x00007ffa1a2ed000 	C:\WINDOWS\System32\SHCORE.dll
0x00007ffa18f70000 - 0x00007ffa18fc5000 	C:\WINDOWS\System32\shlwapi.dll
0x00007ffa18290000 - 0x00007ffa182af000 	C:\WINDOWS\SYSTEM32\profapi.dll
0x00007ffa101b0000 - 0x00007ffa101ca000 	E:\Android Studio\jre\bin\net.dll
0x00007ffa04690000 - 0x00007ffa0479c000 	C:\WINDOWS\SYSTEM32\WINHTTP.dll
0x00007ffa17b00000 - 0x00007ffa17b6a000 	C:\WINDOWS\system32\mswsock.dll
0x00007ffa039d0000 - 0x00007ffa039e4000 	E:\Android Studio\jre\bin\nio.dll

dbghelp: loaded successfully - version: 4.0.5 - missing functions: none
symbol engine: initialized successfully - sym options: 0x614 - pdb path: .;E:\Android Studio\jre\bin;C:\WINDOWS\SYSTEM32;C:\WINDOWS\WinSxS\amd64_microsoft.windows.common-controls_6595b64144ccf1df_6.0.19041.1110_none_60b5254171f9507e;E:\Android Studio\jre\bin\server

VM Arguments:
java_command: org.jetbrains.kotlin.cli.jvm.K2JVMCompiler @E:\FinalAssignment\app\build\20211122_15462697692904272750.compiler.options
java_class_path (initial): C:\Users\peto\.gradle\caches\modules-2\files-2.1\org.jetbrains.kotlin\kotlin-compiler-embeddable\1.6.0\aa8da3bedc53c89219b84a0b40c7419431a13e76\kotlin-compiler-embeddable-1.6.0.jar;C:\Users\peto\.gradle\caches\modules-2\files-2.1\org.jetbrains.kotlin\kotlin-reflect\1.6.0\a215a7f914d5916dc5fd2d45cea16524e0220203\kotlin-reflect-1.6.0.jar;C:\Users\peto\.gradle\caches\modules-2\files-2.1\org.jetbrains.kotlin\kotlin-stdlib\1.6.0\a40b8b22529b733892edf4b73468ce598bb17f04\kotlin-stdlib-1.6.0.jar;C:\Users\peto\.gradle\caches\modules-2\files-2.1\org.jetbrains.kotlin\kotlin-script-runtime\1.6.0\55f72526ddcff6fc77d72cdf949c7e3d9bd95620\kotlin-script-runtime-1.6.0.jar;C:\Users\peto\.gradle\caches\modules-2\files-2.1\org.jetbrains.kotlin\kotlin-daemon-embeddable\1.6.0\d6242b37f4ce6b637d10847c7558446272ec8432\kotlin-daemon-embeddable-1.6.0.jar;C:\Users\peto\.gradle\caches\modules-2\files-2.1\org.jetbrains.intellij.deps\trove4j\1.0.20181211\216c2e14b070f334479d800987affe4054cd563f\trove4j-1.0.20181211.jar;C:\Users\peto\.gradle\caches\modules-2\files-2.1\net.java.dev.jna\jna\5.6.0\330f2244e9030119ab3030fc3fededc86713d9cc\jna-5.6.0.jar;C:\Users\peto\.gradle\caches\modules-2\files-2.1\org.jetbrains\annotations\13.0\919f0dfe192fb4e063e7dacadee7f8bb9a2672a9\annotations-13.0.jar;C:\Users\peto\.gradle\caches\modules-2\files-2.1\org.jetbrains.kotlin\kotlin-stdlib-common\1.6.0\7857e365f925cfa060f941c1357cda1f8790502c\kotlin-stdlib-common-1.6.0.jar
Launcher Type: SUN_STANDARD

[Global flags]
     intx CICompilerCount                          = 3                                         {product} {ergonomic}
     uint ConcGCThreads                            = 1                                         {product} {ergonomic}
     uint G1ConcRefinementThreads                  = 4                                         {product} {ergonomic}
   size_t G1HeapRegionSize                         = 1048576                                   {product} {ergonomic}
    uintx GCDrainStackTargetSize                   = 64                                        {product} {ergonomic}
   size_t InitialHeapSize                          = 134217728                                 {product} {ergonomic}
   size_t MarkStackSize                            = 4194304                                   {product} {ergonomic}
   size_t MaxHeapSize                              = 2122317824                                {product} {ergonomic}
   size_t MaxNewSize                               = 1272971264                                {product} {ergonomic}
   size_t MinHeapDeltaBytes                        = 1048576                                   {product} {ergonomic}
    uintx NonNMethodCodeHeapSize                   = 5830732                                {pd product} {ergonomic}
    uintx NonProfiledCodeHeapSize                  = 122913754                              {pd product} {ergonomic}
    uintx ProfiledCodeHeapSize                     = 122913754                              {pd product} {ergonomic}
    uintx ReservedCodeCacheSize                    = 251658240                              {pd product} {ergonomic}
     bool SegmentedCodeCache                       = true                                      {product} {ergonomic}
     bool UseCompressedClassPointers               = true                                 {lp64_product} {ergonomic}
     bool UseCompressedOops                        = true                                 {lp64_product} {ergonomic}
     bool UseG1GC                                  = true                                      {product} {ergonomic}
     bool UseLargePagesIndividualAllocation        = false                                  {pd product} {ergonomic}

Logging:
Log output configuration:
 #0: stdout all=warning uptime,level,tags
 #1: stderr all=off uptime,level,tags

Environment Variables:
PATH=C:\Python310\Scripts\;C:\Python310\;C:\Program Files\Common Files\Oracle\Java\javapath;C:\Program Files (x86)\VMware\VMware Player\bin\;C:\Program Files (x86)\Intel\iCLS Client\;C:\Program Files\Intel\iCLS Client\;C:\Windows\system32;C:\Windows;C:\Windows\System32\Wbem;C:\Windows\System32\WindowsPowerShell\v1.0\;C:\Program Files (x86)\NVIDIA Corporation\PhysX\Common;C:\Program Files (x86)\Intel\Intel(R) Management Engine Components\DAL;C:\Program Files\Intel\Intel(R) Management Engine Components\DAL;C:\Program Files (x86)\Intel\Intel(R) Management Engine Components\IPT;C:\Program Files\Intel\Intel(R) Management Engine Components\IPT;C:\Program Files\Intel\WiFi\bin\;C:\Program Files\Common Files\Intel\WirelessCommon\;C:\WINDOWS\system32;C:\WINDOWS;C:\WINDOWS\System32\Wbem;C:\WINDOWS\System32\WindowsPowerShell\v1.0\;C:\WINDOWS\System32\OpenSSH\;C:\Program Files (x86)\EAC MW klient\;C:\Program Files\Git\cmd;C:\Program Files\nodejs\;C:\ProgramData\chocolatey\bin;C:\Users\peto\AppData\Local\Programs\Python\Python38\Scripts\;C:\Users\peto\AppData\Local\Programs\Python\Python38\;C:\Users\peto\PycharmProjects\UPB2;C:\MinGW\bin;C:\Users\peto\AppData\Local\gitkraken\bin;C:\Users\peto\AppData\Local\Microsoft\WindowsApps;C:\Users\peto\AppData\Roaming\npm
USERNAME=peto
OS=Windows_NT
PROCESSOR_IDENTIFIER=Intel64 Family 6 Model 142 Stepping 9, GenuineIntel



---------------  S Y S T E M  ---------------

OS: Windows 10 , 64 bit Build 19041 (10.0.19041.1348)
OS uptime: 4 days 20:35 hours

CPU:total 4 (initial active 4) (2 cores per cpu, 2 threads per core) family 6 model 142 stepping 9 microcode 0xb4, cmov, cx8, fxsr, mmx, sse, sse2, sse3, ssse3, sse4.1, sse4.2, popcnt, avx, avx2, aes, clmul, erms, 3dnowpref, lzcnt, ht, tsc, tscinvbit, bmi1, bmi2, adx, fma

Memory: 4k page, system-wide physical 8090M (205M free)
TotalPageFile size 17465M (AvailPageFile size 2M)
current process WorkingSet (physical memory assigned to process): 146M, peak: 146M
current process commit charge ("private bytes"): 244M, peak: 244M

vm_info: OpenJDK 64-Bit Server VM (11.0.10+0-b96-7249189) for windows-amd64 JRE (11.0.10+0-b96-7249189), built on Mar 31 2021 21:44:00 by "builder" with MS VC++ 14.0 (VS2015)

END.
