#
# There is insufficient memory for the Java Runtime Environment to continue.
# Native memory allocation (mmap) failed to map 328204288 bytes for Failed to commit area from 0x0000000091600000 to 0x00000000a4f00000 of length 328204288.
# Possible reasons:
#   The system is out of physical RAM or swap space
#   The process is running with CompressedOops enabled, and the Java Heap may be blocking the growth of the native heap
# Possible solutions:
#   Reduce memory load on the system
#   Increase physical memory or swap space
#   Check if swap backing store is full
#   Decrease Java heap size (-Xmx/-Xms)
#   Decrease number of Java threads
#   Decrease Java thread stack sizes (-Xss)
#   Set larger code cache with -XX:ReservedCodeCacheSize=
#   JVM is running with Unscaled Compressed Oops mode in which the Java heap is
#     placed in the first 4GB address space. The Java Heap base address is the
#     maximum limit for the native heap growth. Please use -XX:HeapBaseMinAddress
#     to set the Java Heap base and to place the Java Heap above 4GB virtual address.
# This output file may be truncated or incomplete.
#
#  Out of Memory Error (./src/hotspot/os/windows/os_windows.cpp:3301), pid=28248, tid=13412
#
# JRE version: OpenJDK Runtime Environment (11.0.10) (build 11.0.10+0-b96-7249189)
# Java VM: OpenJDK 64-Bit Server VM (11.0.10+0-b96-7249189, mixed mode, tiered, compressed oops, g1 gc, windows-amd64)
# No core dump will be written. Minidumps are not enabled by default on client versions of Windows
#

---------------  S U M M A R Y ------------

Command Line: --add-opens=java.base/java.util=ALL-UNNAMED --add-opens=java.base/java.lang=ALL-UNNAMED --add-opens=java.base/java.lang.invoke=ALL-UNNAMED --add-opens=java.base/java.util=ALL-UNNAMED --add-opens=java.prefs/java.util.prefs=ALL-UNNAMED --add-opens=java.prefs/java.util.prefs=ALL-UNNAMED --add-opens=java.base/java.nio.charset=ALL-UNNAMED --add-opens=java.base/java.net=ALL-UNNAMED --add-opens=java.base/java.util.concurrent.atomic=ALL-UNNAMED -Xmx2048m -Dfile.encoding=UTF-8 -Duser.country=US -Duser.language=en -Duser.variant org.gradle.launcher.daemon.bootstrap.GradleDaemon 7.0.2

Host: Intel(R) Core(TM) i7-7500U CPU @ 2.70GHz, 4 cores, 7G,  Windows 10 , 64 bit Build 19041 (10.0.19041.1348)
Time: Wed Nov 24 13:52:14 2021 Central Europe Standard Time elapsed time: 97.553218 seconds (0d 0h 1m 37s)

---------------  T H R E A D  ---------------

Current thread (0x00000293dc9fe800):  VMThread "VM Thread" [stack: 0x000000f42b600000,0x000000f42b700000] [id=13412]

Stack: [0x000000f42b600000,0x000000f42b700000]
[error occurred during error reporting (printing stack bounds), id 0xc0000005, EXCEPTION_ACCESS_VIOLATION (0xc0000005) at pc=0x00000293c6920f2d]

Native frames: (J=compiled Java code, j=interpreted, Vv=VM code, C=native code)
V  [jvm.dll+0x5ecfaa]
V  [jvm.dll+0x722bd5]
V  [jvm.dll+0x72412d]
V  [jvm.dll+0x724745]
V  [jvm.dll+0x7246fb]
V  [jvm.dll+0x5ec348]
V  [jvm.dll+0x5ecad8]
C  [ntdll.dll+0xa20cf]
C  [ntdll.dll+0x51454]
C  [ntdll.dll+0xa0bfe]
C  0x00000293c6920f2d

VM_Operation (0x000000f42ebfca20): G1CollectForAllocation, mode: safepoint, requested by thread 0x00000293e11b7800


---------------  P R O C E S S  ---------------

Threads class SMR info:
_java_thread_list=0x00000293dfdc0a20, length=55, elements={
0x00000293c2e2c000, 0x00000293dca00800, 0x00000293dca0a000, 0x00000293dd392800,
0x00000293dca1a000, 0x00000293dca1c800, 0x00000293dca22000, 0x00000293dca27000,
0x00000293dca2d000, 0x00000293dd4da000, 0x00000293df734800, 0x00000293de73d000,
0x00000293df6a9800, 0x00000293df347000, 0x00000293de55c800, 0x00000293df4e8800,
0x00000293df4e9800, 0x00000293df4ea800, 0x00000293e11b5000, 0x00000293e11b2800,
0x00000293e11b0800, 0x00000293e11b4800, 0x00000293e11b2000, 0x00000293e11b7000,
0x00000293e11bc800, 0x00000293e11ba000, 0x00000293e19ea000, 0x00000293e19e5800,
0x00000293e19ea800, 0x00000293e19e9000, 0x00000293e19e7800, 0x00000293e19eb800,
0x00000293e19ec800, 0x00000293e19e6800, 0x00000293e19ef800, 0x00000293e19f1000,
0x00000293e19f2000, 0x00000293e19f3000, 0x00000293e19ee800, 0x00000293e19ed000,
0x00000293e19f0800, 0x00000293e19f3800, 0x00000293e19ee000, 0x00000293e19f4800,
0x00000293e11b6000, 0x00000293e11b3800, 0x00000293e11b1000, 0x00000293e11bd800,
0x00000293e11b7800, 0x00000293e11b8800, 0x00000293e11b9800, 0x00000293e11be000,
0x00000293df4e8000, 0x00000293e8e2e800, 0x00000293e8e30800
}

Java Threads: ( => current thread )
  0x00000293c2e2c000 JavaThread "main" [_thread_blocked, id=17316, stack(0x000000f42b000000,0x000000f42b100000)]
  0x00000293dca00800 JavaThread "Reference Handler" daemon [_thread_blocked, id=6972, stack(0x000000f42b700000,0x000000f42b800000)]
  0x00000293dca0a000 JavaThread "Finalizer" daemon [_thread_blocked, id=8388, stack(0x000000f42b800000,0x000000f42b900000)]
  0x00000293dd392800 JavaThread "Signal Dispatcher" daemon [_thread_blocked, id=31400, stack(0x000000f42b900000,0x000000f42ba00000)]
  0x00000293dca1a000 JavaThread "Attach Listener" daemon [_thread_blocked, id=14624, stack(0x000000f42ba00000,0x000000f42bb00000)]
  0x00000293dca1c800 JavaThread "Service Thread" daemon [_thread_blocked, id=6228, stack(0x000000f42bb00000,0x000000f42bc00000)]
  0x00000293dca22000 JavaThread "C2 CompilerThread0" daemon [_thread_in_native, id=16300, stack(0x000000f42bc00000,0x000000f42bd00000)]
  0x00000293dca27000 JavaThread "C1 CompilerThread0" daemon [_thread_blocked, id=17784, stack(0x000000f42bd00000,0x000000f42be00000)]
  0x00000293dca2d000 JavaThread "Sweeper thread" daemon [_thread_blocked, id=24132, stack(0x000000f42be00000,0x000000f42bf00000)]
  0x00000293dd4da000 JavaThread "Common-Cleaner" daemon [_thread_blocked, id=28100, stack(0x000000f42bf00000,0x000000f42c000000)]
  0x00000293df734800 JavaThread "Daemon health stats" [_thread_blocked, id=24804, stack(0x000000f42c400000,0x000000f42c500000)]
  0x00000293de73d000 JavaThread "Incoming local TCP Connector on port 51276" [_thread_in_native, id=25928, stack(0x000000f42c100000,0x000000f42c200000)]
  0x00000293df6a9800 JavaThread "Daemon periodic checks" [_thread_blocked, id=19272, stack(0x000000f42c500000,0x000000f42c600000)]
  0x00000293df347000 JavaThread "Daemon" [_thread_blocked, id=3216, stack(0x000000f42c600000,0x000000f42c700000)]
  0x00000293de55c800 JavaThread "Daemon worker" [_thread_blocked, id=17940, stack(0x000000f42c900000,0x000000f42ca00000)]
  0x00000293df4e8800 JavaThread "Cache worker for file hash cache (C:\Users\peto\.gradle\caches\7.0.2\fileHashes)" [_thread_blocked, id=20172, stack(0x000000f42cd00000,0x000000f42ce00000)]
  0x00000293df4e9800 JavaThread "File lock request listener" [_thread_in_native, id=628, stack(0x000000f42ce00000,0x000000f42cf00000)]
  0x00000293df4ea800 JavaThread "Cache worker for journal cache (C:\Users\peto\.gradle\caches\journal-1)" [_thread_blocked, id=7692, stack(0x000000f42d000000,0x000000f42d100000)]
  0x00000293e11b5000 JavaThread "File watcher server" daemon [_thread_blocked, id=27500, stack(0x000000f42d200000,0x000000f42d300000)]
  0x00000293e11b2800 JavaThread "File watcher consumer" daemon [_thread_blocked, id=11088, stack(0x000000f42d300000,0x000000f42d400000)]
  0x00000293e11b0800 JavaThread "jar transforms" [_thread_blocked, id=3964, stack(0x000000f42d400000,0x000000f42d500000)]
  0x00000293e11b4800 JavaThread "jar transforms Thread 2" [_thread_blocked, id=10452, stack(0x000000f42d500000,0x000000f42d600000)]
  0x00000293e11b2000 JavaThread "jar transforms Thread 3" [_thread_blocked, id=9148, stack(0x000000f42d600000,0x000000f42d700000)]
  0x00000293e11b7000 JavaThread "jar transforms Thread 4" [_thread_blocked, id=20656, stack(0x000000f42d700000,0x000000f42d800000)]
  0x00000293e11bc800 JavaThread "Cache worker for execution history cache (C:\Users\peto\.gradle\caches\7.0.2\executionHistory)" [_thread_blocked, id=17328, stack(0x000000f42dc00000,0x000000f42dd00000)]
  0x00000293e11ba000 JavaThread "Cache worker for file content cache (C:\Users\peto\.gradle\caches\7.0.2\fileContent)" [_thread_blocked, id=14052, stack(0x000000f42dd00000,0x000000f42de00000)]
  0x00000293e19ea000 JavaThread "Memory manager" [_thread_blocked, id=17608, stack(0x000000f42e400000,0x000000f42e500000)]
  0x00000293e19e5800 JavaThread "Handler for socket connection from /127.0.0.1:51276 to /127.0.0.1:51298" [_thread_in_native, id=27748, stack(0x000000f42ad00000,0x000000f42ae00000)]
  0x00000293e19ea800 JavaThread "Cancel handler" [_thread_blocked, id=6668, stack(0x000000f42ae00000,0x000000f42af00000)]
  0x00000293e19e9000 JavaThread "Asynchronous log dispatcher for DefaultDaemonConnection: socket connection from /127.0.0.1:51276 to /127.0.0.1:51298" [_thread_blocked, id=10364, stack(0x000000f42af00000,0x000000f42b000000)]
  0x00000293e19e7800 JavaThread "Stdin handler" [_thread_blocked, id=19304, stack(0x000000f42c700000,0x000000f42c800000)]
  0x00000293e19eb800 JavaThread "Daemon client event forwarder" [_thread_blocked, id=24928, stack(0x000000f42c800000,0x000000f42c900000)]
  0x00000293e19ec800 JavaThread "Cache worker for file hash cache (E:\FinalAssignment\.gradle\7.0.2\fileHashes)" [_thread_blocked, id=3112, stack(0x000000f42ca00000,0x000000f42cb00000)]
  0x00000293e19e6800 JavaThread "Cache worker for checksums cache (E:\FinalAssignment\.gradle\checksums)" [_thread_blocked, id=12352, stack(0x000000f42cb00000,0x000000f42cc00000)]
  0x00000293e19ef800 JavaThread "Cache worker for cache directory md-supplier (C:\Users\peto\.gradle\caches\7.0.2\md-supplier)" [_thread_blocked, id=20364, stack(0x000000f42cc00000,0x000000f42cd00000)]
  0x00000293e19f1000 JavaThread "Cache worker for cache directory md-rule (C:\Users\peto\.gradle\caches\7.0.2\md-rule)" [_thread_blocked, id=18512, stack(0x000000f42d100000,0x000000f42d200000)]
  0x00000293e19f2000 JavaThread "Cache worker for dependencies-accessors (E:\FinalAssignment\.gradle\7.0.2\dependencies-accessors)" [_thread_blocked, id=19496, stack(0x000000f42d900000,0x000000f42da00000)]
  0x00000293e19f3000 JavaThread "Cache worker for Build Output Cleanup Cache (E:\FinalAssignment\.gradle\buildOutputCleanup)" [_thread_blocked, id=18400, stack(0x000000f42d800000,0x000000f42d900000)]
  0x00000293e19ee800 JavaThread "Build operations" [_thread_blocked, id=26300, stack(0x000000f42de00000,0x000000f42df00000)]
  0x00000293e19ed000 JavaThread "Build operations Thread 2" [_thread_blocked, id=29592, stack(0x000000f42df00000,0x000000f42e000000)]
  0x00000293e19f0800 JavaThread "Build operations Thread 3" [_thread_blocked, id=19160, stack(0x000000f42e000000,0x000000f42e100000)]
  0x00000293e19f3800 JavaThread "Build operations Thread 4" [_thread_blocked, id=5444, stack(0x000000f42e100000,0x000000f42e200000)]
  0x00000293e19ee000 JavaThread "build event listener" [_thread_blocked, id=2648, stack(0x000000f42e200000,0x000000f42e300000)]
  0x00000293e19f4800 JavaThread "build event listener" [_thread_blocked, id=23720, stack(0x000000f42e300000,0x000000f42e400000)]
  0x00000293e11b6000 JavaThread "Execution worker for ':'" [_thread_blocked, id=15264, stack(0x000000f42e700000,0x000000f42e800000)]
  0x00000293e11b3800 JavaThread "Execution worker for ':' Thread 2" [_thread_blocked, id=29800, stack(0x000000f42e800000,0x000000f42e900000)]
  0x00000293e11b1000 JavaThread "Execution worker for ':' Thread 3" [_thread_blocked, id=12244, stack(0x000000f42e900000,0x000000f42ea00000)]
  0x00000293e11bd800 JavaThread "Cache worker for execution history cache (E:\FinalAssignment\.gradle\7.0.2\executionHistory)" [_thread_blocked, id=11104, stack(0x000000f42ea00000,0x000000f42eb00000)]
  0x00000293e11b7800 JavaThread "WorkerExecutor Queue" [_thread_blocked, id=14068, stack(0x000000f42eb00000,0x000000f42ec00000)]
  0x00000293e11b8800 JavaThread "WorkerExecutor Queue Thread 2" [_thread_blocked, id=23464, stack(0x000000f42ec00000,0x000000f42ed00000)]
  0x00000293e11b9800 JavaThread "WorkerExecutor Queue Thread 3" [_thread_blocked, id=12000, stack(0x000000f42db00000,0x000000f42dc00000)]
  0x00000293e11be000 JavaThread "WorkerExecutor Queue Thread 4" [_thread_blocked, id=14348, stack(0x000000f42ed00000,0x000000f42ee00000)]
  0x00000293df4e8000 JavaThread "pool-4-thread-1" [_thread_blocked, id=8436, stack(0x000000f42ee00000,0x000000f42ef00000)]
  0x00000293e8e2e800 JavaThread "stderr" [_thread_in_native, id=7056, stack(0x000000f42ef00000,0x000000f42f000000)]
  0x00000293e8e30800 JavaThread "stdout" [_thread_in_native, id=29324, stack(0x000000f42f000000,0x000000f42f100000)]

Other Threads:
=>0x00000293dc9fe800 VMThread "VM Thread" [stack: 0x000000f42b600000,0x000000f42b700000] [id=13412]
  0x00000293dd510000 WatcherThread [stack: 0x000000f42c000000,0x000000f42c100000] [id=2204]
  0x00000293c2e46000 GCTaskThread "GC Thread#0" [stack: 0x000000f42b100000,0x000000f42b200000] [id=18920]
  0x00000293de234000 GCTaskThread "GC Thread#1" [stack: 0x000000f42c200000,0x000000f42c300000] [id=21332]
  0x00000293de00f000 GCTaskThread "GC Thread#2" [stack: 0x000000f42c300000,0x000000f42c400000] [id=20388]
  0x00000293df686800 GCTaskThread "GC Thread#3" [stack: 0x000000f42cf00000,0x000000f42d000000] [id=3780]
  0x00000293c2e77800 ConcurrentGCThread "G1 Main Marker" [stack: 0x000000f42b200000,0x000000f42b300000] [id=10092]
  0x00000293c2e79000 ConcurrentGCThread "G1 Conc#0" [stack: 0x000000f42b300000,0x000000f42b400000] [id=17876]
  0x00000293c2f06000 ConcurrentGCThread "G1 Refine#0" [stack: 0x000000f42b400000,0x000000f42b500000] [id=27616]
  0x00000293c2f07000 ConcurrentGCThread "G1 Young RemSet Sampling" [stack: 0x000000f42b500000,0x000000f42b600000] [id=28800]

Threads with active compile tasks:
C2 CompilerThread0  97588 18988 %     4       com.android.tools.r8.ir.regalloc.a::a @ 1542 (1824 bytes)

VM state:at safepoint (normal execution)

VM Mutex/Monitor currently owned by a thread:  ([mutex/lock_event])
[0x00000293c2e29d10] Threads_lock - owner thread: 0x00000293dc9fe800
[0x00000293c2e2a460] Heap_lock - owner thread: 0x00000293e11b7800

Heap address: 0x0000000080000000, size: 2048 MB, Compressed Oops mode: 32-bit
Narrow klass base: 0x0000000000000000, Narrow klass shift: 3
Compressed class space size: 1073741824 Address: 0x0000000100000000

Heap:
 garbage-first heap   total 605184K, used 220160K [0x0000000080000000, 0x0000000100000000)
  region size 1024K, 2 young (2048K), 2 survivors (2048K)
 Metaspace       used 127323K, capacity 130978K, committed 131328K, reserved 1163264K
  class space    used 16154K, capacity 17493K, committed 17664K, reserved 1048576K
Heap Regions: E=young(eden), S=young(survivor), O=old, HS=humongous(starts), HC=humongous(continues), CS=collection set, F=free, A=archive, TAMS=top-at-mark-start (previous, next)
|   0|0x0000000080000000, 0x0000000080100000, 0x0000000080100000|100%| O|  |TAMS 0x0000000080100000, 0x0000000080000000| Untracked 
|   1|0x0000000080100000, 0x0000000080200000, 0x0000000080200000|100%| O|  |TAMS 0x0000000080200000, 0x0000000080100000| Untracked 
|   2|0x0000000080200000, 0x0000000080300000, 0x0000000080300000|100%| O|  |TAMS 0x0000000080300000, 0x0000000080200000| Untracked 
|   3|0x0000000080300000, 0x0000000080400000, 0x0000000080400000|100%|HS|  |TAMS 0x0000000080400000, 0x0000000080300000| Complete 
|   4|0x0000000080400000, 0x0000000080500000, 0x0000000080500000|100%|HC|  |TAMS 0x0000000080500000, 0x0000000080400000| Complete 
|   5|0x0000000080500000, 0x0000000080600000, 0x0000000080600000|100%|HC|  |TAMS 0x0000000080600000, 0x0000000080500000| Complete 
|   6|0x0000000080600000, 0x0000000080700000, 0x0000000080700000|100%| O|  |TAMS 0x0000000080700000, 0x0000000080600000| Untracked 
|   7|0x0000000080700000, 0x0000000080800000, 0x0000000080800000|100%| O|  |TAMS 0x0000000080800000, 0x0000000080700000| Untracked 
|   8|0x0000000080800000, 0x0000000080900000, 0x0000000080900000|100%| O|  |TAMS 0x0000000080900000, 0x0000000080800000| Untracked 
|   9|0x0000000080900000, 0x0000000080a00000, 0x0000000080a00000|100%| O|  |TAMS 0x0000000080a00000, 0x0000000080900000| Complete 
|  10|0x0000000080a00000, 0x0000000080b00000, 0x0000000080b00000|100%|HS|  |TAMS 0x0000000080b00000, 0x0000000080a00000| Complete 
|  11|0x0000000080b00000, 0x0000000080c00000, 0x0000000080c00000|100%|HC|  |TAMS 0x0000000080c00000, 0x0000000080b00000| Complete 
|  12|0x0000000080c00000, 0x0000000080d00000, 0x0000000080d00000|100%|HS|  |TAMS 0x0000000080d00000, 0x0000000080c00000| Complete 
|  13|0x0000000080d00000, 0x0000000080e00000, 0x0000000080e00000|100%|HC|  |TAMS 0x0000000080e00000, 0x0000000080d00000| Complete 
|  14|0x0000000080e00000, 0x0000000080f00000, 0x0000000080f00000|100%|HC|  |TAMS 0x0000000080f00000, 0x0000000080e00000| Complete 
|  15|0x0000000080f00000, 0x0000000081000000, 0x0000000081000000|100%|HS|  |TAMS 0x0000000081000000, 0x0000000080f00000| Complete 
|  16|0x0000000081000000, 0x0000000081100000, 0x0000000081100000|100%|HC|  |TAMS 0x0000000081100000, 0x0000000081000000| Complete 
|  17|0x0000000081100000, 0x0000000081200000, 0x0000000081200000|100%|HC|  |TAMS 0x0000000081200000, 0x0000000081100000| Complete 
|  18|0x0000000081200000, 0x0000000081300000, 0x0000000081300000|100%|HC|  |TAMS 0x0000000081300000, 0x0000000081200000| Complete 
|  19|0x0000000081300000, 0x0000000081400000, 0x0000000081400000|100%|HC|  |TAMS 0x0000000081400000, 0x0000000081300000| Complete 
|  20|0x0000000081400000, 0x0000000081500000, 0x0000000081500000|100%| O|  |TAMS 0x0000000081500000, 0x0000000081400000| Untracked 
|  21|0x0000000081500000, 0x0000000081600000, 0x0000000081600000|100%| O|  |TAMS 0x0000000081600000, 0x0000000081500000| Untracked 
|  22|0x0000000081600000, 0x0000000081700000, 0x0000000081700000|100%| O|  |TAMS 0x0000000081700000, 0x0000000081600000| Untracked 
|  23|0x0000000081700000, 0x0000000081800000, 0x0000000081800000|100%| O|  |TAMS 0x0000000081800000, 0x0000000081700000| Untracked 
|  24|0x0000000081800000, 0x0000000081900000, 0x0000000081900000|100%| O|  |TAMS 0x0000000081900000, 0x0000000081800000| Untracked 
|  25|0x0000000081900000, 0x0000000081a00000, 0x0000000081a00000|100%| O|  |TAMS 0x0000000081a00000, 0x0000000081900000| Untracked 
|  26|0x0000000081a00000, 0x0000000081b00000, 0x0000000081b00000|100%| O|  |TAMS 0x0000000081b00000, 0x0000000081a00000| Untracked 
|  27|0x0000000081b00000, 0x0000000081c00000, 0x0000000081c00000|100%|HS|  |TAMS 0x0000000081c00000, 0x0000000081b00000| Complete 
|  28|0x0000000081c00000, 0x0000000081d00000, 0x0000000081d00000|100%|HC|  |TAMS 0x0000000081d00000, 0x0000000081c00000| Complete 
|  29|0x0000000081d00000, 0x0000000081e00000, 0x0000000081e00000|100%|HC|  |TAMS 0x0000000081e00000, 0x0000000081d00000| Complete 
|  30|0x0000000081e00000, 0x0000000081f00000, 0x0000000081f00000|100%| O|  |TAMS 0x0000000081f00000, 0x0000000081e00000| Untracked 
|  31|0x0000000081f00000, 0x0000000082000000, 0x0000000082000000|100%| O|  |TAMS 0x0000000082000000, 0x0000000081f00000| Untracked 
|  32|0x0000000082000000, 0x0000000082100000, 0x0000000082100000|100%| O|  |TAMS 0x0000000082100000, 0x0000000082000000| Untracked 
|  33|0x0000000082100000, 0x0000000082200000, 0x0000000082200000|100%| O|  |TAMS 0x0000000082200000, 0x0000000082100000| Complete 
|  34|0x0000000082200000, 0x0000000082300000, 0x0000000082300000|100%| O|  |TAMS 0x0000000082300000, 0x0000000082200000| Untracked 
|  35|0x0000000082300000, 0x0000000082400000, 0x0000000082400000|100%|HS|  |TAMS 0x0000000082400000, 0x0000000082300000| Complete 
|  36|0x0000000082400000, 0x0000000082500000, 0x0000000082500000|100%|HC|  |TAMS 0x0000000082500000, 0x0000000082400000| Complete 
|  37|0x0000000082500000, 0x0000000082600000, 0x0000000082600000|100%|HC|  |TAMS 0x0000000082600000, 0x0000000082500000| Complete 
|  38|0x0000000082600000, 0x0000000082700000, 0x0000000082700000|100%|HC|  |TAMS 0x0000000082700000, 0x0000000082600000| Complete 
|  39|0x0000000082700000, 0x0000000082800000, 0x0000000082800000|100%|HC|  |TAMS 0x0000000082800000, 0x0000000082700000| Complete 
|  40|0x0000000082800000, 0x0000000082900000, 0x0000000082900000|100%| O|  |TAMS 0x0000000082900000, 0x0000000082800000| Untracked 
|  41|0x0000000082900000, 0x0000000082a00000, 0x0000000082a00000|100%| O|  |TAMS 0x0000000082a00000, 0x0000000082900000| Untracked 
|  42|0x0000000082a00000, 0x0000000082b00000, 0x0000000082b00000|100%| O|  |TAMS 0x0000000082b00000, 0x0000000082a00000| Untracked 
|  43|0x0000000082b00000, 0x0000000082c00000, 0x0000000082c00000|100%| O|  |TAMS 0x0000000082c00000, 0x0000000082b00000| Untracked 
|  44|0x0000000082c00000, 0x0000000082d00000, 0x0000000082d00000|100%| O|  |TAMS 0x0000000082d00000, 0x0000000082c00000| Complete 
|  45|0x0000000082d00000, 0x0000000082e00000, 0x0000000082e00000|100%| O|  |TAMS 0x0000000082e00000, 0x0000000082d00000| Untracked 
|  46|0x0000000082e00000, 0x0000000082f00000, 0x0000000082f00000|100%| O|  |TAMS 0x0000000082f00000, 0x0000000082e00000| Untracked 
|  47|0x0000000082f00000, 0x0000000083000000, 0x0000000083000000|100%| O|  |TAMS 0x0000000083000000, 0x0000000082f00000| Untracked 
|  48|0x0000000083000000, 0x0000000083100000, 0x0000000083100000|100%| O|  |TAMS 0x0000000083100000, 0x0000000083000000| Untracked 
|  49|0x0000000083100000, 0x0000000083200000, 0x0000000083200000|100%| O|  |TAMS 0x0000000083200000, 0x0000000083100000| Untracked 
|  50|0x0000000083200000, 0x0000000083300000, 0x0000000083300000|100%| O|  |TAMS 0x0000000083300000, 0x0000000083200000| Untracked 
|  51|0x0000000083300000, 0x0000000083400000, 0x0000000083400000|100%| O|  |TAMS 0x0000000083400000, 0x0000000083300000| Untracked 
|  52|0x0000000083400000, 0x0000000083500000, 0x0000000083500000|100%| O|  |TAMS 0x0000000083500000, 0x0000000083400000| Untracked 
|  53|0x0000000083500000, 0x0000000083600000, 0x0000000083600000|100%| O|  |TAMS 0x0000000083600000, 0x0000000083500000| Untracked 
|  54|0x0000000083600000, 0x0000000083700000, 0x0000000083700000|100%|HS|  |TAMS 0x0000000083700000, 0x0000000083600000| Complete 
|  55|0x0000000083700000, 0x0000000083800000, 0x0000000083800000|100%|HS|  |TAMS 0x0000000083800000, 0x0000000083700000| Complete 
|  56|0x0000000083800000, 0x0000000083900000, 0x0000000083900000|100%|HS|  |TAMS 0x0000000083900000, 0x0000000083800000| Complete 
|  57|0x0000000083900000, 0x0000000083a00000, 0x0000000083a00000|100%|HS|  |TAMS 0x0000000083a00000, 0x0000000083900000| Complete 
|  58|0x0000000083a00000, 0x0000000083b00000, 0x0000000083b00000|100%|HC|  |TAMS 0x0000000083b00000, 0x0000000083a00000| Complete 
|  59|0x0000000083b00000, 0x0000000083c00000, 0x0000000083c00000|100%|HC|  |TAMS 0x0000000083c00000, 0x0000000083b00000| Complete 
|  60|0x0000000083c00000, 0x0000000083d00000, 0x0000000083d00000|100%|HS|  |TAMS 0x0000000083d00000, 0x0000000083c00000| Complete 
|  61|0x0000000083d00000, 0x0000000083e00000, 0x0000000083e00000|100%|HC|  |TAMS 0x0000000083e00000, 0x0000000083d00000| Complete 
|  62|0x0000000083e00000, 0x0000000083f00000, 0x0000000083f00000|100%| O|  |TAMS 0x0000000083f00000, 0x0000000083e00000| Untracked 
|  63|0x0000000083f00000, 0x0000000084000000, 0x0000000084000000|100%| O|  |TAMS 0x0000000084000000, 0x0000000083f00000| Complete 
|  64|0x0000000084000000, 0x0000000084100000, 0x0000000084100000|100%| O|  |TAMS 0x0000000084100000, 0x0000000084000000| Untracked 
|  65|0x0000000084100000, 0x0000000084200000, 0x0000000084200000|100%| O|  |TAMS 0x0000000084200000, 0x0000000084100000| Untracked 
|  66|0x0000000084200000, 0x0000000084300000, 0x0000000084300000|100%| O|  |TAMS 0x0000000084300000, 0x0000000084200000| Untracked 
|  67|0x0000000084300000, 0x0000000084400000, 0x0000000084400000|100%| O|  |TAMS 0x0000000084400000, 0x0000000084300000| Untracked 
|  68|0x0000000084400000, 0x0000000084500000, 0x0000000084500000|100%| O|  |TAMS 0x0000000084500000, 0x0000000084400000| Untracked 
|  69|0x0000000084500000, 0x0000000084600000, 0x0000000084600000|100%| O|  |TAMS 0x0000000084600000, 0x0000000084500000| Untracked 
|  70|0x0000000084600000, 0x0000000084700000, 0x0000000084700000|100%| O|  |TAMS 0x0000000084700000, 0x0000000084600000| Untracked 
|  71|0x0000000084700000, 0x0000000084800000, 0x0000000084800000|100%| O|  |TAMS 0x0000000084800000, 0x0000000084700000| Complete 
|  72|0x0000000084800000, 0x0000000084900000, 0x0000000084900000|100%| O|  |TAMS 0x0000000084900000, 0x0000000084800000| Complete 
|  73|0x0000000084900000, 0x0000000084a00000, 0x0000000084a00000|100%| O|  |TAMS 0x0000000084a00000, 0x0000000084900000| Untracked 
|  74|0x0000000084a00000, 0x0000000084b00000, 0x0000000084b00000|100%| O|  |TAMS 0x0000000084b00000, 0x0000000084a00000| Complete 
|  75|0x0000000084b00000, 0x0000000084c00000, 0x0000000084c00000|100%| O|  |TAMS 0x0000000084c00000, 0x0000000084b00000| Untracked 
|  76|0x0000000084c00000, 0x0000000084d00000, 0x0000000084d00000|100%| O|  |TAMS 0x0000000084d00000, 0x0000000084c00000| Untracked 
|  77|0x0000000084d00000, 0x0000000084e00000, 0x0000000084e00000|100%| O|  |TAMS 0x0000000084e00000, 0x0000000084d00000| Untracked 
|  78|0x0000000084e00000, 0x0000000084f00000, 0x0000000084f00000|100%| O|  |TAMS 0x0000000084f00000, 0x0000000084e00000| Untracked 
|  79|0x0000000084f00000, 0x0000000085000000, 0x0000000085000000|100%| O|  |TAMS 0x0000000085000000, 0x0000000084f00000| Complete 
|  80|0x0000000085000000, 0x0000000085100000, 0x0000000085100000|100%| O|  |TAMS 0x0000000085100000, 0x0000000085000000| Complete 
|  81|0x0000000085100000, 0x0000000085200000, 0x0000000085200000|100%| O|  |TAMS 0x0000000085200000, 0x0000000085100000| Complete 
|  82|0x0000000085200000, 0x0000000085300000, 0x0000000085300000|100%| O|  |TAMS 0x0000000085300000, 0x0000000085200000| Untracked 
|  83|0x0000000085300000, 0x0000000085400000, 0x0000000085400000|100%| O|  |TAMS 0x0000000085400000, 0x0000000085300000| Untracked 
|  84|0x0000000085400000, 0x0000000085500000, 0x0000000085500000|100%| O|  |TAMS 0x0000000085500000, 0x0000000085400000| Untracked 
|  85|0x0000000085500000, 0x0000000085600000, 0x0000000085600000|100%| O|  |TAMS 0x0000000085600000, 0x0000000085500000| Complete 
|  86|0x0000000085600000, 0x0000000085700000, 0x0000000085700000|100%| O|  |TAMS 0x0000000085700000, 0x0000000085600000| Complete 
|  87|0x0000000085700000, 0x0000000085700000, 0x0000000085800000|  0%| F|  |TAMS 0x0000000085700000, 0x0000000085700000| Untracked 
|  88|0x0000000085800000, 0x0000000085900000, 0x0000000085900000|100%| O|  |TAMS 0x0000000085900000, 0x0000000085800000| Complete 
|  89|0x0000000085900000, 0x0000000085a00000, 0x0000000085a00000|100%| O|  |TAMS 0x0000000085a00000, 0x0000000085900000| Complete 
|  90|0x0000000085a00000, 0x0000000085b00000, 0x0000000085b00000|100%| O|  |TAMS 0x0000000085b00000, 0x0000000085a00000| Complete 
|  91|0x0000000085b00000, 0x0000000085c00000, 0x0000000085c00000|100%| O|  |TAMS 0x0000000085c00000, 0x0000000085b00000| Untracked 
|  92|0x0000000085c00000, 0x0000000085d00000, 0x0000000085d00000|100%| O|  |TAMS 0x0000000085d00000, 0x0000000085c00000| Complete 
|  93|0x0000000085d00000, 0x0000000085e00000, 0x0000000085e00000|100%| O|  |TAMS 0x0000000085e00000, 0x0000000085d00000| Untracked 
|  94|0x0000000085e00000, 0x0000000085f00000, 0x0000000085f00000|100%| O|  |TAMS 0x0000000085f00000, 0x0000000085e00000| Complete 
|  95|0x0000000085f00000, 0x0000000086000000, 0x0000000086000000|100%| O|  |TAMS 0x0000000086000000, 0x0000000085f00000| Complete 
|  96|0x0000000086000000, 0x0000000086100000, 0x0000000086100000|100%| O|  |TAMS 0x0000000086100000, 0x0000000086000000| Untracked 
|  97|0x0000000086100000, 0x0000000086200000, 0x0000000086200000|100%| O|  |TAMS 0x0000000086200000, 0x0000000086100000| Complete 
|  98|0x0000000086200000, 0x0000000086300000, 0x0000000086300000|100%| O|  |TAMS 0x0000000086300000, 0x0000000086200000| Complete 
|  99|0x0000000086300000, 0x0000000086400000, 0x0000000086400000|100%| O|  |TAMS 0x0000000086400000, 0x0000000086300000| Complete 
| 100|0x0000000086400000, 0x0000000086500000, 0x0000000086500000|100%| O|  |TAMS 0x0000000086500000, 0x0000000086400000| Complete 
| 101|0x0000000086500000, 0x0000000086600000, 0x0000000086600000|100%| O|  |TAMS 0x0000000086600000, 0x0000000086500000| Complete 
| 102|0x0000000086600000, 0x0000000086600000, 0x0000000086700000|  0%| F|  |TAMS 0x0000000086600000, 0x0000000086600000| Untracked 
| 103|0x0000000086700000, 0x0000000086800000, 0x0000000086800000|100%| O|  |TAMS 0x0000000086800000, 0x0000000086700000| Complete 
| 104|0x0000000086800000, 0x0000000086900000, 0x0000000086900000|100%| O|  |TAMS 0x0000000086900000, 0x0000000086800000| Complete 
| 105|0x0000000086900000, 0x0000000086a00000, 0x0000000086a00000|100%| O|  |TAMS 0x0000000086a00000, 0x0000000086900000| Complete 
| 106|0x0000000086a00000, 0x0000000086b00000, 0x0000000086b00000|100%| O|  |TAMS 0x0000000086b00000, 0x0000000086a00000| Complete 
| 107|0x0000000086b00000, 0x0000000086c00000, 0x0000000086c00000|100%| O|  |TAMS 0x0000000086c00000, 0x0000000086b00000| Untracked 
| 108|0x0000000086c00000, 0x0000000086d00000, 0x0000000086d00000|100%| O|  |TAMS 0x0000000086d00000, 0x0000000086c00000| Untracked 
| 109|0x0000000086d00000, 0x0000000086e00000, 0x0000000086e00000|100%| O|  |TAMS 0x0000000086e00000, 0x0000000086d00000| Complete 
| 110|0x0000000086e00000, 0x0000000086f00000, 0x0000000086f00000|100%| O|  |TAMS 0x0000000086f00000, 0x0000000086e00000| Complete 
| 111|0x0000000086f00000, 0x0000000087000000, 0x0000000087000000|100%| O|  |TAMS 0x0000000087000000, 0x0000000086f00000| Untracked 
| 112|0x0000000087000000, 0x0000000087100000, 0x0000000087100000|100%| O|  |TAMS 0x0000000087100000, 0x0000000087000000| Complete 
| 113|0x0000000087100000, 0x0000000087200000, 0x0000000087200000|100%| O|  |TAMS 0x0000000087200000, 0x0000000087100000| Complete 
| 114|0x0000000087200000, 0x0000000087300000, 0x0000000087300000|100%| O|  |TAMS 0x0000000087300000, 0x0000000087200000| Complete 
| 115|0x0000000087300000, 0x0000000087400000, 0x0000000087400000|100%| O|  |TAMS 0x0000000087400000, 0x0000000087300000| Untracked 
| 116|0x0000000087400000, 0x0000000087500000, 0x0000000087500000|100%| O|  |TAMS 0x0000000087500000, 0x0000000087400000| Untracked 
| 117|0x0000000087500000, 0x0000000087600000, 0x0000000087600000|100%| O|  |TAMS 0x0000000087600000, 0x0000000087500000| Untracked 
| 118|0x0000000087600000, 0x0000000087700000, 0x0000000087700000|100%| O|  |TAMS 0x0000000087700000, 0x0000000087600000| Untracked 
| 119|0x0000000087700000, 0x0000000087800000, 0x0000000087800000|100%| O|  |TAMS 0x0000000087800000, 0x0000000087700000| Untracked 
| 120|0x0000000087800000, 0x0000000087900000, 0x0000000087900000|100%| O|  |TAMS 0x0000000087900000, 0x0000000087800000| Complete 
| 121|0x0000000087900000, 0x0000000087a00000, 0x0000000087a00000|100%| O|  |TAMS 0x0000000087a00000, 0x0000000087900000| Untracked 
| 122|0x0000000087a00000, 0x0000000087b00000, 0x0000000087b00000|100%| O|  |TAMS 0x0000000087b00000, 0x0000000087a00000| Untracked 
| 123|0x0000000087b00000, 0x0000000087c00000, 0x0000000087c00000|100%| O|  |TAMS 0x0000000087c00000, 0x0000000087b00000| Untracked 
| 124|0x0000000087c00000, 0x0000000087d00000, 0x0000000087d00000|100%| O|  |TAMS 0x0000000087d00000, 0x0000000087c00000| Complete 
| 125|0x0000000087d00000, 0x0000000087e00000, 0x0000000087e00000|100%| O|  |TAMS 0x0000000087e00000, 0x0000000087d00000| Untracked 
| 126|0x0000000087e00000, 0x0000000087f00000, 0x0000000087f00000|100%| O|  |TAMS 0x0000000087f00000, 0x0000000087e00000| Untracked 
| 127|0x0000000087f00000, 0x0000000088000000, 0x0000000088000000|100%| O|  |TAMS 0x0000000088000000, 0x0000000087f00000| Untracked 
| 128|0x0000000088000000, 0x0000000088100000, 0x0000000088100000|100%| O|  |TAMS 0x0000000088100000, 0x0000000088000000| Untracked 
| 129|0x0000000088100000, 0x0000000088200000, 0x0000000088200000|100%| O|  |TAMS 0x0000000088200000, 0x0000000088100000| Untracked 
| 130|0x0000000088200000, 0x0000000088300000, 0x0000000088300000|100%| O|  |TAMS 0x0000000088300000, 0x0000000088200000| Complete 
| 131|0x0000000088300000, 0x0000000088400000, 0x0000000088400000|100%| O|  |TAMS 0x0000000088400000, 0x0000000088300000| Complete 
| 132|0x0000000088400000, 0x0000000088400000, 0x0000000088500000|  0%| F|  |TAMS 0x0000000088400000, 0x0000000088400000| Untracked 
| 133|0x0000000088500000, 0x0000000088500000, 0x0000000088600000|  0%| F|  |TAMS 0x0000000088500000, 0x0000000088500000| Untracked 
| 134|0x0000000088600000, 0x0000000088700000, 0x0000000088700000|100%| O|  |TAMS 0x0000000088700000, 0x0000000088600000| Untracked 
| 135|0x0000000088700000, 0x0000000088800000, 0x0000000088800000|100%| O|  |TAMS 0x0000000088800000, 0x0000000088700000| Complete 
| 136|0x0000000088800000, 0x0000000088900000, 0x0000000088900000|100%| O|  |TAMS 0x0000000088900000, 0x0000000088800000| Complete 
| 137|0x0000000088900000, 0x0000000088a00000, 0x0000000088a00000|100%| O|  |TAMS 0x0000000088a00000, 0x0000000088900000| Complete 
| 138|0x0000000088a00000, 0x0000000088b00000, 0x0000000088b00000|100%| O|  |TAMS 0x0000000088a9ec00, 0x0000000088a00000| Complete 
| 139|0x0000000088b00000, 0x0000000088c00000, 0x0000000088c00000|100%|HS|  |TAMS 0x0000000088c00000, 0x0000000088b00000| Complete 
| 140|0x0000000088c00000, 0x0000000088d00000, 0x0000000088d00000|100%|HC|  |TAMS 0x0000000088d00000, 0x0000000088c00000| Complete 
| 141|0x0000000088d00000, 0x0000000088e00000, 0x0000000088e00000|100%|HC|  |TAMS 0x0000000088e00000, 0x0000000088d00000| Complete 
| 142|0x0000000088e00000, 0x0000000088f00000, 0x0000000088f00000|100%|HC|  |TAMS 0x0000000088f00000, 0x0000000088e00000| Complete 
| 143|0x0000000088f00000, 0x0000000089000000, 0x0000000089000000|100%|HC|  |TAMS 0x0000000089000000, 0x0000000088f00000| Complete 
| 144|0x0000000089000000, 0x0000000089100000, 0x0000000089100000|100%|HS|  |TAMS 0x0000000089100000, 0x0000000089000000| Complete 
| 145|0x0000000089100000, 0x0000000089200000, 0x0000000089200000|100%|HC|  |TAMS 0x0000000089200000, 0x0000000089100000| Complete 
| 146|0x0000000089200000, 0x0000000089300000, 0x0000000089300000|100%|HS|  |TAMS 0x0000000089300000, 0x0000000089200000| Complete 
| 147|0x0000000089300000, 0x0000000089400000, 0x0000000089400000|100%|HC|  |TAMS 0x0000000089400000, 0x0000000089300000| Complete 
| 148|0x0000000089400000, 0x0000000089500000, 0x0000000089500000|100%|HC|  |TAMS 0x0000000089500000, 0x0000000089400000| Complete 
| 149|0x0000000089500000, 0x0000000089600000, 0x0000000089600000|100%|HS|  |TAMS 0x0000000089600000, 0x0000000089500000| Complete 
| 150|0x0000000089600000, 0x0000000089700000, 0x0000000089700000|100%|HC|  |TAMS 0x0000000089700000, 0x0000000089600000| Complete 
| 151|0x0000000089700000, 0x0000000089800000, 0x0000000089800000|100%|HS|  |TAMS 0x0000000089800000, 0x0000000089700000| Complete 
| 152|0x0000000089800000, 0x0000000089900000, 0x0000000089900000|100%|HC|  |TAMS 0x0000000089900000, 0x0000000089800000| Complete 
| 153|0x0000000089900000, 0x0000000089a00000, 0x0000000089a00000|100%|HC|  |TAMS 0x0000000089a00000, 0x0000000089900000| Complete 
| 154|0x0000000089a00000, 0x0000000089b00000, 0x0000000089b00000|100%|HS|  |TAMS 0x0000000089b00000, 0x0000000089a00000| Complete 
| 155|0x0000000089b00000, 0x0000000089c00000, 0x0000000089c00000|100%|HS|  |TAMS 0x0000000089c00000, 0x0000000089b00000| Complete 
| 156|0x0000000089c00000, 0x0000000089d00000, 0x0000000089d00000|100%|HS|  |TAMS 0x0000000089d00000, 0x0000000089c00000| Complete 
| 157|0x0000000089d00000, 0x0000000089e00000, 0x0000000089e00000|100%|HS|  |TAMS 0x0000000089d00000, 0x0000000089d00000| Complete 
| 158|0x0000000089e00000, 0x0000000089f00000, 0x0000000089f00000|100%|HS|  |TAMS 0x0000000089e00000, 0x0000000089e00000| Complete 
| 159|0x0000000089f00000, 0x000000008a000000, 0x000000008a000000|100%| O|  |TAMS 0x0000000089f00000, 0x0000000089f00000| Untracked 
| 160|0x000000008a000000, 0x000000008a100000, 0x000000008a100000|100%| O|  |TAMS 0x000000008a000000, 0x000000008a000000| Untracked 
| 161|0x000000008a100000, 0x000000008a200000, 0x000000008a200000|100%| O|  |TAMS 0x000000008a100000, 0x000000008a100000| Untracked 
| 162|0x000000008a200000, 0x000000008a300000, 0x000000008a300000|100%|HS|  |TAMS 0x000000008a200000, 0x000000008a200000| Complete 
| 163|0x000000008a300000, 0x000000008a400000, 0x000000008a400000|100%|HC|  |TAMS 0x000000008a300000, 0x000000008a300000| Complete 
| 164|0x000000008a400000, 0x000000008a500000, 0x000000008a500000|100%|HC|  |TAMS 0x000000008a400000, 0x000000008a400000| Complete 
| 165|0x000000008a500000, 0x000000008a600000, 0x000000008a600000|100%|HC|  |TAMS 0x000000008a500000, 0x000000008a500000| Complete 
| 166|0x000000008a600000, 0x000000008a700000, 0x000000008a700000|100%|HC|  |TAMS 0x000000008a600000, 0x000000008a600000| Complete 
| 167|0x000000008a700000, 0x000000008a800000, 0x000000008a800000|100%| O|  |TAMS 0x000000008a700000, 0x000000008a700000| Untracked 
| 168|0x000000008a800000, 0x000000008a900000, 0x000000008a900000|100%| O|  |TAMS 0x000000008a800000, 0x000000008a800000| Untracked 
| 169|0x000000008a900000, 0x000000008aa00000, 0x000000008aa00000|100%|HS|  |TAMS 0x000000008a900000, 0x000000008a900000| Complete 
| 170|0x000000008aa00000, 0x000000008ab00000, 0x000000008ab00000|100%|HC|  |TAMS 0x000000008aa00000, 0x000000008aa00000| Complete 
| 171|0x000000008ab00000, 0x000000008ac00000, 0x000000008ac00000|100%| O|  |TAMS 0x000000008ab00000, 0x000000008ab00000| Untracked 
| 172|0x000000008ac00000, 0x000000008ad00000, 0x000000008ad00000|100%| O|  |TAMS 0x000000008ac00000, 0x000000008ac00000| Untracked 
| 173|0x000000008ad00000, 0x000000008ae00000, 0x000000008ae00000|100%| O|  |TAMS 0x000000008ad00000, 0x000000008ad00000| Untracked 
| 174|0x000000008ae00000, 0x000000008af00000, 0x000000008af00000|100%|HS|  |TAMS 0x000000008ae00000, 0x000000008ae00000| Complete 
| 175|0x000000008af00000, 0x000000008b000000, 0x000000008b000000|100%|HC|  |TAMS 0x000000008af00000, 0x000000008af00000| Complete 
| 176|0x000000008b000000, 0x000000008b100000, 0x000000008b100000|100%|HC|  |TAMS 0x000000008b000000, 0x000000008b000000| Complete 
| 177|0x000000008b100000, 0x000000008b200000, 0x000000008b200000|100%| O|  |TAMS 0x000000008b100000, 0x000000008b100000| Untracked 
| 178|0x000000008b200000, 0x000000008b300000, 0x000000008b300000|100%| O|  |TAMS 0x000000008b200000, 0x000000008b200000| Untracked 
| 179|0x000000008b300000, 0x000000008b400000, 0x000000008b400000|100%|HS|  |TAMS 0x000000008b300000, 0x000000008b300000| Complete 
| 180|0x000000008b400000, 0x000000008b500000, 0x000000008b500000|100%|HC|  |TAMS 0x000000008b400000, 0x000000008b400000| Complete 
| 181|0x000000008b500000, 0x000000008b600000, 0x000000008b600000|100%| O|  |TAMS 0x000000008b500000, 0x000000008b500000| Untracked 
| 182|0x000000008b600000, 0x000000008b700000, 0x000000008b700000|100%| O|  |TAMS 0x000000008b600000, 0x000000008b600000| Untracked 
| 183|0x000000008b700000, 0x000000008b800000, 0x000000008b800000|100%| O|  |TAMS 0x000000008b700000, 0x000000008b700000| Untracked 
| 184|0x000000008b800000, 0x000000008b900000, 0x000000008b900000|100%|HS|  |TAMS 0x000000008b800000, 0x000000008b800000| Complete 
| 185|0x000000008b900000, 0x000000008ba00000, 0x000000008ba00000|100%|HC|  |TAMS 0x000000008b900000, 0x000000008b900000| Complete 
| 186|0x000000008ba00000, 0x000000008bb00000, 0x000000008bb00000|100%|HC|  |TAMS 0x000000008ba00000, 0x000000008ba00000| Complete 
| 187|0x000000008bb00000, 0x000000008bc00000, 0x000000008bc00000|100%| O|  |TAMS 0x000000008bb00000, 0x000000008bb00000| Untracked 
| 188|0x000000008bc00000, 0x000000008bd00000, 0x000000008bd00000|100%|HS|  |TAMS 0x000000008bc00000, 0x000000008bc00000| Complete 
| 189|0x000000008bd00000, 0x000000008be00000, 0x000000008be00000|100%| O|  |TAMS 0x000000008bd00000, 0x000000008bd00000| Untracked 
| 190|0x000000008be00000, 0x000000008bf00000, 0x000000008bf00000|100%|HS|  |TAMS 0x000000008be00000, 0x000000008be00000| Complete 
| 191|0x000000008bf00000, 0x000000008c000000, 0x000000008c000000|100%| O|  |TAMS 0x000000008bf00000, 0x000000008bf00000| Untracked 
| 192|0x000000008c000000, 0x000000008c100000, 0x000000008c100000|100%|HS|  |TAMS 0x000000008c000000, 0x000000008c000000| Complete 
| 193|0x000000008c100000, 0x000000008c200000, 0x000000008c200000|100%| O|  |TAMS 0x000000008c100000, 0x000000008c100000| Untracked 
| 194|0x000000008c200000, 0x000000008c300000, 0x000000008c300000|100%| O|  |TAMS 0x000000008c200000, 0x000000008c200000| Untracked 
| 195|0x000000008c300000, 0x000000008c400000, 0x000000008c400000|100%| O|  |TAMS 0x000000008c300000, 0x000000008c300000| Untracked 
| 196|0x000000008c400000, 0x000000008c500000, 0x000000008c500000|100%| O|  |TAMS 0x000000008c400000, 0x000000008c400000| Untracked 
| 197|0x000000008c500000, 0x000000008c600000, 0x000000008c600000|100%|HS|  |TAMS 0x000000008c500000, 0x000000008c500000| Complete 
| 198|0x000000008c600000, 0x000000008c700000, 0x000000008c700000|100%|HC|  |TAMS 0x000000008c600000, 0x000000008c600000| Complete 
| 199|0x000000008c700000, 0x000000008c800000, 0x000000008c800000|100%| O|  |TAMS 0x000000008c700000, 0x000000008c700000| Untracked 
| 200|0x000000008c800000, 0x000000008c900000, 0x000000008c900000|100%| O|  |TAMS 0x000000008c800000, 0x000000008c800000| Untracked 
| 201|0x000000008c900000, 0x000000008ca00000, 0x000000008ca00000|100%| O|  |TAMS 0x000000008c900000, 0x000000008c900000| Untracked 
| 202|0x000000008ca00000, 0x000000008cb00000, 0x000000008cb00000|100%| O|  |TAMS 0x000000008ca00000, 0x000000008ca00000| Untracked 
| 203|0x000000008cb00000, 0x000000008cc00000, 0x000000008cc00000|100%| O|  |TAMS 0x000000008cb00000, 0x000000008cb00000| Untracked 
| 204|0x000000008cc00000, 0x000000008cd00000, 0x000000008cd00000|100%| O|  |TAMS 0x000000008cc00000, 0x000000008cc00000| Untracked 
| 205|0x000000008cd00000, 0x000000008ce00000, 0x000000008ce00000|100%| O|  |TAMS 0x000000008cd00000, 0x000000008cd00000| Untracked 
| 206|0x000000008ce00000, 0x000000008cf00000, 0x000000008cf00000|100%| O|  |TAMS 0x000000008ce00000, 0x000000008ce00000| Untracked 
| 207|0x000000008cf00000, 0x000000008cf00000, 0x000000008d000000|  0%| F|  |TAMS 0x000000008cf00000, 0x000000008cf00000| Untracked 
| 208|0x000000008d000000, 0x000000008d000000, 0x000000008d100000|  0%| F|  |TAMS 0x000000008d000000, 0x000000008d000000| Untracked 
| 209|0x000000008d100000, 0x000000008d100000, 0x000000008d200000|  0%| F|  |TAMS 0x000000008d100000, 0x000000008d100000| Untracked 
| 210|0x000000008d200000, 0x000000008d200000, 0x000000008d300000|  0%| F|  |TAMS 0x000000008d200000, 0x000000008d200000| Untracked 
| 211|0x000000008d300000, 0x000000008d300000, 0x000000008d400000|  0%| F|  |TAMS 0x000000008d300000, 0x000000008d300000| Untracked 
| 212|0x000000008d400000, 0x000000008d400000, 0x000000008d500000|  0%| F|  |TAMS 0x000000008d400000, 0x000000008d400000| Untracked 
| 213|0x000000008d500000, 0x000000008d500000, 0x000000008d600000|  0%| F|  |TAMS 0x000000008d500000, 0x000000008d500000| Untracked 
| 214|0x000000008d600000, 0x000000008d600000, 0x000000008d700000|  0%| F|  |TAMS 0x000000008d600000, 0x000000008d600000| Untracked 
| 215|0x000000008d700000, 0x000000008d700000, 0x000000008d800000|  0%| F|  |TAMS 0x000000008d700000, 0x000000008d700000| Untracked 
| 216|0x000000008d800000, 0x000000008d800000, 0x000000008d900000|  0%| F|  |TAMS 0x000000008d800000, 0x000000008d800000| Untracked 
| 217|0x000000008d900000, 0x000000008d900000, 0x000000008da00000|  0%| F|  |TAMS 0x000000008d900000, 0x000000008d900000| Untracked 
| 218|0x000000008da00000, 0x000000008da00000, 0x000000008db00000|  0%| F|  |TAMS 0x000000008da00000, 0x000000008da00000| Untracked 
| 219|0x000000008db00000, 0x000000008db00000, 0x000000008dc00000|  0%| F|  |TAMS 0x000000008db00000, 0x000000008db00000| Untracked 
| 220|0x000000008dc00000, 0x000000008dc00000, 0x000000008dd00000|  0%| F|  |TAMS 0x000000008dc00000, 0x000000008dc00000| Untracked 
| 221|0x000000008dd00000, 0x000000008dd00000, 0x000000008de00000|  0%| F|  |TAMS 0x000000008dd00000, 0x000000008dd00000| Untracked 
| 222|0x000000008de00000, 0x000000008de00000, 0x000000008df00000|  0%| F|  |TAMS 0x000000008de00000, 0x000000008de00000| Untracked 
| 223|0x000000008df00000, 0x000000008df00000, 0x000000008e000000|  0%| F|  |TAMS 0x000000008df00000, 0x000000008df00000| Untracked 
| 224|0x000000008e000000, 0x000000008e000000, 0x000000008e100000|  0%| F|  |TAMS 0x000000008e000000, 0x000000008e000000| Untracked 
| 225|0x000000008e100000, 0x000000008e100000, 0x000000008e200000|  0%| F|  |TAMS 0x000000008e100000, 0x000000008e100000| Untracked 
| 226|0x000000008e200000, 0x000000008e200000, 0x000000008e300000|  0%| F|  |TAMS 0x000000008e200000, 0x000000008e200000| Untracked 
| 227|0x000000008e300000, 0x000000008e300000, 0x000000008e400000|  0%| F|  |TAMS 0x000000008e300000, 0x000000008e300000| Untracked 
| 228|0x000000008e400000, 0x000000008e400000, 0x000000008e500000|  0%| F|  |TAMS 0x000000008e400000, 0x000000008e400000| Untracked 
| 229|0x000000008e500000, 0x000000008e500000, 0x000000008e600000|  0%| F|  |TAMS 0x000000008e500000, 0x000000008e500000| Untracked 
| 230|0x000000008e600000, 0x000000008e600000, 0x000000008e700000|  0%| F|  |TAMS 0x000000008e600000, 0x000000008e600000| Untracked 
| 231|0x000000008e700000, 0x000000008e700000, 0x000000008e800000|  0%| F|  |TAMS 0x000000008e700000, 0x000000008e700000| Untracked 
| 232|0x000000008e800000, 0x000000008e800000, 0x000000008e900000|  0%| F|  |TAMS 0x000000008e800000, 0x000000008e800000| Untracked 
| 233|0x000000008e900000, 0x000000008e900000, 0x000000008ea00000|  0%| F|  |TAMS 0x000000008e900000, 0x000000008e900000| Untracked 
| 234|0x000000008ea00000, 0x000000008ea00000, 0x000000008eb00000|  0%| F|  |TAMS 0x000000008ea00000, 0x000000008ea00000| Untracked 
| 235|0x000000008eb00000, 0x000000008eb00000, 0x000000008ec00000|  0%| F|  |TAMS 0x000000008eb00000, 0x000000008eb00000| Untracked 
| 236|0x000000008ec00000, 0x000000008ec00000, 0x000000008ed00000|  0%| F|  |TAMS 0x000000008ec00000, 0x000000008ec00000| Untracked 
| 237|0x000000008ed00000, 0x000000008ed00000, 0x000000008ee00000|  0%| F|  |TAMS 0x000000008ed00000, 0x000000008ed00000| Untracked 
| 238|0x000000008ee00000, 0x000000008ee00000, 0x000000008ef00000|  0%| F|  |TAMS 0x000000008ee00000, 0x000000008ee00000| Untracked 
| 239|0x000000008ef00000, 0x000000008ef00000, 0x000000008f000000|  0%| F|  |TAMS 0x000000008ef00000, 0x000000008ef00000| Untracked 
| 240|0x000000008f000000, 0x000000008f000000, 0x000000008f100000|  0%| F|  |TAMS 0x000000008f000000, 0x000000008f000000| Untracked 
| 241|0x000000008f100000, 0x000000008f100000, 0x000000008f200000|  0%| F|  |TAMS 0x000000008f100000, 0x000000008f100000| Untracked 
| 242|0x000000008f200000, 0x000000008f200000, 0x000000008f300000|  0%| F|  |TAMS 0x000000008f200000, 0x000000008f200000| Untracked 
| 243|0x000000008f300000, 0x000000008f300000, 0x000000008f400000|  0%| F|  |TAMS 0x000000008f300000, 0x000000008f300000| Untracked 
| 244|0x000000008f400000, 0x000000008f400000, 0x000000008f500000|  0%| F|  |TAMS 0x000000008f400000, 0x000000008f400000| Untracked 
| 245|0x000000008f500000, 0x000000008f500000, 0x000000008f600000|  0%| F|  |TAMS 0x000000008f500000, 0x000000008f500000| Untracked 
| 246|0x000000008f600000, 0x000000008f600000, 0x000000008f700000|  0%| F|  |TAMS 0x000000008f600000, 0x000000008f600000| Untracked 
| 247|0x000000008f700000, 0x000000008f700000, 0x000000008f800000|  0%| F|  |TAMS 0x000000008f700000, 0x000000008f700000| Untracked 
| 248|0x000000008f800000, 0x000000008f800000, 0x000000008f900000|  0%| F|  |TAMS 0x000000008f800000, 0x000000008f800000| Untracked 
| 249|0x000000008f900000, 0x000000008f900000, 0x000000008fa00000|  0%| F|  |TAMS 0x000000008f900000, 0x000000008f900000| Untracked 
| 250|0x000000008fa00000, 0x000000008fa00000, 0x000000008fb00000|  0%| F|  |TAMS 0x000000008fa00000, 0x000000008fa00000| Untracked 
| 251|0x000000008fb00000, 0x000000008fb00000, 0x000000008fc00000|  0%| F|  |TAMS 0x000000008fb00000, 0x000000008fb00000| Untracked 
| 252|0x000000008fc00000, 0x000000008fc00000, 0x000000008fd00000|  0%| F|  |TAMS 0x000000008fc00000, 0x000000008fc00000| Untracked 
| 253|0x000000008fd00000, 0x000000008fd00000, 0x000000008fe00000|  0%| F|  |TAMS 0x000000008fd00000, 0x000000008fd00000| Untracked 
| 254|0x000000008fe00000, 0x000000008fe00000, 0x000000008ff00000|  0%| F|  |TAMS 0x000000008fe00000, 0x000000008fe00000| Untracked 
| 255|0x000000008ff00000, 0x000000008ff00000, 0x0000000090000000|  0%| F|  |TAMS 0x000000008ff00000, 0x000000008ff00000| Untracked 
| 256|0x0000000090000000, 0x0000000090000000, 0x0000000090100000|  0%| F|  |TAMS 0x0000000090000000, 0x0000000090000000| Untracked 
| 257|0x0000000090100000, 0x0000000090100000, 0x0000000090200000|  0%| F|  |TAMS 0x0000000090100000, 0x0000000090100000| Untracked 
| 258|0x0000000090200000, 0x0000000090200000, 0x0000000090300000|  0%| F|  |TAMS 0x0000000090200000, 0x0000000090200000| Untracked 
| 259|0x0000000090300000, 0x0000000090400000, 0x0000000090400000|100%| S|CS|TAMS 0x0000000090300000, 0x0000000090300000| Complete 
| 260|0x0000000090400000, 0x0000000090500000, 0x0000000090500000|100%| S|CS|TAMS 0x0000000090400000, 0x0000000090400000| Complete 
| 261|0x0000000090500000, 0x0000000090500000, 0x0000000090600000|  0%| F|  |TAMS 0x0000000090500000, 0x0000000090500000| Untracked 
| 262|0x0000000090600000, 0x0000000090600000, 0x0000000090700000|  0%| F|  |TAMS 0x0000000090600000, 0x0000000090600000| Untracked 
| 263|0x0000000090700000, 0x0000000090700000, 0x0000000090800000|  0%| F|  |TAMS 0x0000000090700000, 0x0000000090700000| Untracked 
| 264|0x0000000090800000, 0x0000000090800000, 0x0000000090900000|  0%| F|  |TAMS 0x0000000090800000, 0x0000000090800000| Untracked 
| 265|0x0000000090900000, 0x0000000090900000, 0x0000000090a00000|  0%| F|  |TAMS 0x0000000090900000, 0x0000000090900000| Untracked 
| 266|0x0000000090a00000, 0x0000000090a00000, 0x0000000090b00000|  0%| F|  |TAMS 0x0000000090a00000, 0x0000000090a00000| Untracked 
| 267|0x0000000090b00000, 0x0000000090b00000, 0x0000000090c00000|  0%| F|  |TAMS 0x0000000090b00000, 0x0000000090b00000| Untracked 
| 268|0x0000000090c00000, 0x0000000090d00000, 0x0000000090d00000|100%| O|  |TAMS 0x0000000090c00000, 0x0000000090c00000| Untracked 
| 269|0x0000000090d00000, 0x0000000090e00000, 0x0000000090e00000|100%| O|  |TAMS 0x0000000090d00000, 0x0000000090d00000| Untracked 
| 270|0x0000000090e00000, 0x0000000090f00000, 0x0000000090f00000|100%| O|  |TAMS 0x0000000090e00000, 0x0000000090e00000| Untracked 
| 271|0x0000000090f00000, 0x0000000091000000, 0x0000000091000000|100%| O|  |TAMS 0x0000000090f00000, 0x0000000090f00000| Untracked 
| 272|0x0000000091000000, 0x0000000091100000, 0x0000000091100000|100%| O|  |TAMS 0x0000000091000000, 0x0000000091000000| Untracked 
| 273|0x0000000091100000, 0x0000000091200000, 0x0000000091200000|100%| O|  |TAMS 0x0000000091100000, 0x0000000091100000| Untracked 
| 274|0x0000000091200000, 0x0000000091300000, 0x0000000091300000|100%| O|  |TAMS 0x0000000091200000, 0x0000000091200000| Untracked 
| 275|0x0000000091300000, 0x0000000091400000, 0x0000000091400000|100%| O|  |TAMS 0x0000000091300000, 0x0000000091300000| Untracked 
| 276|0x0000000091400000, 0x0000000091500000, 0x0000000091500000|100%| O|  |TAMS 0x0000000091400000, 0x0000000091400000| Untracked 
| 277|0x0000000091500000, 0x0000000091600000, 0x0000000091600000|100%| O|  |TAMS 0x0000000091500000, 0x0000000091500000| Untracked 

Card table byte_map: [0x00000293d5d20000,0x00000293d6120000] _byte_map_base: 0x00000293d5920000

Marking Bits (Prev, Next): (CMBitMap*) 0x00000293c2e6ed48, (CMBitMap*) 0x00000293c2e6ed80
 Prev Bits: [0x00000293d6520000, 0x00000293d8520000)
 Next Bits: [0x00000293d8520000, 0x00000293da520000)

Polling page: 0x00000293c0d80000

Metaspace:

Usage:
  Non-class:    110.83 MB capacity,   108.56 MB ( 98%) used,     1.86 MB (  2%) free+waste,   414.06 KB ( <1%) overhead. 
      Class:     17.08 MB capacity,    15.78 MB ( 92%) used,     1.13 MB (  7%) free+waste,   182.06 KB (  1%) overhead. 
       Both:    127.91 MB capacity,   124.34 MB ( 97%) used,     2.99 MB (  2%) free+waste,   596.13 KB ( <1%) overhead. 

Virtual space:
  Non-class space:      112.00 MB reserved,     111.00 MB (>99%) committed 
      Class space:        1.00 GB reserved,      17.25 MB (  2%) committed 
             Both:        1.11 GB reserved,     128.25 MB ( 11%) committed 

Chunk freelists:
   Non-Class:  51.00 KB
       Class:  107.00 KB
        Both:  158.00 KB

MaxMetaspaceSize: 17179869184.00 GB
CompressedClassSpaceSize: 1.00 GB

CodeHeap 'non-profiled nmethods': size=120064Kb used=10838Kb max_used=11284Kb free=109225Kb
 bounds [0x00000293ce3e0000, 0x00000293cef00000, 0x00000293d5920000]
CodeHeap 'profiled nmethods': size=120000Kb used=44516Kb max_used=44770Kb free=75483Kb
 bounds [0x00000293c6eb0000, 0x00000293c9b00000, 0x00000293ce3e0000]
CodeHeap 'non-nmethods': size=5696Kb used=2365Kb max_used=2463Kb free=3331Kb
 bounds [0x00000293c6920000, 0x00000293c6ba0000, 0x00000293c6eb0000]
 total_blobs=19488 nmethods=18497 adapters=900
 compilation: enabled
              stopped_count=0, restarted_count=0
 full_count=0

Compilation events (20 events):
Event: 96.571 Thread 0x00000293dca27000 19624       2       org.gradle.api.internal.tasks.properties.PropertyVisitor$Adapter::visitOutputFileProperty (1 bytes)
Event: 96.571 Thread 0x00000293dca27000 nmethod 19624 0x00000293c7186190 code [0x00000293c7186340, 0x00000293c7186438]
Event: 97.030 Thread 0x00000293dca27000 19626       2       java.io.ObjectOutputStream$HandleTable::growSpine (67 bytes)
Event: 97.031 Thread 0x00000293dca27000 nmethod 19626 0x00000293c7209b90 code [0x00000293c7209d80, 0x00000293c720a0b8]
Event: 97.093 Thread 0x00000293dca27000 19628 %     3       com.android.tools.r8.dex.j::l @ 15 (52 bytes)
Event: 97.094 Thread 0x00000293dca27000 nmethod 19628% 0x00000293c7261a90 code [0x00000293c7261ce0, 0x00000293c7262708]
Event: 97.094 Thread 0x00000293dca27000 19629       3       com.android.tools.r8.dex.j::l (52 bytes)
Event: 97.095 Thread 0x00000293dca27000 nmethod 19629 0x00000293c7267210 code [0x00000293c7267460, 0x00000293c7267e08]
Event: 97.212 Thread 0x00000293dca27000 19631 %     3       com.android.tools.r8.internal.mp::a @ 0 (368 bytes)
Event: 97.214 Thread 0x00000293dca27000 nmethod 19631% 0x00000293c7295410 code [0x00000293c72956a0, 0x00000293c7296178]
Event: 97.302 Thread 0x00000293dca27000 19633 %     3       com.android.tools.r8.internal.fu::a @ 77 (185 bytes)
Event: 97.304 Thread 0x00000293dca27000 nmethod 19633% 0x00000293c72ad690 code [0x00000293c72ad920, 0x00000293c72ae488]
Event: 97.335 Thread 0x00000293dca27000 19636       3       com.android.tools.r8.internal.mp::a (368 bytes)
Event: 97.336 Thread 0x00000293dca27000 nmethod 19636 0x00000293c72afd90 code [0x00000293c72b0000, 0x00000293c72b0a38]
Event: 97.336 Thread 0x00000293dca27000 19637       3       com.android.tools.r8.internal.fu::a (185 bytes)
Event: 97.337 Thread 0x00000293dca27000 nmethod 19637 0x00000293c72c7390 code [0x00000293c72c7600, 0x00000293c72c8008]
Event: 97.453 Thread 0x00000293dca27000 19638       2       com.android.tools.r8.internal.vf::b (9 bytes)
Event: 97.454 Thread 0x00000293dca27000 nmethod 19638 0x00000293c71d7610 code [0x00000293c71d77c0, 0x00000293c71d79d8]
Event: 97.454 Thread 0x00000293dca27000 19639       2       com.android.tools.r8.internal.vf$a::a (153 bytes)
Event: 97.454 Thread 0x00000293dca27000 nmethod 19639 0x00000293c7219190 code [0x00000293c72193e0, 0x00000293c7219978]

GC Heap History (20 events):
Event: 92.328 GC heap after
{Heap after GC invocations=61 (full 0):
 garbage-first heap   total 227328K, used 142864K [0x0000000080000000, 0x0000000100000000)
  region size 1024K, 6 young (6144K), 6 survivors (6144K)
 Metaspace       used 125619K, capacity 129219K, committed 129664K, reserved 1161216K
  class space    used 15984K, capacity 17311K, committed 17536K, reserved 1048576K
}
Event: 92.481 GC heap before
{Heap before GC invocations=61 (full 0):
 garbage-first heap   total 227328K, used 186896K [0x0000000080000000, 0x0000000100000000)
  region size 1024K, 49 young (50176K), 6 survivors (6144K)
 Metaspace       used 125644K, capacity 129287K, committed 129920K, reserved 1161216K
  class space    used 15987K, capacity 17311K, committed 17536K, reserved 1048576K
}
Event: 92.583 GC heap after
{Heap after GC invocations=62 (full 0):
 garbage-first heap   total 273408K, used 143995K [0x0000000080000000, 0x0000000100000000)
  region size 1024K, 2 young (2048K), 2 survivors (2048K)
 Metaspace       used 125644K, capacity 129287K, committed 129920K, reserved 1161216K
  class space    used 15987K, capacity 17311K, committed 17536K, reserved 1048576K
}
Event: 93.311 GC heap before
{Heap before GC invocations=62 (full 0):
 garbage-first heap   total 273408K, used 206459K [0x0000000080000000, 0x0000000100000000)
  region size 1024K, 63 young (64512K), 2 survivors (2048K)
 Metaspace       used 125735K, capacity 129386K, committed 129920K, reserved 1161216K
  class space    used 15990K, capacity 17316K, committed 17536K, reserved 1048576K
}
Event: 93.317 GC heap after
{Heap after GC invocations=63 (full 0):
 garbage-first heap   total 273408K, used 144394K [0x0000000080000000, 0x0000000100000000)
  region size 1024K, 3 young (3072K), 3 survivors (3072K)
 Metaspace       used 125735K, capacity 129386K, committed 129920K, reserved 1161216K
  class space    used 15990K, capacity 17316K, committed 17536K, reserved 1048576K
}
Event: 93.781 GC heap before
{Heap before GC invocations=63 (full 0):
 garbage-first heap   total 273408K, used 209930K [0x0000000080000000, 0x0000000100000000)
  region size 1024K, 67 young (68608K), 3 survivors (3072K)
 Metaspace       used 125752K, capacity 129388K, committed 129920K, reserved 1161216K
  class space    used 15990K, capacity 17316K, committed 17536K, reserved 1048576K
}
Event: 93.787 GC heap after
{Heap after GC invocations=64 (full 0):
 garbage-first heap   total 273408K, used 144687K [0x0000000080000000, 0x0000000100000000)
  region size 1024K, 3 young (3072K), 3 survivors (3072K)
 Metaspace       used 125752K, capacity 129388K, committed 129920K, reserved 1161216K
  class space    used 15990K, capacity 17316K, committed 17536K, reserved 1048576K
}
Event: 94.146 GC heap before
{Heap before GC invocations=64 (full 0):
 garbage-first heap   total 273408K, used 213295K [0x0000000080000000, 0x0000000100000000)
  region size 1024K, 70 young (71680K), 3 survivors (3072K)
 Metaspace       used 125777K, capacity 129411K, committed 129920K, reserved 1161216K
  class space    used 15994K, capacity 17324K, committed 17536K, reserved 1048576K
}
Event: 94.151 GC heap after
{Heap after GC invocations=65 (full 0):
 garbage-first heap   total 273408K, used 144856K [0x0000000080000000, 0x0000000100000000)
  region size 1024K, 3 young (3072K), 3 survivors (3072K)
 Metaspace       used 125777K, capacity 129411K, committed 129920K, reserved 1161216K
  class space    used 15994K, capacity 17324K, committed 17536K, reserved 1048576K
}
Event: 94.659 GC heap before
{Heap before GC invocations=65 (full 0):
 garbage-first heap   total 273408K, used 217560K [0x0000000080000000, 0x0000000100000000)
  region size 1024K, 73 young (74752K), 3 survivors (3072K)
 Metaspace       used 125855K, capacity 129491K, committed 129920K, reserved 1161216K
  class space    used 15994K, capacity 17324K, committed 17536K, reserved 1048576K
}
Event: 94.667 GC heap after
{Heap after GC invocations=66 (full 0):
 garbage-first heap   total 273408K, used 146043K [0x0000000080000000, 0x0000000100000000)
  region size 1024K, 4 young (4096K), 4 survivors (4096K)
 Metaspace       used 125855K, capacity 129491K, committed 129920K, reserved 1161216K
  class space    used 15994K, capacity 17324K, committed 17536K, reserved 1048576K
}
Event: 95.078 GC heap before
{Heap before GC invocations=66 (full 0):
 garbage-first heap   total 273408K, used 217723K [0x0000000080000000, 0x0000000100000000)
  region size 1024K, 75 young (76800K), 4 survivors (4096K)
 Metaspace       used 125916K, capacity 129510K, committed 129920K, reserved 1161216K
  class space    used 15996K, capacity 17326K, committed 17536K, reserved 1048576K
}
Event: 95.086 GC heap after
{Heap after GC invocations=67 (full 0):
 garbage-first heap   total 273408K, used 145916K [0x0000000080000000, 0x0000000100000000)
  region size 1024K, 4 young (4096K), 4 survivors (4096K)
 Metaspace       used 125916K, capacity 129510K, committed 129920K, reserved 1161216K
  class space    used 15996K, capacity 17326K, committed 17536K, reserved 1048576K
}
Event: 95.744 GC heap before
{Heap before GC invocations=67 (full 0):
 garbage-first heap   total 273408K, used 229884K [0x0000000080000000, 0x0000000100000000)
  region size 1024K, 65 young (66560K), 4 survivors (4096K)
 Metaspace       used 126640K, capacity 130259K, committed 130560K, reserved 1163264K
  class space    used 16083K, capacity 17434K, committed 17664K, reserved 1048576K
}
Event: 95.773 GC heap after
{Heap after GC invocations=68 (full 0):
 garbage-first heap   total 273408K, used 175075K [0x0000000080000000, 0x0000000100000000)
  region size 1024K, 10 young (10240K), 10 survivors (10240K)
 Metaspace       used 126640K, capacity 130259K, committed 130560K, reserved 1163264K
  class space    used 16083K, capacity 17434K, committed 17664K, reserved 1048576K
}
Event: 96.671 GC heap before
{Heap before GC invocations=68 (full 0):
 garbage-first heap   total 273408K, used 261091K [0x0000000080000000, 0x0000000100000000)
  region size 1024K, 64 young (65536K), 10 survivors (10240K)
 Metaspace       used 127303K, capacity 130978K, committed 131328K, reserved 1163264K
  class space    used 16150K, capacity 17493K, committed 17664K, reserved 1048576K
}
Event: 96.723 GC heap after
{Heap after GC invocations=69 (full 0):
 garbage-first heap   total 284672K, used 200632K [0x0000000080000000, 0x0000000100000000)
  region size 1024K, 8 young (8192K), 8 survivors (8192K)
 Metaspace       used 127303K, capacity 130978K, committed 131328K, reserved 1163264K
  class space    used 16150K, capacity 17493K, committed 17664K, reserved 1048576K
}
Event: 97.347 GC heap before
{Heap before GC invocations=70 (full 0):
 garbage-first heap   total 284672K, used 241592K [0x0000000080000000, 0x0000000100000000)
  region size 1024K, 47 young (48128K), 8 survivors (8192K)
 Metaspace       used 127320K, capacity 130978K, committed 131328K, reserved 1163264K
  class space    used 16154K, capacity 17493K, committed 17664K, reserved 1048576K
}
Event: 97.418 GC heap after
{Heap after GC invocations=71 (full 0):
 garbage-first heap   total 284672K, used 217534K [0x0000000080000000, 0x0000000100000000)
  region size 1024K, 6 young (6144K), 6 survivors (6144K)
 Metaspace       used 127320K, capacity 130978K, committed 131328K, reserved 1163264K
  class space    used 16154K, capacity 17493K, committed 17664K, reserved 1048576K
}
Event: 97.503 GC heap before
{Heap before GC invocations=71 (full 0):
 garbage-first heap   total 284672K, used 226750K [0x0000000080000000, 0x0000000100000000)
  region size 1024K, 13 young (13312K), 6 survivors (6144K)
 Metaspace       used 127323K, capacity 130978K, committed 131328K, reserved 1163264K
  class space    used 16154K, capacity 17493K, committed 17664K, reserved 1048576K
}

Deoptimization events (20 events):
Event: 96.198 Thread 0x00000293e11b1000 DEOPT PACKING pc=0x00000293ced6e188 sp=0x000000f42e9f7b60
Event: 96.198 Thread 0x00000293e11b1000 DEOPT UNPACKING pc=0x00000293c69478af sp=0x000000f42e9f7b00 mode 2
Event: 96.201 Thread 0x00000293e11b1000 Uncommon trap: trap_request=0xffffffd6 fr.pc=0x00000293ced6e244 relative=0x0000000000000864
Event: 96.201 Thread 0x00000293e11b1000 Uncommon trap: reason=array_check action=maybe_recompile pc=0x00000293ced6e244 method=java.util.ComparableTimSort.binarySort([Ljava/lang/Object;III)V @ 183 c2
Event: 96.201 Thread 0x00000293e11b1000 DEOPT PACKING pc=0x00000293ced6e244 sp=0x000000f42e9f81e0
Event: 96.201 Thread 0x00000293e11b1000 DEOPT UNPACKING pc=0x00000293c69478af sp=0x000000f42e9f8180 mode 2
Event: 96.217 Thread 0x00000293e11b7800 DEOPT PACKING pc=0x00000293c99ad471 sp=0x000000f42ebfd390
Event: 96.217 Thread 0x00000293e11b7800 DEOPT UNPACKING pc=0x00000293c69476ce sp=0x000000f42ebfc8e8 mode 0
Event: 96.241 Thread 0x00000293de55c800 Uncommon trap: trap_request=0xffffffc6 fr.pc=0x00000293ced05a7c relative=0x0000000000000f7c
Event: 96.241 Thread 0x00000293de55c800 Uncommon trap: reason=bimorphic_or_optimized_type_check action=maybe_recompile pc=0x00000293ced05a7c method=org.gradle.internal.snapshot.SnapshotUtil$1.handleAsDescendantOfChild(Lorg/gradle/internal/snapshot/VfsRelativePath;Lorg/gradle/internal/snapshot/F
Event: 96.241 Thread 0x00000293de55c800 DEOPT PACKING pc=0x00000293ced05a7c sp=0x000000f42c9f8cc0
Event: 96.241 Thread 0x00000293de55c800 DEOPT UNPACKING pc=0x00000293c69478af sp=0x000000f42c9f8bd0 mode 2
Event: 96.287 Thread 0x00000293e11b7800 DEOPT PACKING pc=0x00000293c71510c9 sp=0x000000f42ebfd450
Event: 96.289 Thread 0x00000293e11b7800 DEOPT UNPACKING pc=0x00000293c69476ce sp=0x000000f42ebfca10 mode 0
Event: 96.399 Thread 0x00000293e19ed000 Uncommon trap: trap_request=0xffffff4d fr.pc=0x00000293ce9ba3b0 relative=0x0000000000000090
Event: 96.399 Thread 0x00000293e19ed000 Uncommon trap: reason=unstable_if action=reinterpret pc=0x00000293ce9ba3b0 method=com.google.common.cache.LongAdder.add(J)V @ 24 c2
Event: 96.399 Thread 0x00000293e19ed000 DEOPT PACKING pc=0x00000293ce9ba3b0 sp=0x000000f42dffc850
Event: 96.399 Thread 0x00000293e19ed000 DEOPT UNPACKING pc=0x00000293c69478af sp=0x000000f42dffc790 mode 2
Event: 97.095 Thread 0x00000293e11b7800 DEOPT PACKING pc=0x00000293c71376fa sp=0x000000f42ebfd690
Event: 97.095 Thread 0x00000293e11b7800 DEOPT UNPACKING pc=0x00000293c69476ce sp=0x000000f42ebfcb68 mode 0

Classes redefined (0 events):
No events

Internal exceptions (20 events):
Event: 95.000 Thread 0x00000293e19f0800 Exception <a 'sun/nio/fs/WindowsException'{0x000000008d1b1860}> (0x000000008d1b1860) thrown at [./src/hotspot/share/prims/jni.cpp, line 615]
Event: 95.041 Thread 0x00000293e19ee800 Exception <a 'sun/nio/fs/WindowsException'{0x000000008cfa1988}> (0x000000008cfa1988) thrown at [./src/hotspot/share/prims/jni.cpp, line 615]
Event: 95.061 Thread 0x00000293e19ed000 Exception <a 'sun/nio/fs/WindowsException'{0x000000008e298668}> (0x000000008e298668) thrown at [./src/hotspot/share/prims/jni.cpp, line 615]
Event: 95.071 Thread 0x00000293e11b3800 Exception <a 'sun/nio/fs/WindowsException'{0x000000008c71afb0}> (0x000000008c71afb0) thrown at [./src/hotspot/share/prims/jni.cpp, line 615]
Event: 95.112 Thread 0x00000293e19ed000 Exception <a 'sun/nio/fs/WindowsException'{0x00000000900fd100}> (0x00000000900fd100) thrown at [./src/hotspot/share/prims/jni.cpp, line 615]
Event: 95.135 Thread 0x00000293e11b3800 Exception <a 'sun/nio/fs/WindowsException'{0x000000008faf6d78}> (0x000000008faf6d78) thrown at [./src/hotspot/share/prims/jni.cpp, line 615]
Event: 95.177 Thread 0x00000293e19ee800 Exception <a 'sun/nio/fs/WindowsException'{0x000000008f355ca8}> (0x000000008f355ca8) thrown at [./src/hotspot/share/prims/jni.cpp, line 615]
Event: 95.650 Thread 0x00000293e11b7800 Exception <a 'sun/nio/fs/WindowsException'{0x000000008d69a1b0}> (0x000000008d69a1b0) thrown at [./src/hotspot/share/prims/jni.cpp, line 615]
Event: 96.159 Thread 0x00000293e11b1000 Exception <a 'java/lang/NoSuchMethodError'{0x000000008f4cd280}: <clinit>> (0x000000008f4cd280) thrown at [./src/hotspot/share/prims/jni.cpp, line 1362]
Event: 96.159 Thread 0x00000293e11b1000 Exception <a 'java/lang/NoSuchMethodError'{0x000000008f4ce5b8}: <clinit>> (0x000000008f4ce5b8) thrown at [./src/hotspot/share/prims/jni.cpp, line 1362]
Event: 96.159 Thread 0x00000293e11b1000 Exception <a 'java/lang/NoSuchMethodError'{0x000000008f4d0d18}: <clinit>> (0x000000008f4d0d18) thrown at [./src/hotspot/share/prims/jni.cpp, line 1362]
Event: 96.161 Thread 0x00000293e11b1000 Exception <a 'java/lang/NoSuchMethodError'{0x000000008f34dd28}: <clinit>> (0x000000008f34dd28) thrown at [./src/hotspot/share/prims/jni.cpp, line 1362]
Event: 96.161 Thread 0x00000293e11b1000 Exception <a 'java/lang/NoSuchMethodError'{0x000000008f34f208}: <clinit>> (0x000000008f34f208) thrown at [./src/hotspot/share/prims/jni.cpp, line 1362]
Event: 96.197 Thread 0x00000293e11b1000 Exception <a 'java/lang/NoSuchMethodError'{0x000000008ee376f8}: <clinit>> (0x000000008ee376f8) thrown at [./src/hotspot/share/prims/jni.cpp, line 1362]
Event: 96.203 Thread 0x00000293e11b1000 Exception <a 'java/lang/NoSuchMethodError'{0x000000008eec6010}: <clinit>> (0x000000008eec6010) thrown at [./src/hotspot/share/prims/jni.cpp, line 1362]
Event: 96.204 Thread 0x00000293e11b1000 Exception <a 'java/lang/NoSuchMethodError'{0x000000008eed8b80}: <clinit>> (0x000000008eed8b80) thrown at [./src/hotspot/share/prims/jni.cpp, line 1362]
Event: 96.508 Thread 0x00000293e11b9800 Exception <a 'java/lang/NoSuchMethodError'{0x000000008dfde9c8}: 'void java.lang.invoke.DirectMethodHandle$Holder.invokeStatic(java.lang.Object, long)'> (0x000000008dfde9c8) thrown at [./src/hotspot/share/interpreter/linkResolver.cpp, line 773]
Event: 96.512 Thread 0x00000293e11b9800 Exception <a 'java/lang/NoSuchMethodError'{0x000000008d96c250}: 'java.lang.Object java.lang.invoke.DirectMethodHandle$Holder.invokeStaticInit(java.lang.Object, java.lang.Object, long, java.lang.Object)'> (0x000000008d96c250) thrown at [./src/hotspot/share/interpreter/linkResolver.cpp, line 773]
Event: 96.517 Thread 0x00000293e11b9800 Exception <a 'java/lang/NoSuchMethodError'{0x000000008d9726d0}: 'java.lang.Object java.lang.invoke.DirectMethodHandle$Holder.invokeStatic(java.lang.Object, java.lang.Object, long)'> (0x000000008d9726d0) thrown at [./src/hotspot/share/interpreter/linkResolver.cpp, line 773]
Event: 96.518 Thread 0x00000293e11b9800 Exception <a 'java/lang/NoSuchMethodError'{0x000000008d978c48}: 'java.lang.Object java.lang.invoke.Invokers$Holder.linkToTargetMethod(java.lang.Object, long, java.lang.Object)'> (0x000000008d978c48) thrown at [./src/hotspot/share/interpreter/linkResolver.cpp, line 773]

Events (20 events):
Event: 96.723 Executing VM operation: G1CollectForAllocation done
Event: 96.727 loading class java/lang/Process$PipeInputStream
Event: 96.783 loading class java/lang/Process$PipeInputStream done
Event: 96.784 loading class com/android/utils/GrabProcessOutput$Wait
Event: 96.784 loading class com/android/utils/GrabProcessOutput$Wait done
Event: 96.787 loading class com/android/utils/GrabProcessOutput
Event: 96.787 loading class com/android/utils/GrabProcessOutput done
Event: 96.803 loading class com/android/utils/GrabProcessOutput$1
Event: 96.803 loading class com/android/utils/GrabProcessOutput$1 done
Event: 96.803 loading class com/android/utils/GrabProcessOutput$2
Event: 96.803 loading class com/android/utils/GrabProcessOutput$2 done
Event: 96.809 Thread 0x00000293e8e2e800 Thread added: 0x00000293e8e2e800
Event: 96.809 Thread 0x00000293e8e30800 Thread added: 0x00000293e8e30800
Event: 96.809 loading class com/google/common/util/concurrent/OverflowAvoidingLockSupport
Event: 96.809 loading class com/google/common/util/concurrent/OverflowAvoidingLockSupport done
Event: 96.892 Executing VM operation: CGC_Operation
Event: 96.973 Executing VM operation: CGC_Operation done
Event: 97.347 Executing VM operation: G1CollectForAllocation
Event: 97.419 Executing VM operation: G1CollectForAllocation done
Event: 97.503 Executing VM operation: G1CollectForAllocation


Dynamic libraries:
0x00007ff7a5d00000 - 0x00007ff7a5d0a000 	E:\Android Studio\jre\bin\java.exe
0x00007ffa1ac30000 - 0x00007ffa1ae25000 	C:\WINDOWS\SYSTEM32\ntdll.dll
0x00007ffa1a5b0000 - 0x00007ffa1a66e000 	C:\WINDOWS\System32\KERNEL32.DLL
0x00007ffa184a0000 - 0x00007ffa18768000 	C:\WINDOWS\System32\KERNELBASE.dll
0x00007ffa18350000 - 0x00007ffa18450000 	C:\WINDOWS\System32\ucrtbase.dll
0x00007ffa09660000 - 0x00007ffa09677000 	E:\Android Studio\jre\bin\VCRUNTIME140.dll
0x00007ffa104e0000 - 0x00007ffa104f9000 	E:\Android Studio\jre\bin\jli.dll
0x00007ffa1a2f0000 - 0x00007ffa1a491000 	C:\WINDOWS\System32\USER32.dll
0x00007ffa188e0000 - 0x00007ffa18902000 	C:\WINDOWS\System32\win32u.dll
0x00007ffa03690000 - 0x00007ffa0392a000 	C:\WINDOWS\WinSxS\amd64_microsoft.windows.common-controls_6595b64144ccf1df_6.0.19041.1110_none_60b5254171f9507e\COMCTL32.dll
0x00007ffa1a670000 - 0x00007ffa1a69b000 	C:\WINDOWS\System32\GDI32.dll
0x00007ffa1a070000 - 0x00007ffa1a10e000 	C:\WINDOWS\System32\msvcrt.dll
0x00007ffa187d0000 - 0x00007ffa188db000 	C:\WINDOWS\System32\gdi32full.dll
0x00007ffa18a70000 - 0x00007ffa18b0d000 	C:\WINDOWS\System32\msvcp_win.dll
0x00007ffa1a040000 - 0x00007ffa1a070000 	C:\WINDOWS\System32\IMM32.DLL
0x00007ff9d9ec0000 - 0x00007ff9d9f5d000 	E:\Android Studio\jre\bin\msvcp140.dll
0x00007ff9cb950000 - 0x00007ff9cc41f000 	E:\Android Studio\jre\bin\server\jvm.dll
0x00007ffa1a6a0000 - 0x00007ffa1a74c000 	C:\WINDOWS\System32\ADVAPI32.dll
0x00007ffa18ca0000 - 0x00007ffa18d3b000 	C:\WINDOWS\System32\sechost.dll
0x00007ffa18fd0000 - 0x00007ffa190fa000 	C:\WINDOWS\System32\RPCRT4.dll
0x00007ffa18ef0000 - 0x00007ffa18ef8000 	C:\WINDOWS\System32\PSAPI.DLL
0x00007ffa028a0000 - 0x00007ffa028c7000 	C:\WINDOWS\SYSTEM32\WINMM.dll
0x00007ffa0f840000 - 0x00007ffa0f84a000 	C:\WINDOWS\SYSTEM32\VERSION.dll
0x00007ff9ff550000 - 0x00007ff9ff559000 	C:\WINDOWS\SYSTEM32\WSOCK32.dll
0x00007ffa18f00000 - 0x00007ffa18f6b000 	C:\WINDOWS\System32\WS2_32.dll
0x00007ffa16c20000 - 0x00007ffa16c32000 	C:\WINDOWS\SYSTEM32\kernel.appcore.dll
0x00007ffa10500000 - 0x00007ffa10511000 	E:\Android Studio\jre\bin\verify.dll
0x00007ffa168e0000 - 0x00007ffa16ac4000 	C:\WINDOWS\SYSTEM32\DBGHELP.DLL
0x00007ff9fd6c0000 - 0x00007ff9fd6ec000 	C:\WINDOWS\SYSTEM32\dbgcore.DLL
0x00007ffa18b10000 - 0x00007ffa18b93000 	C:\WINDOWS\System32\bcryptPrimitives.dll
0x00007ffa0cfc0000 - 0x00007ffa0cfe9000 	E:\Android Studio\jre\bin\java.dll
0x00007ffa12550000 - 0x00007ffa1255b000 	E:\Android Studio\jre\bin\jimage.dll
0x00007ffa103e0000 - 0x00007ffa103f8000 	E:\Android Studio\jre\bin\zip.dll
0x00007ffa19100000 - 0x00007ffa1983f000 	C:\WINDOWS\System32\SHELL32.dll
0x00007ffa16080000 - 0x00007ffa16810000 	C:\WINDOWS\SYSTEM32\windows.storage.dll
0x00007ffa1a7b0000 - 0x00007ffa1ab05000 	C:\WINDOWS\System32\combase.dll
0x00007ffa17da0000 - 0x00007ffa17dce000 	C:\WINDOWS\SYSTEM32\Wldp.dll
0x00007ffa1a240000 - 0x00007ffa1a2ed000 	C:\WINDOWS\System32\SHCORE.dll
0x00007ffa18f70000 - 0x00007ffa18fc5000 	C:\WINDOWS\System32\shlwapi.dll
0x00007ffa18290000 - 0x00007ffa182af000 	C:\WINDOWS\SYSTEM32\profapi.dll
0x00007ffa0cfa0000 - 0x00007ffa0cfba000 	E:\Android Studio\jre\bin\net.dll
0x00007ffa04690000 - 0x00007ffa0479c000 	C:\WINDOWS\SYSTEM32\WINHTTP.dll
0x00007ffa17b00000 - 0x00007ffa17b6a000 	C:\WINDOWS\system32\mswsock.dll
0x00007ffa0cf80000 - 0x00007ffa0cf94000 	E:\Android Studio\jre\bin\nio.dll
0x00007ffa002b0000 - 0x00007ffa002d7000 	C:\Users\peto\.gradle\native\8bec1ad78214c89d9ad589b4d07fe93259594b29d510b10fafb7a158f7737e5d\windows-amd64\native-platform.dll
0x00007ff9d69e0000 - 0x00007ff9d6b1d000 	C:\Users\peto\.gradle\native\53dbd7edfb1c66fb8903c78663c9afc45aea4f116125fa6feffd364cf09443e8\windows-amd64\native-platform-file-events.dll
0x00007ffa120a0000 - 0x00007ffa120aa000 	E:\Android Studio\jre\bin\management.dll
0x00007ffa12080000 - 0x00007ffa1208c000 	E:\Android Studio\jre\bin\management_ext.dll
0x00007ffa17cf0000 - 0x00007ffa17d08000 	C:\WINDOWS\SYSTEM32\CRYPTSP.dll
0x00007ffa17410000 - 0x00007ffa17444000 	C:\WINDOWS\system32\rsaenh.dll
0x00007ffa18ba0000 - 0x00007ffa18bc7000 	C:\WINDOWS\System32\bcrypt.dll
0x00007ffa18250000 - 0x00007ffa1827e000 	C:\WINDOWS\SYSTEM32\USERENV.dll
0x00007ffa17d10000 - 0x00007ffa17d1c000 	C:\WINDOWS\SYSTEM32\CRYPTBASE.dll
0x00007ffa177a0000 - 0x00007ffa177db000 	C:\WINDOWS\SYSTEM32\IPHLPAPI.DLL
0x00007ffa19f40000 - 0x00007ffa19f48000 	C:\WINDOWS\System32\NSI.dll
0x00007ffa0cd10000 - 0x00007ffa0cd27000 	C:\WINDOWS\SYSTEM32\dhcpcsvc6.DLL
0x00007ffa0dc80000 - 0x00007ffa0dc9d000 	C:\WINDOWS\SYSTEM32\dhcpcsvc.DLL
0x00007ffa177e0000 - 0x00007ffa178ab000 	C:\WINDOWS\SYSTEM32\DNSAPI.dll
0x00007ffa05ca0000 - 0x00007ffa05cc7000 	E:\Android Studio\jre\bin\sunec.dll
0x00007ffa01db0000 - 0x00007ffa01dba000 	C:\Windows\System32\rasadhlp.dll
0x00007ffa027b0000 - 0x00007ffa0282f000 	C:\WINDOWS\System32\fwpuclnt.dll

dbghelp: loaded successfully - version: 4.0.5 - missing functions: none
symbol engine: initialized successfully - sym options: 0x614 - pdb path: .;E:\Android Studio\jre\bin;C:\WINDOWS\SYSTEM32;C:\WINDOWS\WinSxS\amd64_microsoft.windows.common-controls_6595b64144ccf1df_6.0.19041.1110_none_60b5254171f9507e;E:\Android Studio\jre\bin\server;C:\Users\peto\.gradle\native\8bec1ad78214c89d9ad589b4d07fe93259594b29d510b10fafb7a158f7737e5d\windows-amd64;C:\Users\peto\.gradle\native\53dbd7edfb1c66fb8903c78663c9afc45aea4f116125fa6feffd364cf09443e8\windows-amd64

VM Arguments:
jvm_args: --add-opens=java.base/java.util=ALL-UNNAMED --add-opens=java.base/java.lang=ALL-UNNAMED --add-opens=java.base/java.lang.invoke=ALL-UNNAMED --add-opens=java.base/java.util=ALL-UNNAMED --add-opens=java.prefs/java.util.prefs=ALL-UNNAMED --add-opens=java.prefs/java.util.prefs=ALL-UNNAMED --add-opens=java.base/java.nio.charset=ALL-UNNAMED --add-opens=java.base/java.net=ALL-UNNAMED --add-opens=java.base/java.util.concurrent.atomic=ALL-UNNAMED -Xmx2048m -Dfile.encoding=UTF-8 -Duser.country=US -Duser.language=en -Duser.variant 
java_command: org.gradle.launcher.daemon.bootstrap.GradleDaemon 7.0.2
java_class_path (initial): C:\Users\peto\.gradle\wrapper\dists\gradle-7.0.2-bin\857tjihv64xamwrf0h14cai3r\gradle-7.0.2\lib\gradle-launcher-7.0.2.jar
Launcher Type: SUN_STANDARD

[Global flags]
     intx CICompilerCount                          = 3                                         {product} {ergonomic}
     uint ConcGCThreads                            = 1                                         {product} {ergonomic}
     uint G1ConcRefinementThreads                  = 4                                         {product} {ergonomic}
   size_t G1HeapRegionSize                         = 1048576                                   {product} {ergonomic}
    uintx GCDrainStackTargetSize                   = 64                                        {product} {ergonomic}
   size_t InitialHeapSize                          = 134217728                                 {product} {ergonomic}
   size_t MarkStackSize                            = 4194304                                   {product} {ergonomic}
   size_t MaxHeapSize                              = 2147483648                                {product} {command line}
   size_t MaxNewSize                               = 1287651328                                {product} {ergonomic}
   size_t MinHeapDeltaBytes                        = 1048576                                   {product} {ergonomic}
    uintx NonNMethodCodeHeapSize                   = 5830732                                {pd product} {ergonomic}
    uintx NonProfiledCodeHeapSize                  = 122913754                              {pd product} {ergonomic}
    uintx ProfiledCodeHeapSize                     = 122913754                              {pd product} {ergonomic}
    uintx ReservedCodeCacheSize                    = 251658240                              {pd product} {ergonomic}
     bool SegmentedCodeCache                       = true                                      {product} {ergonomic}
     bool UseCompressedClassPointers               = true                                 {lp64_product} {ergonomic}
     bool UseCompressedOops                        = true                                 {lp64_product} {ergonomic}
     bool UseG1GC                                  = true                                      {product} {ergonomic}
     bool UseLargePagesIndividualAllocation        = false                                  {pd product} {ergonomic}

Logging:
Log output configuration:
 #0: stdout all=warning uptime,level,tags
 #1: stderr all=off uptime,level,tags

Environment Variables:
PATH=C:\Python310\Scripts\;C:\Python310\;C:\Program Files\Common Files\Oracle\Java\javapath;C:\Program Files (x86)\VMware\VMware Player\bin\;C:\Program Files (x86)\Intel\iCLS Client\;C:\Program Files\Intel\iCLS Client\;C:\Windows\system32;C:\Windows;C:\Windows\System32\Wbem;C:\Windows\System32\WindowsPowerShell\v1.0\;C:\Program Files (x86)\NVIDIA Corporation\PhysX\Common;C:\Program Files (x86)\Intel\Intel(R) Management Engine Components\DAL;C:\Program Files\Intel\Intel(R) Management Engine Components\DAL;C:\Program Files (x86)\Intel\Intel(R) Management Engine Components\IPT;C:\Program Files\Intel\Intel(R) Management Engine Components\IPT;C:\Program Files\Intel\WiFi\bin\;C:\Program Files\Common Files\Intel\WirelessCommon\;C:\WINDOWS\system32;C:\WINDOWS;C:\WINDOWS\System32\Wbem;C:\WINDOWS\System32\WindowsPowerShell\v1.0\;C:\WINDOWS\System32\OpenSSH\;C:\Program Files (x86)\EAC MW klient\;C:\Program Files\Git\cmd;C:\Program Files\nodejs\;C:\ProgramData\chocolatey\bin;C:\Users\peto\AppData\Local\Programs\Python\Python38\Scripts\;C:\Users\peto\AppData\Local\Programs\Python\Python38\;C:\Users\peto\PycharmProjects\UPB2;C:\MinGW\bin;C:\Users\peto\AppData\Local\gitkraken\bin;C:\Users\peto\AppData\Local\Microsoft\WindowsApps;C:\Users\peto\AppData\Roaming\npm
USERNAME=peto
OS=Windows_NT
PROCESSOR_IDENTIFIER=Intel64 Family 6 Model 142 Stepping 9, GenuineIntel



---------------  S Y S T E M  ---------------

OS: Windows 10 , 64 bit Build 19041 (10.0.19041.1348)
OS uptime: 6 days 15:48 hours

CPU:total 4 (initial active 4) (2 cores per cpu, 2 threads per core) family 6 model 142 stepping 9 microcode 0xb4, cmov, cx8, fxsr, mmx, sse, sse2, sse3, ssse3, sse4.1, sse4.2, popcnt, avx, avx2, aes, clmul, erms, 3dnowpref, lzcnt, ht, tsc, tscinvbit, bmi1, bmi2, adx, fma

Memory: 4k page, system-wide physical 8090M (327M free)
TotalPageFile size 17465M (AvailPageFile size 159M)
current process WorkingSet (physical memory assigned to process): 455M, peak: 481M
current process commit charge ("private bytes"): 649M, peak: 962M

vm_info: OpenJDK 64-Bit Server VM (11.0.10+0-b96-7249189) for windows-amd64 JRE (11.0.10+0-b96-7249189), built on Mar 31 2021 21:44:00 by "builder" with MS VC++ 14.0 (VS2015)

END.
